<?xml version="1.0" encoding="utf-8"?>
<!-- This stylesheet uses features only available in mapnik builds with
     libxml2 as the XML parser. Furthermore, there are other features
     and behaviour that necessitate an upgrade to mapnik 0.7.1 -->
<Map bgcolor="#c9c9c9" srs="+proj=merc +a=6378137 +b=6378137 +lat_ts=0.0 +lon_0=0.0 +x_0=0.0 +y_0=0 +k=1.0 +units=m +nadgrids=@null +no_defs +over" minimum_version="0.7.1">
  <!--Settings for Mapnik Fonts
Uncomment the unifont entries if you have that font installed
in your mapnik fonts dir, and want to use it as a fallback font.
Mapnik includes this font by default since r1328.
To see the fonts you have installed with Mapnik do:
ls `python -c "import mapnik;print mapnik.fontscollectionpath"`-->

<FontSet name="book-fonts">
  <Font face_name="DejaVu Sans Book"/>
  <Font face_name="unifont Medium"/>
</FontSet>
<FontSet name="bold-fonts">
  <Font face_name="DejaVu Sans Bold"/>
  <Font face_name="unifont Medium"/>
</FontSet>
<FontSet name="oblique-fonts">
  <Font face_name="DejaVu Sans Oblique"/>
  <Font face_name="unifont Medium"/>
</FontSet>

<Style name="turning_circle-casing">
    <Rule>
      <MaxScaleDenominator>25000</MaxScaleDenominator>
      <MinScaleDenominator>5000</MinScaleDenominator>
      <Filter>[int_tc_type]='tertiary'</Filter>
      <PointSymbolizer file="symbols/turning_circle-tert-casing.18.png" allow_overlap="true"/>
    </Rule>
    <Rule>
      <MaxScaleDenominator>25000</MaxScaleDenominator>
      <MinScaleDenominator>12500</MinScaleDenominator>
      <Filter>[int_tc_type]='residential' or [int_tc_type]='unclassified'</Filter>
      <PointSymbolizer file="symbols/turning_circle-uncl-casing.16.png" allow_overlap="true"/>
    </Rule>
    <Rule>
      <MaxScaleDenominator>25000</MaxScaleDenominator>
      <MinScaleDenominator>12500</MinScaleDenominator>
      <Filter>[int_tc_type]='living_street'</Filter>
      <PointSymbolizer file="symbols/turning_circle-uncl-fill.16.png" allow_overlap="true"/>
    </Rule>
    <Rule>
      <MaxScaleDenominator>12500</MaxScaleDenominator>
      <MinScaleDenominator>5000</MinScaleDenominator>
      <Filter>[int_tc_type]='residential' or [int_tc_type]='unclassified'</Filter>
      <PointSymbolizer file="symbols/turning_circle-uncl-casing.18.png" allow_overlap="true"/>
    </Rule>
    <Rule>
      <MaxScaleDenominator>12500</MaxScaleDenominator>
      <MinScaleDenominator>5000</MinScaleDenominator>
      <Filter>[int_tc_type]='service'</Filter>
      <PointSymbolizer file="symbols/turning_circle-uncl-casing.14.png" allow_overlap="true"/>
    </Rule>
    <Rule>
      <MaxScaleDenominator>12500</MaxScaleDenominator>
      <MinScaleDenominator>5000</MinScaleDenominator>
      <Filter>[int_tc_type]='living_street'</Filter>
      <PointSymbolizer file="symbols/turning_circle-uncl-fill.18.png" allow_overlap="true"/>
    </Rule>
    <Rule>
      <MaxScaleDenominator>5000</MaxScaleDenominator>
      <Filter>[int_tc_type]='tertiary'</Filter>
      <PointSymbolizer file="symbols/turning_circle-tert-casing.24.png" allow_overlap="true"/>
    </Rule>
    <Rule>
      <MaxScaleDenominator>5000</MaxScaleDenominator>
      <Filter>[int_tc_type]='residential' or [int_tc_type]='unclassified'</Filter>
      <PointSymbolizer file="symbols/turning_circle-uncl-casing.24.png" allow_overlap="true"/>
    </Rule>
    <Rule>
      <MaxScaleDenominator>5000</MaxScaleDenominator>
      <Filter>[int_tc_type]='service'</Filter>
      <PointSymbolizer file="symbols/turning_circle-uncl-casing.16.png" allow_overlap="true"/>
    </Rule>
    <Rule>
      <MaxScaleDenominator>5000</MaxScaleDenominator>
      <Filter>[int_tc_type]='living_street'</Filter>
      <PointSymbolizer file="symbols/turning_circle-uncl-fill.24.png" allow_overlap="true"/>
    </Rule>
</Style>
<Style name="turning_circle-fill">
    <Rule>
      <MaxScaleDenominator>25000</MaxScaleDenominator>
      <MinScaleDenominator>5000</MinScaleDenominator>
      <Filter>[int_tc_type]='tertiary'</Filter>
      <PointSymbolizer file="symbols/turning_circle-tert-fill.16.png" allow_overlap="true"/>
    </Rule>
    <Rule>
      <MaxScaleDenominator>25000</MaxScaleDenominator>
      <MinScaleDenominator>12500</MinScaleDenominator>
      <Filter>[int_tc_type]='residential' or [int_tc_type]='unclassified'</Filter>
      <PointSymbolizer file="symbols/turning_circle-uncl-fill.14.png" allow_overlap="true"/>
    </Rule>
    <Rule>
      <MaxScaleDenominator>25000</MaxScaleDenominator>
      <MinScaleDenominator>12500</MinScaleDenominator>
      <Filter>[int_tc_type]='living_street'</Filter>
      <PointSymbolizer file="symbols/turning_circle-livs-fill.14.png" allow_overlap="true"/>
    </Rule>
    <Rule>
      <MaxScaleDenominator>12500</MaxScaleDenominator>
      <MinScaleDenominator>5000</MinScaleDenominator>
      <Filter>[int_tc_type]='residential' or [int_tc_type]='unclassified'</Filter>
      <PointSymbolizer file="symbols/turning_circle-uncl-fill.16.png" allow_overlap="true"/>
    </Rule>
    <Rule>
      <MaxScaleDenominator>12500</MaxScaleDenominator>
      <MinScaleDenominator>5000</MinScaleDenominator>
      <Filter>[int_tc_type]='service'</Filter>
      <PointSymbolizer file="symbols/turning_circle-uncl-fill.12.png" allow_overlap="true"/>
    </Rule>
    <Rule>
      <MaxScaleDenominator>12500</MaxScaleDenominator>
      <MinScaleDenominator>5000</MinScaleDenominator>
      <Filter>[int_tc_type]='living_street'</Filter>
      <PointSymbolizer file="symbols/turning_circle-livs-fill.16.png" allow_overlap="true"/>
    </Rule>
    <Rule>
      <MaxScaleDenominator>5000</MaxScaleDenominator>
      <Filter>[int_tc_type]='tertiary'</Filter>
      <PointSymbolizer file="symbols/turning_circle-tert-fill.22.png" allow_overlap="true"/>
    </Rule>
    <Rule>
      <MaxScaleDenominator>5000</MaxScaleDenominator>
      <Filter>[int_tc_type]='residential' or [int_tc_type]='unclassified'</Filter>
      <PointSymbolizer file="symbols/turning_circle-uncl-fill.22.png" allow_overlap="true"/>
    </Rule>
    <Rule>
      <MaxScaleDenominator>5000</MaxScaleDenominator>
      <Filter>[int_tc_type]='service'</Filter>
      <PointSymbolizer file="symbols/turning_circle-uncl-fill.14.png" allow_overlap="true"/>
    </Rule>
    <Rule>
      <MaxScaleDenominator>5000</MaxScaleDenominator>
      <Filter>[int_tc_type]='living_street'</Filter>
      <PointSymbolizer file="symbols/turning_circle-livs-fill.22.png" allow_overlap="true"/>
    </Rule>
</Style>
<Style name="highway-area-casing">
   <Rule>
      <Filter>[highway] = 'residential' or [highway]='unclassified'</Filter>
      <MaxScaleDenominator>50000</MaxScaleDenominator>
      <LineSymbolizer>
        <CssParameter name="stroke">#999999</CssParameter>
	<CssParameter name="stroke-width">1</CssParameter>
      </LineSymbolizer>
   </Rule>
   <Rule>
      <Filter>[highway] = 'pedestrian' or [highway]='service' or [highway]='footway' or [highway]='path'</Filter>
      <MaxScaleDenominator>50000</MaxScaleDenominator>
      <LineSymbolizer>
        <CssParameter name="stroke">#808080</CssParameter>
	<CssParameter name="stroke-width">1</CssParameter>
      </LineSymbolizer>
   </Rule>
   <Rule>
      <Filter>[highway] = 'track'</Filter>
      <MaxScaleDenominator>50000</MaxScaleDenominator>
      <LineSymbolizer>
        <CssParameter name="stroke">#656565</CssParameter>
	<CssParameter name="stroke-width">2</CssParameter>
      </LineSymbolizer>
   </Rule>
    <Rule>
      <Filter>[highway] = 'platform' or [railway] = 'platform'</Filter>
      <MaxScaleDenominator>12500</MaxScaleDenominator>
      <LineSymbolizer>
        <CssParameter name="stroke">#808080</CssParameter>
        <CssParameter name="stroke-width">2</CssParameter>
        <CssParameter name="stroke-linejoin">round</CssParameter>
        <CssParameter name="stroke-linecap">round</CssParameter>
      </LineSymbolizer>
    </Rule>
</Style>
<Style name="highway-area-fill">
    <Rule>
      <Filter>[highway] = 'living_street'</Filter>
      <MaxScaleDenominator>50000</MaxScaleDenominator>
      <PolygonSymbolizer>
        <CssParameter name="fill">#cbcbcb</CssParameter>
      </PolygonSymbolizer>
   </Rule>
   <Rule>
      <Filter>[highway] = 'residential' or [highway]='unclassified' or [highway]='service'</Filter>
      <MaxScaleDenominator>50000</MaxScaleDenominator>
      <PolygonSymbolizer>
        <CssParameter name="fill">#ffffff</CssParameter>
      </PolygonSymbolizer>
   </Rule>
   <Rule>
      <Filter>[highway] = 'pedestrian' or [highway]='footway' or [highway]='path'</Filter>
      <MaxScaleDenominator>50000</MaxScaleDenominator>
      <PolygonSymbolizer>
        <CssParameter name="fill">#ededed</CssParameter>
      </PolygonSymbolizer>
   </Rule>   
   <Rule>
      <Filter>[highway] = 'track'</Filter>
      <MaxScaleDenominator>50000</MaxScaleDenominator>
      <PolygonSymbolizer>
        <CssParameter name="fill">#c3c3c3</CssParameter>
      </PolygonSymbolizer>
   </Rule>
    <Rule>
      <Filter>[highway] = 'platform' or [railway] = 'platform'</Filter>
      <MaxScaleDenominator>12500</MaxScaleDenominator>
      <PolygonSymbolizer>
        <CssParameter name="fill">#bababa</CssParameter>
        <CssParameter name="gamma">.65</CssParameter>
      </PolygonSymbolizer>
    </Rule>
    <Rule>
      <Filter>[aeroway] = 'runway'</Filter>
      <MaxScaleDenominator>400000</MaxScaleDenominator>
      <PolygonSymbolizer>
        <CssParameter name="fill">#bdbdbd</CssParameter>
      </PolygonSymbolizer>
    </Rule>
    <Rule>
      <Filter>[aeroway] = 'taxiway'</Filter>
      <MaxScaleDenominator>100000</MaxScaleDenominator>
      <PolygonSymbolizer>
        <CssParameter name="fill">#bdbdbd</CssParameter>
      </PolygonSymbolizer>
    </Rule>
    <Rule>
      <Filter>[aeroway] = 'helipad'</Filter>
      <MaxScaleDenominator>12500</MaxScaleDenominator>
      <PolygonSymbolizer>
        <CssParameter name="fill">#bdbdbd</CssParameter>
      </PolygonSymbolizer>
    </Rule>
</Style>
<Style name="landuse_overlay">
    <Rule>
      <MaxScaleDenominator>750000</MaxScaleDenominator>
      
      <Filter>[landuse]='military'</Filter>
      <PolygonPatternSymbolizer file="symbols/military_red_hz2.png"/>
      <LineSymbolizer>
        <CssParameter name="stroke">#7f7f7f</CssParameter>
        <CssParameter name="stroke-width">3</CssParameter>
        <CssParameter name="stroke-opacity">0.329</CssParameter>
      </LineSymbolizer>
    </Rule>
    <Rule>
      <Filter>[leisure] = 'nature_reserve'</Filter>
      <MaxScaleDenominator>750000</MaxScaleDenominator>
      <MinScaleDenominator>50000</MinScaleDenominator>
      <PolygonPatternSymbolizer file="symbols/nature_reserve5.png"/>
      <LineSymbolizer>
        <CssParameter name="stroke">#9e9e9e</CssParameter>
	  <CssParameter name="stroke-width">0.5</CssParameter>
      </LineSymbolizer>
    </Rule>
    <Rule>
      <Filter>[leisure] = 'nature_reserve'</Filter>
      <MaxScaleDenominator>50000</MaxScaleDenominator>
      <PolygonPatternSymbolizer file="symbols/nature_reserve6.png"/>
      <LineSymbolizer>
        <CssParameter name="stroke">#9e9e9e</CssParameter>
	  <CssParameter name="stroke-width">1</CssParameter>
      </LineSymbolizer>
    </Rule>
</Style>
<Style name="area-text">
    <Rule>
      <Filter>[way_area] >= 150000</Filter>
      <MaxScaleDenominator>50000</MaxScaleDenominator>
      <TextSymbolizer name="name" fontset_name="book-fonts" size="10" fill="#060606" halo_radius="1" wrap_width="20"/>
    </Rule>
    <Rule>
      <Filter>[way_area] >= 80000 and [way_area] &lt; 150000</Filter>
      <MaxScaleDenominator>25000</MaxScaleDenominator>
      <TextSymbolizer name="name" fontset_name="book-fonts" size="10" fill="#060606" halo_radius="1" wrap_width="20"/>
    </Rule>
    <Rule>
      <Filter>[way_area] >= 20000 and [way_area] &lt; 80000</Filter>
      <MaxScaleDenominator>12500</MaxScaleDenominator>
      <TextSymbolizer name="name" fontset_name="book-fonts" size="10" fill="#060606" halo_radius="1" wrap_width="20"/>
    </Rule>
    <Rule>
      <Filter>[way_area] &lt; 20000</Filter>
      <MaxScaleDenominator>5000</MaxScaleDenominator>
      <TextSymbolizer name="name" fontset_name="book-fonts" size="10" fill="#060606" halo_radius="1" wrap_width="20"/>
    </Rule>
</Style>
<Style name="highway-junctions">
    <Rule>
      <MaxScaleDenominator>400000</MaxScaleDenominator>
      <MinScaleDenominator>200000</MinScaleDenominator>
      <TextSymbolizer name="ref" fontset_name="oblique-fonts" size="9" fill="#797979" halo_radius="1" wrap_width="12" min_distance="2"/>
    </Rule>
    <Rule>
      <MaxScaleDenominator>200000</MaxScaleDenominator>
      <MinScaleDenominator>25000</MinScaleDenominator>
      <TextSymbolizer name="ref" fontset_name="oblique-fonts" size="9" fill="#797979" halo_radius="1" wrap_width="12" min_distance="2"/>
      <TextSymbolizer name="name" fontset_name="oblique-fonts" size="8" fill="#797979" halo_radius="1" wrap_width="2" dy="-8" min_distance="2" wrap_character=";"/>
    </Rule>
    <Rule>
      <MaxScaleDenominator>25000</MaxScaleDenominator>
      <TextSymbolizer name="ref" fontset_name="oblique-fonts" size="12" fill="#797979" halo_radius="1" wrap_width="12" min_distance="2"/>
      <TextSymbolizer name="name" fontset_name="oblique-fonts" size="11" fill="#797979" halo_radius="1" wrap_width="2" dy="-10" min_distance="2" wrap_character=";"/>
    </Rule>
</Style>
<Style name="text">
    <Rule>
      <Filter>[place] = 'island'</Filter>
      <MaxScaleDenominator>200000</MaxScaleDenominator>
      
      <TextSymbolizer name="name" fontset_name="oblique-fonts" size="9" fill="#000000" dy="0" halo_radius="1" wrap_width="0"/>
    </Rule>
    <Rule>
      <Filter>[amenity]='pub' or [amenity]='restaurant' or [amenity]='cafe' or [amenity]='fast_food' or [amenity]='biergarten'</Filter>
      <MaxScaleDenominator>5000</MaxScaleDenominator>
      <TextSymbolizer name="name" fontset_name="bold-fonts" size="10" fill="#4b4b4b" dy="9" halo_radius="1" wrap_width="34"/>
    </Rule>
    <Rule>
      <Filter>[amenity]='bar'</Filter>
      <MaxScaleDenominator>5000</MaxScaleDenominator>
      <TextSymbolizer name="name" fontset_name="bold-fonts" size="10" fill="#4b4b4b" dy="11" halo_radius="1" wrap_width="0"/>
    </Rule>
    <Rule>
      <Filter>[amenity]='library' or [amenity]='theatre' or [amenity]='courthouse'</Filter>
      <MaxScaleDenominator>5000</MaxScaleDenominator>
      <TextSymbolizer name="name" fontset_name="bold-fonts" size="10" fill="#4b4b4b" dy="12" halo_radius="1" wrap_width="0"/>
    </Rule>
    <Rule>
      <Filter>[amenity]='cinema'</Filter>
      <MaxScaleDenominator>5000</MaxScaleDenominator>
      <TextSymbolizer name="name" fontset_name="bold-fonts" size="10" fill="#4b4b4b" dy="14" halo_radius="1" wrap_width="0"/>
    </Rule>
    <Rule>
      <Filter>[amenity]='parking' and ([access] = 'public' or not [access] != '')</Filter>
      <MaxScaleDenominator>5000</MaxScaleDenominator>
      <TextSymbolizer name="name" fontset_name="book-fonts" size="9" fill="#606060" dy="9" halo_radius="1" wrap_width="34"/>
    </Rule>
    <Rule>
      <Filter>[amenity]='parking' and ([access] != '' and not [access] = 'public')</Filter>
      <MaxScaleDenominator>5000</MaxScaleDenominator>
      <TextSymbolizer name="name" fontset_name="book-fonts" size="9" fill="#aeaeae" dy="9" halo_radius="1" wrap_width="34"/>
    </Rule>
     <Rule>
      <Filter>[amenity] = 'police'</Filter>
      <MaxScaleDenominator>5000</MaxScaleDenominator>
      <TextSymbolizer name="name" fontset_name="book-fonts" size="10" fill="#4b4b4b" dy="10" halo_radius="1" wrap_width="30"/>
    </Rule>
    <Rule>
      <Filter>[amenity] = 'fire_station'</Filter>
      <MaxScaleDenominator>5000</MaxScaleDenominator>
      <TextSymbolizer name="name" fontset_name="book-fonts" size="10" fill="#4b4b4b" dy="9" halo_radius="1" wrap_width="30"/>
    </Rule>
     <Rule>
      <Filter>[amenity] = 'place_of_worship'</Filter>
      <MaxScaleDenominator>5000</MaxScaleDenominator>
      <TextSymbolizer name="name" fontset_name="book-fonts" size="10" fill="#060606" dy="11" halo_radius="1" wrap_width="30"/>
    </Rule>
    <Rule>
      <Filter>[natural] = 'wood'</Filter>
      <MaxScaleDenominator>25000</MaxScaleDenominator>
      <TextSymbolizer name="name" fontset_name="book-fonts" size="10" fill="#000000" halo_radius="2" wrap_width="10"/>
    </Rule>
    <Rule>
      <Filter>[natural] = 'peak'</Filter>
      <MaxScaleDenominator>100000</MaxScaleDenominator>
      <TextSymbolizer name="name" fontset_name="book-fonts" size="10" fill="#484848" dy="5" halo_radius="1"/>
    </Rule>
    <Rule>
      <Filter>[natural] = 'peak' and not [name] != ''</Filter>
      <MaxScaleDenominator>50000</MaxScaleDenominator>
      <TextSymbolizer name="ele" fontset_name="oblique-fonts" size="9" fill="#484848" dy="6" halo_radius="1"/>
    </Rule>
    <Rule>
      <Filter>[natural] = 'peak' and [name] != ''</Filter>
      <MaxScaleDenominator>50000</MaxScaleDenominator>
      <TextSymbolizer name="ele" fontset_name="oblique-fonts" size="9" fill="#484848" dy="18" halo_radius="1"/>
    </Rule>
    <Rule>
      <Filter>[natural] = 'volcano'</Filter>
      <MaxScaleDenominator>100000</MaxScaleDenominator>
      <TextSymbolizer name="name" fontset_name="book-fonts" size="10" fill="#484848" dy="5" halo_radius="1"/>
    </Rule>
    <Rule>
      <Filter>[natural] = 'volcano' and not [name] != ''</Filter>
      <MaxScaleDenominator>50000</MaxScaleDenominator>
      <TextSymbolizer name="ele" fontset_name="oblique-fonts" size="9" fill="#484848" dy="6" halo_radius="1"/>
    </Rule>
    <Rule>
      <Filter>[natural] = 'volcano' and [name] != ''</Filter>
      <MaxScaleDenominator>50000</MaxScaleDenominator>
      <TextSymbolizer name="ele" fontset_name="oblique-fonts" size="9" fill="#484848" dy="16" halo_radius="1"/>
    </Rule>
    <Rule>
      <Filter>[natural] = 'cave_entrance'</Filter>
      <MaxScaleDenominator>25000</MaxScaleDenominator>
      <TextSymbolizer name="name" fontset_name="book-fonts" size="10" fill="#484848" dy="9" halo_radius="1" wrap_width="20"/>
    </Rule>
    <Rule>
      <Filter>[historic] = 'memorial' or [historic]='archaeological_site'</Filter>
      <MaxScaleDenominator>5000</MaxScaleDenominator>
      <TextSymbolizer name="name" fontset_name="book-fonts" size="9" fill="#484848" dy="12" halo_radius="1" wrap_width="20"/>
    </Rule>
    <Rule>
      <Filter>[natural] = 'water' or [natural] = 'lake' or [landuse] = 'reservoir' or [landuse] = 'basin'</Filter>
      <MaxScaleDenominator>25000</MaxScaleDenominator>
      <TextSymbolizer name="name" fontset_name="book-fonts" size="10" fill="#929292" halo_radius="1" wrap_width="20"/>
    </Rule>
    <Rule>
      <Filter>([leisure] != '' or [landuse] != '') and [point] = 'yes'</Filter>
      <MaxScaleDenominator>25000</MaxScaleDenominator>
      <TextSymbolizer name="name" fontset_name="book-fonts" size="9" fill="#000000" halo_radius="2" wrap_width="10"/>
    </Rule>
    <Rule>
      <Filter>[natural] = 'bay'</Filter>
      <MaxScaleDenominator>50000</MaxScaleDenominator>
      <TextSymbolizer name="name" fontset_name="book-fonts" size="10" fill="#929292" halo_radius="1" wrap_width="20"/>
    </Rule>
    <Rule>
      <Filter>[natural] = 'spring'</Filter>
      <MaxScaleDenominator>12500</MaxScaleDenominator>
      <TextSymbolizer name="name" fontset_name="book-fonts" size="8" fill="#929292" dy="10" halo_radius="1" wrap_width="20"/>
    </Rule>
    <Rule>
      <Filter>[tourism] = 'alpine_hut'</Filter>
      <MaxScaleDenominator>25000</MaxScaleDenominator>
      <TextSymbolizer name="name" fontset_name="book-fonts" size="9" fill="#929292" dy="10" halo_radius="1"/>
    </Rule>
    <Rule>
      <Filter>[tourism] = 'alpine_hut'</Filter>
      <MaxScaleDenominator>12500</MaxScaleDenominator>
      <TextSymbolizer name="ele" fontset_name="oblique-fonts" size="8" fill="#929292" dy="22" halo_radius="1"/>
    </Rule>
    <Rule>
      <Filter>[amenity]='shelter'</Filter>
      <MaxScaleDenominator>5000</MaxScaleDenominator>
      <TextSymbolizer name="name" fontset_name="book-fonts" size="9" fill="#929292" dy="10" halo_radius="1"/>
      <TextSymbolizer name="ele" fontset_name="oblique-fonts" size="8" fill="#929292" dy="22" halo_radius="1"/>
    </Rule>
    <Rule>
      <Filter>[amenity] = 'bank'</Filter>
      <MaxScaleDenominator>5000</MaxScaleDenominator>
      <TextSymbolizer name="name" fontset_name="book-fonts" size="9" fill="#000000" dy="9" halo_radius="1" wrap_width="0"/>
    </Rule>
    <Rule>
      <Filter>[tourism] = 'hotel' or [tourism]='hostel' or [tourism]='chalet'</Filter>
      <MaxScaleDenominator>5000</MaxScaleDenominator>
      <TextSymbolizer name="name" fontset_name="book-fonts" size="10" fill="#606060" dy="11" halo_radius="1" wrap_width="0"/>
    </Rule>
    <Rule>
      <Filter>[amenity] = 'embassy'</Filter>
      <MaxScaleDenominator>5000</MaxScaleDenominator>
      <TextSymbolizer name="name" fontset_name="book-fonts" size="9" fill="#606060" dy="8" halo_radius="1" wrap_width="0"/>
    </Rule>
    <Rule>
      <Filter>[tourism]='guest_house'</Filter>
      <MaxScaleDenominator>5000</MaxScaleDenominator>
      <TextSymbolizer name="name" fontset_name="book-fonts" size="8" fill="#606060" dy="9" halo_radius="1" wrap_width="0"/>
    </Rule>
    <Rule>
      <Filter>[tourism]='bed_and_breakfast'</Filter>
      <MaxScaleDenominator>5000</MaxScaleDenominator>
      <TextSymbolizer name="name" fontset_name="book-fonts" size="8" fill="#606060" dy="7" halo_radius="1" wrap_width="0"/>
    </Rule>
    <Rule>
      <Filter>[amenity] = 'fuel' or [amenity]='bus_station'</Filter>
      <MaxScaleDenominator>5000</MaxScaleDenominator>
      <TextSymbolizer name="name" fontset_name="book-fonts" size="9" fill="#606060" dy="9" halo_radius="1" wrap_width="0"/>
    </Rule>
    <Rule>
      <Filter>[tourism] = 'camp_site'</Filter>
      <MaxScaleDenominator>5000</MaxScaleDenominator>
      <TextSymbolizer name="name" fontset_name="book-fonts" size="10" fill="#606060" dy="15" halo_radius="1" wrap_width="70"/>
    </Rule>
    <Rule>
      <Filter>[tourism] = 'caravan_site'</Filter>
      <MaxScaleDenominator>5000</MaxScaleDenominator>
      <TextSymbolizer name="name" fontset_name="book-fonts" size="10" fill="#606060" dy="19" halo_radius="1" wrap_width="70"/>
    </Rule>
    <Rule>
      <Filter>[waterway] = 'lock'</Filter>
      <MaxScaleDenominator>25000</MaxScaleDenominator>
      <TextSymbolizer name="name" fontset_name="book-fonts" size="9" fill="#606060" dy="10" halo_radius="1" wrap_width="70"/>
    </Rule>
    <Rule>
      <Filter>[leisure] = 'marina'</Filter>
      <MaxScaleDenominator>25000</MaxScaleDenominator>
      <MinScaleDenominator>5000</MinScaleDenominator>
      <TextSymbolizer name="name" fontset_name="book-fonts" size="8" fill="#212121" halo_radius="1" wrap_width="30"/>
    </Rule>
    <Rule>
      <Filter>[leisure] = 'marina'</Filter>
      <MaxScaleDenominator>5000</MaxScaleDenominator>
      <TextSymbolizer name="name" fontset_name="book-fonts" size="10" fill="#212121" halo_radius="1" wrap_width="30"/>
    </Rule>
    <Rule>
      <Filter>[tourism] = 'theme_park'</Filter>
      <MaxScaleDenominator>50000</MaxScaleDenominator>
      <MinScaleDenominator>12500</MinScaleDenominator>
      <TextSymbolizer name="name" fontset_name="book-fonts" size="8" fill="#4b4b4b" halo_radius="1" wrap_width="30"/>
    </Rule>
    <Rule>
      <Filter>[tourism] = 'theme_park'</Filter>
      <MaxScaleDenominator>12500</MaxScaleDenominator>
      <TextSymbolizer name="name" fontset_name="book-fonts" size="10" fill="#4b4b4b" halo_radius="1" wrap_width="30"/>
    </Rule>
    <Rule>
      <Filter>[tourism]='museum'</Filter>
      <MaxScaleDenominator>5000</MaxScaleDenominator>
      <TextSymbolizer name="name" fontset_name="book-fonts" size="10" fill="#4b4b4b" dy="10" halo_radius="1" wrap_width="0"/>
    </Rule>
    <Rule>
      <Filter>[amenity]='prison'</Filter>
      <MaxScaleDenominator>5000</MaxScaleDenominator>
      <TextSymbolizer name="name" fontset_name="book-fonts" size="10" fill="#4b4b4b" dy="16" halo_radius="1" wrap_width="0"/>
    </Rule>
    <Rule>
      <Filter>[tourism] = 'attraction'</Filter>
      <MaxScaleDenominator>12500</MaxScaleDenominator>
      <TextSymbolizer name="name" fontset_name="book-fonts" size="10" fill="#202020" halo_radius="2" wrap_width="10"/>
    </Rule>
    <Rule>
      <Filter>[amenity] = 'university'</Filter>
      <MaxScaleDenominator>25000</MaxScaleDenominator>
      <TextSymbolizer name="name" fontset_name="bold-fonts" size="9" fill="#060606" halo_radius="1" wrap_width="16"/>
    </Rule>
    <Rule>
      <Filter>[amenity] = 'school' or [amenity] = 'college'</Filter>
      <MaxScaleDenominator>25000</MaxScaleDenominator>
      <TextSymbolizer name="name" fontset_name="book-fonts" size="9" fill="#060606" halo_radius="1" wrap_width="14"/>
    </Rule>
    <Rule>
      <Filter>[amenity] = 'kindergarten'</Filter>
      <MaxScaleDenominator>12500</MaxScaleDenominator>
      <TextSymbolizer name="name" fontset_name="book-fonts" size="8" fill="#060606" halo_radius="1" wrap_width="14"/>
    </Rule>
    <Rule>
      <Filter>[man_made] = 'lighthouse'</Filter>
      <MaxScaleDenominator>25000</MaxScaleDenominator>
      <TextSymbolizer name="name" fontset_name="book-fonts" size="9" fill="#060606" dy="16" halo_radius="2" wrap_width="12"/>
    </Rule>
    <Rule>
      <Filter>[man_made] = 'windmill'</Filter>
      <MaxScaleDenominator>5000</MaxScaleDenominator>
      <TextSymbolizer name="name" fontset_name="book-fonts" size="9" fill="#4b4b4b" dy="12" halo_radius="1" wrap_width="20"/>
    </Rule>
    <Rule>
      <Filter>[amenity] = 'hospital'</Filter>
      <MaxScaleDenominator>12500</MaxScaleDenominator>
      <TextSymbolizer name="name" fontset_name="book-fonts" size="8" fill="#494949" dy="10" halo_radius="2" wrap_width="24"/>
    </Rule>
    <Rule>
      <Filter>[amenity] = 'pharmacy'</Filter>
      <MaxScaleDenominator>5000</MaxScaleDenominator>
      <TextSymbolizer name="name" fontset_name="book-fonts" size="8" fill="#494949" dy="9" halo_radius="1" wrap_width="12"/>
    </Rule>
    <Rule>
      <Filter>[shop]='bakery' or [shop]='clothes' or [shop]='fashion' or [shop]='convenience' or [shop]='doityourself' or [shop]='hairdresser' or [shop]='butcher' or [shop]='car' or [shop]='car_repair' or [shop]='bicycle' or [shop]='florist'</Filter>
      <MaxScaleDenominator>5000</MaxScaleDenominator>
      <TextSymbolizer name="name" fontset_name="book-fonts" size="8" fill="#595959" dy="9" halo_radius="1" wrap_width="12"/>
    </Rule>
    <Rule>
      <Filter>[shop]='supermarket' or [shop]='department_store'</Filter>
      <MaxScaleDenominator>12500</MaxScaleDenominator>
      <TextSymbolizer name="name" fontset_name="book-fonts" size="9" fill="#595959" dy="9" halo_radius="1" wrap_width="20"/>
    </Rule>
    <Rule>
      <Filter>[military] = 'danger_area'</Filter>
      <MaxScaleDenominator>200000</MaxScaleDenominator>
      <TextSymbolizer name="name" fontset_name="bold-fonts" size="9" fill="#d1d1d1" halo_radius="1" wrap_width="10"/>
    </Rule>
    <Rule>
      <Filter>[aeroway] = 'gate'</Filter>
      <MaxScaleDenominator>5000</MaxScaleDenominator>
      <TextSymbolizer name="ref" fontset_name="book-fonts" size="10" fill="#848484" halo_radius="1" wrap_width="10"/>
    </Rule>
</Style>
<Style name="tunnels-casing">
    <Rule>
      <Filter>[highway] = 'motorway' or [highway]='motorway_link'</Filter>
      <MaxScaleDenominator>200000</MaxScaleDenominator>
      <MinScaleDenominator>100000</MinScaleDenominator>
      <LineSymbolizer>
        <CssParameter name="stroke">#5e5e5e</CssParameter>
        <CssParameter name="stroke-width">3</CssParameter>
        <CssParameter name="stroke-dasharray">4,2</CssParameter>
      </LineSymbolizer>
    </Rule>
    <Rule>
      <Filter>[highway] = 'motorway' or [highway]='motorway_link'</Filter>
      <MaxScaleDenominator>100000</MaxScaleDenominator>
      <MinScaleDenominator>25000</MinScaleDenominator>
      <LineSymbolizer>
        <CssParameter name="stroke">#5e5e5e</CssParameter>
        <CssParameter name="stroke-width">6.5</CssParameter>
        <CssParameter name="stroke-dasharray">4,2</CssParameter>
      </LineSymbolizer>
    </Rule>
    <Rule>
      <Filter>[highway] = 'motorway' or [highway]='motorway_link'</Filter>
      <MaxScaleDenominator>25000</MaxScaleDenominator>
      <MinScaleDenominator>5000</MinScaleDenominator>
      <LineSymbolizer>
        <CssParameter name="stroke">#5e5e5e</CssParameter>
        <CssParameter name="stroke-width">10</CssParameter>
        <CssParameter name="stroke-dasharray">4,2</CssParameter>
      </LineSymbolizer>
    </Rule>
    <Rule>
      <Filter>[highway] = 'motorway' or [highway]='motorway_link'</Filter>
      <MaxScaleDenominator>5000</MaxScaleDenominator>
      
      <LineSymbolizer>
        <CssParameter name="stroke">#5e5e5e</CssParameter>
        <CssParameter name="stroke-width">13</CssParameter>
        <CssParameter name="stroke-dasharray">4,2</CssParameter>
      </LineSymbolizer>
    </Rule>
    <Rule>
      <Filter>[highway] = 'trunk' or [highway] = 'trunk_link'</Filter>
      <MaxScaleDenominator>200000</MaxScaleDenominator>
      <MinScaleDenominator>100000</MinScaleDenominator>
      <LineSymbolizer>
        <CssParameter name="stroke">#616161</CssParameter>
        <CssParameter name="stroke-width">4</CssParameter>
        <CssParameter name="stroke-dasharray">4,2</CssParameter>
      </LineSymbolizer>
    </Rule>
    <Rule>
      <Filter>[highway] = 'trunk' or [highway] = 'trunk_link'</Filter>
      <MaxScaleDenominator>100000</MaxScaleDenominator>
      <MinScaleDenominator>25000</MinScaleDenominator>
      <LineSymbolizer>
        <CssParameter name="stroke">#616161</CssParameter>
        <CssParameter name="stroke-width">8</CssParameter>
        <CssParameter name="stroke-dasharray">4,2</CssParameter>
      </LineSymbolizer>
    </Rule>
    <Rule>
     <Filter>[highway] = 'trunk' or [highway] = 'trunk_link'</Filter>
      <MaxScaleDenominator>25000</MaxScaleDenominator>
      <MinScaleDenominator>5000</MinScaleDenominator>
      <LineSymbolizer>
        <CssParameter name="stroke">#616161</CssParameter>
        <CssParameter name="stroke-width">11</CssParameter>
        <CssParameter name="stroke-dasharray">4,2</CssParameter>
      </LineSymbolizer>
    </Rule>
    <Rule>
     <Filter>[highway] = 'trunk' or [highway] = 'trunk_link'</Filter>
      <MaxScaleDenominator>5000</MaxScaleDenominator>
      
      <LineSymbolizer>
        <CssParameter name="stroke">#616161</CssParameter>
        <CssParameter name="stroke-width">14</CssParameter>
        <CssParameter name="stroke-dasharray">4,2</CssParameter>
      </LineSymbolizer>
    </Rule>
    <Rule>
      <Filter>[highway] = 'primary' or [highway] = 'primary_link'</Filter>
      <MaxScaleDenominator>200000</MaxScaleDenominator>
      <MinScaleDenominator>100000</MinScaleDenominator>
      <LineSymbolizer>
        <CssParameter name="stroke">#555555</CssParameter>
        <CssParameter name="stroke-width">4</CssParameter>
        <CssParameter name="stroke-dasharray">4,2</CssParameter>
      </LineSymbolizer>
    </Rule>
    <Rule>
      <Filter>[highway] = 'primary' or [highway] = 'primary_link'</Filter>
      <MaxScaleDenominator>100000</MaxScaleDenominator>
      <MinScaleDenominator>25000</MinScaleDenominator>
      <LineSymbolizer>
        <CssParameter name="stroke">#555555</CssParameter>
        <CssParameter name="stroke-width">8</CssParameter>
        <CssParameter name="stroke-dasharray">4,2</CssParameter>
      </LineSymbolizer>
    </Rule>
   <Rule>
      <Filter>[highway] = 'primary' or [highway] = 'primary_link'</Filter>
      <MaxScaleDenominator>25000</MaxScaleDenominator>
      <MinScaleDenominator>5000</MinScaleDenominator>
      <LineSymbolizer>
        <CssParameter name="stroke">#555555</CssParameter>
        <CssParameter name="stroke-width">11</CssParameter>
        <CssParameter name="stroke-dasharray">4,2</CssParameter>
      </LineSymbolizer>
    </Rule>
    <Rule>
      <Filter>[highway] = 'primary' or [highway] = 'primary_link'</Filter>
      <MaxScaleDenominator>5000</MaxScaleDenominator>
      
      <LineSymbolizer>
        <CssParameter name="stroke">#555555</CssParameter>
        <CssParameter name="stroke-width">14</CssParameter>
        <CssParameter name="stroke-dasharray">4,2</CssParameter>
      </LineSymbolizer>
    </Rule>
    <Rule>
      <Filter>[highway] = 'secondary' or [highway] = 'secondary_link'</Filter>
      <MaxScaleDenominator>200000</MaxScaleDenominator>
      <MinScaleDenominator>100000</MinScaleDenominator>
      <LineSymbolizer>
        <CssParameter name="stroke">#7e7e7e</CssParameter>
        <CssParameter name="stroke-width">4</CssParameter>
        <CssParameter name="stroke-dasharray">4,2</CssParameter>
      </LineSymbolizer>
    </Rule>
    <Rule>
      <Filter>[highway] = 'secondary' or [highway] = 'secondary_link'</Filter>
      <MaxScaleDenominator>100000</MaxScaleDenominator>
      <MinScaleDenominator>25000</MinScaleDenominator>
      <LineSymbolizer>
        <CssParameter name="stroke">#7e7e7e</CssParameter>
        <CssParameter name="stroke-width">10</CssParameter>
        <CssParameter name="stroke-dasharray">4,2</CssParameter>
      </LineSymbolizer>
    </Rule>
    <Rule>
      <Filter>[highway] = 'secondary' or [highway] = 'secondary_link'</Filter>
      <MaxScaleDenominator>25000</MaxScaleDenominator>
      <MinScaleDenominator>5000</MinScaleDenominator>
      <LineSymbolizer>
        <CssParameter name="stroke">#7e7e7e</CssParameter>
        <CssParameter name="stroke-width">12</CssParameter>
        <CssParameter name="stroke-dasharray">4,2</CssParameter>
      </LineSymbolizer>
    </Rule>
    <Rule>
      <Filter>[highway] = 'secondary' or [highway] = 'secondary_link'</Filter>
      <MaxScaleDenominator>5000</MaxScaleDenominator>
      
      <LineSymbolizer>
        <CssParameter name="stroke">#7e7e7e</CssParameter>
        <CssParameter name="stroke-width">17</CssParameter>
        <CssParameter name="stroke-dasharray">4,2</CssParameter>
      </LineSymbolizer>
    </Rule>
    <Rule>
      <Filter>[highway] = 'tertiary' or [highway]='tertiary_link'</Filter>
      <MaxScaleDenominator>100000</MaxScaleDenominator>
      <MinScaleDenominator>50000</MinScaleDenominator>
      <LineSymbolizer>
        <CssParameter name="stroke">#999999</CssParameter>
        <CssParameter name="stroke-width">6</CssParameter>
        <CssParameter name="stroke-dasharray">4,2</CssParameter>
      </LineSymbolizer>
    </Rule>
    <Rule>
      <Filter>[highway] = 'tertiary' or [highway]='tertiary_link'</Filter>
      <MaxScaleDenominator>50000</MaxScaleDenominator>
      <MinScaleDenominator>25000</MinScaleDenominator>
      <LineSymbolizer>
        <CssParameter name="stroke">#999999</CssParameter>
        <CssParameter name="stroke-width">7.5</CssParameter>
        <CssParameter name="stroke-dasharray">4,2</CssParameter>
      </LineSymbolizer>
    </Rule>
    <Rule>
      <Filter>[highway] = 'residential' or [highway] = 'unclassified' or [highway] = 'road'</Filter>
      <MaxScaleDenominator>100000</MaxScaleDenominator>
      <MinScaleDenominator>50000</MinScaleDenominator>
      <LineSymbolizer>
        <CssParameter name="stroke">#999999</CssParameter>
        <CssParameter name="stroke-width">3</CssParameter>
        <CssParameter name="stroke-dasharray">4,2</CssParameter>
      </LineSymbolizer>
    </Rule>
    <Rule>
      <Filter>[highway] = 'residential' or [highway] = 'unclassified' or [highway] = 'road'</Filter>
      <MaxScaleDenominator>50000</MaxScaleDenominator>
      <MinScaleDenominator>25000</MinScaleDenominator>
      <LineSymbolizer>
        <CssParameter name="stroke">#999999</CssParameter>
        <CssParameter name="stroke-width">4.5</CssParameter>
        <CssParameter name="stroke-dasharray">4,2</CssParameter>
      </LineSymbolizer>
    </Rule>
    <Rule>
      <Filter>[highway] = 'residential' or [highway] = 'unclassified' or [highway] = 'road'</Filter>
      <MaxScaleDenominator>25000</MaxScaleDenominator>
      <MinScaleDenominator>12500</MinScaleDenominator>
      <LineSymbolizer>
        <CssParameter name="stroke">#999999</CssParameter>
        <CssParameter name="stroke-width">8</CssParameter>
        <CssParameter name="stroke-dasharray">4,2</CssParameter>
      </LineSymbolizer>
    </Rule>
    <Rule>
      <Filter>[highway] = 'residential' or [highway] = 'unclassified' or [highway] = 'road'</Filter>
      <MaxScaleDenominator>12500</MaxScaleDenominator>
      <MinScaleDenominator>5000</MinScaleDenominator>
      <LineSymbolizer>
        <CssParameter name="stroke">#999999</CssParameter>
        <CssParameter name="stroke-width">11</CssParameter>
        <CssParameter name="stroke-dasharray">4,2</CssParameter>
      </LineSymbolizer>
    </Rule>
    <Rule>
      <Filter>[highway] = 'tertiary' or [highway]='tertiary_link'</Filter>
      <MaxScaleDenominator>25000</MaxScaleDenominator>
      <MinScaleDenominator>5000</MinScaleDenominator>
      <LineSymbolizer>
        <CssParameter name="stroke">#999999</CssParameter>
        <CssParameter name="stroke-width">11</CssParameter>
        <CssParameter name="stroke-dasharray">4,2</CssParameter>
      </LineSymbolizer>
    </Rule>
    <Rule>
      <Filter>[highway] = 'tertiary' or [highway]='tertiary_link' or [highway] = 'residential' or [highway] = 'unclassified' or [highway] = 'road'</Filter>
      <MaxScaleDenominator>5000</MaxScaleDenominator>
      
      <LineSymbolizer>
        <CssParameter name="stroke">#999999</CssParameter>
        <CssParameter name="stroke-width">16</CssParameter>
        <CssParameter name="stroke-dasharray">4,2</CssParameter>
      </LineSymbolizer>
    </Rule>
</Style>
<Style name="tunnels-fill">
    <Rule>
      <Filter>[highway] = 'motorway' or [highway]='motorway_link'</Filter>
      <MaxScaleDenominator>200000</MaxScaleDenominator>
      <MinScaleDenominator>100000</MinScaleDenominator>
      <LineSymbolizer>
        <CssParameter name="stroke">#dedede</CssParameter>
        <CssParameter name="stroke-width">2</CssParameter>
        <CssParameter name="stroke-linejoin">round</CssParameter>
        <CssParameter name="stroke-linecap">round</CssParameter>
      </LineSymbolizer>
    </Rule>
    <Rule>
      <Filter>[highway] = 'motorway' or [highway] = 'motorway_link'</Filter>
      <MaxScaleDenominator>100000</MaxScaleDenominator>
      <MinScaleDenominator>25000</MinScaleDenominator>
      <LineSymbolizer>
        <CssParameter name="stroke">#dedede</CssParameter>
        <CssParameter name="stroke-width">5</CssParameter>
        <CssParameter name="stroke-linejoin">round</CssParameter>
        <CssParameter name="stroke-linecap">round</CssParameter>
      </LineSymbolizer>
    </Rule>
    <Rule>
      <Filter>[highway] = 'motorway' or [highway] = 'motorway_link'</Filter>
      <MaxScaleDenominator>25000</MaxScaleDenominator>
      <MinScaleDenominator>5000</MinScaleDenominator>
      <LineSymbolizer>
        <CssParameter name="stroke">#dedede</CssParameter>
        <CssParameter name="stroke-width">8.5</CssParameter>
        <CssParameter name="stroke-linejoin">round</CssParameter>
        <CssParameter name="stroke-linecap">round</CssParameter>
      </LineSymbolizer>
    </Rule>
    <Rule>
      <Filter>[highway] = 'motorway' or [highway] = 'motorway_link'</Filter>
      <MaxScaleDenominator>5000</MaxScaleDenominator>
      
      <LineSymbolizer>
        <CssParameter name="stroke">#dedede</CssParameter>
        <CssParameter name="stroke-width">11</CssParameter>
        <CssParameter name="stroke-linejoin">round</CssParameter>
        <CssParameter name="stroke-linecap">round</CssParameter>
      </LineSymbolizer>
    </Rule>
    <Rule>
      <Filter>[highway] = 'trunk' or [highway] = 'trunk_link'</Filter>
      <MaxScaleDenominator>200000</MaxScaleDenominator>
      <MinScaleDenominator>100000</MinScaleDenominator>
      <LineSymbolizer>
        <CssParameter name="stroke">#dedede</CssParameter>
        <CssParameter name="stroke-width">2.5</CssParameter>
        <CssParameter name="stroke-linejoin">round</CssParameter>
        <CssParameter name="stroke-linecap">round</CssParameter>
      </LineSymbolizer>
    </Rule>
    <Rule>
      <Filter>[highway] = 'trunk' or [highway] = 'trunk_link'</Filter>
      <MaxScaleDenominator>100000</MaxScaleDenominator>
      <MinScaleDenominator>25000</MinScaleDenominator>
      <LineSymbolizer>
        <CssParameter name="stroke">#dedede</CssParameter>
        <CssParameter name="stroke-width">6.5</CssParameter>
        <CssParameter name="stroke-linejoin">round</CssParameter>
        <CssParameter name="stroke-linecap">round</CssParameter>
      </LineSymbolizer>
    </Rule>    
    <Rule>
      <Filter>[highway] = 'trunk' or [highway] = 'trunk_link'</Filter>
      <MaxScaleDenominator>25000</MaxScaleDenominator>
      <MinScaleDenominator>5000</MinScaleDenominator>
      <LineSymbolizer>
        <CssParameter name="stroke">#dedede</CssParameter>
        <CssParameter name="stroke-width">9</CssParameter>
        <CssParameter name="stroke-linejoin">round</CssParameter>
        <CssParameter name="stroke-linecap">round</CssParameter>
      </LineSymbolizer>
    </Rule>
    <Rule>
      <Filter>[highway] = 'trunk' or [highway] = 'trunk_link'</Filter>
      <MaxScaleDenominator>5000</MaxScaleDenominator>
      
      <LineSymbolizer>
        <CssParameter name="stroke">#dedede</CssParameter>
        <CssParameter name="stroke-width">12</CssParameter>
        <CssParameter name="stroke-linejoin">round</CssParameter>
        <CssParameter name="stroke-linecap">round</CssParameter>
      </LineSymbolizer>
    </Rule>
    <Rule>
      <Filter>[highway] = 'primary' or [highway] = 'primary_link'</Filter>
      <MaxScaleDenominator>200000</MaxScaleDenominator>
      <MinScaleDenominator>100000</MinScaleDenominator>
      <LineSymbolizer>
        <CssParameter name="stroke">#cfcfcf</CssParameter>
        <CssParameter name="stroke-width">2.5</CssParameter>
        <CssParameter name="stroke-linejoin">round</CssParameter>
        <CssParameter name="stroke-linecap">round</CssParameter>
      </LineSymbolizer>
    </Rule>
    <Rule>
      <Filter>[highway] = 'primary' or [highway] = 'primary_link'</Filter>
      <MaxScaleDenominator>100000</MaxScaleDenominator>
      <MinScaleDenominator>25000</MinScaleDenominator>
      <LineSymbolizer>
        <CssParameter name="stroke">#cfcfcf</CssParameter>
        <CssParameter name="stroke-width">6.5</CssParameter>
        <CssParameter name="stroke-linejoin">round</CssParameter>
        <CssParameter name="stroke-linecap">round</CssParameter>
      </LineSymbolizer>
    </Rule>
    <Rule>
      <Filter>[highway] = 'primary' or [highway] = 'primary_link'</Filter>
      <MaxScaleDenominator>25000</MaxScaleDenominator>
      <MinScaleDenominator>5000</MinScaleDenominator>
      <LineSymbolizer>
        <CssParameter name="stroke">#cfcfcf</CssParameter>
        <CssParameter name="stroke-width">9</CssParameter>
        <CssParameter name="stroke-linejoin">round</CssParameter>
        <CssParameter name="stroke-linecap">round</CssParameter>
      </LineSymbolizer>
    </Rule>
    <Rule>
      <Filter>[highway] = 'primary' or [highway] = 'primary_link'</Filter>
      <MaxScaleDenominator>5000</MaxScaleDenominator>
      
      <LineSymbolizer>
        <CssParameter name="stroke">#cfcfcf</CssParameter>
        <CssParameter name="stroke-width">12</CssParameter>
        <CssParameter name="stroke-linejoin">round</CssParameter>
        <CssParameter name="stroke-linecap">round</CssParameter>
      </LineSymbolizer>
    </Rule>
    <Rule>
      <Filter>[highway] = 'secondary' or [highway] = 'secondary_link'</Filter>
      <MaxScaleDenominator>200000</MaxScaleDenominator>
      <MinScaleDenominator>100000</MinScaleDenominator>
      <LineSymbolizer>
        <CssParameter name="stroke">#e2e2e2</CssParameter>
        <CssParameter name="stroke-width">2</CssParameter>
        <CssParameter name="stroke-linejoin">round</CssParameter>
        <CssParameter name="stroke-linecap">round</CssParameter>
      </LineSymbolizer>
    </Rule>
    <Rule>
      <Filter>[highway] = 'secondary' or [highway] = 'secondary_link'</Filter>
      <MaxScaleDenominator>100000</MaxScaleDenominator>
      <MinScaleDenominator>25000</MinScaleDenominator>
      <LineSymbolizer>
        <CssParameter name="stroke">#e2e2e2</CssParameter>
        <CssParameter name="stroke-width">8</CssParameter>
        <CssParameter name="stroke-linejoin">round</CssParameter>
        <CssParameter name="stroke-linecap">round</CssParameter>
      </LineSymbolizer>
    </Rule>
    <Rule>
      <Filter>[highway] = 'secondary' or [highway] = 'secondary_link'</Filter>
      <MaxScaleDenominator>25000</MaxScaleDenominator>
      <MinScaleDenominator>5000</MinScaleDenominator>
      <LineSymbolizer>
        <CssParameter name="stroke">#e2e2e2</CssParameter>
        <CssParameter name="stroke-width">10</CssParameter>
        <CssParameter name="stroke-linejoin">round</CssParameter>
        <CssParameter name="stroke-linecap">round</CssParameter>
      </LineSymbolizer>
    </Rule>
    <Rule>
      <Filter>[highway] = 'secondary' or [highway] = 'secondary_link'</Filter>
      <MaxScaleDenominator>5000</MaxScaleDenominator>
      
      <LineSymbolizer>
        <CssParameter name="stroke">#e2e2e2</CssParameter>
        <CssParameter name="stroke-width">14</CssParameter>
        <CssParameter name="stroke-linejoin">round</CssParameter>
        <CssParameter name="stroke-linecap">round</CssParameter>
      </LineSymbolizer>
    </Rule>
    <Rule>
      <Filter>[highway] = 'tertiary' or [highway]='tertiary_link'</Filter>
      <MaxScaleDenominator>100000</MaxScaleDenominator>
      <MinScaleDenominator>50000</MinScaleDenominator>
      <LineSymbolizer>
        <CssParameter name="stroke">#f8f8f8</CssParameter>
        <CssParameter name="stroke-width">5</CssParameter>
        <CssParameter name="stroke-linejoin">round</CssParameter>
        <CssParameter name="stroke-linecap">round</CssParameter>
      </LineSymbolizer>
    </Rule>
    <Rule>
      <Filter>[highway] = 'tertiary' or [highway]='tertiary_link'</Filter>
      <MaxScaleDenominator>50000</MaxScaleDenominator>
      <MinScaleDenominator>25000</MinScaleDenominator>
      <LineSymbolizer>
        <CssParameter name="stroke">#f8f8f8</CssParameter>
        <CssParameter name="stroke-width">6.5</CssParameter>
        <CssParameter name="stroke-linejoin">round</CssParameter>
        <CssParameter name="stroke-linecap">round</CssParameter>
      </LineSymbolizer>
    </Rule>
    <Rule>
      <Filter>[highway] = 'residential' or [highway] = 'unclassified' or [highway] = 'road'</Filter>
      <MaxScaleDenominator>100000</MaxScaleDenominator>
      <MinScaleDenominator>50000</MinScaleDenominator>
      <LineSymbolizer>
        <CssParameter name="stroke">#ffffff</CssParameter>
        <CssParameter name="stroke-width">2</CssParameter>
        <CssParameter name="stroke-linejoin">round</CssParameter>
        <CssParameter name="stroke-linecap">round</CssParameter>
      </LineSymbolizer>
    </Rule>
    <Rule>
      <Filter>[highway] = 'residential' or [highway] = 'unclassified' or [highway] = 'road'</Filter>
      <MaxScaleDenominator>50000</MaxScaleDenominator>
      <MinScaleDenominator>25000</MinScaleDenominator>
      <LineSymbolizer>
        <CssParameter name="stroke">#ffffff</CssParameter>
        <CssParameter name="stroke-width">3</CssParameter>
        <CssParameter name="stroke-linejoin">round</CssParameter>
        <CssParameter name="stroke-linecap">round</CssParameter>
      </LineSymbolizer>
    </Rule>
    <Rule>
      <Filter>[highway] = 'tertiary' or [highway]='tertiary_link'</Filter>
      <MaxScaleDenominator>25000</MaxScaleDenominator>
      <MinScaleDenominator>5000</MinScaleDenominator>
      <LineSymbolizer>
        <CssParameter name="stroke">#f8f8f8</CssParameter>
        <CssParameter name="stroke-width">9.4</CssParameter>
        <CssParameter name="stroke-linejoin">round</CssParameter>
        <CssParameter name="stroke-linecap">round</CssParameter>
      </LineSymbolizer>
    </Rule>
    <Rule>
      <Filter>[highway] = 'tertiary' or [highway]='tertiary_link'</Filter>
      <MaxScaleDenominator>5000</MaxScaleDenominator>
      
      <LineSymbolizer>
        <CssParameter name="stroke">#f8f8f8</CssParameter>
        <CssParameter name="stroke-width">13</CssParameter>
        <CssParameter name="stroke-linejoin">round</CssParameter>
        <CssParameter name="stroke-linecap">round</CssParameter>
      </LineSymbolizer>
    </Rule>
    <Rule>
      <Filter>[highway] = 'residential' or [highway] = 'unclassified' or [highway] = 'road'</Filter>
      <MaxScaleDenominator>25000</MaxScaleDenominator>
      <MinScaleDenominator>12500</MinScaleDenominator>
      <LineSymbolizer>
        <CssParameter name="stroke">#ffffff</CssParameter>
        <CssParameter name="stroke-width">6.5</CssParameter>
        <CssParameter name="stroke-linejoin">round</CssParameter>
        <CssParameter name="stroke-linecap">round</CssParameter>
      </LineSymbolizer>
    </Rule>
    <Rule>
      <Filter>[highway] = 'residential' or [highway] = 'unclassified' or [highway] = 'road'</Filter>
      <MaxScaleDenominator>12500</MaxScaleDenominator>
      <MinScaleDenominator>5000</MinScaleDenominator>
      <LineSymbolizer>
        <CssParameter name="stroke">#ffffff</CssParameter>
        <CssParameter name="stroke-width">9.4</CssParameter>
        <CssParameter name="stroke-linejoin">round</CssParameter>
        <CssParameter name="stroke-linecap">round</CssParameter>
      </LineSymbolizer>
    </Rule>
    <Rule>
      <Filter>[highway] = 'residential' or [highway] = 'unclassified' or [highway] = 'road'</Filter>
      <MaxScaleDenominator>5000</MaxScaleDenominator>
      
      <LineSymbolizer>
        <CssParameter name="stroke">#ffffff</CssParameter>
        <CssParameter name="stroke-width">13</CssParameter>
        <CssParameter name="stroke-linejoin">round</CssParameter>
        <CssParameter name="stroke-linecap">round</CssParameter>
      </LineSymbolizer>
    </Rule>
</Style>
<Style name="minor-roads-casing-links">
    <Rule>
      <Filter>[highway]='raceway'</Filter>
      <MaxScaleDenominator>200000</MaxScaleDenominator>
      <MinScaleDenominator>100000</MinScaleDenominator>
      <LineSymbolizer>
        <CssParameter name="stroke">#d1d1d1</CssParameter>
        <CssParameter name="stroke-width">1.2</CssParameter>
        <CssParameter name="stroke-linejoin">round</CssParameter>
      </LineSymbolizer>
    </Rule>
    <Rule>
      <Filter>[highway]='raceway'</Filter>
      <MaxScaleDenominator>100000</MaxScaleDenominator>
      <MinScaleDenominator>25000</MinScaleDenominator>
      <LineSymbolizer>
        <CssParameter name="stroke">#d1d1d1</CssParameter>
        <CssParameter name="stroke-width">4</CssParameter>
        <CssParameter name="stroke-linejoin">round</CssParameter>
      </LineSymbolizer>
    </Rule>
    <Rule>
      <Filter>[highway]='raceway'</Filter>
      <MaxScaleDenominator>25000</MaxScaleDenominator>
      
      <LineSymbolizer>
        <CssParameter name="stroke">#d1d1d1</CssParameter>
        <CssParameter name="stroke-width">7</CssParameter>
        <CssParameter name="stroke-linejoin">round</CssParameter>
      </LineSymbolizer>
    </Rule>
    <Rule>
      <Filter>[highway]='motorway_link' and not [tunnel] = 'yes'</Filter>
      <MaxScaleDenominator>200000</MaxScaleDenominator>
      <MinScaleDenominator>100000</MinScaleDenominator>
      <LineSymbolizer>
        <CssParameter name="stroke">#5e5e5e</CssParameter>
        <CssParameter name="stroke-width">1.5</CssParameter>
        <CssParameter name="stroke-linejoin">round</CssParameter>
      </LineSymbolizer>
    </Rule>
    <Rule>
      <Filter>[highway]='motorway_link' and not [tunnel] = 'yes'</Filter>
      <MaxScaleDenominator>100000</MaxScaleDenominator>
      <MinScaleDenominator>25000</MinScaleDenominator>
      <LineSymbolizer>
        <CssParameter name="stroke">#5e5e5e</CssParameter>
        <CssParameter name="stroke-width">4.5</CssParameter>
        <CssParameter name="stroke-linejoin">round</CssParameter>
      </LineSymbolizer>
    </Rule>
    <Rule>
      <Filter>[highway]='motorway_link' and not [tunnel] = 'yes'</Filter>
      <MaxScaleDenominator>25000</MaxScaleDenominator>
      <MinScaleDenominator>5000</MinScaleDenominator>
      <LineSymbolizer>
        <CssParameter name="stroke">#5e5e5e</CssParameter>
        <CssParameter name="stroke-width">8</CssParameter>
        <CssParameter name="stroke-linejoin">round</CssParameter>
      </LineSymbolizer>
    </Rule>
    <Rule>
      <Filter>[highway]='motorway_link' and not [tunnel] = 'yes'</Filter>
      <MaxScaleDenominator>5000</MaxScaleDenominator>
      
      <LineSymbolizer>
        <CssParameter name="stroke">#5e5e5e</CssParameter>
        <CssParameter name="stroke-width">11</CssParameter>
        <CssParameter name="stroke-linejoin">round</CssParameter>
      </LineSymbolizer>
    </Rule>
    <Rule>
     <Filter>[highway] = 'trunk_link' and not [tunnel] = 'yes'</Filter>
      <MaxScaleDenominator>200000</MaxScaleDenominator>
      <MinScaleDenominator>100000</MinScaleDenominator>
      <LineSymbolizer>
        <CssParameter name="stroke">#616161</CssParameter>
        <CssParameter name="stroke-width">3</CssParameter>
        <CssParameter name="stroke-linejoin">round</CssParameter>
      </LineSymbolizer>
    </Rule>
    <Rule>
     <Filter>[highway] = 'trunk_link' and not [tunnel] = 'yes'</Filter>
      <MaxScaleDenominator>100000</MaxScaleDenominator>
      <MinScaleDenominator>25000</MinScaleDenominator>
      <LineSymbolizer>
        <CssParameter name="stroke">#616161</CssParameter>
        <CssParameter name="stroke-width">7.5</CssParameter>
        <CssParameter name="stroke-linejoin">round</CssParameter>
      </LineSymbolizer>
    </Rule>
    <Rule>
     <Filter>[highway] = 'trunk_link' and not [tunnel] = 'yes'</Filter>
      <MaxScaleDenominator>25000</MaxScaleDenominator>
      <MinScaleDenominator>5000</MinScaleDenominator>
      <LineSymbolizer>
        <CssParameter name="stroke">#616161</CssParameter>
        <CssParameter name="stroke-width">11.5</CssParameter>
        <CssParameter name="stroke-linejoin">round</CssParameter>
      </LineSymbolizer>
    </Rule>
    <Rule>
     <Filter>[highway] = 'trunk_link' and not [tunnel] = 'yes'</Filter>
      <MaxScaleDenominator>5000</MaxScaleDenominator>
      
      <LineSymbolizer>
        <CssParameter name="stroke">#616161</CssParameter>
        <CssParameter name="stroke-width">16</CssParameter>
        <CssParameter name="stroke-linejoin">round</CssParameter>
      </LineSymbolizer>
    </Rule>
    <Rule>
      <Filter>[highway] = 'primary_link' and not [tunnel] = 'yes'</Filter>
      <MaxScaleDenominator>200000</MaxScaleDenominator>      
      <MinScaleDenominator>100000</MinScaleDenominator>
      <LineSymbolizer>
        <CssParameter name="stroke">#555555</CssParameter>
        <CssParameter name="stroke-width">3</CssParameter>
        <CssParameter name="stroke-linejoin">round</CssParameter>
      </LineSymbolizer>
    </Rule>
    <Rule>
      <Filter>[highway] = 'primary_link' and not [tunnel] = 'yes'</Filter>
      <MaxScaleDenominator>100000</MaxScaleDenominator>      
      <MinScaleDenominator>25000</MinScaleDenominator>
      <LineSymbolizer>
        <CssParameter name="stroke">#555555</CssParameter>
        <CssParameter name="stroke-width">7.5</CssParameter>
        <CssParameter name="stroke-linejoin">round</CssParameter>
      </LineSymbolizer>
    </Rule>
    <Rule>
      <Filter>[highway] = 'primary_link' and not [tunnel] = 'yes'</Filter>
      <MaxScaleDenominator>25000</MaxScaleDenominator>      
      <MinScaleDenominator>5000</MinScaleDenominator>
      <LineSymbolizer>
        <CssParameter name="stroke">#555555</CssParameter>
        <CssParameter name="stroke-width">11.5</CssParameter>
        <CssParameter name="stroke-linejoin">round</CssParameter>
      </LineSymbolizer>
    </Rule>
    <Rule>
      <Filter>[highway] = 'primary_link' and not [tunnel] = 'yes'</Filter>
      <MaxScaleDenominator>5000</MaxScaleDenominator>      
      
      <LineSymbolizer>
        <CssParameter name="stroke">#555555</CssParameter>
        <CssParameter name="stroke-width">16</CssParameter>
        <CssParameter name="stroke-linejoin">round</CssParameter>
      </LineSymbolizer>
    </Rule>
    <Rule>
      <Filter>[highway] = 'secondary_link' and not [tunnel] = 'yes'</Filter>
      <MaxScaleDenominator>200000</MaxScaleDenominator>
      <MinScaleDenominator>100000</MinScaleDenominator>
      <LineSymbolizer>
        <CssParameter name="stroke">#7e7e7e</CssParameter>
        <CssParameter name="stroke-width">2.5</CssParameter>
        <CssParameter name="stroke-linejoin">round</CssParameter>
        <CssParameter name="stroke-linecap">round</CssParameter>
      </LineSymbolizer>
    </Rule>
    <Rule>
      <Filter>[highway] = 'secondary_link' and not [tunnel] = 'yes'</Filter>
      <MaxScaleDenominator>100000</MaxScaleDenominator>
      <MinScaleDenominator>25000</MinScaleDenominator>
      <LineSymbolizer>
        <CssParameter name="stroke">#7e7e7e</CssParameter>
        <CssParameter name="stroke-width">8.5</CssParameter>
        <CssParameter name="stroke-linejoin">round</CssParameter>
        <CssParameter name="stroke-linecap">round</CssParameter>
      </LineSymbolizer>
    </Rule>
    <Rule>
      <Filter>[highway] = 'secondary_link' and not [tunnel] = 'yes'</Filter>
      <MaxScaleDenominator>25000</MaxScaleDenominator>
      <MinScaleDenominator>5000</MinScaleDenominator>
      <LineSymbolizer>
        <CssParameter name="stroke">#7e7e7e</CssParameter>
        <CssParameter name="stroke-width">11.5</CssParameter>
        <CssParameter name="stroke-linejoin">round</CssParameter>
        <CssParameter name="stroke-linecap">round</CssParameter>
      </LineSymbolizer>
    </Rule>
    <Rule>
      <Filter>[highway] = 'secondary_link' and not [tunnel] = 'yes'</Filter>
      <MaxScaleDenominator>5000</MaxScaleDenominator>
      
      <LineSymbolizer>
        <CssParameter name="stroke">#7e7e7e</CssParameter>
        <CssParameter name="stroke-width">16</CssParameter>
        <CssParameter name="stroke-linejoin">round</CssParameter>
        <CssParameter name="stroke-linecap">round</CssParameter>
      </LineSymbolizer>
    </Rule>
    <Rule>
      <Filter>[highway] = 'tertiary_link' and not [tunnel]='yes'</Filter>
      <MaxScaleDenominator>100000</MaxScaleDenominator>
      <MinScaleDenominator>50000</MinScaleDenominator>
      <LineSymbolizer>
        <CssParameter name="stroke">#bababa</CssParameter>
        <CssParameter name="stroke-width">6</CssParameter>
        <CssParameter name="stroke-linejoin">round</CssParameter>
        <CssParameter name="stroke-linecap">round</CssParameter>
      </LineSymbolizer>
    </Rule>
    <Rule>
      <Filter>[highway] = 'tertiary_link' and not [tunnel]='yes'</Filter>
      <MaxScaleDenominator>50000</MaxScaleDenominator>
      <MinScaleDenominator>25000</MinScaleDenominator>
      <LineSymbolizer>
        <CssParameter name="stroke">#bababa</CssParameter>
        <CssParameter name="stroke-width">7.5</CssParameter>
        <CssParameter name="stroke-linejoin">round</CssParameter>
        <CssParameter name="stroke-linecap">round</CssParameter>
      </LineSymbolizer>
    </Rule>
    <Rule>
      <Filter>[highway] = 'tertiary_link' and not [tunnel]='yes'</Filter>
      <MaxScaleDenominator>25000</MaxScaleDenominator>
      <MinScaleDenominator>5000</MinScaleDenominator>
      <LineSymbolizer>
        <CssParameter name="stroke">#bababa</CssParameter>
        <CssParameter name="stroke-width">11</CssParameter>
        <CssParameter name="stroke-linejoin">round</CssParameter>
        <CssParameter name="stroke-linecap">round</CssParameter>
      </LineSymbolizer>
    </Rule>
    <Rule>
      <Filter>[highway] = 'tertiary_link' and not [tunnel]='yes'</Filter>
      <MaxScaleDenominator>5000</MaxScaleDenominator>
      
      <LineSymbolizer>
        <CssParameter name="stroke">#bababa</CssParameter>
        <CssParameter name="stroke-width">16</CssParameter>
        <CssParameter name="stroke-linejoin">round</CssParameter>
        <CssParameter name="stroke-linecap">round</CssParameter>
      </LineSymbolizer>
    </Rule>
</Style>
<Style name="minor-roads-casing">
    <Rule>
      <Filter>[highway] = 'motorway' and not [tunnel] = 'yes'</Filter>
      <MaxScaleDenominator>200000</MaxScaleDenominator>
      <MinScaleDenominator>100000</MinScaleDenominator>
      <LineSymbolizer>
        <CssParameter name="stroke">#5e5e5e</CssParameter>
        <CssParameter name="stroke-width">3</CssParameter>
        <CssParameter name="stroke-linejoin">round</CssParameter>
      </LineSymbolizer>
    </Rule>
    <Rule>
     <Filter>[highway] = 'trunk' and not [tunnel] = 'yes'</Filter>
      <MaxScaleDenominator>200000</MaxScaleDenominator>
      <MinScaleDenominator>100000</MinScaleDenominator>
      <LineSymbolizer>
        <CssParameter name="stroke">#616161</CssParameter>
        <CssParameter name="stroke-width">3</CssParameter>
        <CssParameter name="stroke-linejoin">round</CssParameter>
      </LineSymbolizer>
    </Rule>
    <Rule>
      <Filter>[highway] = 'primary' and not [tunnel] = 'yes'</Filter>
      <MaxScaleDenominator>200000</MaxScaleDenominator>      
      <MinScaleDenominator>100000</MinScaleDenominator>
      <LineSymbolizer>
        <CssParameter name="stroke">#555555</CssParameter>
        <CssParameter name="stroke-width">3</CssParameter>
        <CssParameter name="stroke-linejoin">round</CssParameter>
      </LineSymbolizer>
    </Rule>
    <Rule>
      <Filter>[highway] = 'secondary' and not [tunnel] = 'yes'</Filter>
      <MaxScaleDenominator>200000</MaxScaleDenominator>
      <MinScaleDenominator>100000</MinScaleDenominator>
      <LineSymbolizer>
        <CssParameter name="stroke">#7e7e7e</CssParameter>
        <CssParameter name="stroke-width">2.5</CssParameter>
        <CssParameter name="stroke-linejoin">round</CssParameter>
        <CssParameter name="stroke-linecap">round</CssParameter>
      </LineSymbolizer>
    </Rule>
    <Rule>
      <Filter>[highway] = 'motorway' and not [tunnel] = 'yes'</Filter>
      <MaxScaleDenominator>100000</MaxScaleDenominator>
      <MinScaleDenominator>25000</MinScaleDenominator>
      <LineSymbolizer>
        <CssParameter name="stroke">#5e5e5e</CssParameter>
        <CssParameter name="stroke-width">6.5</CssParameter>
        <CssParameter name="stroke-linejoin">round</CssParameter>
      </LineSymbolizer>
    </Rule>
    <Rule>
     <Filter>[highway] = 'trunk' and not [tunnel] = 'yes'</Filter>
      <MaxScaleDenominator>100000</MaxScaleDenominator>
      <MinScaleDenominator>25000</MinScaleDenominator>
      <LineSymbolizer>
        <CssParameter name="stroke">#616161</CssParameter>
        <CssParameter name="stroke-width">7.5</CssParameter>
        <CssParameter name="stroke-linejoin">round</CssParameter>
      </LineSymbolizer>
    </Rule>
    <Rule>
      <Filter>[highway] = 'primary' and not [tunnel] = 'yes'</Filter>
      <MaxScaleDenominator>100000</MaxScaleDenominator>      
      <MinScaleDenominator>25000</MinScaleDenominator>
      <LineSymbolizer>
        <CssParameter name="stroke">#555555</CssParameter>
        <CssParameter name="stroke-width">7.5</CssParameter>
        <CssParameter name="stroke-linejoin">round</CssParameter>
      </LineSymbolizer>
    </Rule>
    <Rule>
      <Filter>[highway] = 'secondary' and not [tunnel] = 'yes'</Filter>
      <MaxScaleDenominator>100000</MaxScaleDenominator>
      <MinScaleDenominator>25000</MinScaleDenominator>
      <LineSymbolizer>
        <CssParameter name="stroke">#7e7e7e</CssParameter>
        <CssParameter name="stroke-width">8.5</CssParameter>
        <CssParameter name="stroke-linejoin">round</CssParameter>
        <CssParameter name="stroke-linecap">round</CssParameter>
      </LineSymbolizer>
    </Rule>
    <Rule>
      <Filter>[highway] = 'motorway' and not [tunnel] = 'yes'</Filter>
      <MaxScaleDenominator>25000</MaxScaleDenominator>
      <MinScaleDenominator>5000</MinScaleDenominator>
      <LineSymbolizer>
        <CssParameter name="stroke">#5e5e5e</CssParameter>
        <CssParameter name="stroke-width">10</CssParameter>
        <CssParameter name="stroke-linejoin">round</CssParameter>
      </LineSymbolizer>
    </Rule>
    <Rule>
     <Filter>[highway] = 'trunk' and not [tunnel] = 'yes'</Filter>
      <MaxScaleDenominator>25000</MaxScaleDenominator>
      <MinScaleDenominator>5000</MinScaleDenominator>
      <LineSymbolizer>
        <CssParameter name="stroke">#616161</CssParameter>
        <CssParameter name="stroke-width">11.5</CssParameter>
        <CssParameter name="stroke-linejoin">round</CssParameter>
      </LineSymbolizer>
    </Rule>
    <Rule>
      <Filter>[highway] = 'primary' and not [tunnel] = 'yes'</Filter>
      <MaxScaleDenominator>25000</MaxScaleDenominator>      
      <MinScaleDenominator>5000</MinScaleDenominator>
      <LineSymbolizer>
        <CssParameter name="stroke">#555555</CssParameter>
        <CssParameter name="stroke-width">11.5</CssParameter>
        <CssParameter name="stroke-linejoin">round</CssParameter>
      </LineSymbolizer>
    </Rule>
    <Rule>
      <Filter>[highway] = 'secondary' and not [tunnel] = 'yes'</Filter>
      <MaxScaleDenominator>25000</MaxScaleDenominator>
      <MinScaleDenominator>5000</MinScaleDenominator>
      <LineSymbolizer>
        <CssParameter name="stroke">#7e7e7e</CssParameter>
        <CssParameter name="stroke-width">11.5</CssParameter>
        <CssParameter name="stroke-linejoin">round</CssParameter>
        <CssParameter name="stroke-linecap">round</CssParameter>
      </LineSymbolizer>
    </Rule>
    <Rule>
      <Filter>[highway] = 'motorway' and not [tunnel] = 'yes'</Filter>
      <MaxScaleDenominator>5000</MaxScaleDenominator>
      
      <LineSymbolizer>
        <CssParameter name="stroke">#5e5e5e</CssParameter>
        <CssParameter name="stroke-width">13</CssParameter>
        <CssParameter name="stroke-linejoin">round</CssParameter>
      </LineSymbolizer>
    </Rule>
    <Rule>
     <Filter>[highway] = 'trunk' and not [tunnel] = 'yes'</Filter>
      <MaxScaleDenominator>5000</MaxScaleDenominator>
      
      <LineSymbolizer>
        <CssParameter name="stroke">#616161</CssParameter>
        <CssParameter name="stroke-width">16</CssParameter>
        <CssParameter name="stroke-linejoin">round</CssParameter>
      </LineSymbolizer>
    </Rule>
    <Rule>
      <Filter>[highway] = 'primary' and not [tunnel] = 'yes'</Filter>
      <MaxScaleDenominator>5000</MaxScaleDenominator>      
      
      <LineSymbolizer>
        <CssParameter name="stroke">#555555</CssParameter>
        <CssParameter name="stroke-width">16</CssParameter>
        <CssParameter name="stroke-linejoin">round</CssParameter>
      </LineSymbolizer>
    </Rule>
    <Rule>
      <Filter>[highway] = 'secondary' and not [tunnel] = 'yes'</Filter>
      <MaxScaleDenominator>5000</MaxScaleDenominator>
      
      <LineSymbolizer>
        <CssParameter name="stroke">#7e7e7e</CssParameter>
        <CssParameter name="stroke-width">16</CssParameter>
        <CssParameter name="stroke-linejoin">round</CssParameter>
        <CssParameter name="stroke-linecap">round</CssParameter>
      </LineSymbolizer>
    </Rule>
    <Rule>
      <Filter>[highway] = 'tertiary' and not [tunnel]='yes'</Filter>
      <MaxScaleDenominator>100000</MaxScaleDenominator>
      <MinScaleDenominator>50000</MinScaleDenominator>
      <LineSymbolizer>
        <CssParameter name="stroke">#bababa</CssParameter>
        <CssParameter name="stroke-width">6</CssParameter>
        <CssParameter name="stroke-linejoin">round</CssParameter>
        <CssParameter name="stroke-linecap">round</CssParameter>
      </LineSymbolizer>
    </Rule>
   
    <Rule>
      <Filter>([highway] = 'residential' or [highway] = 'unclassified' or [highway] = 'road') and not [tunnel]='yes'</Filter>
      <MaxScaleDenominator>100000</MaxScaleDenominator>
      <MinScaleDenominator>50000</MinScaleDenominator>
      <LineSymbolizer>
        <CssParameter name="stroke">#999999</CssParameter>
        <CssParameter name="stroke-width">3</CssParameter>
        <CssParameter name="stroke-linejoin">round</CssParameter>
        <CssParameter name="stroke-linecap">round</CssParameter>
      </LineSymbolizer>
    </Rule>
    
    <Rule>
      <Filter>[highway] = 'tertiary' and not [tunnel]='yes'</Filter>
      <MaxScaleDenominator>50000</MaxScaleDenominator>
      <MinScaleDenominator>25000</MinScaleDenominator>
      <LineSymbolizer>
        <CssParameter name="stroke">#bababa</CssParameter>
        <CssParameter name="stroke-width">7.5</CssParameter>
        <CssParameter name="stroke-linejoin">round</CssParameter>
        <CssParameter name="stroke-linecap">round</CssParameter>
      </LineSymbolizer>
    </Rule>
    
    <Rule>
      <Filter>([highway] = 'residential' or [highway] = 'unclassified' or [highway] = 'road') and not [tunnel]='yes'</Filter>
      <MaxScaleDenominator>50000</MaxScaleDenominator>
      <MinScaleDenominator>25000</MinScaleDenominator>
      <LineSymbolizer>
        <CssParameter name="stroke">#999999</CssParameter>
        <CssParameter name="stroke-width">4.5</CssParameter>
        <CssParameter name="stroke-linejoin">round</CssParameter>
        <CssParameter name="stroke-linecap">round</CssParameter>
      </LineSymbolizer>
    </Rule>
    <Rule>
      <Filter>([highway] = 'residential' or [highway] = 'unclassified' or [highway] = 'road') and not [tunnel]='yes'</Filter>
      <MaxScaleDenominator>25000</MaxScaleDenominator>
      <MinScaleDenominator>12500</MinScaleDenominator>
      <LineSymbolizer>
        <CssParameter name="stroke">#bababa</CssParameter>
        <CssParameter name="stroke-width">8</CssParameter>
        <CssParameter name="stroke-linejoin">round</CssParameter>
        <CssParameter name="stroke-linecap">round</CssParameter>
      </LineSymbolizer>
    </Rule>
    <Rule>
      <Filter>([highway] = 'residential' or [highway] = 'unclassified' or [highway] = 'road') and not [tunnel]='yes'</Filter>
      <MaxScaleDenominator>12500</MaxScaleDenominator>
      <MinScaleDenominator>5000</MinScaleDenominator>
      <LineSymbolizer>
        <CssParameter name="stroke">#bababa</CssParameter>
        <CssParameter name="stroke-width">11</CssParameter>
        <CssParameter name="stroke-linejoin">round</CssParameter>
        <CssParameter name="stroke-linecap">round</CssParameter>
      </LineSymbolizer>
    </Rule>
    <Rule>
      <Filter>[highway] = 'tertiary' and not [tunnel]='yes'</Filter>
      <MaxScaleDenominator>25000</MaxScaleDenominator>
      <MinScaleDenominator>5000</MinScaleDenominator>
      <LineSymbolizer>
        <CssParameter name="stroke">#bababa</CssParameter>
        <CssParameter name="stroke-width">11</CssParameter>
        <CssParameter name="stroke-linejoin">round</CssParameter>
        <CssParameter name="stroke-linecap">round</CssParameter>
      </LineSymbolizer>
    </Rule>
    <Rule>
      <Filter>([highway] = 'tertiary' or [highway] = 'residential' or [highway] = 'unclassified' or [highway] = 'road') and not [tunnel]='yes'</Filter>
      <MaxScaleDenominator>5000</MaxScaleDenominator>
      
      <LineSymbolizer>
        <CssParameter name="stroke">#bababa</CssParameter>
        <CssParameter name="stroke-width">16</CssParameter>
        <CssParameter name="stroke-linejoin">round</CssParameter>
        <CssParameter name="stroke-linecap">round</CssParameter>
      </LineSymbolizer>
    </Rule>
    
    <Rule>
      <Filter>[highway] = 'service' and not ([service]='INT-minor' or [tunnel]='yes')</Filter>
      <MaxScaleDenominator>50000</MaxScaleDenominator>
      <MinScaleDenominator>12500</MinScaleDenominator>
      <LineSymbolizer>
        <CssParameter name="stroke">#999999</CssParameter>
        <CssParameter name="stroke-width">2.5</CssParameter>
        <CssParameter name="stroke-linejoin">round</CssParameter>
        <CssParameter name="stroke-linecap">round</CssParameter>
      </LineSymbolizer>
    </Rule>
    <Rule>
      <Filter>[highway] = 'service' and [tunnel]='yes'</Filter>
      <MaxScaleDenominator>50000</MaxScaleDenominator>
      <MinScaleDenominator>12500</MinScaleDenominator>
      <LineSymbolizer>
        <CssParameter name="stroke">#999999</CssParameter>
        <CssParameter name="stroke-width">2.5</CssParameter>
        <CssParameter name="stroke-dasharray">4,2</CssParameter>
      </LineSymbolizer>
    </Rule>
    <Rule>
      <Filter>[highway] = 'service' and not ([service]='INT-minor' or [tunnel]='yes')</Filter>
      <MaxScaleDenominator>12500</MaxScaleDenominator>
      
      <LineSymbolizer>
        <CssParameter name="stroke">#999999</CssParameter>
        <CssParameter name="stroke-width">7</CssParameter>
        <CssParameter name="stroke-linejoin">round</CssParameter>
        <CssParameter name="stroke-linecap">round</CssParameter>
      </LineSymbolizer>
   </Rule>
   <Rule>
      <Filter>[highway] = 'service' and [tunnel]='yes'</Filter>
      <MaxScaleDenominator>12500</MaxScaleDenominator>
      
      <LineSymbolizer>
        <CssParameter name="stroke">#999999</CssParameter>
        <CssParameter name="stroke-width">7</CssParameter>
        <CssParameter name="stroke-dasharray">4,2</CssParameter>
      </LineSymbolizer>
   </Rule>
   <Rule>
      <Filter>[highway] = 'service' and [service]='INT-minor'</Filter>
      <MaxScaleDenominator>12500</MaxScaleDenominator>
      
      <LineSymbolizer>
        <CssParameter name="stroke">#999999</CssParameter>
        <CssParameter name="stroke-width">4</CssParameter>
        <CssParameter name="stroke-linejoin">round</CssParameter>
        <CssParameter name="stroke-linecap">round</CssParameter>
      </LineSymbolizer>
   </Rule>
   <Rule>
      <Filter>[highway] = 'pedestrian' and not [tunnel]='yes'</Filter>
      <MaxScaleDenominator>100000</MaxScaleDenominator>
      <MinScaleDenominator>50000</MinScaleDenominator>
      <LineSymbolizer>
        <CssParameter name="stroke">#808080</CssParameter>
        <CssParameter name="stroke-width">2</CssParameter>
        <CssParameter name="stroke-linejoin">round</CssParameter>
        <CssParameter name="stroke-linecap">round</CssParameter>
      </LineSymbolizer>
   </Rule>
   <Rule>
      <Filter>[highway] = 'pedestrian' and [tunnel]='yes'</Filter>
      <MaxScaleDenominator>100000</MaxScaleDenominator>
      <MinScaleDenominator>50000</MinScaleDenominator>
      <LineSymbolizer>
        <CssParameter name="stroke">#808080</CssParameter>
        <CssParameter name="stroke-width">2</CssParameter>
        <CssParameter name="stroke-dasharray">4,2</CssParameter>
      </LineSymbolizer>
   </Rule>
   <Rule>
      <Filter>[highway] = 'pedestrian' and not [tunnel]='yes'</Filter>
      <MaxScaleDenominator>50000</MaxScaleDenominator>
      <MinScaleDenominator>25000</MinScaleDenominator>
      <LineSymbolizer>
        <CssParameter name="stroke">#808080</CssParameter>
        <CssParameter name="stroke-width">3.6</CssParameter>
        <CssParameter name="stroke-linejoin">round</CssParameter>
        <CssParameter name="stroke-linecap">round</CssParameter>
      </LineSymbolizer>
   </Rule>
   <Rule>
      <Filter>[highway] = 'pedestrian' and [tunnel]='yes'</Filter>
      <MaxScaleDenominator>50000</MaxScaleDenominator>
      <MinScaleDenominator>25000</MinScaleDenominator>
      <LineSymbolizer>
        <CssParameter name="stroke">#808080</CssParameter>
        <CssParameter name="stroke-width">3.6</CssParameter>
        <CssParameter name="stroke-dasharray">4,2</CssParameter>
      </LineSymbolizer>
   </Rule>
   <Rule>
      <Filter>[highway] = 'pedestrian' and not [tunnel]='yes'</Filter>
      <MaxScaleDenominator>25000</MaxScaleDenominator>
      <MinScaleDenominator>12500</MinScaleDenominator>
      <LineSymbolizer>
        <CssParameter name="stroke">#808080</CssParameter>
        <CssParameter name="stroke-width">6.5</CssParameter>
        <CssParameter name="stroke-linejoin">round</CssParameter>
        <CssParameter name="stroke-linecap">round</CssParameter>
      </LineSymbolizer>
   </Rule>
   <Rule>
      <Filter>[highway] = 'pedestrian' and [tunnel]='yes'</Filter>
      <MaxScaleDenominator>25000</MaxScaleDenominator>
      <MinScaleDenominator>12500</MinScaleDenominator>
      <LineSymbolizer>
        <CssParameter name="stroke">#808080</CssParameter>
        <CssParameter name="stroke-width">6.5</CssParameter>
        <CssParameter name="stroke-dasharray">4,2</CssParameter>
      </LineSymbolizer>
   </Rule>
   <Rule>
      <Filter>[highway] = 'pedestrian' and not [tunnel]='yes'</Filter>
      <MaxScaleDenominator>12500</MaxScaleDenominator>
      <LineSymbolizer>
        <CssParameter name="stroke">#808080</CssParameter>
        <CssParameter name="stroke-width">9</CssParameter>
        <CssParameter name="stroke-linejoin">round</CssParameter>
        <CssParameter name="stroke-linecap">round</CssParameter>
      </LineSymbolizer>
   </Rule>
   <Rule>
      <Filter>[highway] = 'pedestrian' and [tunnel]='yes'</Filter>
      <MaxScaleDenominator>12500</MaxScaleDenominator>
      <LineSymbolizer>
        <CssParameter name="stroke">#808080</CssParameter>
        <CssParameter name="stroke-width">9</CssParameter>
        <CssParameter name="stroke-dasharray">4,2</CssParameter>
      </LineSymbolizer>
    </Rule>
    <Rule>
      <Filter>[highway] = 'living_street'</Filter>
      <MaxScaleDenominator>200000</MaxScaleDenominator>
      <MinScaleDenominator>50000</MinScaleDenominator>
      <LineSymbolizer>
        <CssParameter name="stroke">#ffffff</CssParameter>
        <CssParameter name="stroke-width">2.5</CssParameter>
        <CssParameter name="stroke-linejoin">round</CssParameter>
        <CssParameter name="stroke-linecap">round</CssParameter>
      </LineSymbolizer>
    </Rule>
    <Rule>
      <Filter>[highway] = 'living_street'</Filter>
      <MaxScaleDenominator>50000</MaxScaleDenominator>
      <MinScaleDenominator>25000</MinScaleDenominator>
      <LineSymbolizer>
        <CssParameter name="stroke">#ffffff</CssParameter>
        <CssParameter name="stroke-width">4</CssParameter>
        <CssParameter name="stroke-linejoin">round</CssParameter>
        <CssParameter name="stroke-linecap">round</CssParameter>
      </LineSymbolizer>
    </Rule>
    <Rule>
      <Filter>[highway] = 'living_street'</Filter>
      <MaxScaleDenominator>25000</MaxScaleDenominator>
      <MinScaleDenominator>12500</MinScaleDenominator>
      <LineSymbolizer>
        <CssParameter name="stroke">#ffffff</CssParameter>
        <CssParameter name="stroke-width">6</CssParameter>
        <CssParameter name="stroke-linejoin">round</CssParameter>
        <CssParameter name="stroke-linecap">round</CssParameter>
      </LineSymbolizer>
    </Rule>
   <Rule>
      <Filter>[highway] = 'living_street'</Filter>
      <MaxScaleDenominator>12500</MaxScaleDenominator>
      <MinScaleDenominator>5000</MinScaleDenominator>
      <LineSymbolizer>
        <CssParameter name="stroke">#ffffff</CssParameter>
        <CssParameter name="stroke-width">9</CssParameter>
        <CssParameter name="stroke-linejoin">round</CssParameter>
        <CssParameter name="stroke-linecap">round</CssParameter>
      </LineSymbolizer>
    </Rule>
   <Rule>
      <Filter>[highway] = 'living_street'</Filter>
      <MaxScaleDenominator>5000</MaxScaleDenominator>
      
      <LineSymbolizer>
        <CssParameter name="stroke">#ffffff</CssParameter>
        <CssParameter name="stroke-width">14.5</CssParameter>
        <CssParameter name="stroke-linejoin">round</CssParameter>
        <CssParameter name="stroke-linecap">round</CssParameter>
      </LineSymbolizer>
    </Rule>

</Style>
<Style name="minor-roads-fill-links">
    <Rule>
      <Filter>[highway]='motorway_link' and not [tunnel] = 'yes'</Filter>
      <MaxScaleDenominator>200000</MaxScaleDenominator>
      <MinScaleDenominator>100000</MinScaleDenominator>
      <LineSymbolizer>
        <CssParameter name="stroke">#999999</CssParameter>
        <CssParameter name="stroke-width">0.5</CssParameter>
      </LineSymbolizer>
    </Rule>
    <Rule>
      <Filter>[highway] = 'motorway_link' and not [tunnel] = 'yes'</Filter>
      <MaxScaleDenominator>100000</MaxScaleDenominator>
      <MinScaleDenominator>25000</MinScaleDenominator>
      <LineSymbolizer>
        <CssParameter name="stroke">#999999</CssParameter>
        <CssParameter name="stroke-width">3</CssParameter>
        <CssParameter name="stroke-linejoin">round</CssParameter>
        <CssParameter name="stroke-linecap">round</CssParameter>
      </LineSymbolizer>
    </Rule>
    <Rule>
      <Filter>[highway] = 'motorway_link' and not [tunnel] = 'yes'</Filter>
      <MaxScaleDenominator>25000</MaxScaleDenominator>
      <MinScaleDenominator>5000</MinScaleDenominator>
      <LineSymbolizer>
        <CssParameter name="stroke">#999999</CssParameter>
        <CssParameter name="stroke-width">6.5</CssParameter>
        <CssParameter name="stroke-linejoin">round</CssParameter>
        <CssParameter name="stroke-linecap">round</CssParameter>
      </LineSymbolizer>
    </Rule>
    <Rule>
      <Filter>[highway] = 'motorway_link' and not [tunnel] = 'yes'</Filter>
      <MaxScaleDenominator>5000</MaxScaleDenominator>
      
      <LineSymbolizer>
        <CssParameter name="stroke">#999999</CssParameter>
        <CssParameter name="stroke-width">9</CssParameter>
        <CssParameter name="stroke-linejoin">round</CssParameter>
        <CssParameter name="stroke-linecap">round</CssParameter>
      </LineSymbolizer>
    </Rule>
    <Rule>
      <Filter>[highway] = 'trunk_link' and not [tunnel] = 'yes'</Filter>
      <MaxScaleDenominator>200000</MaxScaleDenominator>
      <MinScaleDenominator>100000</MinScaleDenominator>
      <LineSymbolizer>
        <CssParameter name="stroke">#c7c7c7</CssParameter>
        <CssParameter name="stroke-width">2.5</CssParameter>
        <CssParameter name="stroke-linejoin">round</CssParameter>
        <CssParameter name="stroke-linecap">round</CssParameter>
      </LineSymbolizer>
    </Rule>
    <Rule>
      <Filter>[highway] = 'trunk_link' and not [tunnel] = 'yes'</Filter>
      <MaxScaleDenominator>100000</MaxScaleDenominator>
      <MinScaleDenominator>25000</MinScaleDenominator>
      <LineSymbolizer>
        <CssParameter name="stroke">#c7c7c7</CssParameter>
        <CssParameter name="stroke-width">7</CssParameter>
        <CssParameter name="stroke-linejoin">round</CssParameter>
        <CssParameter name="stroke-linecap">round</CssParameter>
      </LineSymbolizer>
    </Rule>
    <Rule>
      <Filter>[highway] = 'trunk_link' and not [tunnel] = 'yes'</Filter>
      <MaxScaleDenominator>25000</MaxScaleDenominator>
      <MinScaleDenominator>5000</MinScaleDenominator>
      <LineSymbolizer>
        <CssParameter name="stroke">#c7c7c7</CssParameter>
        <CssParameter name="stroke-width">11</CssParameter>
        <CssParameter name="stroke-linejoin">round</CssParameter>
        <CssParameter name="stroke-linecap">round</CssParameter>
      </LineSymbolizer>
    </Rule>
    <Rule>
      <Filter>[highway] = 'trunk_link' and not [tunnel] = 'yes'</Filter>
      <MaxScaleDenominator>5000</MaxScaleDenominator>
      
      <LineSymbolizer>
        <CssParameter name="stroke">#c7c7c7</CssParameter>
        <CssParameter name="stroke-width">15.5</CssParameter>
        <CssParameter name="stroke-linejoin">round</CssParameter>
        <CssParameter name="stroke-linecap">round</CssParameter>
      </LineSymbolizer>
   </Rule>
   <Rule>
      <Filter>[highway] = 'primary_link' and not [tunnel] = 'yes'</Filter>
      <MaxScaleDenominator>200000</MaxScaleDenominator>
      <MinScaleDenominator>100000</MinScaleDenominator>
      <LineSymbolizer>
        <CssParameter name="stroke">#adadad</CssParameter>
        <CssParameter name="stroke-width">2.5</CssParameter>
        <CssParameter name="stroke-linejoin">round</CssParameter>
        <CssParameter name="stroke-linecap">round</CssParameter>
      </LineSymbolizer>
    </Rule>
    <Rule>
      <Filter>[highway] = 'primary_link' and not [tunnel] = 'yes'</Filter>
      <MaxScaleDenominator>100000</MaxScaleDenominator>
      <MinScaleDenominator>25000</MinScaleDenominator>
      <LineSymbolizer>
        <CssParameter name="stroke">#adadad</CssParameter>
        <CssParameter name="stroke-width">7</CssParameter>
        <CssParameter name="stroke-linejoin">round</CssParameter>
        <CssParameter name="stroke-linecap">round</CssParameter>
      </LineSymbolizer>
    </Rule>
    <Rule>
      <Filter>[highway] = 'primary_link' and not [tunnel] = 'yes'</Filter>
      <MaxScaleDenominator>25000</MaxScaleDenominator>
      <MinScaleDenominator>5000</MinScaleDenominator>
      <LineSymbolizer>
        <CssParameter name="stroke">#adadad</CssParameter>
        <CssParameter name="stroke-width">11</CssParameter>
        <CssParameter name="stroke-linejoin">round</CssParameter>
        <CssParameter name="stroke-linecap">round</CssParameter>
      </LineSymbolizer>
    </Rule>
    <Rule>
      <Filter>[highway] = 'primary_link' and not [tunnel] = 'yes'</Filter>
      <MaxScaleDenominator>5000</MaxScaleDenominator>
      
      <LineSymbolizer>
        <CssParameter name="stroke">#adadad</CssParameter>
        <CssParameter name="stroke-width">15.5</CssParameter>
        <CssParameter name="stroke-linejoin">round</CssParameter>
        <CssParameter name="stroke-linecap">round</CssParameter>
      </LineSymbolizer>
    </Rule>
   <Rule>
      <Filter>[highway] = 'secondary_link' and not [tunnel]='yes'</Filter>
      <MaxScaleDenominator>200000</MaxScaleDenominator>
      <MinScaleDenominator>100000</MinScaleDenominator>
      <LineSymbolizer>
        <CssParameter name="stroke">#dadada</CssParameter>
        <CssParameter name="stroke-width">2</CssParameter>
        <CssParameter name="stroke-linejoin">round</CssParameter>
        <CssParameter name="stroke-linecap">round</CssParameter>
      </LineSymbolizer>
    </Rule>
    <Rule>
      <Filter>[highway] = 'secondary_link' and not [tunnel]='yes'</Filter>
      <MaxScaleDenominator>100000</MaxScaleDenominator>
      <MinScaleDenominator>25000</MinScaleDenominator>
      <LineSymbolizer>
        <CssParameter name="stroke">#dadada</CssParameter>
        <CssParameter name="stroke-width">8</CssParameter>
        <CssParameter name="stroke-linejoin">round</CssParameter>
        <CssParameter name="stroke-linecap">round</CssParameter>
      </LineSymbolizer>
    </Rule>
    <Rule>
      <Filter>[highway] = 'secondary_link' and not [tunnel]='yes'</Filter>
      <MaxScaleDenominator>25000</MaxScaleDenominator>
      <MinScaleDenominator>5000</MinScaleDenominator>
      <LineSymbolizer>
        <CssParameter name="stroke">#dadada</CssParameter>
        <CssParameter name="stroke-width">11</CssParameter>
        <CssParameter name="stroke-linejoin">round</CssParameter>
        <CssParameter name="stroke-linecap">round</CssParameter>
      </LineSymbolizer>
    </Rule>
    <Rule>
      <Filter>[highway] = 'secondary_link' and not [tunnel]='yes'</Filter>
      <MaxScaleDenominator>5000</MaxScaleDenominator>
      
      <LineSymbolizer>
        <CssParameter name="stroke">#dadada</CssParameter>
        <CssParameter name="stroke-width">15.5</CssParameter>
        <CssParameter name="stroke-linejoin">round</CssParameter>
        <CssParameter name="stroke-linecap">round</CssParameter>
      </LineSymbolizer>
    </Rule>
    <Rule>
      <Filter>[highway] = 'tertiary_link' and not [tunnel]='yes'</Filter>
      <MaxScaleDenominator>100000</MaxScaleDenominator>
      <MinScaleDenominator>50000</MinScaleDenominator>
      <LineSymbolizer>
        <CssParameter name="stroke">#f5f5f5</CssParameter>
        <CssParameter name="stroke-width">4.5</CssParameter>
        <CssParameter name="stroke-linejoin">round</CssParameter>
        <CssParameter name="stroke-linecap">round</CssParameter>
      </LineSymbolizer>
    </Rule>
    <Rule>
      <Filter>[highway] = 'tertiary_link' and not [tunnel]='yes'</Filter>
      <MaxScaleDenominator>50000</MaxScaleDenominator>
      <MinScaleDenominator>25000</MinScaleDenominator>
      <LineSymbolizer>
        <CssParameter name="stroke">#f5f5f5</CssParameter>
        <CssParameter name="stroke-width">6</CssParameter>
        <CssParameter name="stroke-linejoin">round</CssParameter>
        <CssParameter name="stroke-linecap">round</CssParameter>
      </LineSymbolizer>
    </Rule>
    <Rule>
      <Filter>[highway] = 'tertiary_link' and not [tunnel]='yes'</Filter>
      <MaxScaleDenominator>25000</MaxScaleDenominator>
      <MinScaleDenominator>5000</MinScaleDenominator>
      <LineSymbolizer>
        <CssParameter name="stroke">#f5f5f5</CssParameter>
        <CssParameter name="stroke-width">9.4</CssParameter>
        <CssParameter name="stroke-linejoin">round</CssParameter>
        <CssParameter name="stroke-linecap">round</CssParameter>
      </LineSymbolizer>
    </Rule>
    <Rule>
      <Filter>[highway] = 'tertiary_link' and not [tunnel]='yes'</Filter>
      <MaxScaleDenominator>5000</MaxScaleDenominator>
      
      <LineSymbolizer>
        <CssParameter name="stroke">#f5f5f5</CssParameter>
        <CssParameter name="stroke-width">13</CssParameter>
        <CssParameter name="stroke-linejoin">round</CssParameter>
        <CssParameter name="stroke-linecap">round</CssParameter>
      </LineSymbolizer>
    </Rule>
</Style>
<Style name="minor-roads-fill"> 
    <Rule>
      <MaxScaleDenominator>200000</MaxScaleDenominator>
      <MinScaleDenominator>100000</MinScaleDenominator>
      <Filter>([highway] = 'proposed' or [highway]='construction') and not [construction] != ''</Filter>
      <LineSymbolizer>
        <CssParameter name="stroke">#bfbfbf</CssParameter>
        <CssParameter name="stroke-width">2</CssParameter>
      </LineSymbolizer>
      <LineSymbolizer>
        <CssParameter name="stroke">#ffffff</CssParameter>
        <CssParameter name="stroke-width">2</CssParameter>
        <CssParameter name="stroke-dasharray">4,2</CssParameter>
      </LineSymbolizer>
    </Rule>
    <Rule>
      <MaxScaleDenominator>200000</MaxScaleDenominator>
      <MinScaleDenominator>100000</MinScaleDenominator>
      <Filter>([highway] = 'proposed' or [highway]='construction') and ([construction]='motorway' or [construction]='motorway_link')</Filter>
      <LineSymbolizer>
        <CssParameter name="stroke">#999999</CssParameter>
        <CssParameter name="stroke-width">2</CssParameter>
      </LineSymbolizer>
      <LineSymbolizer>
        <CssParameter name="stroke">#ffffff</CssParameter>
        <CssParameter name="stroke-width">2</CssParameter>
        <CssParameter name="stroke-dasharray">4,2</CssParameter>
      </LineSymbolizer>
    </Rule>
    <Rule>
      <MaxScaleDenominator>200000</MaxScaleDenominator>
      <MinScaleDenominator>100000</MinScaleDenominator>
      <Filter>([highway] = 'proposed' or [highway]='construction') and ([construction]='trunk' or [construction]='trunk_link')</Filter>
      <LineSymbolizer>
        <CssParameter name="stroke">#c7c7c7</CssParameter>
        <CssParameter name="stroke-width">2</CssParameter>
      </LineSymbolizer>
      <LineSymbolizer>
        <CssParameter name="stroke">#ffffff</CssParameter>
        <CssParameter name="stroke-width">2</CssParameter>
        <CssParameter name="stroke-dasharray">4,2</CssParameter>
      </LineSymbolizer>
    </Rule>
    <Rule>
      <MaxScaleDenominator>200000</MaxScaleDenominator>
      <MinScaleDenominator>100000</MinScaleDenominator>
      <Filter>([highway] = 'proposed' or [highway]='construction') and ([construction]='primary' or [construction]='primary_link')</Filter>
      <LineSymbolizer>
        <CssParameter name="stroke">#adadad</CssParameter>
        <CssParameter name="stroke-width">2</CssParameter>
      </LineSymbolizer>
      <LineSymbolizer>
        <CssParameter name="stroke">#ffffff</CssParameter>
        <CssParameter name="stroke-width">2</CssParameter>
        <CssParameter name="stroke-dasharray">4,2</CssParameter>
      </LineSymbolizer>
    </Rule>
    <Rule>
      <MaxScaleDenominator>200000</MaxScaleDenominator>
      <MinScaleDenominator>100000</MinScaleDenominator>
      <Filter>([highway] = 'proposed' or [highway]='construction') and ([construction]='secondary' or [construction]='secondary_link')</Filter>
      <LineSymbolizer>
        <CssParameter name="stroke">#dadada</CssParameter>
        <CssParameter name="stroke-width">2</CssParameter>
      </LineSymbolizer>
      <LineSymbolizer>
        <CssParameter name="stroke">#ffffff</CssParameter>
        <CssParameter name="stroke-width">2</CssParameter>
        <CssParameter name="stroke-dasharray">4,2</CssParameter>
      </LineSymbolizer>
    </Rule>
    <Rule>
      <MaxScaleDenominator>100000</MaxScaleDenominator>
      <MinScaleDenominator>12500</MinScaleDenominator>
      <Filter>([highway] = 'proposed' or [highway]='construction') and not [construction] != ''</Filter>
      <LineSymbolizer>
        <CssParameter name="stroke">#bfbfbf</CssParameter>
        <CssParameter name="stroke-width">4</CssParameter>
      </LineSymbolizer>
      <LineSymbolizer>
        <CssParameter name="stroke">#ffffff</CssParameter>
        <CssParameter name="stroke-width">3.5</CssParameter>
        <CssParameter name="stroke-dasharray">6,4</CssParameter>
      </LineSymbolizer>
    </Rule>
    <Rule>
      <MaxScaleDenominator>100000</MaxScaleDenominator>
      <MinScaleDenominator>12500</MinScaleDenominator>
      <Filter>([highway] = 'proposed' or [highway]='construction') and ([construction]='motorway' or [construction]='motorway_link')</Filter>
      <LineSymbolizer>
        <CssParameter name="stroke">#999999</CssParameter>
        <CssParameter name="stroke-width">4</CssParameter>
      </LineSymbolizer>
      <LineSymbolizer>
        <CssParameter name="stroke">#ffffff</CssParameter>
        <CssParameter name="stroke-width">3.5</CssParameter>
        <CssParameter name="stroke-dasharray">6,4</CssParameter>
      </LineSymbolizer>
    </Rule>
    <Rule>
      <MaxScaleDenominator>100000</MaxScaleDenominator>
      <MinScaleDenominator>12500</MinScaleDenominator>
      <Filter>([highway] = 'proposed' or [highway]='construction') and ([construction]='trunk' or [construction]='trunk_link')</Filter>
      <LineSymbolizer>
        <CssParameter name="stroke">#c7c7c7</CssParameter>
        <CssParameter name="stroke-width">4</CssParameter>
      </LineSymbolizer>
      <LineSymbolizer>
        <CssParameter name="stroke">#ffffff</CssParameter>
        <CssParameter name="stroke-width">3.5</CssParameter>
        <CssParameter name="stroke-dasharray">6,4</CssParameter>
      </LineSymbolizer>
    </Rule>
    <Rule>
      <MaxScaleDenominator>100000</MaxScaleDenominator>
      <MinScaleDenominator>12500</MinScaleDenominator>
      <Filter>([highway] = 'proposed' or [highway]='construction') and ([construction]='primary' or [construction]='primary_link')</Filter>
      <LineSymbolizer>
        <CssParameter name="stroke">#adadad</CssParameter>
        <CssParameter name="stroke-width">4</CssParameter>
      </LineSymbolizer>
      <LineSymbolizer>
        <CssParameter name="stroke">#ffffff</CssParameter>
        <CssParameter name="stroke-width">3.5</CssParameter>
        <CssParameter name="stroke-dasharray">6,4</CssParameter>
      </LineSymbolizer>
    </Rule>
    <Rule>
      <MaxScaleDenominator>100000</MaxScaleDenominator>
      <MinScaleDenominator>12500</MinScaleDenominator>
      <Filter>([highway] = 'proposed' or [highway]='construction') and ([construction]='secondary' or [construction]='secondary_link')</Filter>
      <LineSymbolizer>
        <CssParameter name="stroke">#dadada</CssParameter>
        <CssParameter name="stroke-width">4</CssParameter>
      </LineSymbolizer>
      <LineSymbolizer>
        <CssParameter name="stroke">#ffffff</CssParameter>
        <CssParameter name="stroke-width">3.5</CssParameter>
        <CssParameter name="stroke-dasharray">6,4</CssParameter>
      </LineSymbolizer>
    </Rule>
    <Rule>
      <MaxScaleDenominator>100000</MaxScaleDenominator>
      <MinScaleDenominator>12500</MinScaleDenominator>
      <Filter>([highway] = 'proposed' or [highway]='construction') and ([construction]='tertiary' or [construction]='tertiary_link')</Filter>
      <LineSymbolizer>
        <CssParameter name="stroke">#f5f5f5</CssParameter>
        <CssParameter name="stroke-width">4</CssParameter>
      </LineSymbolizer>
      <LineSymbolizer>
        <CssParameter name="stroke">#ffffff</CssParameter>
        <CssParameter name="stroke-width">3.5</CssParameter>
        <CssParameter name="stroke-dasharray">6,4</CssParameter>
      </LineSymbolizer>
    </Rule>
    <Rule>
      <MaxScaleDenominator>100000</MaxScaleDenominator>
      <MinScaleDenominator>12500</MinScaleDenominator>
      <Filter>([highway] = 'proposed' or [highway]='construction') and ([construction]='residential' or [construction]='unclassified' or [construction]='living_street' or [construction]='service')</Filter>
      <LineSymbolizer>
        <CssParameter name="stroke">#aaaaaa</CssParameter>
        <CssParameter name="stroke-width">4</CssParameter>
      </LineSymbolizer>
      <LineSymbolizer>
        <CssParameter name="stroke">#ffffff</CssParameter>
        <CssParameter name="stroke-width">3.5</CssParameter>
        <CssParameter name="stroke-dasharray">6,4</CssParameter>
      </LineSymbolizer>
    </Rule>
    <Rule>
      <MaxScaleDenominator>12500</MaxScaleDenominator>
      
      <Filter>([highway] = 'proposed' or [highway]='construction') and not [construction] != ''</Filter>
      <LineSymbolizer>
        <CssParameter name="stroke">#bfbfbf</CssParameter>
        <CssParameter name="stroke-width">8</CssParameter>
      </LineSymbolizer>
      <LineSymbolizer>
        <CssParameter name="stroke">#ffffff</CssParameter>
        <CssParameter name="stroke-width">7</CssParameter>
        <CssParameter name="stroke-dasharray">8,6</CssParameter>
      </LineSymbolizer>
    </Rule>
    <Rule>
      <MaxScaleDenominator>12500</MaxScaleDenominator>
      
      <Filter>([highway] = 'proposed' or [highway]='construction') and ([construction]='motorway' or [construction]='motorway_link')</Filter>
      <LineSymbolizer>
        <CssParameter name="stroke">#999999</CssParameter>
        <CssParameter name="stroke-width">8</CssParameter>
      </LineSymbolizer>
      <LineSymbolizer>
        <CssParameter name="stroke">#ffffff</CssParameter>
        <CssParameter name="stroke-width">7</CssParameter>
        <CssParameter name="stroke-dasharray">8,6</CssParameter>
      </LineSymbolizer>
    </Rule>
    <Rule>
      <MaxScaleDenominator>12500</MaxScaleDenominator>
      
      <Filter>([highway] = 'proposed' or [highway]='construction') and ([construction]='trunk' or [construction]='trunk_link')</Filter>
      <LineSymbolizer>
        <CssParameter name="stroke">#c7c7c7</CssParameter>
        <CssParameter name="stroke-width">8</CssParameter>
      </LineSymbolizer>
      <LineSymbolizer>
        <CssParameter name="stroke">#ffffff</CssParameter>
        <CssParameter name="stroke-width">7</CssParameter>
        <CssParameter name="stroke-dasharray">8,6</CssParameter>
      </LineSymbolizer>
    </Rule>
    <Rule>
      <MaxScaleDenominator>12500</MaxScaleDenominator>
      
      <Filter>([highway] = 'proposed' or [highway]='construction') and ([construction]='primary' or [construction]='primary_link')</Filter>
      <LineSymbolizer>
        <CssParameter name="stroke">#adadad</CssParameter>
        <CssParameter name="stroke-width">8</CssParameter>
      </LineSymbolizer>
      <LineSymbolizer>
        <CssParameter name="stroke">#ffffff</CssParameter>
        <CssParameter name="stroke-width">7</CssParameter>
        <CssParameter name="stroke-dasharray">8,6</CssParameter>
      </LineSymbolizer>
    </Rule>
    <Rule>
      <MaxScaleDenominator>12500</MaxScaleDenominator>
      
      <Filter>([highway] = 'proposed' or [highway]='construction') and ([construction]='secondary' or [construction]='secondary_link')</Filter>
      <LineSymbolizer>
        <CssParameter name="stroke">#dadada</CssParameter>
        <CssParameter name="stroke-width">8</CssParameter>
      </LineSymbolizer>
      <LineSymbolizer>
        <CssParameter name="stroke">#ffffff</CssParameter>
        <CssParameter name="stroke-width">7</CssParameter>
        <CssParameter name="stroke-dasharray">8,6</CssParameter>
      </LineSymbolizer>
    </Rule>
    <Rule>
      <MaxScaleDenominator>12500</MaxScaleDenominator>
      
      <Filter>([highway] = 'proposed' or [highway]='construction') and ([construction]='tertiary' or [construction]='tertiary_link')</Filter>
      <LineSymbolizer>
        <CssParameter name="stroke">#f5f5f5</CssParameter>
        <CssParameter name="stroke-width">8</CssParameter>
      </LineSymbolizer>
      <LineSymbolizer>
        <CssParameter name="stroke">#ffffff</CssParameter>
        <CssParameter name="stroke-width">7</CssParameter>
        <CssParameter name="stroke-dasharray">8,6</CssParameter>
      </LineSymbolizer>
    </Rule>
    <Rule>
      <MaxScaleDenominator>12500</MaxScaleDenominator>
      
      <Filter>([highway] = 'proposed' or [highway]='construction') and ([construction]='residential' or [construction]='unclassified' or [construction]='living_street' or [construction]='service')</Filter>
      <LineSymbolizer>
        <CssParameter name="stroke">#aaaaaa</CssParameter>
        <CssParameter name="stroke-width">8</CssParameter>
      </LineSymbolizer>
      <LineSymbolizer>
        <CssParameter name="stroke">#ffffff</CssParameter>
        <CssParameter name="stroke-width">7</CssParameter>
        <CssParameter name="stroke-dasharray">8,6</CssParameter>
      </LineSymbolizer>
    </Rule>
    <Rule>
      <MaxScaleDenominator>50000</MaxScaleDenominator>
      
      <Filter>([highway] = 'proposed' or [highway]='construction') and [construction]='cycleway'</Filter>
      <LineSymbolizer>
        <CssParameter name="stroke">#ffffff</CssParameter>
        <CssParameter name="stroke-width">3</CssParameter>
        <CssParameter name="stroke-linejoin">round</CssParameter>
        <CssParameter name="stroke-linecap">round</CssParameter>
        <CssParameter name="stroke-opacity">0.4</CssParameter>
      </LineSymbolizer>
      <LineSymbolizer>
        <CssParameter name="stroke">#999999</CssParameter>
        <CssParameter name="stroke-width">1.2</CssParameter>
        <CssParameter name="stroke-dasharray">2,6</CssParameter>
        <CssParameter name="stroke-linejoin">round</CssParameter>
        <CssParameter name="stroke-linecap">round</CssParameter>
      </LineSymbolizer>
    </Rule>
    <Rule>
      <Filter>[highway] = 'motorway' and not [tunnel] = 'yes'</Filter>
      <MaxScaleDenominator>200000</MaxScaleDenominator>
      <MinScaleDenominator>100000</MinScaleDenominator>
      <LineSymbolizer>
        <CssParameter name="stroke">#999999</CssParameter>
        <CssParameter name="stroke-width">2</CssParameter>
      </LineSymbolizer>
    </Rule>
    <Rule>
      <Filter>[highway] = 'motorway' and not [tunnel] = 'yes'</Filter>
      <MaxScaleDenominator>100000</MaxScaleDenominator>
      <MinScaleDenominator>25000</MinScaleDenominator>
      <LineSymbolizer>
        <CssParameter name="stroke">#999999</CssParameter>
        <CssParameter name="stroke-width">5</CssParameter>
        <CssParameter name="stroke-linejoin">round</CssParameter>
        <CssParameter name="stroke-linecap">round</CssParameter>
      </LineSymbolizer>
    </Rule>
    <Rule>
      <Filter>[highway] = 'motorway' and not [tunnel] = 'yes'</Filter>
      <MaxScaleDenominator>25000</MaxScaleDenominator>
      <MinScaleDenominator>5000</MinScaleDenominator>
      <LineSymbolizer>
        <CssParameter name="stroke">#999999</CssParameter>
        <CssParameter name="stroke-width">8.5</CssParameter>
        <CssParameter name="stroke-linejoin">round</CssParameter>
        <CssParameter name="stroke-linecap">round</CssParameter>
      </LineSymbolizer>
    </Rule>
    <Rule>
      <Filter>[highway] = 'motorway' and not [tunnel] = 'yes'</Filter>
      <MaxScaleDenominator>5000</MaxScaleDenominator>
      
      <LineSymbolizer>
        <CssParameter name="stroke">#999999</CssParameter>
        <CssParameter name="stroke-width">11</CssParameter>
        <CssParameter name="stroke-linejoin">round</CssParameter>
        <CssParameter name="stroke-linecap">round</CssParameter>
      </LineSymbolizer>
    </Rule>
    <Rule>
      <Filter>[highway] = 'trunk' and not [tunnel] = 'yes'</Filter>
      <MaxScaleDenominator>200000</MaxScaleDenominator>
      <MinScaleDenominator>100000</MinScaleDenominator>
      <LineSymbolizer>
        <CssParameter name="stroke">#c7c7c7</CssParameter>
        <CssParameter name="stroke-width">2.5</CssParameter>
        <CssParameter name="stroke-linejoin">round</CssParameter>
        <CssParameter name="stroke-linecap">round</CssParameter>
      </LineSymbolizer>
    </Rule>
    <Rule>
      <Filter>[highway] = 'trunk' and not [tunnel] = 'yes'</Filter>
      <MaxScaleDenominator>100000</MaxScaleDenominator>
      <MinScaleDenominator>25000</MinScaleDenominator>
      <LineSymbolizer>
        <CssParameter name="stroke">#c7c7c7</CssParameter>
        <CssParameter name="stroke-width">7</CssParameter>
        <CssParameter name="stroke-linejoin">round</CssParameter>
        <CssParameter name="stroke-linecap">round</CssParameter>
      </LineSymbolizer>
    </Rule>
    <Rule>
      <Filter>[highway] = 'trunk' and not [tunnel] = 'yes'</Filter>
      <MaxScaleDenominator>25000</MaxScaleDenominator>
      <MinScaleDenominator>5000</MinScaleDenominator>
      <LineSymbolizer>
        <CssParameter name="stroke">#c7c7c7</CssParameter>
        <CssParameter name="stroke-width">11</CssParameter>
        <CssParameter name="stroke-linejoin">round</CssParameter>
        <CssParameter name="stroke-linecap">round</CssParameter>
      </LineSymbolizer>
    </Rule>
    <Rule>
      <Filter>[highway] = 'trunk' and not [tunnel] = 'yes'</Filter>
      <MaxScaleDenominator>5000</MaxScaleDenominator>
      
      <LineSymbolizer>
        <CssParameter name="stroke">#c7c7c7</CssParameter>
        <CssParameter name="stroke-width">15.5</CssParameter>
        <CssParameter name="stroke-linejoin">round</CssParameter>
        <CssParameter name="stroke-linecap">round</CssParameter>
      </LineSymbolizer>
   </Rule>
   <Rule>
      <Filter>[highway] = 'primary' and not [tunnel] = 'yes'</Filter>
      <MaxScaleDenominator>400000</MaxScaleDenominator>
      <MinScaleDenominator>100000</MinScaleDenominator>
      <LineSymbolizer>
        <CssParameter name="stroke">#adadad</CssParameter>
        <CssParameter name="stroke-width">2.5</CssParameter>
        <CssParameter name="stroke-linejoin">round</CssParameter>
        <CssParameter name="stroke-linecap">round</CssParameter>
      </LineSymbolizer>
    </Rule>
    <Rule>
      <Filter>[highway] = 'primary' and not [tunnel] = 'yes'</Filter>
      <MaxScaleDenominator>100000</MaxScaleDenominator>
      <MinScaleDenominator>25000</MinScaleDenominator>
      <LineSymbolizer>
        <CssParameter name="stroke">#adadad</CssParameter>
        <CssParameter name="stroke-width">7</CssParameter>
        <CssParameter name="stroke-linejoin">round</CssParameter>
        <CssParameter name="stroke-linecap">round</CssParameter>
      </LineSymbolizer>
    </Rule> 
    <Rule>
      <Filter>[highway] = 'primary' and not [tunnel] = 'yes'</Filter>
      <MaxScaleDenominator>25000</MaxScaleDenominator>
      <MinScaleDenominator>5000</MinScaleDenominator>
      <LineSymbolizer>
        <CssParameter name="stroke">#adadad</CssParameter>
        <CssParameter name="stroke-width">11</CssParameter>
        <CssParameter name="stroke-linejoin">round</CssParameter>
        <CssParameter name="stroke-linecap">round</CssParameter>
      </LineSymbolizer>
    </Rule>
    <Rule>
      <Filter>[highway] = 'primary' and not [tunnel] = 'yes'</Filter>
      <MaxScaleDenominator>5000</MaxScaleDenominator>
      
      <LineSymbolizer>
        <CssParameter name="stroke">#adadad</CssParameter>
        <CssParameter name="stroke-width">15.5</CssParameter>
        <CssParameter name="stroke-linejoin">round</CssParameter>
        <CssParameter name="stroke-linecap">round</CssParameter>
      </LineSymbolizer>
    </Rule>
   <Rule>
      <Filter>[highway] = 'secondary' and not [tunnel]='yes'</Filter>
      <MaxScaleDenominator>200000</MaxScaleDenominator>
      <MinScaleDenominator>100000</MinScaleDenominator>
      <LineSymbolizer>
        <CssParameter name="stroke">#dadada</CssParameter>
        <CssParameter name="stroke-width">2</CssParameter>
        <CssParameter name="stroke-linejoin">round</CssParameter>
        <CssParameter name="stroke-linecap">round</CssParameter>
      </LineSymbolizer>
    </Rule>
    <Rule>
      <Filter>[highway] = 'secondary' and not [tunnel]='yes'</Filter>
      <MaxScaleDenominator>100000</MaxScaleDenominator>
      <MinScaleDenominator>25000</MinScaleDenominator>
      <LineSymbolizer>
        <CssParameter name="stroke">#dadada</CssParameter>
        <CssParameter name="stroke-width">8</CssParameter>
        <CssParameter name="stroke-linejoin">round</CssParameter>
        <CssParameter name="stroke-linecap">round</CssParameter>
      </LineSymbolizer>
    </Rule>
    <Rule>
      <Filter>[highway] = 'secondary' and not [tunnel]='yes'</Filter>
      <MaxScaleDenominator>25000</MaxScaleDenominator>
      <MinScaleDenominator>5000</MinScaleDenominator>
      <LineSymbolizer>
        <CssParameter name="stroke">#dadada</CssParameter>
        <CssParameter name="stroke-width">11</CssParameter>
        <CssParameter name="stroke-linejoin">round</CssParameter>
        <CssParameter name="stroke-linecap">round</CssParameter>
      </LineSymbolizer>
    </Rule>
    <Rule>
      <Filter>[highway] = 'secondary' and not [tunnel]='yes'</Filter>
      <MaxScaleDenominator>5000</MaxScaleDenominator>
      
      <LineSymbolizer>
        <CssParameter name="stroke">#dadada</CssParameter>
        <CssParameter name="stroke-width">15.5</CssParameter>
        <CssParameter name="stroke-linejoin">round</CssParameter>
        <CssParameter name="stroke-linecap">round</CssParameter>
      </LineSymbolizer>
    </Rule>
    <Rule>
      <MaxScaleDenominator>100000</MaxScaleDenominator>
      
      <Filter>[railway] = 'rail' and [tunnel] = 'yes'</Filter>
      <LineSymbolizer>
        <CssParameter name="stroke">#ffffff</CssParameter>
        <CssParameter name="stroke-width">3</CssParameter>
        <CssParameter name="stroke-linejoin">round</CssParameter>
        <CssParameter name="stroke-dasharray">1,9</CssParameter>
      </LineSymbolizer>
      <LineSymbolizer>
        <CssParameter name="stroke">#fdfdfd</CssParameter>
        <CssParameter name="stroke-width">3</CssParameter>
        <CssParameter name="stroke-linejoin">round</CssParameter>
        <CssParameter name="stroke-dasharray">0,1,1,8</CssParameter>
      </LineSymbolizer>
      <LineSymbolizer>
        <CssParameter name="stroke">#ececec</CssParameter>
        <CssParameter name="stroke-width">3</CssParameter>
        <CssParameter name="stroke-linejoin">round</CssParameter>
        <CssParameter name="stroke-dasharray">0,2,1,7</CssParameter>
      </LineSymbolizer>
      <LineSymbolizer>
        <CssParameter name="stroke">#cacaca</CssParameter>
        <CssParameter name="stroke-width">3</CssParameter>
        <CssParameter name="stroke-linejoin">round</CssParameter>
        <CssParameter name="stroke-dasharray">0,3,1,6</CssParameter>
      </LineSymbolizer>
      <LineSymbolizer>
        <CssParameter name="stroke">#afafaf</CssParameter>
        <CssParameter name="stroke-width">3</CssParameter>
        <CssParameter name="stroke-linejoin">round</CssParameter>
        <CssParameter name="stroke-dasharray">0,4,1,5</CssParameter>
      </LineSymbolizer>
      <LineSymbolizer>
        <CssParameter name="stroke">#a1a1a1</CssParameter>
        <CssParameter name="stroke-width">3</CssParameter>
        <CssParameter name="stroke-linejoin">round</CssParameter>
        <CssParameter name="stroke-dasharray">0,5,1,4</CssParameter>
      </LineSymbolizer>
      <LineSymbolizer>
        <CssParameter name="stroke">#9b9b9b</CssParameter>
        <CssParameter name="stroke-width">3</CssParameter>
        <CssParameter name="stroke-linejoin">round</CssParameter>
        <CssParameter name="stroke-dasharray">0,6,1,3</CssParameter>
      </LineSymbolizer>
    </Rule>
    <Rule>
      <MaxScaleDenominator>100000</MaxScaleDenominator>
      
      <Filter>([railway] = 'disused' or [railway] = 'abandoned' or [railway]='construction') and not [highway] != ''</Filter>
      <LineSymbolizer>
        <CssParameter name="stroke">#808080</CssParameter>
        <CssParameter name="stroke-width">2</CssParameter>
        <CssParameter name="stroke-linejoin">round</CssParameter>
        <CssParameter name="stroke-dasharray">2,4</CssParameter>
      </LineSymbolizer>
    </Rule>
    <Rule>
      <MaxScaleDenominator>100000</MaxScaleDenominator>
      <MinScaleDenominator>50000</MinScaleDenominator>
      <Filter>[railway] = 'rail' and not [tunnel] = 'yes'</Filter>
      <LineSymbolizer>
        <CssParameter name="stroke">#999999</CssParameter>
        <CssParameter name="stroke-width">3</CssParameter>
        <CssParameter name="stroke-linejoin">round</CssParameter>
      </LineSymbolizer>
      <LineSymbolizer>
        <CssParameter name="stroke">#ffffff</CssParameter>
        <CssParameter name="stroke-width">1</CssParameter>
        <CssParameter name="stroke-linejoin">round</CssParameter>
        <CssParameter name="stroke-dasharray">8,12</CssParameter>
      </LineSymbolizer>
    </Rule>
    <Rule>
      <MaxScaleDenominator>50000</MaxScaleDenominator>
      
      <Filter>[railway] = 'rail' and not [tunnel]='yes'</Filter>
      <LineSymbolizer>
        <CssParameter name="stroke">#999999</CssParameter>
        <CssParameter name="stroke-width">3</CssParameter>
        <CssParameter name="stroke-linejoin">round</CssParameter>
      </LineSymbolizer>
      <LineSymbolizer>
        <CssParameter name="stroke">#ffffff</CssParameter>
        <CssParameter name="stroke-width">1</CssParameter>
        <CssParameter name="stroke-linejoin">round</CssParameter>
        <CssParameter name="stroke-dasharray">0,11,8,1</CssParameter>
      </LineSymbolizer>
    </Rule>
    <Rule>
      <MaxScaleDenominator>400000</MaxScaleDenominator>
      <MinScaleDenominator>100000</MinScaleDenominator>
      <Filter>[railway] = 'spur-siding-yard'</Filter>
      <LineSymbolizer>
        <CssParameter name="stroke">#aaaaaa</CssParameter>
        <CssParameter name="stroke-width">1</CssParameter>
        <CssParameter name="stroke-linejoin">round</CssParameter>
      </LineSymbolizer>
    </Rule>
    <Rule>
      <MaxScaleDenominator>100000</MaxScaleDenominator>
      
      <Filter>[railway] = 'spur-siding-yard' and [tunnel] = 'yes'</Filter>
      <LineSymbolizer>
        <CssParameter name="stroke">#ffffff</CssParameter>
        <CssParameter name="stroke-width">2</CssParameter>
        <CssParameter name="stroke-linejoin">round</CssParameter>
        <CssParameter name="stroke-dasharray">1,9</CssParameter>
      </LineSymbolizer>
      <LineSymbolizer>
        <CssParameter name="stroke">#fdfdfd</CssParameter>
        <CssParameter name="stroke-width">2</CssParameter>
        <CssParameter name="stroke-linejoin">round</CssParameter>
        <CssParameter name="stroke-dasharray">0,1,1,8</CssParameter>
      </LineSymbolizer>
      <LineSymbolizer>
        <CssParameter name="stroke">#ececec</CssParameter>
        <CssParameter name="stroke-width">2</CssParameter>
        <CssParameter name="stroke-linejoin">round</CssParameter>
        <CssParameter name="stroke-dasharray">0,2,1,7</CssParameter>
      </LineSymbolizer>
      <LineSymbolizer>
        <CssParameter name="stroke">#cacaca</CssParameter>
        <CssParameter name="stroke-width">2</CssParameter>
        <CssParameter name="stroke-linejoin">round</CssParameter>
        <CssParameter name="stroke-dasharray">0,3,1,6</CssParameter>
      </LineSymbolizer>
      <LineSymbolizer>
        <CssParameter name="stroke">#afafaf</CssParameter>
        <CssParameter name="stroke-width">2</CssParameter>
        <CssParameter name="stroke-linejoin">round</CssParameter>
        <CssParameter name="stroke-dasharray">0,4,1,5</CssParameter>
      </LineSymbolizer>
      <LineSymbolizer>
        <CssParameter name="stroke">#a1a1a1</CssParameter>
        <CssParameter name="stroke-width">2</CssParameter>
        <CssParameter name="stroke-linejoin">round</CssParameter>
        <CssParameter name="stroke-dasharray">0,5,1,4</CssParameter>
      </LineSymbolizer>
      <LineSymbolizer>
        <CssParameter name="stroke">#9b9b9b</CssParameter>
        <CssParameter name="stroke-width">2</CssParameter>
        <CssParameter name="stroke-linejoin">round</CssParameter>
        <CssParameter name="stroke-dasharray">0,6,1,3</CssParameter>
      </LineSymbolizer>
    </Rule>
    <Rule>
      <MaxScaleDenominator>100000</MaxScaleDenominator>
      
      <Filter>[railway] = 'spur-siding-yard' and not [tunnel] = 'yes'</Filter>
      <LineSymbolizer>
        <CssParameter name="stroke">#999999</CssParameter>
        <CssParameter name="stroke-width">2</CssParameter>
        <CssParameter name="stroke-linejoin">round</CssParameter>
      </LineSymbolizer>
      <LineSymbolizer>
        <CssParameter name="stroke">#ffffff</CssParameter>
        <CssParameter name="stroke-width">0.8</CssParameter>
        <CssParameter name="stroke-linejoin">round</CssParameter>
        <CssParameter name="stroke-dasharray">0,8,11,1</CssParameter>
      </LineSymbolizer>
    </Rule>
    <Rule>
      <MaxScaleDenominator>100000</MaxScaleDenominator>
      
      <Filter>([railway]='narrow_gauge' or [railway]='funicular') and not [tunnel]='yes'</Filter>
      <LineSymbolizer>
        <CssParameter name="stroke">#656565</CssParameter>
        <CssParameter name="stroke-width">2</CssParameter>
      </LineSymbolizer>
    </Rule>
    <Rule>
      <MaxScaleDenominator>100000</MaxScaleDenominator>
      
      <Filter>([railway]='narrow_gauge' or [railway]='funicular') and [tunnel]='yes'</Filter>
      <LineSymbolizer>
        <CssParameter name="stroke">#656565</CssParameter>
        <CssParameter name="stroke-width">5</CssParameter>
	  <CssParameter name="stroke-dasharray">5,3</CssParameter>
      </LineSymbolizer>
      <LineSymbolizer>
        <CssParameter name="stroke">#ffffff</CssParameter>
        <CssParameter name="stroke-width">4</CssParameter>
      </LineSymbolizer>
      <LineSymbolizer>
        <CssParameter name="stroke">#aaaaaa</CssParameter>
        <CssParameter name="stroke-width">1.5</CssParameter>
      </LineSymbolizer>
    </Rule>
    <Rule>
      <MaxScaleDenominator>25000</MaxScaleDenominator>
      
      <Filter>[railway]='miniature'</Filter>
      <LineSymbolizer>
        <CssParameter name="stroke">#999999</CssParameter>
        <CssParameter name="stroke-width">1.2</CssParameter>
      </LineSymbolizer>
      <LineSymbolizer>
        <CssParameter name="stroke">#999999</CssParameter>
        <CssParameter name="stroke-width">3</CssParameter>
        <CssParameter name="stroke-dasharray">1,10</CssParameter>
      </LineSymbolizer>
    </Rule>
    <Rule>
      <MaxScaleDenominator>100000</MaxScaleDenominator>
      <MinScaleDenominator>25000</MinScaleDenominator>
      <Filter>[railway]='tram' and [tunnel]='yes'</Filter>
      <LineSymbolizer>
        <CssParameter name="stroke">#444444</CssParameter>
        <CssParameter name="stroke-width">1</CssParameter>
        <CssParameter name="stroke-dasharray">5,3</CssParameter>
      </LineSymbolizer>
    </Rule>
    <Rule>
      <MaxScaleDenominator>25000</MaxScaleDenominator>
      
      <Filter>[railway]='tram' and [tunnel]='yes'</Filter>
      <LineSymbolizer>
        <CssParameter name="stroke">#444444</CssParameter>
        <CssParameter name="stroke-width">2</CssParameter>
        <CssParameter name="stroke-dasharray">5,3</CssParameter>
      </LineSymbolizer>
    </Rule>
    <Rule>
      <MaxScaleDenominator>100000</MaxScaleDenominator>
      
      <Filter>[railway]='light_rail' and [tunnel] = 'yes'</Filter>
      <LineSymbolizer>
        <CssParameter name="stroke">#656565</CssParameter>
        <CssParameter name="stroke-width">2</CssParameter>
        <CssParameter name="stroke-dasharray">5,3</CssParameter>
      </LineSymbolizer>
    </Rule>
     <Rule>
      <MaxScaleDenominator>100000</MaxScaleDenominator>
      
      <Filter>[railway]='light_rail' and not [tunnel] = 'yes'</Filter>
      <LineSymbolizer>
        <CssParameter name="stroke">#656565</CssParameter>
        <CssParameter name="stroke-width">2</CssParameter>
      </LineSymbolizer>
    </Rule>
    <Rule>
      <MaxScaleDenominator>200000</MaxScaleDenominator>
      
      <Filter>[railway]='subway' and [tunnel] = 'yes'</Filter>
      <LineSymbolizer>
        <CssParameter name="stroke">#999999</CssParameter>
        <CssParameter name="stroke-width">2</CssParameter>
        <CssParameter name="stroke-dasharray">5,3</CssParameter>
      </LineSymbolizer>
    </Rule>
    <Rule>
      <MaxScaleDenominator>200000</MaxScaleDenominator>
      
      <Filter>[railway]='subway' and not [tunnel] = 'yes'</Filter>
      <LineSymbolizer>
        <CssParameter name="stroke">#999999</CssParameter>
        <CssParameter name="stroke-width">2</CssParameter>
      </LineSymbolizer>
    </Rule>
    <Rule>
      <Filter>[highway] = 'tertiary' or [highway] = 'residential' or [highway] = 'unclassified' or [highway] = 'road'</Filter>
      <MaxScaleDenominator>750000</MaxScaleDenominator>
      <MinScaleDenominator>100000</MinScaleDenominator>
      <LineSymbolizer>
        <CssParameter name="stroke">#bababa</CssParameter>
        <CssParameter name="stroke-width">1</CssParameter>
      </LineSymbolizer>
    </Rule>
    <Rule>
      <Filter>[highway] = 'road'</Filter>
      <MaxScaleDenominator>100000</MaxScaleDenominator>
      <MinScaleDenominator>50000</MinScaleDenominator>
      <LineSymbolizer>
        <CssParameter name="stroke">#dddddd</CssParameter>
        <CssParameter name="stroke-width">2</CssParameter>
        <CssParameter name="stroke-linejoin">round</CssParameter>
        <CssParameter name="stroke-linecap">round</CssParameter>
      </LineSymbolizer>
    </Rule>
    <Rule>
      <Filter>[highway] = 'road'</Filter>
      <MaxScaleDenominator>50000</MaxScaleDenominator>
      <MinScaleDenominator>25000</MinScaleDenominator>
      <LineSymbolizer>
        <CssParameter name="stroke">#dddddd</CssParameter>
        <CssParameter name="stroke-width">3</CssParameter>
        <CssParameter name="stroke-linejoin">round</CssParameter>
        <CssParameter name="stroke-linecap">round</CssParameter>
      </LineSymbolizer>
    </Rule>
    <Rule>
      <Filter>[highway] = 'road'</Filter>
      <MaxScaleDenominator>25000</MaxScaleDenominator>
      <MinScaleDenominator>12500</MinScaleDenominator>
      <LineSymbolizer>
        <CssParameter name="stroke">#dddddd</CssParameter>
        <CssParameter name="stroke-width">6.5</CssParameter>
        <CssParameter name="stroke-linejoin">round</CssParameter>
        <CssParameter name="stroke-linecap">round</CssParameter>
      </LineSymbolizer>
    </Rule>
    <Rule>
      <Filter>[highway] = 'road'</Filter>
      <MaxScaleDenominator>12500</MaxScaleDenominator>
      <MinScaleDenominator>5000</MinScaleDenominator>
      <LineSymbolizer>
        <CssParameter name="stroke">#dddddd</CssParameter>
        <CssParameter name="stroke-width">9.4</CssParameter>
        <CssParameter name="stroke-linejoin">round</CssParameter>
        <CssParameter name="stroke-linecap">round</CssParameter>
      </LineSymbolizer>
    </Rule>
    <Rule>
      <Filter>[highway] = 'road'</Filter>
      <MaxScaleDenominator>5000</MaxScaleDenominator>
      
      <LineSymbolizer>
        <CssParameter name="stroke">#dddddd</CssParameter>
        <CssParameter name="stroke-width">13</CssParameter>
        <CssParameter name="stroke-linejoin">round</CssParameter>
        <CssParameter name="stroke-linecap">round</CssParameter>
      </LineSymbolizer>
    </Rule>
    <Rule>
      <Filter>([highway] = 'residential' or [highway] = 'unclassified') and not [tunnel] = 'yes'</Filter>
      <MaxScaleDenominator>100000</MaxScaleDenominator>
      <MinScaleDenominator>50000</MinScaleDenominator>
      <LineSymbolizer>
        <CssParameter name="stroke">#ffffff</CssParameter>
        <CssParameter name="stroke-width">2</CssParameter>
        <CssParameter name="stroke-linejoin">round</CssParameter>
        <CssParameter name="stroke-linecap">round</CssParameter>
      </LineSymbolizer>
    </Rule>
    <Rule>
      <Filter>([highway] = 'residential' or [highway] = 'unclassified') and not [tunnel] = 'yes'</Filter>
      <MaxScaleDenominator>50000</MaxScaleDenominator>
      <MinScaleDenominator>25000</MinScaleDenominator>
      <LineSymbolizer>
        <CssParameter name="stroke">#ffffff</CssParameter>
        <CssParameter name="stroke-width">3</CssParameter>
        <CssParameter name="stroke-linejoin">round</CssParameter>
        <CssParameter name="stroke-linecap">round</CssParameter>
      </LineSymbolizer>
    </Rule>
    <Rule>
      <Filter>([highway] = 'residential' or [highway] = 'unclassified') and not [tunnel] = 'yes'</Filter>
      <MaxScaleDenominator>25000</MaxScaleDenominator>
      <MinScaleDenominator>12500</MinScaleDenominator>
      <LineSymbolizer>
        <CssParameter name="stroke">#ffffff</CssParameter>
        <CssParameter name="stroke-width">6.5</CssParameter>
        <CssParameter name="stroke-linejoin">round</CssParameter>
        <CssParameter name="stroke-linecap">round</CssParameter>
      </LineSymbolizer>
    </Rule>
    <Rule>
      <Filter>([highway] = 'residential' or [highway] = 'unclassified') and not [tunnel] = 'yes'</Filter>
      <MaxScaleDenominator>12500</MaxScaleDenominator>
      <MinScaleDenominator>5000</MinScaleDenominator>
      <LineSymbolizer>
        <CssParameter name="stroke">#ffffff</CssParameter>
        <CssParameter name="stroke-width">9.4</CssParameter>
        <CssParameter name="stroke-linejoin">round</CssParameter>
        <CssParameter name="stroke-linecap">round</CssParameter>
      </LineSymbolizer>
    </Rule>
    <Rule>
      <Filter>([highway] = 'residential' or [highway] = 'unclassified') and not [tunnel] = 'yes'</Filter>
      <MaxScaleDenominator>5000</MaxScaleDenominator>
      
      <LineSymbolizer>
        <CssParameter name="stroke">#ffffff</CssParameter>
        <CssParameter name="stroke-width">13</CssParameter>
        <CssParameter name="stroke-linejoin">round</CssParameter>
        <CssParameter name="stroke-linecap">round</CssParameter>
      </LineSymbolizer>
    </Rule>
    <Rule>
      <Filter>[highway] = 'living_street'</Filter>
      <MaxScaleDenominator>200000</MaxScaleDenominator>
      <MinScaleDenominator>50000</MinScaleDenominator>
      <LineSymbolizer>
        <CssParameter name="stroke">#cbcbcb</CssParameter>
        <CssParameter name="stroke-width">1.5</CssParameter>
        <CssParameter name="stroke-linejoin">round</CssParameter>
        <CssParameter name="stroke-linecap">round</CssParameter>
      </LineSymbolizer>
    </Rule>
    <Rule>
      <Filter>[highway] = 'living_street'</Filter>
      <MaxScaleDenominator>50000</MaxScaleDenominator>
      <MinScaleDenominator>25000</MinScaleDenominator>
      <LineSymbolizer>
        <CssParameter name="stroke">#cbcbcb</CssParameter>
        <CssParameter name="stroke-width">3</CssParameter>
        <CssParameter name="stroke-linejoin">round</CssParameter>
        <CssParameter name="stroke-linecap">round</CssParameter>
      </LineSymbolizer>
    </Rule>
    <Rule>
      <Filter>[highway] = 'living_street'</Filter>
      <MaxScaleDenominator>25000</MaxScaleDenominator>
      <MinScaleDenominator>12500</MinScaleDenominator>
      <LineSymbolizer>
        <CssParameter name="stroke">#cbcbcb</CssParameter>
        <CssParameter name="stroke-width">4.7</CssParameter>
        <CssParameter name="stroke-linejoin">round</CssParameter>
        <CssParameter name="stroke-linecap">round</CssParameter>
      </LineSymbolizer>
    </Rule>
    <Rule>
      <Filter>[highway] = 'living_street'</Filter>
      <MaxScaleDenominator>12500</MaxScaleDenominator>
      <MinScaleDenominator>5000</MinScaleDenominator>
      <LineSymbolizer>
        <CssParameter name="stroke">#cbcbcb</CssParameter>
        <CssParameter name="stroke-width">7.4</CssParameter>
        <CssParameter name="stroke-linejoin">round</CssParameter>
        <CssParameter name="stroke-linecap">round</CssParameter>
      </LineSymbolizer>
    </Rule>
    <Rule>
      <Filter>[highway] = 'living_street'</Filter>
      <MaxScaleDenominator>5000</MaxScaleDenominator>
      
      <LineSymbolizer>
        <CssParameter name="stroke">#cbcbcb</CssParameter>
        <CssParameter name="stroke-width">13</CssParameter>
        <CssParameter name="stroke-linejoin">round</CssParameter>
        <CssParameter name="stroke-linecap">round</CssParameter>
      </LineSymbolizer>
    </Rule>
    <Rule>
      <Filter>[highway] = 'tertiary' and not [tunnel]='yes'</Filter>
      <MaxScaleDenominator>100000</MaxScaleDenominator>
      <MinScaleDenominator>50000</MinScaleDenominator>
      <LineSymbolizer>
        <CssParameter name="stroke">#f5f5f5</CssParameter>
        <CssParameter name="stroke-width">4.5</CssParameter>
        <CssParameter name="stroke-linejoin">round</CssParameter>
        <CssParameter name="stroke-linecap">round</CssParameter>
      </LineSymbolizer>
    </Rule>
    <Rule>
      <Filter>[highway] = 'tertiary' and not [tunnel]='yes'</Filter>
      <MaxScaleDenominator>50000</MaxScaleDenominator>
      <MinScaleDenominator>25000</MinScaleDenominator>
      <LineSymbolizer>
        <CssParameter name="stroke">#f5f5f5</CssParameter>
        <CssParameter name="stroke-width">6</CssParameter>
        <CssParameter name="stroke-linejoin">round</CssParameter>
        <CssParameter name="stroke-linecap">round</CssParameter>
      </LineSymbolizer>
    </Rule>
    <Rule>
      <Filter>[highway] = 'tertiary' and not [tunnel]='yes'</Filter>
      <MaxScaleDenominator>25000</MaxScaleDenominator>
      <MinScaleDenominator>5000</MinScaleDenominator>
      <LineSymbolizer>
        <CssParameter name="stroke">#f5f5f5</CssParameter>
        <CssParameter name="stroke-width">9.4</CssParameter>
        <CssParameter name="stroke-linejoin">round</CssParameter>
        <CssParameter name="stroke-linecap">round</CssParameter>
      </LineSymbolizer>
    </Rule>
    <Rule>
      <Filter>[highway] = 'tertiary' and not [tunnel]='yes'</Filter>
      <MaxScaleDenominator>5000</MaxScaleDenominator>
      
      <LineSymbolizer>
        <CssParameter name="stroke">#f5f5f5</CssParameter>
        <CssParameter name="stroke-width">13</CssParameter>
        <CssParameter name="stroke-linejoin">round</CssParameter>
        <CssParameter name="stroke-linecap">round</CssParameter>
      </LineSymbolizer>
    </Rule>
    <Rule>
      <Filter>[highway] = 'service' and not [service]='INT-minor'</Filter>
      <MaxScaleDenominator>100000</MaxScaleDenominator>
      <MinScaleDenominator>50000</MinScaleDenominator>
      <LineSymbolizer>
        <CssParameter name="stroke">#bababa</CssParameter>
        <CssParameter name="stroke-width">1</CssParameter>
      </LineSymbolizer>
    </Rule>
    <Rule>
      <Filter>[highway] = 'service' and not [service]='INT-minor'</Filter>
      <MaxScaleDenominator>50000</MaxScaleDenominator>
      <MinScaleDenominator>12500</MinScaleDenominator>
      <LineSymbolizer>
        <CssParameter name="stroke">#ffffff</CssParameter>
        <CssParameter name="stroke-width">2</CssParameter>
        <CssParameter name="stroke-linejoin">round</CssParameter>
        <CssParameter name="stroke-linecap">round</CssParameter>
      </LineSymbolizer>
   </Rule>
   <Rule>
      <Filter>[highway] = 'service' and not [service]='INT-minor'</Filter>
      <MaxScaleDenominator>12500</MaxScaleDenominator>
      
      <LineSymbolizer>
        <CssParameter name="stroke">#ffffff</CssParameter>
        <CssParameter name="stroke-width">6</CssParameter>
        <CssParameter name="stroke-linejoin">round</CssParameter>
        <CssParameter name="stroke-linecap">round</CssParameter>
      </LineSymbolizer>
   </Rule>
   <Rule>
      <Filter>[highway] = 'service' and [service]='INT-minor'</Filter>
      <MaxScaleDenominator>12500</MaxScaleDenominator>
      
      <LineSymbolizer>
        <CssParameter name="stroke">#ffffff</CssParameter>
        <CssParameter name="stroke-width">3</CssParameter>
        <CssParameter name="stroke-linejoin">round</CssParameter>
        <CssParameter name="stroke-linecap">round</CssParameter>
      </LineSymbolizer>
   </Rule>
   <Rule>
      <Filter>[highway] = 'pedestrian'</Filter>
      <MaxScaleDenominator>100000</MaxScaleDenominator>
      <MinScaleDenominator>50000</MinScaleDenominator>
      <LineSymbolizer>
        <CssParameter name="stroke">#ededed</CssParameter>
        <CssParameter name="stroke-width">1.5</CssParameter>
        <CssParameter name="stroke-linejoin">round</CssParameter>
        <CssParameter name="stroke-linecap">round</CssParameter>
      </LineSymbolizer>
    </Rule>
    <Rule>
      <Filter>[highway] = 'pedestrian'</Filter>
      <MaxScaleDenominator>50000</MaxScaleDenominator>
      <MinScaleDenominator>25000</MinScaleDenominator>
      <LineSymbolizer>
        <CssParameter name="stroke">#ededed</CssParameter>
        <CssParameter name="stroke-width">3</CssParameter>
        <CssParameter name="stroke-linejoin">round</CssParameter>
        <CssParameter name="stroke-linecap">round</CssParameter>
      </LineSymbolizer>
    </Rule>
    <Rule>
      <Filter>[highway] = 'pedestrian'</Filter>
      <MaxScaleDenominator>25000</MaxScaleDenominator>
      <MinScaleDenominator>12500</MinScaleDenominator>
      <LineSymbolizer>
        <CssParameter name="stroke">#ededed</CssParameter>
        <CssParameter name="stroke-width">5.5</CssParameter>
        <CssParameter name="stroke-linejoin">round</CssParameter>
        <CssParameter name="stroke-linecap">round</CssParameter>
      </LineSymbolizer>
    </Rule>
    <Rule>
      <Filter>[highway] = 'pedestrian'</Filter>
      <MaxScaleDenominator>12500</MaxScaleDenominator>
      <LineSymbolizer>
        <CssParameter name="stroke">#ededed</CssParameter>
        <CssParameter name="stroke-width">8</CssParameter>
        <CssParameter name="stroke-linejoin">round</CssParameter>
        <CssParameter name="stroke-linecap">round</CssParameter>
      </LineSymbolizer>
    </Rule>
    <Rule>
       <Filter>[highway] = 'platform' or [railway] = 'platform'</Filter>
       <MaxScaleDenominator>12500</MaxScaleDenominator>
       <LineSymbolizer>
         <CssParameter name="stroke">#808080</CssParameter>
         <CssParameter name="stroke-width">6</CssParameter>
         <CssParameter name="stroke-linejoin">round</CssParameter>
         <CssParameter name="stroke-linecap">round</CssParameter>
       </LineSymbolizer>
    </Rule>
    <Rule>
      <Filter>[highway] = 'steps'</Filter>
      <MaxScaleDenominator>25000</MaxScaleDenominator>
      <LineSymbolizer>
        <CssParameter name="stroke">#9c9c9c</CssParameter>
        <CssParameter name="stroke-width">5.0</CssParameter>
        <CssParameter name="stroke-dasharray">2,1</CssParameter>
      </LineSymbolizer>
    </Rule>  
    <Rule>
      <Filter>([highway] = 'bridleway' or ([highway] = 'path' and [horse] = 'designated')) and not [tunnel]='yes'</Filter>
      <MaxScaleDenominator>100000</MaxScaleDenominator>
      <LineSymbolizer>
        <CssParameter name="stroke">#ffffff</CssParameter>
        <CssParameter name="stroke-width">3</CssParameter>
        <CssParameter name="stroke-linejoin">round</CssParameter>
        <CssParameter name="stroke-linecap">round</CssParameter>
        <CssParameter name="stroke-opacity">0.4</CssParameter>
      </LineSymbolizer>
      <LineSymbolizer>
        <CssParameter name="stroke">#4f4f4f</CssParameter>
        <CssParameter name="stroke-width">1.2</CssParameter>
        <CssParameter name="stroke-dasharray">4,2</CssParameter>
      </LineSymbolizer>
    </Rule>  
    <Rule>
      <Filter>([highway] = 'footway' or ([highway] = 'path' and [foot] = 'designated')) and not [tunnel]='yes'</Filter>
      <MaxScaleDenominator>100000</MaxScaleDenominator>
      <LineSymbolizer>
        <CssParameter name="stroke">#ffffff</CssParameter>
        <CssParameter name="stroke-width">4</CssParameter>
        <CssParameter name="stroke-linejoin">round</CssParameter>
        <CssParameter name="stroke-linecap">round</CssParameter>
        <CssParameter name="stroke-opacity">0.4</CssParameter>
      </LineSymbolizer>
      <LineSymbolizer>
        <CssParameter name="stroke">#9c9c9c</CssParameter>
        <CssParameter name="stroke-width">1.5</CssParameter>
        <CssParameter name="stroke-dasharray">1,3</CssParameter>
        <CssParameter name="stroke-linejoin">round</CssParameter>
        <CssParameter name="stroke-linecap">round</CssParameter>
      </LineSymbolizer>
    </Rule>   
    <Rule>
      <Filter>[highway] = 'path' and not ([bicycle] = 'designated' or [foot] = 'designated' or [horse] = 'designated') and not [tunnel] = 'yes'</Filter> 
      <MaxScaleDenominator>100000</MaxScaleDenominator>
      <LineSymbolizer>
        <CssParameter name="stroke">#ffffff</CssParameter>
        <CssParameter name="stroke-width">1.0</CssParameter>
        <CssParameter name="stroke-linejoin">round</CssParameter>
        <CssParameter name="stroke-linecap">round</CssParameter>
        <CssParameter name="stroke-opacity">0.4</CssParameter>
     </LineSymbolizer>
     <LineSymbolizer>
       <CssParameter name="stroke">#000000</CssParameter>
       <CssParameter name="stroke-width">0.5</CssParameter>
       <CssParameter name="stroke-dasharray">6,3</CssParameter>
       <CssParameter name="stroke-linejoin">round</CssParameter>
       <CssParameter name="stroke-linecap">round</CssParameter>
    </LineSymbolizer>
    </Rule>
    <Rule>
       <Filter>[highway] = 'platform' or [railway] = 'platform'</Filter>
       <MaxScaleDenominator>12500</MaxScaleDenominator>
       <LineSymbolizer>
         <CssParameter name="stroke">#bababa</CssParameter>
         <CssParameter name="stroke-width">4</CssParameter>
         <CssParameter name="stroke-linejoin">round</CssParameter>
         <CssParameter name="stroke-linecap">round</CssParameter>
       </LineSymbolizer>
     </Rule>
    <Rule>
      <Filter>[highway] = 'steps'</Filter>
      <MaxScaleDenominator>100000</MaxScaleDenominator>
      <MinScaleDenominator>25000</MinScaleDenominator>
      <LineSymbolizer>
        <CssParameter name="stroke">#ffffff</CssParameter>
        <CssParameter name="stroke-width">6</CssParameter>
        <CssParameter name="stroke-opacity">0.4</CssParameter>
      </LineSymbolizer>
      <LineSymbolizer>
        <CssParameter name="stroke">#9c9c9c</CssParameter>
        <CssParameter name="stroke-width">2.0</CssParameter>
        <CssParameter name="stroke-dasharray">1,3</CssParameter>
        <CssParameter name="stroke-linejoin">round</CssParameter>
        <CssParameter name="stroke-linecap">round</CssParameter>
      </LineSymbolizer>
    </Rule>
    <Rule>
      <Filter>([highway] = 'cycleway' or ([highway] = 'path' and [bicycle] = 'designated')) and not [tunnel] = 'yes'</Filter>
      <MaxScaleDenominator>100000</MaxScaleDenominator>
      <LineSymbolizer>
        <CssParameter name="stroke">#ffffff</CssParameter>
        <CssParameter name="stroke-width">3</CssParameter>
        <CssParameter name="stroke-linejoin">round</CssParameter>
        <CssParameter name="stroke-linecap">round</CssParameter>
        <CssParameter name="stroke-opacity">0.4</CssParameter>
      </LineSymbolizer>
      <LineSymbolizer>
        <CssParameter name="stroke">#212121</CssParameter>
        <CssParameter name="stroke-width">1.2</CssParameter>
        <CssParameter name="stroke-dasharray">1,3</CssParameter>
        <CssParameter name="stroke-linejoin">round</CssParameter>
        <CssParameter name="stroke-linecap">round</CssParameter>
      </LineSymbolizer>
    </Rule>
    <Rule>
      <Filter>[highway] = 'byway'</Filter>
      <MaxScaleDenominator>100000</MaxScaleDenominator>
      <LineSymbolizer>
        <CssParameter name="stroke">#ffffff</CssParameter>
        <CssParameter name="stroke-width">4</CssParameter>
        <CssParameter name="stroke-linejoin">round</CssParameter>
        <CssParameter name="stroke-linecap">round</CssParameter>
        <CssParameter name="stroke-opacity">0.4</CssParameter>
      </LineSymbolizer>
      <LineSymbolizer>
        <CssParameter name="stroke">#bebebe</CssParameter>
        <CssParameter name="stroke-width">1.5</CssParameter>
        <CssParameter name="stroke-dasharray">3,4</CssParameter>
        <CssParameter name="stroke-linejoin">round</CssParameter>
        <CssParameter name="stroke-linecap">round</CssParameter>
      </LineSymbolizer>
    </Rule>
    <Rule>
      <Filter>[highway] = 'track'</Filter>
      <MaxScaleDenominator>100000</MaxScaleDenominator>
      <MinScaleDenominator>50000</MinScaleDenominator>
      <LineSymbolizer>
        <CssParameter name="stroke">#ffffff</CssParameter>
        <CssParameter name="stroke-width">2.5</CssParameter>
        <CssParameter name="stroke-linejoin">round</CssParameter>
        <CssParameter name="stroke-linecap">round</CssParameter>
        <CssParameter name="stroke-opacity">0.4</CssParameter>
      </LineSymbolizer>
      <LineSymbolizer>
        <CssParameter name="stroke">#656565</CssParameter>
        <CssParameter name="stroke-width">1.2</CssParameter>
        <CssParameter name="stroke-dasharray">3,4</CssParameter>
        <CssParameter name="stroke-linejoin">round</CssParameter>
        <CssParameter name="stroke-linecap">round</CssParameter>
      </LineSymbolizer>
     </Rule>    
    <Rule>
      <Filter>[highway] = 'unsurfaced'</Filter>
      <MaxScaleDenominator>100000</MaxScaleDenominator>
      <MinScaleDenominator>50000</MinScaleDenominator>
      <LineSymbolizer>
        <CssParameter name="stroke">#ffffff</CssParameter>
        <CssParameter name="stroke-width">3.5</CssParameter>
        <CssParameter name="stroke-linejoin">round</CssParameter>
        <CssParameter name="stroke-linecap">round</CssParameter>
        <CssParameter name="stroke-opacity">0.4</CssParameter>
      </LineSymbolizer>
      <LineSymbolizer>
        <CssParameter name="stroke">#c0c0c0</CssParameter>
        <CssParameter name="stroke-width">2.5</CssParameter>
        <CssParameter name="stroke-dasharray">2,4</CssParameter>
        <CssParameter name="stroke-linejoin">round</CssParameter>
        <CssParameter name="stroke-linecap">round</CssParameter>
      </LineSymbolizer>
    </Rule>
    <Rule>
      <Filter>[highway] = 'unsurfaced'</Filter>
      <MaxScaleDenominator>50000</MaxScaleDenominator>
      <LineSymbolizer>
        <CssParameter name="stroke">#ffffff</CssParameter>
        <CssParameter name="stroke-width">5</CssParameter>
        <CssParameter name="stroke-linejoin">round</CssParameter>
        <CssParameter name="stroke-linecap">round</CssParameter>
        <CssParameter name="stroke-opacity">0.4</CssParameter>
      </LineSymbolizer>
      <LineSymbolizer>
        <CssParameter name="stroke">#c0c0c0</CssParameter>
        <CssParameter name="stroke-width">4</CssParameter>
        <CssParameter name="stroke-dasharray">4,6</CssParameter>
        <CssParameter name="stroke-linejoin">round</CssParameter>
        <CssParameter name="stroke-linecap">round</CssParameter>
      </LineSymbolizer>
    </Rule>
    <Rule>
      <Filter>[aeroway] = 'runway'</Filter>
      <MaxScaleDenominator>400000</MaxScaleDenominator>
      <MinScaleDenominator>200000</MinScaleDenominator>
      <LineSymbolizer>
        <CssParameter name="stroke">#bdbdbd</CssParameter>
        <CssParameter name="stroke-width">2</CssParameter>
      </LineSymbolizer>
    </Rule>
    <Rule>
      <Filter>[aeroway] = 'runway'</Filter>
      <MaxScaleDenominator>200000</MaxScaleDenominator>
      <MinScaleDenominator>100000</MinScaleDenominator>
      <LineSymbolizer>
        <CssParameter name="stroke">#bdbdbd</CssParameter>
        <CssParameter name="stroke-width">4</CssParameter>
      </LineSymbolizer>
    </Rule>
    <Rule>
      <Filter>[aeroway] = 'runway'</Filter>
      <MaxScaleDenominator>100000</MaxScaleDenominator>
      <MinScaleDenominator>50000</MinScaleDenominator>
      <LineSymbolizer>
        <CssParameter name="stroke">#bdbdbd</CssParameter>
        <CssParameter name="stroke-width">7</CssParameter>
      </LineSymbolizer>
    </Rule>
    <Rule>
      <Filter>[aeroway] = 'runway' and not [bridge]='yes'</Filter>
      <MaxScaleDenominator>50000</MaxScaleDenominator>
      <LineSymbolizer>
        <CssParameter name="stroke">#bdbdbd</CssParameter>
        <CssParameter name="stroke-width">18</CssParameter>
      </LineSymbolizer>
    </Rule>
    <Rule>
      <Filter>[aeroway] = 'taxiway'</Filter>
      <MaxScaleDenominator>400000</MaxScaleDenominator>
      <MinScaleDenominator>50000</MinScaleDenominator>
      <LineSymbolizer>
        <CssParameter name="stroke">#bdbdbd</CssParameter>
        <CssParameter name="stroke-width">1</CssParameter>
      </LineSymbolizer>
    </Rule>
    <Rule>
      <Filter>[aeroway] = 'taxiway' and not [bridge]='yes'</Filter>
      <MaxScaleDenominator>50000</MaxScaleDenominator>
      <MinScaleDenominator>25000</MinScaleDenominator>
      <LineSymbolizer>
        <CssParameter name="stroke">#bdbdbd</CssParameter>
        <CssParameter name="stroke-width">4</CssParameter>
      </LineSymbolizer>
    </Rule>
    <Rule>
      <Filter>[aeroway] = 'taxiway' and not [bridge]='yes'</Filter>
      <MaxScaleDenominator>25000</MaxScaleDenominator>
      <LineSymbolizer>
        <CssParameter name="stroke">#bdbdbd</CssParameter>
        <CssParameter name="stroke-width">6</CssParameter>
      </LineSymbolizer>
    </Rule>
    <!--Rule>
      <ElseFilter/>
      &maxscale_zoom9;
      &minscale_zoom18;
      <LineSymbolizer>
        <CssParameter name="stroke">black</CssParameter>
        <CssParameter name="stroke-width">2</CssParameter>
        <CssParameter name="stroke-linejoin">round</CssParameter>
        <CssParameter name="stroke-linecap">round</CssParameter>
        <CssParameter name="stroke-dasharray">4,4</CssParameter>
      </LineSymbolizer>
    </Rule-->
</Style>
<Style name="access">
     <Rule>
      <Filter>[access] = 'permissive' and ([highway]='unclassified' or [highway]='residential' or [highway]='footway')</Filter>
      <MaxScaleDenominator>25000</MaxScaleDenominator>
      <MinScaleDenominator>12500</MinScaleDenominator>
      <LineSymbolizer>
        <CssParameter name="stroke">#e4e4e4</CssParameter>
        <CssParameter name="stroke-width">6</CssParameter>
        <CssParameter name="stroke-dasharray">6,8</CssParameter>
        <CssParameter name="stroke-opacity">0.5</CssParameter>
        <CssParameter name="stroke-linejoin">round</CssParameter>
        <CssParameter name="stroke-linecap">round</CssParameter>
      </LineSymbolizer>
    </Rule>
     <Rule>
      <Filter>[access] = 'permissive' and ([highway] = 'service' and not [service] = 'INT-minor')</Filter>
      <MaxScaleDenominator>25000</MaxScaleDenominator>
      <MinScaleDenominator>12500</MinScaleDenominator>
      <LineSymbolizer>
        <CssParameter name="stroke">#e4e4e4</CssParameter>
        <CssParameter name="stroke-width">3</CssParameter>
        <CssParameter name="stroke-dasharray">6,8</CssParameter>
        <CssParameter name="stroke-opacity">0.5</CssParameter>
        <CssParameter name="stroke-linejoin">round</CssParameter>
        <CssParameter name="stroke-linecap">round</CssParameter>
      </LineSymbolizer>
    </Rule>
     <Rule>
      <Filter>[access] = 'permissive' and ([highway]='unclassified' or [highway]='residential' or [highway]='footway' or [highway]='service')</Filter>
      <MaxScaleDenominator>12500</MaxScaleDenominator>
      <LineSymbolizer>
        <CssParameter name="stroke">#e4e4e4</CssParameter>
        <CssParameter name="stroke-width">6</CssParameter>
        <CssParameter name="stroke-dasharray">6,8</CssParameter>
        <CssParameter name="stroke-opacity">0.5</CssParameter>
        <CssParameter name="stroke-linejoin">round</CssParameter>
        <CssParameter name="stroke-linecap">round</CssParameter>
      </LineSymbolizer>
    </Rule>
    <Rule>
      <Filter>[access]='destination' and ([highway]='unclassified' or [highway]='residential')</Filter>
      <MaxScaleDenominator>25000</MaxScaleDenominator>
      <MinScaleDenominator>12500</MinScaleDenominator>
      <LineSymbolizer>
        <CssParameter name="stroke">#dcdcdc</CssParameter>
        <CssParameter name="stroke-width">6</CssParameter>
        <CssParameter name="stroke-dasharray">6,8</CssParameter>
        <CssParameter name="stroke-opacity">0.5</CssParameter>
        <CssParameter name="stroke-linejoin">round</CssParameter>
        <CssParameter name="stroke-linecap">round</CssParameter>
      </LineSymbolizer>
    </Rule>
    <Rule>
      <Filter>[access]='destination' and ([highway] = 'service' and not [service] = 'INT-minor')</Filter>
      <MaxScaleDenominator>25000</MaxScaleDenominator>
      <MinScaleDenominator>12500</MinScaleDenominator>
      <LineSymbolizer>
        <CssParameter name="stroke">#dcdcdc</CssParameter>
        <CssParameter name="stroke-width">3</CssParameter>
        <CssParameter name="stroke-dasharray">6,8</CssParameter>
        <CssParameter name="stroke-opacity">0.5</CssParameter>
        <CssParameter name="stroke-linejoin">round</CssParameter>
        <CssParameter name="stroke-linecap">round</CssParameter>
      </LineSymbolizer>
    </Rule>
    <Rule>
      <Filter>[access]='destination' and ([highway]='unclassified' or [highway]='residential' or [highway]='service')</Filter>
      <MaxScaleDenominator>12500</MaxScaleDenominator>
      <LineSymbolizer>
        <CssParameter name="stroke">#dcdcdc</CssParameter>
        <CssParameter name="stroke-width">6</CssParameter>
        <CssParameter name="stroke-dasharray">6,8</CssParameter>
        <CssParameter name="stroke-opacity">0.5</CssParameter>
        <CssParameter name="stroke-linejoin">round</CssParameter>
        <CssParameter name="stroke-linecap">round</CssParameter>
      </LineSymbolizer>
    </Rule>
    <Rule>
      <Filter>([access] = 'private' or [access] = 'no') and not [highway] = 'service'</Filter>
      <MaxScaleDenominator>25000</MaxScaleDenominator>
      <MinScaleDenominator>12500</MinScaleDenominator>
      <LineSymbolizer>
        <CssParameter name="stroke">#bababa</CssParameter>
        <CssParameter name="stroke-width">6</CssParameter>
        <CssParameter name="stroke-dasharray">6,8</CssParameter>
        <CssParameter name="stroke-opacity">0.5</CssParameter>
        <CssParameter name="stroke-linejoin">round</CssParameter>
        <CssParameter name="stroke-linecap">round</CssParameter>
      </LineSymbolizer>
    </Rule>
    <Rule>
      <Filter>([access] = 'private' or [access] = 'no') and ([highway] = 'service' and not [service] = 'INT-minor')</Filter>
      <MaxScaleDenominator>25000</MaxScaleDenominator>
      <MinScaleDenominator>12500</MinScaleDenominator>
      <LineSymbolizer>
        <CssParameter name="stroke">#bababa</CssParameter>
        <CssParameter name="stroke-width">3</CssParameter>
        <CssParameter name="stroke-dasharray">6,8</CssParameter>
        <CssParameter name="stroke-opacity">0.5</CssParameter>
        <CssParameter name="stroke-linejoin">round</CssParameter>
        <CssParameter name="stroke-linecap">round</CssParameter>
      </LineSymbolizer>
    </Rule>
    <Rule>
      <Filter>[access] = 'private' or [access] = 'no'</Filter>
      <MaxScaleDenominator>12500</MaxScaleDenominator>
      <LineSymbolizer>
        <CssParameter name="stroke">#bababa</CssParameter>
        <CssParameter name="stroke-width">6</CssParameter>
        <CssParameter name="stroke-dasharray">6,8</CssParameter>
        <CssParameter name="stroke-opacity">0.5</CssParameter>
        <CssParameter name="stroke-linejoin">round</CssParameter>
        <CssParameter name="stroke-linecap">round</CssParameter>
      </LineSymbolizer>
    </Rule>
</Style>
<Style name="footbikecycle-tunnels">
    <Rule>
      <Filter>[highway] = 'bridleway' or ([highway] = 'path' and [horse] = 'designated')</Filter>
      <MaxScaleDenominator>100000</MaxScaleDenominator>
      <LineSymbolizer>
        <CssParameter name="stroke">#808080</CssParameter>
        <CssParameter name="stroke-width">5</CssParameter>
        <CssParameter name="stroke-dasharray">4,2</CssParameter>
      </LineSymbolizer>
      <LineSymbolizer>
        <CssParameter name="stroke">#ffffff</CssParameter>
        <CssParameter name="stroke-width">3</CssParameter>
        <CssParameter name="stroke-linejoin">round</CssParameter>
        <CssParameter name="stroke-linecap">round</CssParameter>
      </LineSymbolizer>
      <LineSymbolizer>
        <CssParameter name="stroke">#4f4f4f</CssParameter>
        <CssParameter name="stroke-width">2</CssParameter>
        <CssParameter name="stroke-dasharray">4,2</CssParameter>
        <CssParameter name="stroke-opacity">0.5</CssParameter>
        <CssParameter name="stroke-linejoin">round</CssParameter>
        <CssParameter name="stroke-linecap">round</CssParameter>
      </LineSymbolizer>
    </Rule>
    <Rule>
      <Filter>[highway] = 'footway' or ([highway] = 'path' and [foot] = 'designated')</Filter>
      <MaxScaleDenominator>100000</MaxScaleDenominator>
      <LineSymbolizer>
        <CssParameter name="stroke">#808080</CssParameter>
        <CssParameter name="stroke-width">5.5</CssParameter>
        <CssParameter name="stroke-dasharray">4,2</CssParameter>
      </LineSymbolizer>
      <LineSymbolizer>
        <CssParameter name="stroke">#ffffff</CssParameter>
        <CssParameter name="stroke-width">3.5</CssParameter>
        <CssParameter name="stroke-linejoin">round</CssParameter>
        <CssParameter name="stroke-linecap">round</CssParameter>
      </LineSymbolizer>
      <LineSymbolizer>
        <CssParameter name="stroke">#9c9c9c</CssParameter>
        <CssParameter name="stroke-width">2.5</CssParameter>
        <CssParameter name="stroke-dasharray">1,3</CssParameter>
        <CssParameter name="stroke-opacity">0.5</CssParameter>
        <CssParameter name="stroke-linejoin">round</CssParameter>
        <CssParameter name="stroke-linecap">round</CssParameter>
      </LineSymbolizer>
    </Rule>
    <Rule>
      <Filter>[highway] = 'path' and not ([bicycle] = 'designated' or [foot] = 'designated' or [horse] = 'designated')</Filter>
      <MaxScaleDenominator>100000</MaxScaleDenominator>
      <LineSymbolizer>
        <CssParameter name="stroke">#808080</CssParameter>
        <CssParameter name="stroke-width">5.5</CssParameter>
        <CssParameter name="stroke-dasharray">4,2</CssParameter>
      </LineSymbolizer>
      <LineSymbolizer>
        <CssParameter name="stroke">#ffffff</CssParameter>
        <CssParameter name="stroke-width">1.0</CssParameter>
        <CssParameter name="stroke-linejoin">round</CssParameter>
        <CssParameter name="stroke-linecap">round</CssParameter>
        <CssParameter name="stroke-opacity">0.4</CssParameter>
     </LineSymbolizer>
     <LineSymbolizer>
       <CssParameter name="stroke">#000000</CssParameter>
       <CssParameter name="stroke-width">0.5</CssParameter>
       <CssParameter name="stroke-dasharray">6,3</CssParameter>
       <CssParameter name="stroke-linejoin">round</CssParameter>
       <CssParameter name="stroke-linecap">round</CssParameter>
    </LineSymbolizer>
    </Rule>
    <Rule>
      <Filter>[highway] = 'cycleway' or ([highway] = 'path' and [bicycle] = 'designated')</Filter>
      <MaxScaleDenominator>100000</MaxScaleDenominator>
      <LineSymbolizer>
        <CssParameter name="stroke">#808080</CssParameter>
        <CssParameter name="stroke-width">5</CssParameter>
        <CssParameter name="stroke-dasharray">4,2</CssParameter>
      </LineSymbolizer>
      <LineSymbolizer>
        <CssParameter name="stroke">#ffffff</CssParameter>
        <CssParameter name="stroke-width">3</CssParameter>
        <CssParameter name="stroke-linejoin">round</CssParameter>
        <CssParameter name="stroke-linecap">round</CssParameter>
      </LineSymbolizer>
      <LineSymbolizer>
        <CssParameter name="stroke">#212121</CssParameter>
        <CssParameter name="stroke-width">2</CssParameter>
        <CssParameter name="stroke-dasharray">1,3</CssParameter>
        <CssParameter name="stroke-opacity">0.5</CssParameter>
        <CssParameter name="stroke-linejoin">round</CssParameter>
        <CssParameter name="stroke-linecap">round</CssParameter>
      </LineSymbolizer>
    </Rule>
</Style>
<Style name="tracks-notunnel-nobridge">
    <Rule>
      <Filter>[tracktype]='grade1'</Filter>
      <MaxScaleDenominator>50000</MaxScaleDenominator>
      <LineSymbolizer>
        <CssParameter name="stroke">#ffffff</CssParameter>
        <CssParameter name="stroke-width">3.5</CssParameter>
        <CssParameter name="stroke-opacity">0.4</CssParameter>
      </LineSymbolizer>
      <LineSymbolizer>
        <CssParameter name="stroke">#767676</CssParameter>
        <CssParameter name="stroke-width">2</CssParameter>
        <CssParameter name="stroke-opacity">0.7</CssParameter>
      </LineSymbolizer>
    </Rule>
    <Rule>
      <Filter>[tracktype]='grade2'</Filter>
      <MaxScaleDenominator>50000</MaxScaleDenominator>
      <LineSymbolizer>
        <CssParameter name="stroke">#ffffff</CssParameter>
        <CssParameter name="stroke-width">3</CssParameter>
        <CssParameter name="stroke-linejoin">round</CssParameter>
        <CssParameter name="stroke-linecap">round</CssParameter>
        <CssParameter name="stroke-opacity">0.4</CssParameter>
      </LineSymbolizer>
      <LineSymbolizer>
        <CssParameter name="stroke">#6f6f6f</CssParameter>
        <CssParameter name="stroke-width">1.5</CssParameter>
        <CssParameter name="stroke-dasharray">9,4</CssParameter>
        <CssParameter name="stroke-linejoin">round</CssParameter>
        <CssParameter name="stroke-linecap">round</CssParameter>
        <CssParameter name="stroke-opacity">0.8</CssParameter>
      </LineSymbolizer>
    </Rule>
    <Rule>
      <Filter>[tracktype]='grade3'</Filter>
      <MaxScaleDenominator>50000</MaxScaleDenominator>
      <LineSymbolizer>
        <CssParameter name="stroke">#ffffff</CssParameter>
        <CssParameter name="stroke-width">3</CssParameter>
        <CssParameter name="stroke-linejoin">round</CssParameter>
        <CssParameter name="stroke-linecap">round</CssParameter>
        <CssParameter name="stroke-opacity">0.4</CssParameter>
      </LineSymbolizer>
      <LineSymbolizer>
        <CssParameter name="stroke">#656565</CssParameter>
        <CssParameter name="stroke-width">1.5</CssParameter>
        <CssParameter name="stroke-dasharray">3,4</CssParameter>
        <CssParameter name="stroke-linejoin">round</CssParameter>
        <CssParameter name="stroke-linecap">round</CssParameter>
        <CssParameter name="stroke-opacity">0.8</CssParameter>
      </LineSymbolizer>
    </Rule>
    <Rule>
      <Filter>[tracktype]='grade4'</Filter>
      <MaxScaleDenominator>50000</MaxScaleDenominator>
      <LineSymbolizer>
        <CssParameter name="stroke">#ffffff</CssParameter>
        <CssParameter name="stroke-width">3</CssParameter>
        <CssParameter name="stroke-linejoin">round</CssParameter>
        <CssParameter name="stroke-linecap">round</CssParameter>
        <CssParameter name="stroke-opacity">0.4</CssParameter>
      </LineSymbolizer>
      <LineSymbolizer>
        <CssParameter name="stroke">#656565</CssParameter>
        <CssParameter name="stroke-width">2</CssParameter>
        <CssParameter name="stroke-dasharray">4,7,1,5</CssParameter>
        <CssParameter name="stroke-linejoin">round</CssParameter>
        <CssParameter name="stroke-linecap">round</CssParameter>
        <CssParameter name="stroke-opacity">0.8</CssParameter>
      </LineSymbolizer>
    </Rule>
    <Rule>
      <Filter>[tracktype]='grade5'</Filter>
      <MaxScaleDenominator>50000</MaxScaleDenominator>
      <LineSymbolizer>
        <CssParameter name="stroke">#ffffff</CssParameter>
        <CssParameter name="stroke-width">3</CssParameter>
        <CssParameter name="stroke-linejoin">round</CssParameter>
        <CssParameter name="stroke-linecap">round</CssParameter>
        <CssParameter name="stroke-opacity">0.4</CssParameter>
      </LineSymbolizer>
      <LineSymbolizer>
        <CssParameter name="stroke">#656565</CssParameter>
        <CssParameter name="stroke-width">2</CssParameter>
        <CssParameter name="stroke-dasharray">1,5</CssParameter>
        <CssParameter name="stroke-linejoin">round</CssParameter>
        <CssParameter name="stroke-linecap">round</CssParameter>
        <CssParameter name="stroke-opacity">0.8</CssParameter>
      </LineSymbolizer>
    </Rule>
    <Rule>
      <ElseFilter/>
      <MaxScaleDenominator>50000</MaxScaleDenominator>
      <LineSymbolizer>
        <CssParameter name="stroke">#ffffff</CssParameter>
        <CssParameter name="stroke-width">3</CssParameter>
        <CssParameter name="stroke-linejoin">round</CssParameter>
        <CssParameter name="stroke-linecap">round</CssParameter>
        <CssParameter name="stroke-opacity">0.4</CssParameter>
      </LineSymbolizer>
      <LineSymbolizer>
        <CssParameter name="stroke">#656565</CssParameter>
        <CssParameter name="stroke-width">1.5</CssParameter>
        <CssParameter name="stroke-dasharray">3,4</CssParameter>
        <CssParameter name="stroke-linejoin">round</CssParameter>
        <CssParameter name="stroke-linecap">round</CssParameter>
      </LineSymbolizer>
     </Rule>    
</Style>
<Style name="tracks-tunnels">
    <Rule>
     <Filter>[tracktype]='grade1'</Filter>
     <MaxScaleDenominator>50000</MaxScaleDenominator>
     <LineSymbolizer>
        <CssParameter name="stroke">#808080</CssParameter>
        <CssParameter name="stroke-width">5</CssParameter>
        <CssParameter name="stroke-dasharray">4,2</CssParameter>
      </LineSymbolizer>
      <LineSymbolizer>
        <CssParameter name="stroke">#ffffff</CssParameter>
        <CssParameter name="stroke-width">3.5</CssParameter>
      </LineSymbolizer>
      <LineSymbolizer>
        <CssParameter name="stroke">#767676</CssParameter>
        <CssParameter name="stroke-width">2</CssParameter>
        <CssParameter name="stroke-opacity">0.5</CssParameter>
      </LineSymbolizer>
    </Rule>
    <Rule>
     <Filter>[tracktype]='grade2'</Filter>
     <MaxScaleDenominator>50000</MaxScaleDenominator>
     <LineSymbolizer>
        <CssParameter name="stroke">#808080</CssParameter>
        <CssParameter name="stroke-width">4.5</CssParameter>
        <CssParameter name="stroke-dasharray">4,2</CssParameter>
      </LineSymbolizer>
      <LineSymbolizer>
        <CssParameter name="stroke">#ffffff</CssParameter>
        <CssParameter name="stroke-width">3</CssParameter>
        <CssParameter name="stroke-linejoin">round</CssParameter>
        <CssParameter name="stroke-linecap">round</CssParameter>
      </LineSymbolizer>
      <LineSymbolizer>
        <CssParameter name="stroke">#6f6f6f</CssParameter>
        <CssParameter name="stroke-width">1.5</CssParameter>
        <CssParameter name="stroke-dasharray">3,4</CssParameter>
        <CssParameter name="stroke-linejoin">round</CssParameter>
        <CssParameter name="stroke-linecap">round</CssParameter>
        <CssParameter name="stroke-opacity">0.5</CssParameter>
      </LineSymbolizer>
    </Rule>
    <Rule>
     <Filter>[tracktype]='grade3'</Filter>
     <MaxScaleDenominator>50000</MaxScaleDenominator>
     <LineSymbolizer>
        <CssParameter name="stroke">#808080</CssParameter>
        <CssParameter name="stroke-width">4.5</CssParameter>
        <CssParameter name="stroke-dasharray">4,2</CssParameter>
      </LineSymbolizer>
      <LineSymbolizer>
        <CssParameter name="stroke">#ffffff</CssParameter>
        <CssParameter name="stroke-width">3.5</CssParameter>
        <CssParameter name="stroke-linejoin">round</CssParameter>
        <CssParameter name="stroke-linecap">round</CssParameter>
      </LineSymbolizer>
      <LineSymbolizer>
        <CssParameter name="stroke">#656565</CssParameter>
        <CssParameter name="stroke-width">2</CssParameter>
        <CssParameter name="stroke-linejoin">round</CssParameter>
        <CssParameter name="stroke-linecap">round</CssParameter>
        <CssParameter name="stroke-opacity">0.5</CssParameter>
      </LineSymbolizer>
    </Rule>
    <Rule>
     <Filter>[tracktype]='grade4'</Filter>
     <MaxScaleDenominator>50000</MaxScaleDenominator>
     <LineSymbolizer>
        <CssParameter name="stroke">#808080</CssParameter>
        <CssParameter name="stroke-width">4.5</CssParameter>
        <CssParameter name="stroke-dasharray">4,2</CssParameter>
      </LineSymbolizer>
      <LineSymbolizer>
        <CssParameter name="stroke">#ffffff</CssParameter>
        <CssParameter name="stroke-width">3</CssParameter>
        <CssParameter name="stroke-linejoin">round</CssParameter>
        <CssParameter name="stroke-linecap">round</CssParameter>
      </LineSymbolizer>
      <LineSymbolizer>
        <CssParameter name="stroke">#656565</CssParameter>
        <CssParameter name="stroke-width">2</CssParameter>
        <CssParameter name="stroke-dasharray">4,7,1,5</CssParameter>
        <CssParameter name="stroke-linejoin">round</CssParameter>
        <CssParameter name="stroke-linecap">round</CssParameter>
        <CssParameter name="stroke-opacity">0.5</CssParameter>
      </LineSymbolizer>
    </Rule>
    <Rule>
     <Filter>[tracktype]='grade5'</Filter>
     <MaxScaleDenominator>50000</MaxScaleDenominator>
     <LineSymbolizer>
        <CssParameter name="stroke">#808080</CssParameter>
        <CssParameter name="stroke-width">4.5</CssParameter>
        <CssParameter name="stroke-dasharray">4,2</CssParameter>
      </LineSymbolizer>
      <LineSymbolizer>
        <CssParameter name="stroke">#ffffff</CssParameter>
        <CssParameter name="stroke-width">3</CssParameter>
        <CssParameter name="stroke-linejoin">round</CssParameter>
        <CssParameter name="stroke-linecap">round</CssParameter>
      </LineSymbolizer>
      <LineSymbolizer>
        <CssParameter name="stroke">#656565</CssParameter>
        <CssParameter name="stroke-width">2</CssParameter>
        <CssParameter name="stroke-dasharray">1,5</CssParameter>
        <CssParameter name="stroke-linejoin">round</CssParameter>
        <CssParameter name="stroke-linecap">round</CssParameter>
        <CssParameter name="stroke-opacity">0.5</CssParameter>
      </LineSymbolizer>
    </Rule>
    <Rule>
      <ElseFilter/>
      <MaxScaleDenominator>50000</MaxScaleDenominator>
     <LineSymbolizer>
        <CssParameter name="stroke">#808080</CssParameter>
        <CssParameter name="stroke-width">4.5</CssParameter>
        <CssParameter name="stroke-dasharray">4,2</CssParameter>
      </LineSymbolizer>
      <LineSymbolizer>
        <CssParameter name="stroke">#ffffff</CssParameter>
        <CssParameter name="stroke-width">3</CssParameter>
        <CssParameter name="stroke-linejoin">round</CssParameter>
        <CssParameter name="stroke-linecap">round</CssParameter>
      </LineSymbolizer>
      <LineSymbolizer>
        <CssParameter name="stroke">#656565</CssParameter>
        <CssParameter name="stroke-width">1.5</CssParameter>
        <CssParameter name="stroke-dasharray">3,4</CssParameter>
        <CssParameter name="stroke-linejoin">round</CssParameter>
        <CssParameter name="stroke-linecap">round</CssParameter>
        <CssParameter name="stroke-opacity">0.5</CssParameter>
      </LineSymbolizer>
     </Rule>    
</Style>
<Style name="waterway-bridges">
    <Rule>
      <MaxScaleDenominator>50000</MaxScaleDenominator>
      <MinScaleDenominator>5000</MinScaleDenominator>
      <LineSymbolizer>
        <CssParameter name="stroke">#000000</CssParameter>
        <CssParameter name="stroke-width">7</CssParameter>
        <CssParameter name="stroke-linejoin">round</CssParameter>
      </LineSymbolizer>
      <LineSymbolizer>
        <CssParameter name="stroke">#c9c9c9</CssParameter>
        <CssParameter name="stroke-width">6</CssParameter>
        <CssParameter name="stroke-linejoin">round</CssParameter>
        <CssParameter name="stroke-linecap">round</CssParameter>
      </LineSymbolizer>
      <TextSymbolizer name="name" fontset_name="book-fonts" size="9" fill="#929292" halo_radius="1" placement="line"/>
    </Rule>
    <Rule>
      <MaxScaleDenominator>5000</MaxScaleDenominator>
      
      <LineSymbolizer>
        <CssParameter name="stroke">#000000</CssParameter>
        <CssParameter name="stroke-width">11</CssParameter>
        <CssParameter name="stroke-linejoin">round</CssParameter>
      </LineSymbolizer>
      <LineSymbolizer>
        <CssParameter name="stroke">#c9c9c9</CssParameter>
        <CssParameter name="stroke-width">10</CssParameter>
        <CssParameter name="stroke-linejoin">round</CssParameter>
        <CssParameter name="stroke-linecap">round</CssParameter>
      </LineSymbolizer>
      <TextSymbolizer name="name" fontset_name="book-fonts" size="9" fill="#929292" halo_radius="1" placement="line"/>
    </Rule>
</Style>
<Style name="bridges_casing">
     <Rule>
      <Filter>[highway] = 'motorway' or [highway]='motorway_link'</Filter>
      <MaxScaleDenominator>200000</MaxScaleDenominator>
      <MinScaleDenominator>100000</MinScaleDenominator>
        <LineSymbolizer>
        <CssParameter name="stroke">#5e5e5e</CssParameter>
        <CssParameter name="stroke-width">3</CssParameter>
      </LineSymbolizer>
    </Rule>
    <Rule>
      <Filter>[highway] = 'motorway' or [highway]='motorway_link'</Filter>
      <MaxScaleDenominator>100000</MaxScaleDenominator>
      <MinScaleDenominator>25000</MinScaleDenominator>
        <LineSymbolizer>
        <CssParameter name="stroke">#000000</CssParameter>
        <CssParameter name="stroke-width">6.5</CssParameter>
      </LineSymbolizer>
    </Rule>    
    <Rule>
      <Filter>[highway] = 'motorway' or [highway]='motorway_link'</Filter>
      <MaxScaleDenominator>25000</MaxScaleDenominator>
      <MinScaleDenominator>5000</MinScaleDenominator>
        <LineSymbolizer>
        <CssParameter name="stroke">#000000</CssParameter>
        <CssParameter name="stroke-width">9</CssParameter>
      </LineSymbolizer>
    </Rule>
    <Rule>
      <Filter>[highway] = 'motorway' or [highway]='motorway_link'</Filter>
      <MaxScaleDenominator>5000</MaxScaleDenominator>
      
        <LineSymbolizer>
        <CssParameter name="stroke">#000000</CssParameter>
        <CssParameter name="stroke-width">12</CssParameter>
      </LineSymbolizer>
    </Rule>
    <Rule>
      <Filter>[highway] = 'trunk' or [highway]='trunk_link'</Filter>
      <MaxScaleDenominator>200000</MaxScaleDenominator>
      <MinScaleDenominator>100000</MinScaleDenominator>
        <LineSymbolizer>
        <CssParameter name="stroke">#616161</CssParameter>
        <CssParameter name="stroke-width">4</CssParameter>
      </LineSymbolizer>
    </Rule>
    <Rule>
      <Filter>[highway] = 'trunk' or [highway]='trunk_link'</Filter>
      <MaxScaleDenominator>100000</MaxScaleDenominator>
      <MinScaleDenominator>25000</MinScaleDenominator>
        <LineSymbolizer>
        <CssParameter name="stroke">#000000</CssParameter>
        <CssParameter name="stroke-width">8</CssParameter>
      </LineSymbolizer>
    </Rule>
    <Rule>
      <Filter>[highway] = 'trunk' or [highway]='trunk_link'</Filter>
      <MaxScaleDenominator>25000</MaxScaleDenominator>
      <MinScaleDenominator>5000</MinScaleDenominator>
        <LineSymbolizer>
        <CssParameter name="stroke">#000000</CssParameter>
        <CssParameter name="stroke-width">11</CssParameter>
      </LineSymbolizer>
    </Rule>
    <Rule>
      <Filter>[highway] = 'trunk' or [highway]='trunk_link'</Filter>
      <MaxScaleDenominator>5000</MaxScaleDenominator>
      
        <LineSymbolizer>
        <CssParameter name="stroke">#000000</CssParameter>
        <CssParameter name="stroke-width">16</CssParameter>
      </LineSymbolizer>
    </Rule>
    <Rule>
      <Filter>[highway] = 'primary' or [highway]='primary_link'</Filter>
      <MaxScaleDenominator>200000</MaxScaleDenominator>
      <MinScaleDenominator>100000</MinScaleDenominator>
        <LineSymbolizer>
        <CssParameter name="stroke">#555555</CssParameter>
        <CssParameter name="stroke-width">4</CssParameter>
      </LineSymbolizer>
    </Rule>
    <Rule>
      <Filter>[highway] = 'primary' or [highway]='primary_link'</Filter>
      <MaxScaleDenominator>100000</MaxScaleDenominator>
      <MinScaleDenominator>25000</MinScaleDenominator>
        <LineSymbolizer>
        <CssParameter name="stroke">#000000</CssParameter>
        <CssParameter name="stroke-width">8</CssParameter>
      </LineSymbolizer>
    </Rule>
    <Rule>
      <Filter>[highway] = 'primary' or [highway]='primary_link'</Filter>
      <MaxScaleDenominator>25000</MaxScaleDenominator>
      <MinScaleDenominator>5000</MinScaleDenominator>
        <LineSymbolizer>
        <CssParameter name="stroke">#000000</CssParameter>
        <CssParameter name="stroke-width">11</CssParameter>
      </LineSymbolizer>
    </Rule>
    <Rule>
      <Filter>[highway] = 'primary' or [highway]='primary_link'</Filter>
      <MaxScaleDenominator>5000</MaxScaleDenominator>
      
        <LineSymbolizer>
        <CssParameter name="stroke">#000000</CssParameter>
        <CssParameter name="stroke-width">16</CssParameter>
      </LineSymbolizer>
    </Rule>
    <Rule>
      <Filter>[highway] = 'secondary' or [highway]='secondary_link'</Filter>
      <MaxScaleDenominator>100000</MaxScaleDenominator>
      <MinScaleDenominator>25000</MinScaleDenominator>
      <LineSymbolizer>
        <CssParameter name="stroke">#000000</CssParameter>
        <CssParameter name="stroke-width">10</CssParameter>
      </LineSymbolizer>
    </Rule>
    <Rule>
      <Filter>[highway] = 'secondary' or [highway]='secondary_link'</Filter>
      <MaxScaleDenominator>25000</MaxScaleDenominator>
      <MinScaleDenominator>5000</MinScaleDenominator>
      <LineSymbolizer>
        <CssParameter name="stroke">#000000</CssParameter>
        <CssParameter name="stroke-width">12</CssParameter>
      </LineSymbolizer>
    </Rule>
    <Rule>
      <Filter>[highway] = 'secondary' or [highway]='secondary_link'</Filter>
      <MaxScaleDenominator>5000</MaxScaleDenominator>
      
      <LineSymbolizer>
        <CssParameter name="stroke">#000000</CssParameter>
        <CssParameter name="stroke-width">16</CssParameter>
      </LineSymbolizer>
    </Rule>
    <Rule>
      <Filter>[highway] = 'tertiary' or [highway]='tertiary_link'</Filter>
      <MaxScaleDenominator>50000</MaxScaleDenominator>
      <MinScaleDenominator>25000</MinScaleDenominator>
      <LineSymbolizer>
        <CssParameter name="stroke">#000000</CssParameter>
        <CssParameter name="stroke-width">7.5</CssParameter>
      </LineSymbolizer>
    </Rule>
    <Rule>
      <Filter>[highway] = 'tertiary' or [highway]='tertiary_link'</Filter>
      <MaxScaleDenominator>25000</MaxScaleDenominator>
      <MinScaleDenominator>5000</MinScaleDenominator>
      <LineSymbolizer>
        <CssParameter name="stroke">#000000</CssParameter>
        <CssParameter name="stroke-width">11</CssParameter>
      </LineSymbolizer>
    </Rule>
    <Rule>
      <Filter>[highway] = 'tertiary' or [highway]='tertiary_link'</Filter>
      <MaxScaleDenominator>5000</MaxScaleDenominator>
      
      <LineSymbolizer>
        <CssParameter name="stroke">#000000</CssParameter>
        <CssParameter name="stroke-width">16</CssParameter>
      </LineSymbolizer>
    </Rule>
    <Rule>
      <Filter>[highway] = 'residential' or [highway] = 'unclassified' or [highway] = 'road'</Filter>
      <MaxScaleDenominator>50000</MaxScaleDenominator>
      <MinScaleDenominator>25000</MinScaleDenominator>
      <LineSymbolizer>
        <CssParameter name="stroke">#000000</CssParameter>
        <CssParameter name="stroke-width">4.5</CssParameter>
      </LineSymbolizer>
    </Rule>
    <Rule>
      <Filter>[highway] = 'residential' or [highway] = 'unclassified' or [highway] = 'road'</Filter>
      <MaxScaleDenominator>25000</MaxScaleDenominator>
      <MinScaleDenominator>12500</MinScaleDenominator>
      <LineSymbolizer>
        <CssParameter name="stroke">#000000</CssParameter>
        <CssParameter name="stroke-width">9</CssParameter>
      </LineSymbolizer>
    </Rule>
    <Rule>
      <Filter>[highway] = 'residential' or [highway] = 'unclassified' or [highway] = 'road'</Filter>
      <MaxScaleDenominator>12500</MaxScaleDenominator>
      <MinScaleDenominator>5000</MinScaleDenominator>
      <LineSymbolizer>
        <CssParameter name="stroke">#000000</CssParameter>
        <CssParameter name="stroke-width">11</CssParameter>
      </LineSymbolizer>
    </Rule>
    <Rule>
      <Filter>[highway] = 'residential' or [highway] = 'unclassified' or [highway] = 'road'</Filter>
      <MaxScaleDenominator>5000</MaxScaleDenominator>
      
      <LineSymbolizer>
        <CssParameter name="stroke">#000000</CssParameter>
        <CssParameter name="stroke-width">16</CssParameter>
      </LineSymbolizer>
    </Rule>
    <Rule>
      <Filter>[highway] = 'service'</Filter>
      <MaxScaleDenominator>50000</MaxScaleDenominator>
      <MinScaleDenominator>12500</MinScaleDenominator>
      <LineSymbolizer>
        <CssParameter name="stroke">#000000</CssParameter>
        <CssParameter name="stroke-width">3</CssParameter>
      </LineSymbolizer>
    </Rule>
    <Rule>
      <Filter>[highway] = 'service'</Filter>
      <MaxScaleDenominator>12500</MaxScaleDenominator>
      
      <LineSymbolizer>
        <CssParameter name="stroke">#000000</CssParameter>
        <CssParameter name="stroke-width">8</CssParameter>
      </LineSymbolizer>
    </Rule>
    <Rule>
      <Filter>[highway] = 'pedestrian'</Filter>
      <MaxScaleDenominator>100000</MaxScaleDenominator>
      <MinScaleDenominator>50000</MinScaleDenominator>
      <LineSymbolizer>
        <CssParameter name="stroke">#000000</CssParameter>
        <CssParameter name="stroke-width">2.2</CssParameter>
      </LineSymbolizer>
    </Rule>
    <Rule>
      <Filter>[highway] = 'pedestrian'</Filter>
      <MaxScaleDenominator>50000</MaxScaleDenominator>
      <MinScaleDenominator>25000</MinScaleDenominator>
      <LineSymbolizer>
        <CssParameter name="stroke">#000000</CssParameter>
        <CssParameter name="stroke-width">3.8</CssParameter>
      </LineSymbolizer>
    </Rule>
    <Rule>
      <Filter>[highway] = 'pedestrian'</Filter>
      <MaxScaleDenominator>25000</MaxScaleDenominator>
      <MinScaleDenominator>12500</MinScaleDenominator>
      <LineSymbolizer>
        <CssParameter name="stroke">#000000</CssParameter>
        <CssParameter name="stroke-width">7</CssParameter>
      </LineSymbolizer>
    </Rule>
    <Rule>
      <Filter>[highway] = 'pedestrian'</Filter>
      <MaxScaleDenominator>12500</MaxScaleDenominator>
      <LineSymbolizer>
        <CssParameter name="stroke">#000000</CssParameter>
        <CssParameter name="stroke-width">9.5</CssParameter>
      </LineSymbolizer>
    </Rule>
    <Rule>
      <Filter>[aeroway] = 'runway'</Filter>
      <MaxScaleDenominator>50000</MaxScaleDenominator>
      <LineSymbolizer>
        <CssParameter name="stroke">#000000</CssParameter>
        <CssParameter name="stroke-width">19</CssParameter>
      </LineSymbolizer>
    </Rule>
    <Rule>
      <Filter>[aeroway] = 'taxiway'</Filter>
      <MaxScaleDenominator>50000</MaxScaleDenominator>
      <MinScaleDenominator>25000</MinScaleDenominator>
      <LineSymbolizer>
        <CssParameter name="stroke">#000000</CssParameter>
        <CssParameter name="stroke-width">5</CssParameter>
      </LineSymbolizer>
    </Rule>
    <Rule>
      <Filter>[aeroway] = 'taxiway'</Filter>
      <MaxScaleDenominator>25000</MaxScaleDenominator>
      <LineSymbolizer>
        <CssParameter name="stroke">#000000</CssParameter>
        <CssParameter name="stroke-width">7</CssParameter>
      </LineSymbolizer>
    </Rule>
     <Rule>
      <MaxScaleDenominator>50000</MaxScaleDenominator>
      
      <Filter>[railway]='subway'</Filter>
      <LineSymbolizer>
        <CssParameter name="stroke">#000000</CssParameter>
        <CssParameter name="stroke-width">5.5</CssParameter>
      </LineSymbolizer>
     </Rule>
     <Rule>
      <MaxScaleDenominator>50000</MaxScaleDenominator>
      
      <Filter>[railway]='light_rail' or [railway]='narrow_gauge'</Filter>
      <LineSymbolizer>
        <CssParameter name="stroke">#555555</CssParameter>
        <CssParameter name="stroke-width">5.5</CssParameter>
      </LineSymbolizer>
    </Rule>
    <Rule>
      <Filter>[highway] = 'unsurfaced'</Filter>
      <MaxScaleDenominator>100000</MaxScaleDenominator>
      <MinScaleDenominator>50000</MinScaleDenominator>
      <LineSymbolizer>
        <CssParameter name="stroke">#000000</CssParameter>
        <CssParameter name="stroke-width">5</CssParameter>
      </LineSymbolizer>
    </Rule>
    <Rule>
      <Filter>[highway] = 'unsurfaced'</Filter>
      <MaxScaleDenominator>50000</MaxScaleDenominator>
      <LineSymbolizer>
        <CssParameter name="stroke">#000000</CssParameter>
        <CssParameter name="stroke-width">6.5</CssParameter>
      </LineSymbolizer>
    </Rule>
    <Rule>
      <Filter>[highway] = 'bridleway' or ([highway] = 'path' and [horse] = 'designated')</Filter>
      <MaxScaleDenominator>50000</MaxScaleDenominator>
      <LineSymbolizer>
        <CssParameter name="stroke">#000000</CssParameter>
        <CssParameter name="stroke-width">5.5</CssParameter>
      </LineSymbolizer>
    </Rule>
    <Rule>
      <Filter>[highway] = 'footway' or ([highway] = 'path' and [foot] = 'designated')</Filter>
      <MaxScaleDenominator>50000</MaxScaleDenominator>
      <LineSymbolizer>
        <CssParameter name="stroke">#000000</CssParameter>
        <CssParameter name="stroke-width">6</CssParameter>
      </LineSymbolizer>
    </Rule>
    <Rule>
      <Filter>[highway] = 'path' and not ([bicycle] = 'designated' or [foot] = 'designated' or [horse] = 'designated')</Filter>
      <MaxScaleDenominator>50000</MaxScaleDenominator>  
      <LineSymbolizer>
        <CssParameter name="stroke">#000000</CssParameter>
        <CssParameter name="stroke-width">4</CssParameter>
      </LineSymbolizer>      
    </Rule>         
    <Rule>
      <Filter>[highway] = 'cycleway' or ([highway] = 'path' and [bicycle] = 'designated')</Filter>
      <MaxScaleDenominator>50000</MaxScaleDenominator>
      <LineSymbolizer>
        <CssParameter name="stroke">#000000</CssParameter>
        <CssParameter name="stroke-width">5.5</CssParameter>
      </LineSymbolizer>
    </Rule>
    <Rule>
      <Filter>[highway] = 'byway'</Filter>
      <MaxScaleDenominator>50000</MaxScaleDenominator>
      <LineSymbolizer>
        <CssParameter name="stroke">#000000</CssParameter>
        <CssParameter name="stroke-width">5.5</CssParameter>
      </LineSymbolizer>
    </Rule>
    <Rule>
      <MaxScaleDenominator>100000</MaxScaleDenominator>
      
      <Filter>[railway] = 'rail'</Filter>
      <LineSymbolizer>
        <CssParameter name="stroke">#000000</CssParameter>
        <CssParameter name="stroke-width">6.5</CssParameter>
        <CssParameter name="stroke-linejoin">round</CssParameter>
      </LineSymbolizer>
    </Rule>
    <Rule>
      <MaxScaleDenominator>100000</MaxScaleDenominator>
      
      <Filter>[railway] = 'INT-spur-siding-yard'</Filter>
      <LineSymbolizer>
        <CssParameter name="stroke">#000000</CssParameter>
        <CssParameter name="stroke-width">5.7</CssParameter>
        <CssParameter name="stroke-linejoin">round</CssParameter>
      </LineSymbolizer>
    </Rule>
    <Rule>
      <MaxScaleDenominator>100000</MaxScaleDenominator>
      
      <Filter>([railway] = 'disused' or [railway] = 'abandoned' or [railway]='construction') and not [highway] != ''</Filter>
      <LineSymbolizer>
        <CssParameter name="stroke">#000000</CssParameter>
        <CssParameter name="stroke-width">6</CssParameter>
      </LineSymbolizer>
    </Rule>
    <Rule>
     <Filter>[highway] = 'track' and [tracktype] = 'grade1'</Filter>
     <MaxScaleDenominator>50000</MaxScaleDenominator>
     <LineSymbolizer>
        <CssParameter name="stroke">#000000</CssParameter>
        <CssParameter name="stroke-width">5</CssParameter>
      </LineSymbolizer>
    </Rule>
    <Rule>
     <Filter>[highway] = 'track' and [tracktype] = 'grade2'</Filter>
     <MaxScaleDenominator>50000</MaxScaleDenominator>
     <LineSymbolizer>
        <CssParameter name="stroke">#000000</CssParameter>
        <CssParameter name="stroke-width">4.5</CssParameter>
      </LineSymbolizer>
    </Rule>
    <Rule>
     <Filter>[highway] = 'track' and [tracktype] = 'grade3'</Filter>
     <MaxScaleDenominator>50000</MaxScaleDenominator>
     <LineSymbolizer>
        <CssParameter name="stroke">#000000</CssParameter>
        <CssParameter name="stroke-width">4.5</CssParameter>
      </LineSymbolizer>
    </Rule>
    <Rule>
     <Filter>[highway] = 'track' and [tracktype] = 'grade4'</Filter>
     <MaxScaleDenominator>50000</MaxScaleDenominator>
     <LineSymbolizer>
        <CssParameter name="stroke">#000000</CssParameter>
        <CssParameter name="stroke-width">4.5</CssParameter>
      </LineSymbolizer>
    </Rule>
    <Rule>
     <Filter>[highway] = 'track' and [tracktype] = 'grade5'</Filter>
     <MaxScaleDenominator>50000</MaxScaleDenominator>
     <LineSymbolizer>
        <CssParameter name="stroke">#000000</CssParameter>
        <CssParameter name="stroke-width">4.5</CssParameter>
      </LineSymbolizer>
    </Rule>
    <Rule>
      <Filter>[highway] = 'track' and not [tracktype] != ''</Filter>
      <MaxScaleDenominator>50000</MaxScaleDenominator>
     <LineSymbolizer>
        <CssParameter name="stroke">#000000</CssParameter>
        <CssParameter name="stroke-width">4.5</CssParameter>
      </LineSymbolizer>
     </Rule>    
</Style>
<Style name="bridges_casing2">
    <Rule>
      <MaxScaleDenominator>50000</MaxScaleDenominator>
      
      <Filter>[railway]='subway'</Filter>
      <LineSymbolizer>
        <CssParameter name="stroke">#ffffff</CssParameter>
        <CssParameter name="stroke-width">4</CssParameter>
      </LineSymbolizer>
    </Rule>
    <Rule>
      <MaxScaleDenominator>50000</MaxScaleDenominator>
      
      <Filter>[railway]='light_rail' or [railway]='narrow_gauge'</Filter>
      <LineSymbolizer>
        <CssParameter name="stroke">#ffffff</CssParameter>
        <CssParameter name="stroke-width">4</CssParameter>
      </LineSymbolizer>
    </Rule>
    <Rule>
      <Filter>[highway] = 'unsurfaced'</Filter>
      <MaxScaleDenominator>100000</MaxScaleDenominator>
      <MinScaleDenominator>50000</MinScaleDenominator>
      <LineSymbolizer>
        <CssParameter name="stroke">#ffffff</CssParameter>
        <CssParameter name="stroke-width">4</CssParameter>
        <CssParameter name="stroke-linejoin">round</CssParameter>
        <CssParameter name="stroke-linecap">round</CssParameter>
      </LineSymbolizer>
    </Rule>
    <Rule>
      <Filter>[highway] = 'unsurfaced'</Filter>
      <MaxScaleDenominator>50000</MaxScaleDenominator>
      <LineSymbolizer>
        <CssParameter name="stroke">#ffffff</CssParameter>
        <CssParameter name="stroke-width">5</CssParameter>
        <CssParameter name="stroke-linejoin">round</CssParameter>
        <CssParameter name="stroke-linecap">round</CssParameter>
      </LineSymbolizer>
    </Rule>
    <Rule>
      <Filter>[highway] = 'bridleway' or ([highway] = 'path' and [horse] = 'designated')</Filter>
      <MaxScaleDenominator>50000</MaxScaleDenominator>
      <LineSymbolizer>
        <CssParameter name="stroke">#ffffff</CssParameter>
        <CssParameter name="stroke-width">4</CssParameter>
        <CssParameter name="stroke-linejoin">round</CssParameter>
        <CssParameter name="stroke-linecap">round</CssParameter>
      </LineSymbolizer>
    </Rule>
    <Rule>
      <Filter>[highway] = 'footway' or ([highway] = 'path' and [foot] = 'designated')</Filter>
      <MaxScaleDenominator>50000</MaxScaleDenominator>
      <LineSymbolizer>
        <CssParameter name="stroke">#ffffff</CssParameter>
        <CssParameter name="stroke-width">4.5</CssParameter>
        <CssParameter name="stroke-linejoin">round</CssParameter>
        <CssParameter name="stroke-linecap">round</CssParameter>
      </LineSymbolizer>
    </Rule>
    <Rule>
      <Filter>[highway] = 'path' and not ([bicycle] = 'designated' or [foot] = 'designated' or [horse] = 'designated')</Filter>
      <MaxScaleDenominator>50000</MaxScaleDenominator>  
      <LineSymbolizer>
        <CssParameter name="stroke">#ffffff</CssParameter>
        <CssParameter name="stroke-width">2.5</CssParameter>
        <CssParameter name="stroke-linejoin">round</CssParameter>
        <CssParameter name="stroke-linecap">round</CssParameter>
      </LineSymbolizer>       
    </Rule>         
    <Rule>
      <Filter>[highway] = 'cycleway' or ([highway] = 'path' and [bicycle] = 'designated')</Filter>
      <MaxScaleDenominator>50000</MaxScaleDenominator>
      <LineSymbolizer>
        <CssParameter name="stroke">#ffffff</CssParameter>
        <CssParameter name="stroke-width">4</CssParameter>
        <CssParameter name="stroke-linejoin">round</CssParameter>
        <CssParameter name="stroke-linecap">round</CssParameter>
      </LineSymbolizer>
    </Rule>
    <Rule>
      <Filter>[highway] = 'byway'</Filter>
      <MaxScaleDenominator>50000</MaxScaleDenominator>
      <LineSymbolizer>
        <CssParameter name="stroke">#ffffff</CssParameter>
        <CssParameter name="stroke-width">4</CssParameter>
        <CssParameter name="stroke-linejoin">round</CssParameter>
        <CssParameter name="stroke-linecap">round</CssParameter>
      </LineSymbolizer>
    </Rule>
    <Rule>
      <MaxScaleDenominator>100000</MaxScaleDenominator>
      
      <Filter>[railway] = 'rail'</Filter>
      <LineSymbolizer>
        <CssParameter name="stroke">#ffffff</CssParameter>
        <CssParameter name="stroke-width">5</CssParameter>
        <CssParameter name="stroke-linejoin">round</CssParameter>
      </LineSymbolizer>
    </Rule>
    <Rule>
      <MaxScaleDenominator>100000</MaxScaleDenominator>
      
      <Filter>[railway] = 'INT-spur-siding-yard'</Filter>
      <LineSymbolizer>
        <CssParameter name="stroke">#ffffff</CssParameter>
        <CssParameter name="stroke-width">4</CssParameter>
        <CssParameter name="stroke-linejoin">round</CssParameter>
      </LineSymbolizer>
    </Rule>
    <Rule>
      <MaxScaleDenominator>100000</MaxScaleDenominator>
      
      <Filter>([railway] = 'disused' or [railway] = 'abandoned' or [railway]='construction') and not [highway] != ''</Filter>
      <LineSymbolizer>
        <CssParameter name="stroke">#ffffff</CssParameter>
        <CssParameter name="stroke-width">4.5</CssParameter>
        <CssParameter name="stroke-linejoin">round</CssParameter>
        <CssParameter name="stroke-linecap">round</CssParameter>
      </LineSymbolizer>
    </Rule>
    <Rule>
     <Filter>[highway] = 'track' and [tracktype] = 'grade1'</Filter>
     <MaxScaleDenominator>50000</MaxScaleDenominator>
      <LineSymbolizer>
        <CssParameter name="stroke">#ffffff</CssParameter>
        <CssParameter name="stroke-width">3.5</CssParameter>
      </LineSymbolizer>
    </Rule>
    <Rule>
     <Filter>[highway] = 'track' and [tracktype] = 'grade2'</Filter>
     <MaxScaleDenominator>50000</MaxScaleDenominator>
      <LineSymbolizer>
        <CssParameter name="stroke">#ffffff</CssParameter>
        <CssParameter name="stroke-width">3</CssParameter>
        <CssParameter name="stroke-linejoin">round</CssParameter>
        <CssParameter name="stroke-linecap">round</CssParameter>
      </LineSymbolizer>
    </Rule>
    <Rule>
     <Filter>[highway] = 'track' and [tracktype] = 'grade3'</Filter>
     <MaxScaleDenominator>50000</MaxScaleDenominator>
      <LineSymbolizer>
        <CssParameter name="stroke">#ffffff</CssParameter>
        <CssParameter name="stroke-width">3.5</CssParameter>
        <CssParameter name="stroke-linejoin">round</CssParameter>
        <CssParameter name="stroke-linecap">round</CssParameter>
      </LineSymbolizer>
    </Rule>
    <Rule>
     <Filter>[highway] = 'track' and [tracktype] = 'grade4'</Filter>
     <MaxScaleDenominator>50000</MaxScaleDenominator>
      <LineSymbolizer>
        <CssParameter name="stroke">#ffffff</CssParameter>
        <CssParameter name="stroke-width">3</CssParameter>
        <CssParameter name="stroke-linejoin">round</CssParameter>
        <CssParameter name="stroke-linecap">round</CssParameter>
      </LineSymbolizer>
    </Rule>
    <Rule>
     <Filter>[highway] = 'track' and [tracktype] = 'grade5'</Filter>
     <MaxScaleDenominator>50000</MaxScaleDenominator>
      <LineSymbolizer>
        <CssParameter name="stroke">#ffffff</CssParameter>
        <CssParameter name="stroke-width">3</CssParameter>
        <CssParameter name="stroke-linejoin">round</CssParameter>
        <CssParameter name="stroke-linecap">round</CssParameter>
      </LineSymbolizer>
    </Rule>
    <Rule>
      <Filter>[highway] = 'track' and not [tracktype] != ''</Filter>
      <MaxScaleDenominator>50000</MaxScaleDenominator>
      <LineSymbolizer>
        <CssParameter name="stroke">#ffffff</CssParameter>
        <CssParameter name="stroke-width">3</CssParameter>
        <CssParameter name="stroke-linejoin">round</CssParameter>
        <CssParameter name="stroke-linecap">round</CssParameter>
      </LineSymbolizer>
     </Rule>    
</Style>
<Style name="bridges_fill">
     <Rule>
      <Filter>[highway] = 'motorway' or [highway]='motorway_link'</Filter>
      <MaxScaleDenominator>200000</MaxScaleDenominator>
      <MinScaleDenominator>100000</MinScaleDenominator>
      <LineSymbolizer>
        <CssParameter name="stroke">#999999</CssParameter>
        <CssParameter name="stroke-width">2</CssParameter>
        <CssParameter name="stroke-linejoin">round</CssParameter>
        <CssParameter name="stroke-linecap">round</CssParameter>
      </LineSymbolizer>
    </Rule>   
    <Rule>
      <Filter>[highway] = 'motorway' or [highway]='motorway_link'</Filter>
      <MaxScaleDenominator>100000</MaxScaleDenominator>
      <MinScaleDenominator>25000</MinScaleDenominator>
      <LineSymbolizer>
        <CssParameter name="stroke">#999999</CssParameter>
        <CssParameter name="stroke-width">5.5</CssParameter>
        <CssParameter name="stroke-linejoin">round</CssParameter>
        <CssParameter name="stroke-linecap">round</CssParameter>
      </LineSymbolizer>
    </Rule>   
    <Rule>
      <Filter>[highway] = 'motorway' or [highway]='motorway_link'</Filter>
      <MaxScaleDenominator>25000</MaxScaleDenominator>
      <MinScaleDenominator>5000</MinScaleDenominator>
      <LineSymbolizer>
        <CssParameter name="stroke">#999999</CssParameter>
        <CssParameter name="stroke-width">7.5</CssParameter>
        <CssParameter name="stroke-linejoin">round</CssParameter>
        <CssParameter name="stroke-linecap">round</CssParameter>
      </LineSymbolizer>
    </Rule>
   <Rule>
      <Filter>[highway] = 'motorway' or [highway]='motorway_link'</Filter>
      <MaxScaleDenominator>5000</MaxScaleDenominator>
      
      <LineSymbolizer>
        <CssParameter name="stroke">#999999</CssParameter>
        <CssParameter name="stroke-width">10</CssParameter>
        <CssParameter name="stroke-linejoin">round</CssParameter>
        <CssParameter name="stroke-linecap">round</CssParameter>
      </LineSymbolizer>
    </Rule>
    <Rule>
      <Filter>[highway] = 'trunk' or [highway]='trunk_link'</Filter>
      <MaxScaleDenominator>200000</MaxScaleDenominator>
      <MinScaleDenominator>100000</MinScaleDenominator>
      <LineSymbolizer>
        <CssParameter name="stroke">#c7c7c7</CssParameter>
        <CssParameter name="stroke-width">3</CssParameter>
        <CssParameter name="stroke-linejoin">round</CssParameter>
        <CssParameter name="stroke-linecap">round</CssParameter>
      </LineSymbolizer>
    </Rule>
    <Rule>
      <Filter>[highway] = 'trunk' or [highway]='trunk_link'</Filter>
      <MaxScaleDenominator>100000</MaxScaleDenominator>
      <MinScaleDenominator>25000</MinScaleDenominator>
      <LineSymbolizer>
        <CssParameter name="stroke">#c7c7c7</CssParameter>
        <CssParameter name="stroke-width">7</CssParameter>
        <CssParameter name="stroke-linejoin">round</CssParameter>
        <CssParameter name="stroke-linecap">round</CssParameter>
      </LineSymbolizer>
    </Rule>
    <Rule>
      <Filter>[highway] = 'trunk' or [highway]='trunk_link'</Filter>
      <MaxScaleDenominator>25000</MaxScaleDenominator>
      <MinScaleDenominator>5000</MinScaleDenominator>
      <LineSymbolizer>
        <CssParameter name="stroke">#c7c7c7</CssParameter>
        <CssParameter name="stroke-width">9.5</CssParameter>
        <CssParameter name="stroke-linejoin">round</CssParameter>
        <CssParameter name="stroke-linecap">round</CssParameter>
      </LineSymbolizer>
    </Rule>
    <Rule>
      <Filter>[highway] = 'trunk' or [highway]='trunk_link'</Filter>
      <MaxScaleDenominator>5000</MaxScaleDenominator>
      
      <LineSymbolizer>
        <CssParameter name="stroke">#c7c7c7</CssParameter>
        <CssParameter name="stroke-width">14.5</CssParameter>
        <CssParameter name="stroke-linejoin">round</CssParameter>
        <CssParameter name="stroke-linecap">round</CssParameter>
      </LineSymbolizer>
    </Rule>
    <Rule>
      <Filter>[highway] = 'primary' or [highway]='primary_link'</Filter>
      <MaxScaleDenominator>200000</MaxScaleDenominator>
      <MinScaleDenominator>100000</MinScaleDenominator>
      <LineSymbolizer>
        <CssParameter name="stroke">#adadad</CssParameter>
        <CssParameter name="stroke-width">3</CssParameter>
        <CssParameter name="stroke-linejoin">round</CssParameter>
        <CssParameter name="stroke-linecap">round</CssParameter>
      </LineSymbolizer>
    </Rule>
    <Rule>
      <Filter>[highway] = 'primary' or [highway]='primary_link'</Filter>
      <MaxScaleDenominator>100000</MaxScaleDenominator>
      <MinScaleDenominator>25000</MinScaleDenominator>
      <LineSymbolizer>
        <CssParameter name="stroke">#adadad</CssParameter>
        <CssParameter name="stroke-width">7</CssParameter>
        <CssParameter name="stroke-linejoin">round</CssParameter>
        <CssParameter name="stroke-linecap">round</CssParameter>
      </LineSymbolizer>
    </Rule>   
    <Rule>
      <Filter>[highway] = 'primary' or [highway]='primary_link'</Filter>
      <MaxScaleDenominator>25000</MaxScaleDenominator>
      <MinScaleDenominator>5000</MinScaleDenominator>
      <LineSymbolizer>
        <CssParameter name="stroke">#adadad</CssParameter>
        <CssParameter name="stroke-width">9.5</CssParameter>
        <CssParameter name="stroke-linejoin">round</CssParameter>
        <CssParameter name="stroke-linecap">round</CssParameter>
      </LineSymbolizer>
    </Rule>
    <Rule>
      <Filter>[highway] = 'primary' or [highway]='primary_link'</Filter>
      <MaxScaleDenominator>5000</MaxScaleDenominator>
      
      <LineSymbolizer>
        <CssParameter name="stroke">#adadad</CssParameter>
        <CssParameter name="stroke-width">14.5</CssParameter>
        <CssParameter name="stroke-linejoin">round</CssParameter>
        <CssParameter name="stroke-linecap">round</CssParameter>
      </LineSymbolizer>
    </Rule>
    <Rule>
      <Filter>[highway] = 'secondary' or [highway] = 'secondary_link'</Filter>
      <MaxScaleDenominator>100000</MaxScaleDenominator>
      <MinScaleDenominator>25000</MinScaleDenominator>
      <LineSymbolizer>
        <CssParameter name="stroke">#dadada</CssParameter>
        <CssParameter name="stroke-width">9</CssParameter>
        <CssParameter name="stroke-linejoin">round</CssParameter>
        <CssParameter name="stroke-linecap">round</CssParameter>
      </LineSymbolizer>
    </Rule>
    <Rule>
      <Filter>[highway] = 'secondary' or [highway] = 'secondary_link'</Filter>
      <MaxScaleDenominator>25000</MaxScaleDenominator>
      <MinScaleDenominator>5000</MinScaleDenominator>
      <LineSymbolizer>
        <CssParameter name="stroke">#dadada</CssParameter>
        <CssParameter name="stroke-width">10.5</CssParameter>
        <CssParameter name="stroke-linejoin">round</CssParameter>
        <CssParameter name="stroke-linecap">round</CssParameter>
      </LineSymbolizer>
    </Rule>  
    <Rule>
      <Filter>[highway] = 'secondary' or [highway] = 'secondary_link'</Filter>
      <MaxScaleDenominator>5000</MaxScaleDenominator>
      
      <LineSymbolizer>
        <CssParameter name="stroke">#dadada</CssParameter>
        <CssParameter name="stroke-width">14.5</CssParameter>
        <CssParameter name="stroke-linejoin">round</CssParameter>
        <CssParameter name="stroke-linecap">round</CssParameter>
      </LineSymbolizer>
    </Rule>
    <Rule>
      <Filter>[highway] = 'tertiary' or [highway]='tertiary_link'</Filter>
      <MaxScaleDenominator>50000</MaxScaleDenominator>
      <MinScaleDenominator>25000</MinScaleDenominator>
      <LineSymbolizer>
        <CssParameter name="stroke">#f5f5f5</CssParameter>
        <CssParameter name="stroke-width">6</CssParameter>
        <CssParameter name="stroke-linejoin">round</CssParameter>
        <CssParameter name="stroke-linecap">round</CssParameter>
      </LineSymbolizer>
    </Rule>
    <Rule>
      <Filter>[highway] = 'tertiary' or [highway]='tertiary_link'</Filter>
      <MaxScaleDenominator>25000</MaxScaleDenominator>
      <MinScaleDenominator>5000</MinScaleDenominator>
      <LineSymbolizer>
        <CssParameter name="stroke">#f5f5f5</CssParameter>
        <CssParameter name="stroke-width">9.5</CssParameter>
        <CssParameter name="stroke-linejoin">round</CssParameter>
        <CssParameter name="stroke-linecap">round</CssParameter>
      </LineSymbolizer>
    </Rule>
    <Rule>
      <Filter>[highway] = 'tertiary' or [highway]='tertiary_link'</Filter>
      <MaxScaleDenominator>5000</MaxScaleDenominator>
      
      <LineSymbolizer>
        <CssParameter name="stroke">#f5f5f5</CssParameter>
        <CssParameter name="stroke-width">14</CssParameter>
        <CssParameter name="stroke-linejoin">round</CssParameter>
        <CssParameter name="stroke-linecap">round</CssParameter>
      </LineSymbolizer>
    </Rule>
    <Rule>
      <Filter>[highway] = 'road'</Filter>
      <MaxScaleDenominator>50000</MaxScaleDenominator>
      <MinScaleDenominator>25000</MinScaleDenominator>
      <LineSymbolizer>
        <CssParameter name="stroke">#dddddd</CssParameter>
        <CssParameter name="stroke-width">3.5</CssParameter>
        <CssParameter name="stroke-linejoin">round</CssParameter>
        <CssParameter name="stroke-linecap">round</CssParameter>
      </LineSymbolizer>
    </Rule>
    <Rule>
      <Filter>[highway] = 'road'</Filter>
      <MaxScaleDenominator>25000</MaxScaleDenominator>
      <MinScaleDenominator>5000</MinScaleDenominator>
      <LineSymbolizer>
        <CssParameter name="stroke">#dddddd</CssParameter>
        <CssParameter name="stroke-width">9.5</CssParameter>
        <CssParameter name="stroke-linejoin">round</CssParameter>
        <CssParameter name="stroke-linecap">round</CssParameter>
      </LineSymbolizer>
    </Rule>
    <Rule>
      <Filter>[highway] = 'road'</Filter>
      <MaxScaleDenominator>5000</MaxScaleDenominator>
      
      <LineSymbolizer>
        <CssParameter name="stroke">#dddddd</CssParameter>
        <CssParameter name="stroke-width">14</CssParameter>
        <CssParameter name="stroke-linejoin">round</CssParameter>
        <CssParameter name="stroke-linecap">round</CssParameter>
      </LineSymbolizer>
    </Rule>
    <Rule>
      <Filter>[highway] = 'residential' or [highway] = 'unclassified'</Filter>
      <MaxScaleDenominator>50000</MaxScaleDenominator>
      <MinScaleDenominator>25000</MinScaleDenominator>
      <LineSymbolizer>
        <CssParameter name="stroke">#ffffff</CssParameter>
        <CssParameter name="stroke-width">3.5</CssParameter>
        <CssParameter name="stroke-linejoin">round</CssParameter>
        <CssParameter name="stroke-linecap">round</CssParameter>
      </LineSymbolizer>
    </Rule>
   <Rule>
      <Filter>[highway] = 'residential' or [highway] = 'unclassified'</Filter>
      <MaxScaleDenominator>25000</MaxScaleDenominator>
      <MinScaleDenominator>12500</MinScaleDenominator>
      <LineSymbolizer>
        <CssParameter name="stroke">#ffffff</CssParameter>
        <CssParameter name="stroke-width">7.5</CssParameter>
        <CssParameter name="stroke-linejoin">round</CssParameter>
        <CssParameter name="stroke-linecap">round</CssParameter>
      </LineSymbolizer>
    </Rule>
    <Rule>
      <Filter>[highway] = 'residential' or [highway] = 'unclassified'</Filter>
      <MaxScaleDenominator>12500</MaxScaleDenominator>
      <MinScaleDenominator>5000</MinScaleDenominator>
      <LineSymbolizer>
        <CssParameter name="stroke">#ffffff</CssParameter>
        <CssParameter name="stroke-width">9.5</CssParameter>
        <CssParameter name="stroke-linejoin">round</CssParameter>
        <CssParameter name="stroke-linecap">round</CssParameter>
      </LineSymbolizer>
    </Rule>
    <Rule>
      <Filter>[highway] = 'residential' or [highway] = 'unclassified'</Filter>
      <MaxScaleDenominator>5000</MaxScaleDenominator>
      
      <LineSymbolizer>
        <CssParameter name="stroke">#ffffff</CssParameter>
        <CssParameter name="stroke-width">14</CssParameter>
        <CssParameter name="stroke-linejoin">round</CssParameter>
        <CssParameter name="stroke-linecap">round</CssParameter>
      </LineSymbolizer>
    </Rule>
    <Rule>
      <Filter>[highway] = 'service'</Filter>
      <MaxScaleDenominator>50000</MaxScaleDenominator>
      <MinScaleDenominator>12500</MinScaleDenominator>
      <LineSymbolizer>
        <CssParameter name="stroke">#ffffff</CssParameter>
        <CssParameter name="stroke-width">2</CssParameter>
        <CssParameter name="stroke-linejoin">round</CssParameter>
        <CssParameter name="stroke-linecap">round</CssParameter>
      </LineSymbolizer>
    </Rule>
    <Rule>
      <Filter>[highway] = 'service'</Filter>
      <MaxScaleDenominator>12500</MaxScaleDenominator>
      
      <LineSymbolizer>
        <CssParameter name="stroke">#ffffff</CssParameter>
        <CssParameter name="stroke-width">6</CssParameter>
        <CssParameter name="stroke-linejoin">round</CssParameter>
        <CssParameter name="stroke-linecap">round</CssParameter>
      </LineSymbolizer>
    </Rule>
    <Rule>
      <Filter>[highway] = 'pedestrian'</Filter>
      <MaxScaleDenominator>100000</MaxScaleDenominator>
      <MinScaleDenominator>50000</MinScaleDenominator>
      <LineSymbolizer>
        <CssParameter name="stroke">#ededed</CssParameter>
        <CssParameter name="stroke-width">1.5</CssParameter>
        <CssParameter name="stroke-linejoin">round</CssParameter>
        <CssParameter name="stroke-linecap">round</CssParameter>
      </LineSymbolizer>
    </Rule>
    <Rule>
      <Filter>[highway] = 'pedestrian'</Filter>
      <MaxScaleDenominator>50000</MaxScaleDenominator>
      <MinScaleDenominator>25000</MinScaleDenominator>
      <LineSymbolizer>
        <CssParameter name="stroke">#ededed</CssParameter>
        <CssParameter name="stroke-width">3</CssParameter>
        <CssParameter name="stroke-linejoin">round</CssParameter>
        <CssParameter name="stroke-linecap">round</CssParameter>
      </LineSymbolizer>
    </Rule>
    <Rule>
      <Filter>[highway] = 'pedestrian'</Filter>
      <MaxScaleDenominator>25000</MaxScaleDenominator>
      <MinScaleDenominator>12500</MinScaleDenominator>
      <LineSymbolizer>
        <CssParameter name="stroke">#ededed</CssParameter>
        <CssParameter name="stroke-width">5.5</CssParameter>
        <CssParameter name="stroke-linejoin">round</CssParameter>
        <CssParameter name="stroke-linecap">round</CssParameter>
      </LineSymbolizer>
    </Rule>
    <Rule>
      <Filter>[highway] = 'pedestrian'</Filter>
      <MaxScaleDenominator>12500</MaxScaleDenominator>
      <LineSymbolizer>
        <CssParameter name="stroke">#ededed</CssParameter>
        <CssParameter name="stroke-width">8</CssParameter>
        <CssParameter name="stroke-linejoin">round</CssParameter>
        <CssParameter name="stroke-linecap">round</CssParameter>
      </LineSymbolizer>
    </Rule>
    <Rule>
      <Filter>[aeroway] = 'runway'</Filter>
      <MaxScaleDenominator>50000</MaxScaleDenominator>
      <LineSymbolizer>
        <CssParameter name="stroke">#bdbdbd</CssParameter>
        <CssParameter name="stroke-width">18</CssParameter>
      </LineSymbolizer>
    </Rule>
    <Rule>
      <Filter>[aeroway] = 'taxiway'</Filter>
      <MaxScaleDenominator>50000</MaxScaleDenominator>
      <MinScaleDenominator>25000</MinScaleDenominator>
      <LineSymbolizer>
        <CssParameter name="stroke">#bdbdbd</CssParameter>
        <CssParameter name="stroke-width">4</CssParameter>
      </LineSymbolizer>
    </Rule>
    <Rule>
      <Filter>[aeroway] = 'taxiway'</Filter>
      <MaxScaleDenominator>25000</MaxScaleDenominator>
      <LineSymbolizer>
        <CssParameter name="stroke">#bdbdbd</CssParameter>
        <CssParameter name="stroke-width">6</CssParameter>
      </LineSymbolizer>
    </Rule>
    <Rule>
      <MaxScaleDenominator>50000</MaxScaleDenominator>
      
      <Filter>[railway]='subway'</Filter>
      <LineSymbolizer>
        <CssParameter name="stroke">#999999</CssParameter>
        <CssParameter name="stroke-width">2</CssParameter>
      </LineSymbolizer>
    </Rule>
    <Rule>
      <MaxScaleDenominator>50000</MaxScaleDenominator>
      
      <Filter>[railway]='light_rail' or [railway]='narrow_gauge'</Filter>
      <LineSymbolizer>
        <CssParameter name="stroke">#656565</CssParameter>
        <CssParameter name="stroke-width">2</CssParameter>
      </LineSymbolizer>
    </Rule>
    <Rule>
      <Filter>[highway] = 'unsurfaced'</Filter>
      <MaxScaleDenominator>100000</MaxScaleDenominator>
      <MinScaleDenominator>50000</MinScaleDenominator>
      <LineSymbolizer>
        <CssParameter name="stroke">#c0c0c0</CssParameter>
        <CssParameter name="stroke-width">3</CssParameter>
        <CssParameter name="stroke-dasharray">2,4</CssParameter>
        <CssParameter name="stroke-linejoin">round</CssParameter>
        <CssParameter name="stroke-linecap">round</CssParameter>
      </LineSymbolizer>
    </Rule>
    <Rule>
      <Filter>[highway] = 'unsurfaced'</Filter>
      <MaxScaleDenominator>50000</MaxScaleDenominator>
      <LineSymbolizer>
        <CssParameter name="stroke">#c0c0c0</CssParameter>
        <CssParameter name="stroke-width">4</CssParameter>
        <CssParameter name="stroke-dasharray">4,6</CssParameter>
        <CssParameter name="stroke-linejoin">round</CssParameter>
        <CssParameter name="stroke-linecap">round</CssParameter>
      </LineSymbolizer>
    </Rule>
    <Rule>
      <Filter>[highway] = 'bridleway' or ([highway] = 'path' and [horse] = 'designated')</Filter>
      <MaxScaleDenominator>50000</MaxScaleDenominator>
      <LineSymbolizer>
        <CssParameter name="stroke">#4f4f4f</CssParameter>
        <CssParameter name="stroke-width">1.5</CssParameter>
        <CssParameter name="stroke-dasharray">4,2</CssParameter>
      </LineSymbolizer>
    </Rule>
    <Rule>
      <Filter>[highway] = 'footway' or ([highway] = 'path' and [foot] = 'designated')</Filter>
      <MaxScaleDenominator>50000</MaxScaleDenominator>
      <LineSymbolizer>
        <CssParameter name="stroke">#9c9c9c</CssParameter>
        <CssParameter name="stroke-width">2.0</CssParameter>
        <CssParameter name="stroke-dasharray">1,3</CssParameter>
        <CssParameter name="stroke-linejoin">round</CssParameter>
        <CssParameter name="stroke-linecap">round</CssParameter>
      </LineSymbolizer>
    </Rule>
    <Rule>
      <Filter>[highway] = 'path' and not ([bicycle] = 'designated' or [foot] = 'designated' or [horse] = 'designated')</Filter>
      <MaxScaleDenominator>50000</MaxScaleDenominator>  
      <LineSymbolizer>
        <CssParameter name="stroke">#000000</CssParameter>
        <CssParameter name="stroke-width">0.5</CssParameter>
        <CssParameter name="stroke-dasharray">6,3</CssParameter>	
		<CssParameter name="stroke-linejoin">round</CssParameter>
        <CssParameter name="stroke-linecap">round</CssParameter>
      </LineSymbolizer>
    </Rule>         
    <Rule>
      <Filter>[highway] = 'cycleway' or ([highway] = 'path' and [bicycle] = 'designated')</Filter>
      <MaxScaleDenominator>50000</MaxScaleDenominator>
      <LineSymbolizer>
        <CssParameter name="stroke">#212121</CssParameter>
        <CssParameter name="stroke-width">1.5</CssParameter>
        <CssParameter name="stroke-dasharray">1,3</CssParameter>
        <CssParameter name="stroke-linejoin">round</CssParameter>
        <CssParameter name="stroke-linecap">round</CssParameter>
      </LineSymbolizer>
    </Rule>
    <Rule>
      <Filter>[highway] = 'byway'</Filter>
      <MaxScaleDenominator>50000</MaxScaleDenominator>
      <LineSymbolizer>
        <CssParameter name="stroke">#bebebe</CssParameter>
        <CssParameter name="stroke-width">1.5</CssParameter>
        <CssParameter name="stroke-dasharray">3,4</CssParameter>
        <CssParameter name="stroke-linejoin">round</CssParameter>
        <CssParameter name="stroke-linecap">round</CssParameter>
      </LineSymbolizer>
    </Rule>
    <Rule>
      <MaxScaleDenominator>100000</MaxScaleDenominator>
      <MinScaleDenominator>50000</MinScaleDenominator>
      <Filter>[railway] = 'rail'</Filter>
      <LineSymbolizer>
        <CssParameter name="stroke">#999999</CssParameter>
        <CssParameter name="stroke-width">3</CssParameter>
        <CssParameter name="stroke-linejoin">round</CssParameter>
      </LineSymbolizer>
      <LineSymbolizer>
        <CssParameter name="stroke">#ffffff</CssParameter>
        <CssParameter name="stroke-width">1</CssParameter>
        <CssParameter name="stroke-linejoin">round</CssParameter>
        <CssParameter name="stroke-dasharray">8,12</CssParameter>
      </LineSymbolizer>
    </Rule>
    <Rule>
      <MaxScaleDenominator>50000</MaxScaleDenominator>
      
      <Filter>[railway] = 'rail'</Filter>
      <LineSymbolizer>
        <CssParameter name="stroke">#999999</CssParameter>
        <CssParameter name="stroke-width">3</CssParameter>
        <CssParameter name="stroke-linejoin">round</CssParameter>
      </LineSymbolizer>
      <LineSymbolizer>
        <CssParameter name="stroke">#ffffff</CssParameter>
        <CssParameter name="stroke-width">1</CssParameter>
        <CssParameter name="stroke-linejoin">round</CssParameter>
        <CssParameter name="stroke-dasharray">0,11,8,1</CssParameter>
      </LineSymbolizer>
    </Rule>
    <Rule>
      <MaxScaleDenominator>100000</MaxScaleDenominator>
      
      <Filter>[railway] = 'INT-spur-siding-yard'</Filter>
      <LineSymbolizer>
        <CssParameter name="stroke">#999999</CssParameter>
        <CssParameter name="stroke-width">2</CssParameter>
        <CssParameter name="stroke-linejoin">round</CssParameter>
      </LineSymbolizer>
      <LineSymbolizer>
        <CssParameter name="stroke">#ffffff</CssParameter>
        <CssParameter name="stroke-width">0.8</CssParameter>
        <CssParameter name="stroke-linejoin">round</CssParameter>
        <CssParameter name="stroke-dasharray">0,8,11,1</CssParameter>
      </LineSymbolizer>
    </Rule>
    <Rule>
      <MaxScaleDenominator>100000</MaxScaleDenominator>
      
      <Filter>([railway] = 'disused' or [railway] = 'abandoned' or [railway]='construction') and not [highway] != ''</Filter>
      <LineSymbolizer>
        <CssParameter name="stroke">#808080</CssParameter>
        <CssParameter name="stroke-width">2</CssParameter>
        <CssParameter name="stroke-linejoin">round</CssParameter>
        <CssParameter name="stroke-dasharray">2,4</CssParameter>
      </LineSymbolizer>
    </Rule>
    <Rule>
     <Filter>[highway] = 'track' and [tracktype] = 'grade1'</Filter>
     <MaxScaleDenominator>50000</MaxScaleDenominator>
      <LineSymbolizer>
        <CssParameter name="stroke">#767676</CssParameter>
        <CssParameter name="stroke-width">2</CssParameter>
        <CssParameter name="stroke-opacity">0.7</CssParameter>
      </LineSymbolizer>
    </Rule>
    <Rule>
     <Filter>[highway] = 'track' and [tracktype] = 'grade2'</Filter>
     <MaxScaleDenominator>50000</MaxScaleDenominator>
      <LineSymbolizer>
        <CssParameter name="stroke">#6f6f6f</CssParameter>
        <CssParameter name="stroke-width">1.5</CssParameter>
        <CssParameter name="stroke-dasharray">3,4</CssParameter>
        <CssParameter name="stroke-linejoin">round</CssParameter>
        <CssParameter name="stroke-linecap">round</CssParameter>
        <CssParameter name="stroke-opacity">0.8</CssParameter>
      </LineSymbolizer>
    </Rule>
    <Rule>
     <Filter>[highway] = 'track' and [tracktype] = 'grade3'</Filter>
     <MaxScaleDenominator>50000</MaxScaleDenominator>
      <LineSymbolizer>
        <CssParameter name="stroke">#656565</CssParameter>
        <CssParameter name="stroke-width">2</CssParameter>
        <CssParameter name="stroke-linejoin">round</CssParameter>
        <CssParameter name="stroke-linecap">round</CssParameter>
        <CssParameter name="stroke-opacity">0.7</CssParameter>
      </LineSymbolizer>
    </Rule>
    <Rule>
     <Filter>[highway] = 'track' and [tracktype] = 'grade4'</Filter>
     <MaxScaleDenominator>50000</MaxScaleDenominator>
      <LineSymbolizer>
        <CssParameter name="stroke">#656565</CssParameter>
        <CssParameter name="stroke-width">2</CssParameter>
        <CssParameter name="stroke-dasharray">4,7,1,5</CssParameter>
        <CssParameter name="stroke-linejoin">round</CssParameter>
        <CssParameter name="stroke-linecap">round</CssParameter>
        <CssParameter name="stroke-opacity">0.8</CssParameter>
      </LineSymbolizer>
    </Rule>
    <Rule>
     <Filter>[highway] = 'track' and [tracktype] = 'grade5'</Filter>
     <MaxScaleDenominator>50000</MaxScaleDenominator>
      <LineSymbolizer>
        <CssParameter name="stroke">#656565</CssParameter>
        <CssParameter name="stroke-width">2</CssParameter>
        <CssParameter name="stroke-dasharray">1,5</CssParameter>
        <CssParameter name="stroke-linejoin">round</CssParameter>
        <CssParameter name="stroke-linecap">round</CssParameter>
        <CssParameter name="stroke-opacity">0.8</CssParameter>
      </LineSymbolizer>
    </Rule>
    <Rule>
      <Filter>[highway] = 'track' and not [tracktype] != ''</Filter>
      <MaxScaleDenominator>50000</MaxScaleDenominator>
      <LineSymbolizer>
        <CssParameter name="stroke">#656565</CssParameter>
        <CssParameter name="stroke-width">1.5</CssParameter>
        <CssParameter name="stroke-dasharray">3,4</CssParameter>
        <CssParameter name="stroke-linejoin">round</CssParameter>
        <CssParameter name="stroke-linecap">round</CssParameter>
      </LineSymbolizer>
     </Rule>    
</Style>
<Style name="roads">
    <Rule>
      <Filter>[highway] = 'motorway' or [highway] = 'motorway_link'</Filter>
      <MaxScaleDenominator>25000000</MaxScaleDenominator>
      <MinScaleDenominator>6500000</MinScaleDenominator>
      <LineSymbolizer>
        <CssParameter name="stroke">#999999</CssParameter>
        <CssParameter name="stroke-width">0.5</CssParameter>
      </LineSymbolizer>
    </Rule>
    <Rule>
      <Filter>[highway] = 'motorway' or [highway] = 'motorway_link'</Filter>
      <MaxScaleDenominator>6500000</MaxScaleDenominator>
      <MinScaleDenominator>1500000</MinScaleDenominator>
      <LineSymbolizer>
       <CssParameter name="stroke">#999999</CssParameter>
       <CssParameter name="stroke-width">1</CssParameter>
      </LineSymbolizer>
    </Rule>
<Rule>
      <Filter>[highway] = 'motorway' or [highway] = 'motorway_link'</Filter>
      <MaxScaleDenominator>1500000</MaxScaleDenominator>
      <MinScaleDenominator>750000</MinScaleDenominator>
      <LineSymbolizer>
       <CssParameter name="stroke">#999999</CssParameter>
       <CssParameter name="stroke-width">1.4</CssParameter>
      </LineSymbolizer>
    </Rule>
   <Rule>
     <Filter>[highway] = 'motorway' or [highway] = 'motorway_link'</Filter>
      <MaxScaleDenominator>750000</MaxScaleDenominator>
      <MinScaleDenominator>400000</MinScaleDenominator>
      <LineSymbolizer>
      <CssParameter name="stroke">#999999</CssParameter>
      <CssParameter name="stroke-width">2</CssParameter>
    </LineSymbolizer>
   </Rule>
   <Rule>
     <Filter>[highway] = 'motorway' or [highway] = 'motorway_link'</Filter>
      <MaxScaleDenominator>400000</MaxScaleDenominator>
      <MinScaleDenominator>200000</MinScaleDenominator>
      <LineSymbolizer>
      <CssParameter name="stroke">#999999</CssParameter>
      <CssParameter name="stroke-width">2.5</CssParameter>
    </LineSymbolizer>
   </Rule>
    <!-- TRUNK -->
    <Rule>
      <Filter>[highway] = 'trunk' or [highway] = 'trunk_link'</Filter>
      <MaxScaleDenominator>25000000</MaxScaleDenominator>
      <MinScaleDenominator>6500000</MinScaleDenominator>
      <LineSymbolizer>
        <CssParameter name="stroke">#c7c7c7</CssParameter>
        <CssParameter name="stroke-width">0.4</CssParameter>
      </LineSymbolizer>
    </Rule>
   <Rule>
      <Filter>[highway] = 'trunk' or [highway] = 'trunk_link'</Filter>
      <MaxScaleDenominator>6500000</MaxScaleDenominator>
      <MinScaleDenominator>1500000</MinScaleDenominator>
      <LineSymbolizer>
        <CssParameter name="stroke">#bcbcbc</CssParameter>
        <CssParameter name="stroke-width">1</CssParameter>
      </LineSymbolizer>
    </Rule>
    <Rule>
      <Filter>[highway] = 'trunk' or [highway] = 'trunk_link'</Filter>
      <MaxScaleDenominator>1500000</MaxScaleDenominator>
      <MinScaleDenominator>400000</MinScaleDenominator>
      <LineSymbolizer>
        <CssParameter name="stroke">#bcbcbc</CssParameter>
        <CssParameter name="stroke-width">2</CssParameter>
      </LineSymbolizer>
    </Rule>
    <Rule>
      <Filter>[highway] = 'trunk' or [highway] = 'trunk_link'</Filter>
      <MaxScaleDenominator>400000</MaxScaleDenominator>
      <MinScaleDenominator>200000</MinScaleDenominator>
      <LineSymbolizer>
        <CssParameter name="stroke">#bcbcbc</CssParameter>
        <CssParameter name="stroke-width">2.5</CssParameter>
      </LineSymbolizer>
    </Rule>
   <!-- PRIMARY-->
   <Rule>
      <Filter>[highway] = 'primary' or [highway] = 'primary_link'</Filter>
      <MaxScaleDenominator>6500000</MaxScaleDenominator>
      <MinScaleDenominator>1500000</MinScaleDenominator>
      <LineSymbolizer>
        <CssParameter name="stroke">#adadad</CssParameter>
        <CssParameter name="stroke-width">0.5</CssParameter>
      </LineSymbolizer>
    </Rule>
    <Rule>
      <Filter>[highway] = 'primary' or [highway] = 'primary_link'</Filter>
      <MaxScaleDenominator>1500000</MaxScaleDenominator>
      <MinScaleDenominator>750000</MinScaleDenominator>
      <LineSymbolizer>
        <CssParameter name="stroke">#adadad</CssParameter>
        <CssParameter name="stroke-width">1.2</CssParameter>
      </LineSymbolizer>
    </Rule>
    <Rule>
      <Filter>[highway] = 'primary' or [highway] = 'primary_link'</Filter>
      <MaxScaleDenominator>750000</MaxScaleDenominator>
      <MinScaleDenominator>400000</MinScaleDenominator>
      <LineSymbolizer>
        <CssParameter name="stroke">#adadad</CssParameter>
        <CssParameter name="stroke-width">2</CssParameter>
      </LineSymbolizer>
    </Rule>
    <Rule>
      <Filter>[highway] = 'primary' or [highway] = 'primary_link'</Filter>
      <MaxScaleDenominator>400000</MaxScaleDenominator>
      <MinScaleDenominator>200000</MinScaleDenominator>
      <LineSymbolizer>
        <CssParameter name="stroke">#adadad</CssParameter>
        <CssParameter name="stroke-width">2.5</CssParameter>
      </LineSymbolizer>
    </Rule>
    <!-- SECONDARY -->
    <Rule>
      <Filter>[highway] = 'secondary' or [highway] = 'secondary_link'</Filter>
      <MaxScaleDenominator>1500000</MaxScaleDenominator>
      <MinScaleDenominator>400000</MinScaleDenominator>
      <LineSymbolizer>
        <CssParameter name="stroke">#d0d0d0</CssParameter>
        <CssParameter name="stroke-width">1</CssParameter>
      </LineSymbolizer>
    </Rule>
    <Rule>
      <Filter>[highway] = 'secondary' or [highway] = 'secondary_link'</Filter>
      <MaxScaleDenominator>400000</MaxScaleDenominator>
      <MinScaleDenominator>200000</MinScaleDenominator>
      <LineSymbolizer>
        <CssParameter name="stroke">#d0d0d0</CssParameter>
        <CssParameter name="stroke-width">2</CssParameter>
      </LineSymbolizer>
    </Rule>
    <!-- RAIL -->
    <Rule>
      <MaxScaleDenominator>12500000</MaxScaleDenominator>
      <MinScaleDenominator>1500000</MinScaleDenominator>
      <Filter>[railway] = 'rail'</Filter>
       <LineSymbolizer>
        <CssParameter name="stroke">#aaaaaa</CssParameter>
        <CssParameter name="stroke-width">0.6</CssParameter>
      </LineSymbolizer>
    </Rule>
    <Rule>
      <MaxScaleDenominator>1500000</MaxScaleDenominator>
      <MinScaleDenominator>750000</MinScaleDenominator>
      <Filter>[railway] = 'rail' and not [tunnel]='yes'</Filter>
       <LineSymbolizer>
        <CssParameter name="stroke">#aaaaaa</CssParameter>
        <CssParameter name="stroke-width">1</CssParameter>
      </LineSymbolizer>
    </Rule>
    <Rule>
      <MaxScaleDenominator>1500000</MaxScaleDenominator>
      <MinScaleDenominator>750000</MinScaleDenominator>
      <Filter>[railway] = 'rail' and [tunnel]='yes'</Filter>
       <LineSymbolizer>
        <CssParameter name="stroke">#aaaaaa</CssParameter>
        <CssParameter name="stroke-width">1</CssParameter>
        <CssParameter name="stroke-dasharray">5,2</CssParameter>
      </LineSymbolizer>
    </Rule>
    <Rule>
      <MaxScaleDenominator>3000000</MaxScaleDenominator>
      <MinScaleDenominator>750000</MinScaleDenominator>
      <Filter>[railway] = 'tram' or [railway] = 'light_rail' or [railway] = 'narrow_gauge' or [railway]='funicular'</Filter>
       <LineSymbolizer>
        <CssParameter name="stroke">#cbcbcb</CssParameter>
        <CssParameter name="stroke-width">1</CssParameter>
      </LineSymbolizer>
    </Rule>
    <Rule>
      <MaxScaleDenominator>750000</MaxScaleDenominator>
      <MinScaleDenominator>100000</MinScaleDenominator>
      <Filter>[railway] = 'rail' and not [tunnel]='yes'</Filter>
       <LineSymbolizer>
        <CssParameter name="stroke">#aaaaaa</CssParameter>
        <CssParameter name="stroke-width">2</CssParameter>
      </LineSymbolizer>
    </Rule>
    <Rule>
      <MaxScaleDenominator>750000</MaxScaleDenominator>
      <MinScaleDenominator>100000</MinScaleDenominator>
      <Filter>[railway] = 'rail' and [tunnel]='yes'</Filter>
       <LineSymbolizer>
        <CssParameter name="stroke">#aaaaaa</CssParameter>
        <CssParameter name="stroke-width">2</CssParameter>
        <CssParameter name="stroke-dasharray">5,2</CssParameter>
      </LineSymbolizer>
    </Rule>
    <Rule>
      <MaxScaleDenominator>750000</MaxScaleDenominator>
      <MinScaleDenominator>100000</MinScaleDenominator>
      <Filter>[railway] = 'tram' or [railway] = 'light_rail' or [railway] = 'narrow_gauge' or [railway]='funicular'</Filter>
       <LineSymbolizer>
        <CssParameter name="stroke">#aaaaaa</CssParameter>
        <CssParameter name="stroke-width">1</CssParameter>
      </LineSymbolizer>
    </Rule>
    <Rule>
      <MaxScaleDenominator>200000</MaxScaleDenominator>
      <MinScaleDenominator>100000</MinScaleDenominator>
      <Filter>[railway] = 'preserved'</Filter>
      <LineSymbolizer>
        <CssParameter name="stroke">#aaaaaa</CssParameter>
        <CssParameter name="stroke-width">1.5</CssParameter>
        <CssParameter name="stroke-linejoin">round</CssParameter>
      </LineSymbolizer>
    </Rule>
    <Rule>
      <MaxScaleDenominator>100000</MaxScaleDenominator>
      
      <Filter>[railway] = 'preserved'</Filter>
      <LineSymbolizer>
        <CssParameter name="stroke">#999999</CssParameter>
        <CssParameter name="stroke-width">3</CssParameter>
        <CssParameter name="stroke-linejoin">round</CssParameter>
      </LineSymbolizer>
      <LineSymbolizer>
        <CssParameter name="stroke">#ffffff</CssParameter>
        <CssParameter name="stroke-width">1</CssParameter>
        <CssParameter name="stroke-linejoin">round</CssParameter>
        <CssParameter name="stroke-dasharray">0,1,8,1</CssParameter>
      </LineSymbolizer>
    </Rule>
    <Rule>
      <MaxScaleDenominator>200000</MaxScaleDenominator>
      <MinScaleDenominator>100000</MinScaleDenominator>
      <Filter>[railway] = 'INT-preserved-ssy'</Filter>
      <LineSymbolizer>
        <CssParameter name="stroke">#aaaaaa</CssParameter>
        <CssParameter name="stroke-width">1</CssParameter>
        <CssParameter name="stroke-linejoin">round</CssParameter>
      </LineSymbolizer>
    </Rule>
    <Rule>
      <MaxScaleDenominator>100000</MaxScaleDenominator>
      
      <Filter>[railway] = 'INT-preserved-ssy'</Filter>
      <LineSymbolizer>
        <CssParameter name="stroke">#999999</CssParameter>
        <CssParameter name="stroke-width">2</CssParameter>
        <CssParameter name="stroke-linejoin">round</CssParameter>
      </LineSymbolizer>
      <LineSymbolizer>
        <CssParameter name="stroke">#ffffff</CssParameter>
        <CssParameter name="stroke-width">0.8</CssParameter>
        <CssParameter name="stroke-linejoin">round</CssParameter>
        <CssParameter name="stroke-dasharray">0,1,8,1</CssParameter>
      </LineSymbolizer>
    </Rule>
    <Rule>
      <MaxScaleDenominator>50000</MaxScaleDenominator>
      
      <Filter>[railway]='monorail'</Filter>
      <LineSymbolizer>
        <CssParameter name="stroke">#ffffff</CssParameter>
        <CssParameter name="stroke-width">4</CssParameter>
        <CssParameter name="stroke-linejoin">round</CssParameter>
        <CssParameter name="stroke-linecap">round</CssParameter>
        <CssParameter name="stroke-opacity">0.4</CssParameter>
      </LineSymbolizer>
      <LineSymbolizer>
        <CssParameter name="stroke">#777777</CssParameter>
        <CssParameter name="stroke-width">3.0</CssParameter>
        <CssParameter name="stroke-dasharray">2,3</CssParameter>
        <CssParameter name="stroke-linejoin">round</CssParameter>
        <CssParameter name="stroke-linecap">round</CssParameter>
      </LineSymbolizer>
    </Rule>
</Style>
<Style name="trams">
    <Rule>
      <Filter>[railway] = 'tram'</Filter>
      <MaxScaleDenominator>100000</MaxScaleDenominator>
      <MinScaleDenominator>25000</MinScaleDenominator>
      <LineSymbolizer>
        <CssParameter name="stroke">#444444</CssParameter>
        <CssParameter name="stroke-width">1</CssParameter>
      </LineSymbolizer>
    </Rule>
    <Rule>
      <Filter>[railway] = 'tram' and not [bridge]='yes'</Filter>
      <MaxScaleDenominator>25000</MaxScaleDenominator>
      
      <LineSymbolizer>
        <CssParameter name="stroke">#444444</CssParameter>
        <CssParameter name="stroke-width">2</CssParameter>
      </LineSymbolizer>
    </Rule>
    <Rule>
      <Filter>[railway] = 'tram' and [bridge]='yes'</Filter>
      <MaxScaleDenominator>25000</MaxScaleDenominator>
      
      <LineSymbolizer>
        <CssParameter name="stroke">#000000</CssParameter>
        <CssParameter name="stroke-width">5</CssParameter>
      </LineSymbolizer>
      <LineSymbolizer>
        <CssParameter name="stroke">#ffffff</CssParameter>
        <CssParameter name="stroke-width">4</CssParameter>
      </LineSymbolizer>
      <LineSymbolizer>
        <CssParameter name="stroke">#444444</CssParameter>
        <CssParameter name="stroke-width">2</CssParameter>
      </LineSymbolizer>
    </Rule>
</Style>
<Style name="guideways">
<Rule>
      <MaxScaleDenominator>100000</MaxScaleDenominator>
      <MinScaleDenominator>50000</MinScaleDenominator>
      <LineSymbolizer>
        <CssParameter name="stroke">#797979</CssParameter>
        <CssParameter name="stroke-width">3</CssParameter>
        <CssParameter name="stroke-linejoin">round</CssParameter>
      </LineSymbolizer>
      <LineSymbolizer>
        <CssParameter name="stroke">#ffffff</CssParameter>
        <CssParameter name="stroke-width">1</CssParameter>
        <CssParameter name="stroke-linejoin">round</CssParameter>
        <CssParameter name="stroke-dasharray">8,12</CssParameter>
      </LineSymbolizer>
    </Rule>
    <Rule>
      <MaxScaleDenominator>50000</MaxScaleDenominator>
      
      <LineSymbolizer>
        <CssParameter name="stroke">#797979</CssParameter>
        <CssParameter name="stroke-width">3</CssParameter>
        <CssParameter name="stroke-linejoin">round</CssParameter>
      </LineSymbolizer>
      <LineSymbolizer>
        <CssParameter name="stroke">#ffffff</CssParameter>
        <CssParameter name="stroke-width">1</CssParameter>
        <CssParameter name="stroke-linejoin">round</CssParameter>
        <CssParameter name="stroke-dasharray">0,11,8,1</CssParameter>
      </LineSymbolizer>
    </Rule>
</Style>
<Style name="roads-text-low-zoom">
    <Rule>
      <Filter>[highway] = 'motorway' and [length] = 1</Filter>
      <MaxScaleDenominator>750000</MaxScaleDenominator>
      <MinScaleDenominator>100000</MinScaleDenominator>
      <ShieldSymbolizer name="ref" fontset_name="bold-fonts" size="10" fill="#fff" placement="line" file="symbols/mot_shield1.png" min_distance="30" spacing="750"/>
    </Rule>
    <Rule>
      <Filter>[highway] = 'motorway' and [length] = 2</Filter>
      <MaxScaleDenominator>750000</MaxScaleDenominator>
      <MinScaleDenominator>100000</MinScaleDenominator>
      <ShieldSymbolizer name="ref" fontset_name="bold-fonts" size="10" fill="#fff" placement="line" file="symbols/mot_shield2.png" min_distance="30" spacing="750"/>
    </Rule>
    <Rule>
      <Filter>[highway] = 'motorway' and [length] = 3</Filter>
      <MaxScaleDenominator>750000</MaxScaleDenominator>
      <MinScaleDenominator>100000</MinScaleDenominator>
      <ShieldSymbolizer name="ref" fontset_name="bold-fonts" size="10" fill="#fff" placement="line" file="symbols/mot_shield3.png" min_distance="30" spacing="750"/>
    </Rule>
    <Rule>
      <Filter>[highway] = 'motorway' and [length] = 4</Filter>
      <MaxScaleDenominator>750000</MaxScaleDenominator>
      <MinScaleDenominator>100000</MinScaleDenominator>
      <ShieldSymbolizer name="ref" fontset_name="bold-fonts" size="10" fill="#fff" placement="line" file="symbols/mot_shield4.png" min_distance="30" spacing="750"/>
    </Rule>
    <Rule>
      <Filter>[highway] = 'motorway' and [length] = 5</Filter>
      <MaxScaleDenominator>750000</MaxScaleDenominator>
      <MinScaleDenominator>100000</MinScaleDenominator>
      <ShieldSymbolizer name="ref" fontset_name="bold-fonts" size="10" fill="#fff" placement="line" file="symbols/mot_shield5.png" min_distance="30" spacing="750"/>
    </Rule>
    <Rule>
      <Filter>[highway] = 'motorway' and [length] = 6</Filter>
      <MaxScaleDenominator>750000</MaxScaleDenominator>
      <MinScaleDenominator>100000</MinScaleDenominator>
      <ShieldSymbolizer name="ref" fontset_name="bold-fonts" size="10" fill="#fff" placement="line" file="symbols/mot_shield6.png" min_distance="30" spacing="750"/>
    </Rule>
    <Rule>
      <Filter>[highway] = 'motorway' and [length] = 7</Filter>
      <MaxScaleDenominator>750000</MaxScaleDenominator>
      <MinScaleDenominator>100000</MinScaleDenominator>
      <ShieldSymbolizer name="ref" fontset_name="bold-fonts" size="10" fill="#fff" placement="line" file="symbols/mot_shield6.png" min_distance="30" spacing="750"/>
    </Rule>
    <Rule>
      <Filter>[highway] = 'motorway' and [length] = 8</Filter>
      <MaxScaleDenominator>750000</MaxScaleDenominator>
      <MinScaleDenominator>100000</MinScaleDenominator>
      <ShieldSymbolizer name="ref" fontset_name="bold-fonts" size="10" fill="#fff" placement="line" file="symbols/mot_shield7.png" min_distance="30" spacing="750"/>
    </Rule>
    <Rule>
      <Filter>[highway] = 'trunk' and [length] = 1</Filter>
      <MaxScaleDenominator>400000</MaxScaleDenominator>
      <MinScaleDenominator>100000</MinScaleDenominator>
      <ShieldSymbolizer name="ref" fontset_name="bold-fonts" size="10" fill="#fff" placement="line" file="symbols/tru_shield1.png" min_distance="30" spacing="750"/>
    </Rule>
    <Rule>
      <Filter>[highway] = 'trunk' and [length] = 2</Filter>
      <MaxScaleDenominator>400000</MaxScaleDenominator>
      <MinScaleDenominator>100000</MinScaleDenominator>
      <ShieldSymbolizer name="ref" fontset_name="bold-fonts" size="10" fill="#fff" placement="line" file="symbols/tru_shield2.png" min_distance="30" spacing="750"/>
    </Rule>
    <Rule>
      <Filter>[highway] = 'trunk' and [length] = 3</Filter>
      <MaxScaleDenominator>400000</MaxScaleDenominator>
      <MinScaleDenominator>100000</MinScaleDenominator>
      <ShieldSymbolizer name="ref" fontset_name="bold-fonts" size="10" fill="#fff" placement="line" file="symbols/tru_shield3.png" min_distance="24" spacing="750"/>
    </Rule>
    <Rule>
      <Filter>[highway] = 'trunk' and [length] = 4</Filter>
      <MaxScaleDenominator>400000</MaxScaleDenominator>
      <MinScaleDenominator>100000</MinScaleDenominator>
      <ShieldSymbolizer name="ref" fontset_name="bold-fonts" size="10" fill="#fff" placement="line" file="symbols/tru_shield4.png" min_distance="30" spacing="750"/>
    </Rule>
    <Rule>
      <Filter>[highway] = 'trunk' and [length] = 5</Filter>
      <MaxScaleDenominator>400000</MaxScaleDenominator>
      <MinScaleDenominator>100000</MinScaleDenominator>
      <ShieldSymbolizer name="ref" fontset_name="bold-fonts" size="10" fill="#fff" placement="line" file="symbols/tru_shield5.png" min_distance="30" spacing="750"/>
    </Rule>
    <Rule>
      <Filter>[highway] = 'trunk' and [length] = 6</Filter>
      <MaxScaleDenominator>400000</MaxScaleDenominator>
      <MinScaleDenominator>100000</MinScaleDenominator>
      <ShieldSymbolizer name="ref" fontset_name="bold-fonts" size="10" fill="#fff" placement="line" file="symbols/tru_shield6.png" min_distance="30" spacing="750"/>
    </Rule>
    <Rule>
      <Filter>[highway] = 'trunk' and [length] = 7</Filter>
      <MaxScaleDenominator>400000</MaxScaleDenominator>
      <MinScaleDenominator>100000</MinScaleDenominator>
      <ShieldSymbolizer name="ref" fontset_name="bold-fonts" size="10" fill="#fff" placement="line" file="symbols/tru_shield7.png" min_distance="30" spacing="750"/>
    </Rule>
    <Rule>
      <Filter>[highway] = 'trunk' and [length] = 8</Filter>
      <MaxScaleDenominator>400000</MaxScaleDenominator>
      <MinScaleDenominator>100000</MinScaleDenominator>
      <ShieldSymbolizer name="ref" fontset_name="bold-fonts" size="10" fill="#fff" placement="line" file="symbols/tru_shield8.png" min_distance="30" spacing="750"/>
    </Rule>
    <Rule>
      <Filter>[highway] = 'primary' and [length] = 1</Filter>
      <MaxScaleDenominator>400000</MaxScaleDenominator>
      <MinScaleDenominator>100000</MinScaleDenominator>
      <ShieldSymbolizer name="ref" fontset_name="bold-fonts" size="10" fill="#fff" placement="line" file="symbols/pri_shield1.png" min_distance="30" spacing="750"/>
    </Rule>
    <Rule>
      <Filter>[highway] = 'primary' and [length] = 2</Filter>
      <MaxScaleDenominator>400000</MaxScaleDenominator>
      <MinScaleDenominator>100000</MinScaleDenominator>
      <ShieldSymbolizer name="ref" fontset_name="bold-fonts" size="10" fill="#fff" placement="line" file="symbols/pri_shield2.png" min_distance="30" spacing="750"/>
    </Rule>
    <Rule>
      <Filter>[highway] = 'primary' and [length] = 3</Filter>
      <MaxScaleDenominator>400000</MaxScaleDenominator>
      <MinScaleDenominator>100000</MinScaleDenominator>
      <ShieldSymbolizer name="ref" fontset_name="bold-fonts" size="10" fill="#fff" placement="line" file="symbols/pri_shield3.png" min_distance="30" spacing="750"/>
    </Rule>
    <Rule>
      <Filter>[highway] = 'primary' and [length] = 4</Filter>
      <MaxScaleDenominator>400000</MaxScaleDenominator>
      <MinScaleDenominator>100000</MinScaleDenominator>
      <ShieldSymbolizer name="ref" fontset_name="bold-fonts" size="10" fill="#fff" placement="line" file="symbols/pri_shield4.png" min_distance="30" spacing="750"/>
    </Rule>
    <Rule>
      <Filter>[highway] = 'primary' and [length] = 5</Filter>
      <MaxScaleDenominator>400000</MaxScaleDenominator>
      <MinScaleDenominator>100000</MinScaleDenominator>
      <ShieldSymbolizer name="ref" fontset_name="bold-fonts" size="10" fill="#fff" placement="line" file="symbols/pri_shield5.png" min_distance="30" spacing="750"/>
    </Rule>
    <Rule>
      <Filter>[highway] = 'primary' and [length] = 6</Filter>
      <MaxScaleDenominator>400000</MaxScaleDenominator>
      <MinScaleDenominator>100000</MinScaleDenominator>
      <ShieldSymbolizer name="ref" fontset_name="bold-fonts" size="10" fill="#fff" placement="line" file="symbols/pri_shield6.png" min_distance="30" spacing="750"/>
    </Rule>
    <Rule>
      <Filter>[highway] = 'primary' and [length] = 7</Filter>
      <MaxScaleDenominator>400000</MaxScaleDenominator>
      <MinScaleDenominator>100000</MinScaleDenominator>
      <ShieldSymbolizer name="ref" fontset_name="bold-fonts" size="10" fill="#fff" placement="line" file="symbols/pri_shield7.png" min_distance="30" spacing="750"/>
    </Rule>
    <Rule>
      <Filter>[highway] = 'primary' and [length] = 8</Filter>
      <MaxScaleDenominator>400000</MaxScaleDenominator>
      <MinScaleDenominator>100000</MinScaleDenominator>
      <ShieldSymbolizer name="ref" fontset_name="bold-fonts" size="10" fill="#fff" placement="line" file="symbols/pri_shield8.png" min_distance="30" spacing="750"/>
    </Rule>
</Style>
<Style name="roads-text">
    <Rule>
      <Filter>[highway] = 'motorway' and [length] = 1</Filter>
      <MaxScaleDenominator>100000</MaxScaleDenominator>
      
      <ShieldSymbolizer name="ref" fontset_name="bold-fonts" size="10" fill="#fff" placement="line" file="symbols/mot_shield1.png" min_distance="30" spacing="750"/>
    </Rule>
    <Rule>
      <Filter>[highway] = 'motorway' and [length] = 2</Filter>
      <MaxScaleDenominator>100000</MaxScaleDenominator>
      
      <ShieldSymbolizer name="ref" fontset_name="bold-fonts" size="10" fill="#fff" placement="line" file="symbols/mot_shield2.png" min_distance="30" spacing="750"/>
    </Rule>
    <Rule>
      <Filter>[highway] = 'motorway' and [length] = 3</Filter>
      <MaxScaleDenominator>100000</MaxScaleDenominator>
      
      <ShieldSymbolizer name="ref" fontset_name="bold-fonts" size="10" fill="#fff" placement="line" file="symbols/mot_shield3.png" min_distance="30" spacing="750"/>
    </Rule>
    <Rule>
      <Filter>[highway] = 'motorway' and [length] = 4</Filter>
      <MaxScaleDenominator>100000</MaxScaleDenominator>
      
      <ShieldSymbolizer name="ref" fontset_name="bold-fonts" size="10" fill="#fff" placement="line" file="symbols/mot_shield4.png" min_distance="30" spacing="750"/>
    </Rule>
    <Rule>
      <Filter>[highway] = 'motorway' and [length] = 5</Filter>
      <MaxScaleDenominator>100000</MaxScaleDenominator>
      
      <ShieldSymbolizer name="ref" fontset_name="bold-fonts" size="10" fill="#fff" placement="line" file="symbols/mot_shield5.png" min_distance="30" spacing="750"/>
    </Rule>
    <Rule>
      <Filter>[highway] = 'motorway' and [length] = 6</Filter>
      <MaxScaleDenominator>100000</MaxScaleDenominator>
      
      <ShieldSymbolizer name="ref" fontset_name="bold-fonts" size="10" fill="#fff" placement="line" file="symbols/mot_shield6.png" min_distance="30" spacing="750"/>
    </Rule>
    <Rule>
      <Filter>[highway] = 'motorway' and [length] = 7</Filter>
      <MaxScaleDenominator>100000</MaxScaleDenominator>
      
      <ShieldSymbolizer name="ref" fontset_name="bold-fonts" size="10" fill="#fff" placement="line" file="symbols/mot_shield6.png" min_distance="30" spacing="750"/>
    </Rule>
    <Rule>
      <Filter>[highway] = 'motorway' and [length] = 8</Filter>
      <MaxScaleDenominator>100000</MaxScaleDenominator>
      
      <ShieldSymbolizer name="ref" fontset_name="bold-fonts" size="10" fill="#fff" placement="line" file="symbols/mot_shield7.png" min_distance="30" spacing="750"/>
    </Rule>
    <Rule>
      <Filter>[highway] = 'trunk' and [length] = 1</Filter>
      <MaxScaleDenominator>100000</MaxScaleDenominator>
      
      <ShieldSymbolizer name="ref" fontset_name="bold-fonts" size="10" fill="#fff" placement="line" file="symbols/tru_shield1.png" min_distance="30" spacing="750"/>
    </Rule>
    <Rule>
      <Filter>[highway] = 'trunk' and [length] = 2</Filter>
      <MaxScaleDenominator>100000</MaxScaleDenominator>
      
      <ShieldSymbolizer name="ref" fontset_name="bold-fonts" size="10" fill="#fff" placement="line" file="symbols/tru_shield2.png" min_distance="30" spacing="750"/>
    </Rule>
    <Rule>
      <Filter>[highway] = 'trunk' and [length] = 3</Filter>
      <MaxScaleDenominator>100000</MaxScaleDenominator>
      
      <ShieldSymbolizer name="ref" fontset_name="bold-fonts" size="10" fill="#fff" placement="line" file="symbols/tru_shield3.png" min_distance="24" spacing="750"/>
    </Rule>
    <Rule>
      <Filter>[highway] = 'trunk' and [length] = 4</Filter>
      <MaxScaleDenominator>100000</MaxScaleDenominator>
      
      <ShieldSymbolizer name="ref" fontset_name="bold-fonts" size="10" fill="#fff" placement="line" file="symbols/tru_shield4.png" min_distance="30" spacing="750"/>
    </Rule>
    <Rule>
      <Filter>[highway] = 'trunk' and [length] = 5</Filter>
      <MaxScaleDenominator>100000</MaxScaleDenominator>
      
      <ShieldSymbolizer name="ref" fontset_name="bold-fonts" size="10" fill="#fff" placement="line" file="symbols/tru_shield5.png" min_distance="30" spacing="750"/>
    </Rule>
    <Rule>
      <Filter>[highway] = 'trunk' and [length] = 6</Filter>
      <MaxScaleDenominator>100000</MaxScaleDenominator>
      
      <ShieldSymbolizer name="ref" fontset_name="bold-fonts" size="10" fill="#fff" placement="line" file="symbols/tru_shield6.png" min_distance="30" spacing="750"/>
    </Rule>
    <Rule>
      <Filter>[highway] = 'trunk' and [length] = 7</Filter>
      <MaxScaleDenominator>100000</MaxScaleDenominator>
      
      <ShieldSymbolizer name="ref" fontset_name="bold-fonts" size="10" fill="#fff" placement="line" file="symbols/tru_shield7.png" min_distance="30" spacing="750"/>
    </Rule>
    <Rule>
      <Filter>[highway] = 'trunk' and [length] = 8</Filter>
      <MaxScaleDenominator>100000</MaxScaleDenominator>
      
      <ShieldSymbolizer name="ref" fontset_name="bold-fonts" size="10" fill="#fff" placement="line" file="symbols/tru_shield8.png" min_distance="30" spacing="750"/>
    </Rule>
    <Rule>
      <Filter>[highway] = 'primary' and [length] = 1</Filter>
      <MaxScaleDenominator>100000</MaxScaleDenominator>
      
      <ShieldSymbolizer name="ref" fontset_name="bold-fonts" size="10" fill="#fff" placement="line" file="symbols/pri_shield1.png" min_distance="30" spacing="750"/>
    </Rule>
    <Rule>
      <Filter>[highway] = 'primary' and [length] = 2</Filter>
      <MaxScaleDenominator>100000</MaxScaleDenominator>
      
      <ShieldSymbolizer name="ref" fontset_name="bold-fonts" size="10" fill="#fff" placement="line" file="symbols/pri_shield2.png" min_distance="30" spacing="750"/>
    </Rule>
    <Rule>
      <Filter>[highway] = 'primary' and [length] = 3</Filter>
      <MaxScaleDenominator>100000</MaxScaleDenominator>
      
      <ShieldSymbolizer name="ref" fontset_name="bold-fonts" size="10" fill="#fff" placement="line" file="symbols/pri_shield3.png" min_distance="30" spacing="750"/>
    </Rule>
    <Rule>
      <Filter>[highway] = 'primary' and [length] = 4</Filter>
      <MaxScaleDenominator>100000</MaxScaleDenominator>
      
      <ShieldSymbolizer name="ref" fontset_name="bold-fonts" size="10" fill="#fff" placement="line" file="symbols/pri_shield4.png" min_distance="30" spacing="750"/>
    </Rule>
    <Rule>
      <Filter>[highway] = 'primary' and [length] = 5</Filter>
      <MaxScaleDenominator>100000</MaxScaleDenominator>
      
      <ShieldSymbolizer name="ref" fontset_name="bold-fonts" size="10" fill="#fff" placement="line" file="symbols/pri_shield5.png" min_distance="30" spacing="750"/>
    </Rule>
    <Rule>
      <Filter>[highway] = 'primary' and [length] = 6</Filter>
      <MaxScaleDenominator>100000</MaxScaleDenominator>
      
      <ShieldSymbolizer name="ref" fontset_name="bold-fonts" size="10" fill="#fff" placement="line" file="symbols/pri_shield6.png" min_distance="30" spacing="750"/>
    </Rule>
    <Rule>
      <Filter>[highway] = 'primary' and [length] = 7</Filter>
      <MaxScaleDenominator>100000</MaxScaleDenominator>
      
      <ShieldSymbolizer name="ref" fontset_name="bold-fonts" size="10" fill="#fff" placement="line" file="symbols/pri_shield7.png" min_distance="30" spacing="750"/>
    </Rule>
    <Rule>
      <Filter>[highway] = 'primary' and [length] = 8</Filter>
      <MaxScaleDenominator>100000</MaxScaleDenominator>
      
      <ShieldSymbolizer name="ref" fontset_name="bold-fonts" size="10" fill="#fff" placement="line" file="symbols/pri_shield8.png" min_distance="30" spacing="750"/>
    </Rule>
    <Rule>
      <Filter>([highway] = 'secondary' and [length] = 1) and not [bridge]='yes'</Filter>
      <MaxScaleDenominator>200000</MaxScaleDenominator>
      
      <ShieldSymbolizer name="ref" fontset_name="bold-fonts" size="10" fill="#fff" placement="line" file="symbols/sec_shield1.png" min_distance="40" spacing="750"/>
    </Rule>
    <Rule>
      <Filter>([highway] = 'secondary' and [length] = 2) and not [bridge]='yes'</Filter>
      <MaxScaleDenominator>200000</MaxScaleDenominator>
      
      <ShieldSymbolizer name="ref" fontset_name="bold-fonts" size="10" fill="#fff" placement="line" file="symbols/sec_shield2.png" min_distance="40" spacing="750"/>
    </Rule>
    <Rule>
      <Filter>([highway] = 'secondary' and [length] = 3) and not [bridge]='yes'</Filter>
      <MaxScaleDenominator>200000</MaxScaleDenominator>
      
      <ShieldSymbolizer name="ref" fontset_name="bold-fonts" size="10" fill="#fff" placement="line" file="symbols/sec_shield3.png" min_distance="40" spacing="750"/>
    </Rule>
    <Rule>
      <Filter>([highway] = 'secondary' and [length] = 4) and not [bridge]='yes'</Filter>
      <MaxScaleDenominator>200000</MaxScaleDenominator>
      
      <ShieldSymbolizer name="ref" fontset_name="bold-fonts" size="10" fill="#fff" placement="line" file="symbols/sec_shield4.png" min_distance="40" spacing="750"/>
    </Rule>
    <Rule>
      <Filter>([highway] = 'secondary' and [length] = 5) and not [bridge]='yes'</Filter>
      <MaxScaleDenominator>200000</MaxScaleDenominator>
      
      <ShieldSymbolizer name="ref" fontset_name="bold-fonts" size="10" fill="#fff" placement="line" file="symbols/sec_shield5.png" min_distance="40" spacing="750"/>
    </Rule>
    <Rule>
      <Filter>([highway] = 'secondary' and [length] = 6) and not [bridge]='yes'</Filter>
      <MaxScaleDenominator>200000</MaxScaleDenominator>
      
      <ShieldSymbolizer name="ref" fontset_name="bold-fonts" size="10" fill="#fff" placement="line" file="symbols/sec_shield6.png" min_distance="40" spacing="750"/>
    </Rule>
    <Rule>
      <Filter>([highway] = 'secondary' and [length] = 7) and not [bridge]='yes'</Filter>
      <MaxScaleDenominator>200000</MaxScaleDenominator>
      
      <ShieldSymbolizer name="ref" fontset_name="bold-fonts" size="10" fill="#fff" placement="line" file="symbols/sec_shield7.png" min_distance="40" spacing="750"/>
    </Rule>
    <Rule>
      <Filter>([highway] = 'secondary' and [length] = 8) and not [bridge]='yes'</Filter>
      <MaxScaleDenominator>200000</MaxScaleDenominator>
      
      <ShieldSymbolizer name="ref" fontset_name="bold-fonts" size="10" fill="#fff" placement="line" file="symbols/sec_shield8.png" min_distance="40" spacing="750"/>
    </Rule>
    <Rule>
      <Filter>([highway] = 'tertiary' and [length] = 1) and not [bridge]='yes'</Filter>
      <MaxScaleDenominator>100000</MaxScaleDenominator>
      
      <ShieldSymbolizer name="ref" fontset_name="bold-fonts" size="10" fill="#fff" placement="line" file="symbols/ter_shield1.png" min_distance="40" spacing="750"/>
    </Rule>
    <Rule>
      <Filter>([highway] = 'tertiary' and [length] = 2) and not [bridge]='yes'</Filter>
      <MaxScaleDenominator>100000</MaxScaleDenominator>
      
      <ShieldSymbolizer name="ref" fontset_name="bold-fonts" size="10" fill="#fff" placement="line" file="symbols/ter_shield2.png" min_distance="40" spacing="750"/>
    </Rule>
    <Rule>
      <Filter>([highway] = 'tertiary' and [length] = 3) and not [bridge]='yes'</Filter>
      <MaxScaleDenominator>100000</MaxScaleDenominator>
      
      <ShieldSymbolizer name="ref" fontset_name="bold-fonts" size="10" fill="#fff" placement="line" file="symbols/ter_shield3.png" min_distance="40" spacing="750"/>
    </Rule>
    <Rule>
      <Filter>([highway] = 'tertiary' and [length] = 4) and not [bridge]='yes'</Filter>
      <MaxScaleDenominator>100000</MaxScaleDenominator>
      
      <ShieldSymbolizer name="ref" fontset_name="bold-fonts" size="10" fill="#fff" placement="line" file="symbols/ter_shield4.png" min_distance="40" spacing="750"/>
    </Rule>
    <Rule>
      <Filter>([highway] = 'tertiary' and [length] = 5) and not [bridge]='yes'</Filter>
      <MaxScaleDenominator>100000</MaxScaleDenominator>
      
      <ShieldSymbolizer name="ref" fontset_name="bold-fonts" size="10" fill="#fff" placement="line" file="symbols/ter_shield5.png" min_distance="40" spacing="750"/>
    </Rule>
    <Rule>
      <Filter>([highway] = 'tertiary' and [length] = 6) and not [bridge]='yes'</Filter>
      <MaxScaleDenominator>100000</MaxScaleDenominator>
      
      <ShieldSymbolizer name="ref" fontset_name="bold-fonts" size="10" fill="#fff" placement="line" file="symbols/ter_shield6.png" min_distance="40" spacing="750"/>
    </Rule>
    <Rule>
      <Filter>([highway] = 'tertiary' and [length] = 7) and not [bridge]='yes'</Filter>
      <MaxScaleDenominator>100000</MaxScaleDenominator>
      
      <ShieldSymbolizer name="ref" fontset_name="bold-fonts" size="10" fill="#fff" placement="line" file="symbols/ter_shield7.png" min_distance="40" spacing="750"/>
    </Rule>
    <Rule>
      <Filter>([highway] = 'tertiary' and [length] = 8) and not [bridge]='yes'</Filter>
      <MaxScaleDenominator>100000</MaxScaleDenominator>
      
      <ShieldSymbolizer name="ref" fontset_name="bold-fonts" size="10" fill="#fff" placement="line" file="symbols/ter_shield8.png" min_distance="40" spacing="750"/>
    </Rule>
    <Rule>
      <Filter>([highway] = 'unclassified' or [highway]='residential') and not [bridge]='yes'</Filter>
      <MaxScaleDenominator>25000</MaxScaleDenominator>
      <TextSymbolizer name="ref" fontset_name="bold-fonts" size="10" fill="#000000" halo_radius="1" min_distance="18" spacing="750"/>
    </Rule>
    <Rule>
      <Filter>([aeroway] = 'runway' or [aeroway]='taxiway') and not [bridge]='yes'</Filter>
      <MaxScaleDenominator>25000</MaxScaleDenominator>
      <TextSymbolizer name="ref" fontset_name="book-fonts" size="10" fill="#323232" halo_radius="1" min_distance="18" spacing="750" placement="line"/>
    </Rule>
    <Rule>
      <Filter>[highway] = 'trunk' or [highway] = 'primary'</Filter>
      <MaxScaleDenominator>100000</MaxScaleDenominator>
      <MinScaleDenominator>50000</MinScaleDenominator>
      <TextSymbolizer name="name" fontset_name="book-fonts" size="8" fill="#000000" halo_radius="0" placement="line"/>
    </Rule>
    <Rule>
      <Filter>[highway] = 'secondary'</Filter>
      <MaxScaleDenominator>100000</MaxScaleDenominator>
      <MinScaleDenominator>50000</MinScaleDenominator>
      <TextSymbolizer name="name" fontset_name="book-fonts" size="8" fill="#000000" halo_radius="1" halo_fill="#dadada" placement="line"/>
    </Rule>
    <Rule>
      <Filter>[highway] = 'trunk' or [highway] = 'primary'</Filter>
      <MaxScaleDenominator>50000</MaxScaleDenominator>
      <MinScaleDenominator>25000</MinScaleDenominator>
      <TextSymbolizer name="name" fontset_name="book-fonts" size="9" fill="#000000" halo_radius="0" placement="line"/>
    </Rule>
    <Rule>
      <Filter>[highway] = 'trunk' or [highway] = 'primary'</Filter>
      <MaxScaleDenominator>25000</MaxScaleDenominator>
      
      <TextSymbolizer name="name" fontset_name="book-fonts" size="10" fill="#000000" halo_radius="0" placement="line"/>
    </Rule>
    <Rule>
      <Filter>[highway] = 'secondary'</Filter>
      <MaxScaleDenominator>50000</MaxScaleDenominator>
      <MinScaleDenominator>25000</MinScaleDenominator>
      <TextSymbolizer name="name" fontset_name="book-fonts" size="9" fill="#000000" halo_radius="1" halo_fill="#dadada" placement="line"/>
    </Rule><Rule>
      <Filter>[highway] = 'secondary'</Filter>
      <MaxScaleDenominator>25000</MaxScaleDenominator>
      
      <TextSymbolizer name="name" fontset_name="book-fonts" size="10" fill="#000000" halo_radius="1" halo_fill="#dadada" placement="line"/>
    </Rule>
    <Rule>
      <Filter>[highway] = 'tertiary'</Filter>
      <MaxScaleDenominator>25000</MaxScaleDenominator>
      <MinScaleDenominator>5000</MinScaleDenominator>
      <TextSymbolizer name="name" fontset_name="book-fonts" size="9" fill="#000000" halo_radius="1" placement="line"/>
    </Rule>
    <Rule>
      <Filter>[highway] = 'tertiary'</Filter>
      <MaxScaleDenominator>5000</MaxScaleDenominator>
      
      <TextSymbolizer name="name" fontset_name="book-fonts" size="11" fill="#000000" halo_radius="1" placement="line"/>
    </Rule>
    <Rule>
      <MaxScaleDenominator>100000</MaxScaleDenominator>
      <MinScaleDenominator>12500</MinScaleDenominator>
      <Filter>[highway] = 'proposed' or [highway]='construction'</Filter>
      <TextSymbolizer name="name" fontset_name="book-fonts" size="9" fill="#000000" halo_radius="1" placement="line"/>
    </Rule>
    <Rule>
      <MaxScaleDenominator>12500</MaxScaleDenominator>
      
      <Filter>[highway] = 'proposed' or [highway]='construction'</Filter>
      <TextSymbolizer name="name" fontset_name="book-fonts" size="11" fill="#000000" halo_radius="1" placement="line"/>
    </Rule>
    <Rule>
      <Filter>[highway] = 'unclassified' or [highway] = 'residential'</Filter>
      <MaxScaleDenominator>25000</MaxScaleDenominator>
      <MinScaleDenominator>12500</MinScaleDenominator>
      <TextSymbolizer name="name" fontset_name="book-fonts" size="8" fill="#000000" halo_radius="1" spacing="300" placement="line"/>
    </Rule>
    <Rule>
      <Filter>[highway] = 'unclassified' or [highway] = 'residential'</Filter>
      <MaxScaleDenominator>12500</MaxScaleDenominator>
      <MinScaleDenominator>5000</MinScaleDenominator>
      <TextSymbolizer name="name" fontset_name="book-fonts" size="9" fill="#000000" halo_radius="1" spacing="300" placement="line"/>
    </Rule>
    <Rule>
      <Filter>[highway] = 'unclassified' or [highway] = 'residential'</Filter>
      <MaxScaleDenominator>5000</MaxScaleDenominator>
      
      <TextSymbolizer name="name" fontset_name="book-fonts" size="11" fill="#000000" halo_radius="1" spacing="400" placement="line"/>
    </Rule>
    <Rule>
      <ElseFilter/>
      <MaxScaleDenominator>25000</MaxScaleDenominator>
      <MinScaleDenominator>5000</MinScaleDenominator>
      <TextSymbolizer name="name" fontset_name="book-fonts" size="9" fill="#000000" halo_radius="1" placement="line"/>
    </Rule>
    <Rule>
      <ElseFilter/>
      <MaxScaleDenominator>5000</MaxScaleDenominator>
      
      <TextSymbolizer name="name" fontset_name="book-fonts" size="11" fill="#000000" halo_radius="1" placement="line"/>
    </Rule>
</Style>
<Style name="cliffs">
     <Rule>
      <MaxScaleDenominator>100000</MaxScaleDenominator>
      <MinScaleDenominator>25000</MinScaleDenominator>
      <Filter>[natural] = 'cliff'</Filter>       
       <LinePatternSymbolizer file="symbols/cliff.png"/>
    </Rule>
    <Rule>
      <MaxScaleDenominator>25000</MaxScaleDenominator>
      <Filter>[natural] = 'cliff'</Filter>
       <LinePatternSymbolizer file="symbols/cliff2.png"/>
    </Rule>
    <Rule>
      <MaxScaleDenominator>25000</MaxScaleDenominator>
      <Filter>[man_made] = 'embankment'</Filter>
       <LinePatternSymbolizer file="symbols/cliff.png"/>
    </Rule>
</Style>
<Style name="barriers_area">
    <Rule>
      <Filter>[natural]='hedge' or [barrier] = 'hedge'</Filter>
      <MaxScaleDenominator>12500</MaxScaleDenominator>
      <PolygonSymbolizer>
        <CssParameter name="fill">#c1c1c1</CssParameter>
     </PolygonSymbolizer>
    </Rule>
    <Rule>
      <MaxScaleDenominator>12500</MaxScaleDenominator>
      <Filter>[barrier] != '' and not [barrier] = 'hedge'</Filter>
      <LineSymbolizer>
        <CssParameter name="stroke">#444444</CssParameter>
        <CssParameter name="stroke-width">0.4</CssParameter>
      </LineSymbolizer>
    </Rule>
</Style>
<Style name="barriers">
    <Rule>
      <MaxScaleDenominator>50000</MaxScaleDenominator>
      <Filter>[barrier] = 'embankment'</Filter>
      <LineSymbolizer>
        <CssParameter name="stroke">#444444</CssParameter>
        <CssParameter name="stroke-width">0.4</CssParameter>
      </LineSymbolizer>
    </Rule>
    <Rule>
      <MaxScaleDenominator>12500</MaxScaleDenominator>
      <Filter>[natural]='hedge' or [barrier] = 'hedge'</Filter>
      <LineSymbolizer>
        <CssParameter name="stroke">#c1c1c1</CssParameter>
        <CssParameter name="stroke-width">3</CssParameter>
      </LineSymbolizer>
    </Rule>
    <Rule>
      <MaxScaleDenominator>12500</MaxScaleDenominator>
      <Filter>[barrier] != '' and not ([barrier] = 'hedge' or [barrier] = 'embankment')</Filter>
      <LineSymbolizer>
        <CssParameter name="stroke">#444444</CssParameter>
        <CssParameter name="stroke-width">0.4</CssParameter>
      </LineSymbolizer>
    </Rule>
</Style>
<Style name="directions">
    <Rule>
      <Filter>[oneway] = 'yes'</Filter>
      <MaxScaleDenominator>12500</MaxScaleDenominator>
      <LineSymbolizer>
        <CssParameter name="stroke">#7c7c7c</CssParameter>
        <CssParameter name="stroke-width">1</CssParameter>
        <CssParameter name="stroke-linejoin">bevel</CssParameter>
        <CssParameter name="stroke-dasharray">0,12,10,152</CssParameter>
      </LineSymbolizer>
      <LineSymbolizer>
        <CssParameter name="stroke">#7c7c7c</CssParameter>
        <CssParameter name="stroke-width">2</CssParameter>
        <CssParameter name="stroke-linejoin">bevel</CssParameter>
        <CssParameter name="stroke-dasharray">0,12,9,153</CssParameter>
      </LineSymbolizer>
      <LineSymbolizer>
        <CssParameter name="stroke">#7c7c7c</CssParameter>
        <CssParameter name="stroke-width">3</CssParameter>
        <CssParameter name="stroke-linejoin">bevel</CssParameter>
        <CssParameter name="stroke-dasharray">0,18,2,154</CssParameter>
      </LineSymbolizer>
      <LineSymbolizer>
        <CssParameter name="stroke">#7c7c7c</CssParameter>
        <CssParameter name="stroke-width">4</CssParameter>
        <CssParameter name="stroke-linejoin">bevel</CssParameter>
        <CssParameter name="stroke-dasharray">0,18,1,155</CssParameter>
      </LineSymbolizer>
    </Rule>
    <Rule>
      <Filter>[oneway] = '-1'</Filter>
      <MaxScaleDenominator>12500</MaxScaleDenominator>
      <LineSymbolizer>
        <CssParameter name="stroke">#7c7c7c</CssParameter>
        <CssParameter name="stroke-width">1</CssParameter>
        <CssParameter name="stroke-linejoin">bevel</CssParameter>
        <CssParameter name="stroke-dasharray">0,12,10,152</CssParameter>
      </LineSymbolizer>
      <LineSymbolizer>
        <CssParameter name="stroke">#7c7c7c</CssParameter>
        <CssParameter name="stroke-width">2</CssParameter>
        <CssParameter name="stroke-linejoin">bevel</CssParameter>
        <CssParameter name="stroke-dasharray">0,13,9,152</CssParameter>
      </LineSymbolizer>
      <LineSymbolizer>
        <CssParameter name="stroke">#7c7c7c</CssParameter>
        <CssParameter name="stroke-width">3</CssParameter>
        <CssParameter name="stroke-linejoin">bevel</CssParameter>
        <CssParameter name="stroke-dasharray">0,14,2,158</CssParameter>
      </LineSymbolizer>
      <LineSymbolizer>
        <CssParameter name="stroke">#7c7c7c</CssParameter>
        <CssParameter name="stroke-width">4</CssParameter>
        <CssParameter name="stroke-linejoin">bevel</CssParameter>
        <CssParameter name="stroke-dasharray">0,15,1,158</CssParameter>
      </LineSymbolizer>
    </Rule>
</Style>
<Style name="boundary">
    <Rule>
      <MaxScaleDenominator>6500000</MaxScaleDenominator>
      <MinScaleDenominator>750000</MinScaleDenominator>
      <PolygonSymbolizer>
        <CssParameter name="fill">#4f4f4f</CssParameter>
        <CssParameter name="fill-opacity">0.05</CssParameter>
      </PolygonSymbolizer>
      <LineSymbolizer>
        <CssParameter name="stroke">#4f4f4f</CssParameter>
        <CssParameter name="stroke-width">1.5</CssParameter>
        <CssParameter name="stroke-dasharray">4,2</CssParameter>
        <CssParameter name="stroke-opacity">0.15</CssParameter>
      </LineSymbolizer>
    </Rule>
    <Rule>
      <MaxScaleDenominator>750000</MaxScaleDenominator>
      <MinScaleDenominator>100000</MinScaleDenominator>
      <PolygonSymbolizer>
        <CssParameter name="fill">#4f4f4f</CssParameter>
        <CssParameter name="fill-opacity">0.05</CssParameter>
      </PolygonSymbolizer>
      <LineSymbolizer>
        <CssParameter name="stroke">#4f4f4f</CssParameter>
        <CssParameter name="stroke-width">3</CssParameter>
        <CssParameter name="stroke-dasharray">6,2</CssParameter>
        <CssParameter name="stroke-opacity">0.15</CssParameter>
      </LineSymbolizer>
    </Rule>
    <Rule>
      <MaxScaleDenominator>100000</MaxScaleDenominator>
      
      <LineSymbolizer>
        <CssParameter name="stroke">#4f4f4f</CssParameter>
        <CssParameter name="stroke-width">3</CssParameter>
        <CssParameter name="stroke-dasharray">6,2</CssParameter>
        <CssParameter name="stroke-opacity">0.15</CssParameter>
      </LineSymbolizer>
    </Rule>
    <Rule>
      <Filter>[way_area] >= 200000000</Filter>
      <MaxScaleDenominator>3000000</MaxScaleDenominator>
      <MinScaleDenominator>750000</MinScaleDenominator>
        <TextSymbolizer name="name" fontset_name="bold-fonts" size="8" fill="#b8b8b8" halo_radius="1" wrap_width="14"/>
    </Rule>
    <Rule>
      <MaxScaleDenominator>750000</MaxScaleDenominator>
      <MinScaleDenominator>200000</MinScaleDenominator>
        <TextSymbolizer name="name" fontset_name="bold-fonts" size="11" fill="#b8b8b8" halo_radius="1" wrap_width="14"/>
    </Rule>
</Style>
<Style name="theme_park">
<Rule>
      <MaxScaleDenominator>100000</MaxScaleDenominator>
      <MinScaleDenominator>25000</MinScaleDenominator>
      <Filter>[tourism]='theme_park'</Filter>
      <LineSymbolizer>
        <CssParameter name="stroke">#4b4b4b</CssParameter>
        <CssParameter name="stroke-width">1.5</CssParameter>
        <CssParameter name="stroke-dasharray">9,3</CssParameter>
        <CssParameter name="stroke-opacity">0.6</CssParameter>
      </LineSymbolizer>
    </Rule>
    <Rule>
      <MaxScaleDenominator>25000</MaxScaleDenominator>
      
      <Filter>[tourism]='theme_park'</Filter>
      <LineSymbolizer>
        <CssParameter name="stroke">#4b4b4b</CssParameter>
        <CssParameter name="stroke-width">2.5</CssParameter>
        <CssParameter name="stroke-dasharray">9,3</CssParameter>
        <CssParameter name="stroke-opacity">0.6</CssParameter>
      </LineSymbolizer>
    </Rule>
</Style>

<Style name="necountries">
    <Rule>
      <MaxScaleDenominator>500000000</MaxScaleDenominator>
      <MinScaleDenominator>50000000</MinScaleDenominator>
      <LineSymbolizer>
        <CssParameter name="stroke">#808080</CssParameter>
        <CssParameter name="stroke-width">0.5</CssParameter>
      </LineSymbolizer>
    </Rule>
</Style>
<Style name="nepopulated">
    <Rule>
      <MaxScaleDenominator>100000000</MaxScaleDenominator>
      <MinScaleDenominator>25000000</MinScaleDenominator>
     <Filter>[SCALERANK]=1</Filter>
     <TextSymbolizer name="NAMEASCII" fontset_name="book-fonts" size="8" dy="2" fill="#808080" halo_radius="1"/>
    </Rule>
</Style>
<Style name="world">
    <Rule>
      <MaxScaleDenominator>250000000000</MaxScaleDenominator>
      <MinScaleDenominator>750000</MinScaleDenominator>
      <PolygonSymbolizer>
        <CssParameter name="fill">#eeeeee</CssParameter>
      </PolygonSymbolizer>
    </Rule>
</Style>
<Style name="coast-poly">
    <Rule>
      <MaxScaleDenominator>750000</MaxScaleDenominator>
      <PolygonSymbolizer>
        <CssParameter name="fill">#eeeeee</CssParameter>
      </PolygonSymbolizer>
    </Rule>
</Style>
  <!-- BUILTUP VMAP0 -->
<Style name="builtup">
    <Rule>
      <MaxScaleDenominator>3000000</MaxScaleDenominator>
      <MinScaleDenominator>400000</MinScaleDenominator>
      <PolygonSymbolizer>
        <CssParameter name="fill">#dddddd</CssParameter>
      </PolygonSymbolizer>
    </Rule>
</Style>

<Layer name="coast-poly" status="on" srs="+proj=merc +a=6378137 +b=6378137 +lat_ts=0.0 +lon_0=0.0 +x_0=0.0 +y_0=0 +k=1.0 +units=m +nadgrids=@null +no_defs +over">
    <StyleName>coast-poly</StyleName>
    <Datasource>
      <Parameter name="type">shape</Parameter>
      <Parameter name="file">/home/kayd/world_boundaries//processed_p</Parameter>
    </Datasource>
</Layer>
<Layer name="builtup" status="on" srs="+proj=merc +datum=WGS84 +over">
    <StyleName>builtup</StyleName>
    <Datasource>
      <Parameter name="type">shape</Parameter>
      <Parameter name="file">/home/kayd/world_boundaries//builtup_area</Parameter>
    </Datasource>
</Layer>
<Layer name="necountries" status="on" srs="+init=epsg:4326">
    <StyleName>necountries</StyleName>
    <Datasource>
      <Parameter name="type">shape</Parameter>
      <Parameter name="file">/home/kayd/world_boundaries//110m_admin_0_boundary_lines_land.shp</Parameter>
    </Datasource>
</Layer>
<Layer name="nepopulated" status="on" srs="+init=epsg:4326">
    <StyleName>nepopulated</StyleName>
    <Datasource>
      <Parameter name="type">shape</Parameter>
      <Parameter name="file">/home/kayd/world_boundaries//10m_populated_places.shp</Parameter>
      <Parameter name="encoding">latin1</Parameter>
    </Datasource>
</Layer>


<Style name="landcover">
     <Rule>
      <Filter>[leisure] = 'swimming_pool'</Filter>
      <MaxScaleDenominator>50000</MaxScaleDenominator>
     <PolygonSymbolizer>
        <CssParameter name="fill">#c9c9c9</CssParameter>
     </PolygonSymbolizer>
      <LineSymbolizer>
        <CssParameter name="stroke">#212121</CssParameter>
        <CssParameter name="stroke-width">0.5</CssParameter>
      </LineSymbolizer>
    </Rule>
    <Rule>
      <Filter>[leisure] = 'playground'</Filter>
      <MaxScaleDenominator>100000</MaxScaleDenominator>
     <PolygonSymbolizer>
        <CssParameter name="fill">#f0f0f0</CssParameter>
     </PolygonSymbolizer>
      <LineSymbolizer>
        <CssParameter name="stroke">#656565</CssParameter>
        <CssParameter name="stroke-width">0.3</CssParameter>
      </LineSymbolizer>
    </Rule>
    <Rule>
      <Filter>[tourism] = 'camp_site' or [tourism]='caravan_site' or [tourism] = 'picnic_site'</Filter>
      <MaxScaleDenominator>100000</MaxScaleDenominator>
     <PolygonSymbolizer>
        <CssParameter name="fill">#e4e4e4</CssParameter>
        <CssParameter name="fill-opacity">0.5</CssParameter>
     </PolygonSymbolizer>
      <LineSymbolizer>
        <CssParameter name="stroke">#656565</CssParameter>
        <CssParameter name="stroke-width">0.3</CssParameter>
      </LineSymbolizer>
    </Rule>        
    <Rule>
      <Filter>[tourism] = 'attraction'</Filter>
      <MaxScaleDenominator>750000</MaxScaleDenominator>
      <PolygonSymbolizer>
        <CssParameter name="fill">#d8d8d8</CssParameter>
     </PolygonSymbolizer>
    </Rule>
    <Rule>
      <Filter>[landuse] = 'quarry'</Filter>
      <MaxScaleDenominator>400000</MaxScaleDenominator>
      <PolygonPatternSymbolizer file="symbols/quarry2.png"/>
      <LineSymbolizer>
        <CssParameter name="stroke">#808080</CssParameter>
	<CssParameter name="stroke-width">0.5</CssParameter>
      </LineSymbolizer>
    </Rule>
    <Rule>
      <Filter>[landuse] = 'vineyard'</Filter>
      <MaxScaleDenominator>750000</MaxScaleDenominator>
      <MinScaleDenominator>100000</MinScaleDenominator>
      <PolygonSymbolizer>
        <CssParameter name="fill">#c8c8c8</CssParameter>
     </PolygonSymbolizer>
    </Rule>
    <Rule>
      <Filter>[landuse] = 'orchard'</Filter>
      <MaxScaleDenominator>750000</MaxScaleDenominator>
      <PolygonPatternSymbolizer file="symbols/orchard.png"/>
    </Rule>
    <Rule>
      <Filter>[landuse] = 'vineyard'</Filter>
      <MaxScaleDenominator>100000</MaxScaleDenominator>
      <PolygonPatternSymbolizer file="symbols/vineyard.png"/>
    </Rule>
    <Rule>
      <MaxScaleDenominator>750000</MaxScaleDenominator>
      <MinScaleDenominator>25000</MinScaleDenominator>
      <Filter>[landuse] = 'cemetery' or [landuse] = 'grave_yard' or [amenity]='grave_yard'</Filter>
      <PolygonSymbolizer>
        <CssParameter name="fill">#bfbfbf</CssParameter>
      </PolygonSymbolizer>
    </Rule>
    <Rule>
      <MaxScaleDenominator>750000</MaxScaleDenominator>
      
      <Filter>[landuse] = 'residential'</Filter>
      <PolygonSymbolizer>
        <CssParameter name="fill">#dddddd</CssParameter>
      </PolygonSymbolizer>
    </Rule>
    <Rule>
      <MaxScaleDenominator>200000</MaxScaleDenominator>
      
      <Filter>[landuse] = 'garages'</Filter>
      <PolygonSymbolizer>
        <CssParameter name="fill">#929292</CssParameter>
        <CssParameter name="fill-opacity">0.2</CssParameter>
      </PolygonSymbolizer>
    </Rule>
    <Rule>
      <MaxScaleDenominator>750000</MaxScaleDenominator>
      
      <Filter>[military] = 'barracks'</Filter>
      <PolygonSymbolizer>
        <CssParameter name="fill">#ababab</CssParameter>
      </PolygonSymbolizer>
    </Rule>
    <Rule>
      <MaxScaleDenominator>750000</MaxScaleDenominator>
      <MinScaleDenominator>50000</MinScaleDenominator>
      <Filter>[landuse]='field' or [natural]='field'</Filter>
      <PolygonSymbolizer>
        <CssParameter name="fill">#585858</CssParameter>
        <CssParameter name="fill-opacity">0.2</CssParameter>
      </PolygonSymbolizer>
    </Rule>
    <Rule>
      <MaxScaleDenominator>50000</MaxScaleDenominator>
      
      <Filter>[landuse]='field' or [natural]='field'</Filter>
      <PolygonSymbolizer>
        <CssParameter name="fill">#585858</CssParameter>
        <CssParameter name="fill-opacity">0.2</CssParameter>
      </PolygonSymbolizer>
      <LineSymbolizer>
        <CssParameter name="stroke">#585858</CssParameter>
        <CssParameter name="stroke-opacity">0.4</CssParameter>
        <CssParameter name="stroke-width">0.3</CssParameter>
      </LineSymbolizer>
    </Rule>
    <Rule>
      <MaxScaleDenominator>1500000</MaxScaleDenominator>
      <MinScaleDenominator>400000</MinScaleDenominator>
      <Filter>[military] = 'danger_area'</Filter>
      <PolygonSymbolizer>
        <CssParameter name="fill">#d1d1d1</CssParameter>
        <CssParameter name="fill-opacity">0.3</CssParameter>
      </PolygonSymbolizer>
    </Rule>
    <Rule>
      <MaxScaleDenominator>400000</MaxScaleDenominator>
      
      <Filter>[military] = 'danger_area'</Filter>
      <PolygonPatternSymbolizer file="symbols/danger.png"/>
    </Rule>
    <Rule>
      <MaxScaleDenominator>50000</MaxScaleDenominator>
      <Filter>([landuse] = 'cemetery' or [landuse] = 'grave_yard' or [amenity]='grave_yard') and [religion] = 'jewish'</Filter>
      <PolygonPatternSymbolizer file="symbols/cemetery_jewish.18.png"/>
    </Rule>
    <Rule>
      <MaxScaleDenominator>50000</MaxScaleDenominator>
      <Filter>([landuse] = 'cemetery' or [landuse] = 'grave_yard' or [amenity]='grave_yard') and [religion] = 'christian'</Filter>
      <PolygonPatternSymbolizer file="symbols/grave_yard.png"/>
    </Rule>
    <Rule>
      <MaxScaleDenominator>50000</MaxScaleDenominator>
      <Filter>([landuse] = 'cemetery' or [landuse] = 'grave_yard' or [amenity]='grave_yard') and [religion] = 'INT-generic'</Filter>
      <PolygonPatternSymbolizer file="symbols/grave_yard_generic.png"/>
    </Rule>
    <Rule>
      <MaxScaleDenominator>750000</MaxScaleDenominator>
      <Filter>[landuse] = 'meadow' or [landuse] = 'grass'</Filter>
      <PolygonSymbolizer>
        <CssParameter name="fill">#dbdbdb</CssParameter>
     </PolygonSymbolizer>
    </Rule>
    <Rule>
      <Filter>[leisure] = 'park' or [leisure] = 'recreation_ground'</Filter>
      <MaxScaleDenominator>750000</MaxScaleDenominator>
      <PolygonSymbolizer>
        <CssParameter name="fill">#e2e2e2</CssParameter>
        <CssParameter name="fill-opacity">0.6</CssParameter>
     </PolygonSymbolizer>
    </Rule>
    <Rule>
      <Filter>[tourism] = 'zoo'</Filter>
      <MaxScaleDenominator>750000</MaxScaleDenominator>
      <PolygonPatternSymbolizer file="symbols/zoo.png"/>
    </Rule>
    <Rule>
      <Filter>[leisure] = 'common'</Filter>
      <MaxScaleDenominator>750000</MaxScaleDenominator>
      <PolygonSymbolizer>
        <CssParameter name="fill">#dbdbdb</CssParameter>
      </PolygonSymbolizer>
    </Rule>
    <Rule>
      <Filter>[leisure] = 'garden'</Filter>
      <MaxScaleDenominator>750000</MaxScaleDenominator>
      <PolygonSymbolizer>
        <CssParameter name="fill">#dbdbdb</CssParameter>
     </PolygonSymbolizer>
    </Rule>
    <Rule>
      <Filter>[leisure] = 'golf_course'</Filter>
      <MaxScaleDenominator>750000</MaxScaleDenominator>
      <PolygonSymbolizer>
        <CssParameter name="fill">#d1d1d1</CssParameter>
     </PolygonSymbolizer>
    </Rule>
    <Rule>
      <Filter>[landuse] = 'allotments'</Filter>
      <MaxScaleDenominator>750000</MaxScaleDenominator>
      <MinScaleDenominator>50000</MinScaleDenominator>
      <PolygonSymbolizer>
        <CssParameter name="fill">#cacaca</CssParameter>
      </PolygonSymbolizer>
    </Rule>
    <Rule>
      <Filter>[landuse] = 'allotments'</Filter>
      <MaxScaleDenominator>50000</MaxScaleDenominator>
      <PolygonPatternSymbolizer file="symbols/allotments.png"/>
    </Rule>
    <Rule>
      <Filter>[landuse] = 'forest'</Filter>
      <MaxScaleDenominator>3000000</MaxScaleDenominator>
      <MinScaleDenominator>50000</MinScaleDenominator>
      <PolygonSymbolizer>
        <CssParameter name="fill">#ababab</CssParameter>
     </PolygonSymbolizer>
    </Rule>
    <Rule>
      <Filter>[landuse] = 'forest'</Filter>
      <MaxScaleDenominator>50000</MaxScaleDenominator>
      <PolygonPatternSymbolizer file="symbols/forest.png"/>
    </Rule>
    <Rule>
      <Filter>[landuse]='farmyard'</Filter>
      <MaxScaleDenominator>1500000</MaxScaleDenominator>
      <PolygonSymbolizer>
        <CssParameter name="fill">#c0c0c0</CssParameter>
     </PolygonSymbolizer>
    </Rule>
    <Rule>
      <Filter>[landuse] = 'farm' or [landuse]='farmland'</Filter>
      <MaxScaleDenominator>1500000</MaxScaleDenominator>
      <PolygonSymbolizer>
        <CssParameter name="fill">#d8d8d8</CssParameter>
     </PolygonSymbolizer>
    </Rule>
    <Rule>
      <Filter>[landuse] = 'recreation_ground' or [landuse] = 'conservation'</Filter>
      <MaxScaleDenominator>750000</MaxScaleDenominator>
      <PolygonSymbolizer>
        <CssParameter name="fill">#dbdbdb</CssParameter>
     </PolygonSymbolizer>
    </Rule>
    <Rule>
      <Filter>[landuse] = 'village_green'</Filter>
      <MaxScaleDenominator>400000</MaxScaleDenominator>
      <PolygonSymbolizer>
        <CssParameter name="fill">#dbdbdb</CssParameter>
     </PolygonSymbolizer>
    </Rule>
    <Rule>
      <Filter>[landuse] = 'retail'</Filter>
      <MaxScaleDenominator>750000</MaxScaleDenominator>
      <PolygonSymbolizer>
        <CssParameter name="fill">#dfdfdf</CssParameter>
     </PolygonSymbolizer>
    </Rule>
    <Rule>
      <Filter>[landuse] = 'retail'</Filter>
      <MaxScaleDenominator>25000</MaxScaleDenominator>
      <LineSymbolizer>
        <CssParameter name="stroke">#3f3f3f</CssParameter>
        <CssParameter name="stroke-width">0.3</CssParameter>
      </LineSymbolizer>
    </Rule>
    <Rule>
      <Filter>[landuse] = 'industrial' or [landuse]='railway'</Filter>
      <MaxScaleDenominator>750000</MaxScaleDenominator>
      <PolygonSymbolizer>
        <CssParameter name="fill">#d5d5d5</CssParameter>
     </PolygonSymbolizer>
    </Rule>
    <Rule>
      <Filter>[power] = 'station' or [power]='generator'</Filter>
      <MaxScaleDenominator>750000</MaxScaleDenominator>
      <MinScaleDenominator>200000</MinScaleDenominator>
      <PolygonSymbolizer>
        <CssParameter name="fill">#bababa</CssParameter>
     </PolygonSymbolizer>
    </Rule>
    <Rule>
      <Filter>[power] = 'station' or [power]='generator'</Filter>
      <MaxScaleDenominator>200000</MaxScaleDenominator>
      <PolygonSymbolizer>
        <CssParameter name="fill">#bababa</CssParameter>
     </PolygonSymbolizer>
    <LineSymbolizer>
        <CssParameter name="stroke">#555555</CssParameter>
        <CssParameter name="stroke-width">0.4</CssParameter>
      </LineSymbolizer>
    </Rule>
    <Rule>
      <Filter>[power] = 'sub_station'</Filter>
      <MaxScaleDenominator>100000</MaxScaleDenominator>
      <PolygonSymbolizer>
        <CssParameter name="fill">#bababa</CssParameter>
     </PolygonSymbolizer>
    <LineSymbolizer>
        <CssParameter name="stroke">#555555</CssParameter>
        <CssParameter name="stroke-width">0.4</CssParameter>
      </LineSymbolizer>
    </Rule>
    <Rule>
      <Filter>[landuse] = 'commercial'</Filter>
      <MaxScaleDenominator>750000</MaxScaleDenominator>
      <PolygonSymbolizer>
        <CssParameter name="fill">#d1d1d1</CssParameter>
     </PolygonSymbolizer>
    </Rule>
    <Rule>
      <Filter>[landuse] = 'brownfield' or [landuse]='landfill' or [landuse] = 'greenfield' or [landuse]='construction'</Filter>
      <MaxScaleDenominator>750000</MaxScaleDenominator>
      <PolygonSymbolizer>
        <CssParameter name="fill">#969696</CssParameter>
        <CssParameter name="fill-opacity">0.7</CssParameter>
     </PolygonSymbolizer>
    </Rule>
     <Rule>
      <Filter>[natural] = 'wood' or [landuse] = 'wood'</Filter>
      <MaxScaleDenominator>3000000</MaxScaleDenominator>
      <PolygonSymbolizer>
        <CssParameter name="fill">#c1c1c1</CssParameter>
     </PolygonSymbolizer>
    </Rule>
 <Rule>
      <Filter>[natural] = 'desert'</Filter>
      <MaxScaleDenominator>3000000</MaxScaleDenominator>
      <PolygonSymbolizer>
        <CssParameter name="fill">#b8b8b8</CssParameter>
     </PolygonSymbolizer>
    </Rule>
     <Rule>
      <Filter>[natural] = 'sand'</Filter>
      <MaxScaleDenominator>750000</MaxScaleDenominator>
      <PolygonSymbolizer>
        <CssParameter name="fill">#dbdbdb</CssParameter>
     </PolygonSymbolizer>
    </Rule>
    <Rule>
      <Filter>[natural] = 'heath'</Filter>
      <MaxScaleDenominator>750000</MaxScaleDenominator>
      <PolygonSymbolizer>
        <CssParameter name="fill">#d0d0d0</CssParameter>
     </PolygonSymbolizer>
    </Rule>
    <Rule>
      <Filter>[natural] = 'scrub'</Filter>
      <MaxScaleDenominator>750000</MaxScaleDenominator>
      <MinScaleDenominator>50000</MinScaleDenominator>
      <PolygonSymbolizer>
        <CssParameter name="fill">#d1d1d1</CssParameter>
     </PolygonSymbolizer>
    </Rule>
    <Rule>
      <MaxScaleDenominator>50000</MaxScaleDenominator>
      <Filter>[natural] = 'scrub'</Filter>
      <PolygonPatternSymbolizer file="symbols/scrub.png"/>
    </Rule>
    <Rule>
      <Filter>[amenity] = 'university' or [amenity] = 'college' or [amenity] = 'school' or [amenity]='hospital' or [amenity]='kindergarten'</Filter>
      <MaxScaleDenominator>750000</MaxScaleDenominator>
      <PolygonSymbolizer>
        <CssParameter name="fill">#ececec</CssParameter>
      </PolygonSymbolizer>
    </Rule>
    <Rule>
      <Filter>[amenity] = 'university' or [amenity] = 'college' or [amenity] = 'school' or [amenity]='hospital' or [amenity]='kindergarten'</Filter>
      <MaxScaleDenominator>200000</MaxScaleDenominator>
      <LineSymbolizer>
        <CssParameter name="stroke">#484848</CssParameter>
        <CssParameter name="stroke-width">0.3</CssParameter>
      </LineSymbolizer>
    </Rule>
    <Rule>
      <Filter>[amenity] = 'parking'</Filter>
      <MaxScaleDenominator>750000</MaxScaleDenominator>
     <PolygonSymbolizer>
         <CssParameter name="fill">#e9e9e9</CssParameter>
      </PolygonSymbolizer>
    </Rule>
    <Rule>
      <Filter>[amenity] = 'parking'</Filter>
      <MaxScaleDenominator>25000</MaxScaleDenominator>
      <LineSymbolizer>
        <CssParameter name="stroke">#eaeaea</CssParameter>
        <CssParameter name="stroke-width">0.3</CssParameter>
      </LineSymbolizer>
    </Rule>
    <Rule>
      <Filter>[aeroway] = 'apron'</Filter>
      <MaxScaleDenominator>200000</MaxScaleDenominator>
      <PolygonSymbolizer>
         <CssParameter name="fill">#dcdcdc</CssParameter>
      </PolygonSymbolizer>
    </Rule>
    <Rule>
      <Filter>[aeroway] = 'aerodrome'</Filter>
      <MaxScaleDenominator>200000</MaxScaleDenominator>
      <PolygonSymbolizer>
         <CssParameter name="fill">#cbcbcb</CssParameter>
        <CssParameter name="fill-opacity">0.2</CssParameter>
      </PolygonSymbolizer>
      <LineSymbolizer>
        <CssParameter name="stroke">#555555</CssParameter>
        <CssParameter name="stroke-width">0.2</CssParameter>
      </LineSymbolizer>
    </Rule>
    <Rule>
      <Filter>[natural] = 'beach'</Filter>
      <MaxScaleDenominator>100000</MaxScaleDenominator>
      <PolygonPatternSymbolizer file="symbols/beach.png"/>
    </Rule>
    <Rule>
      <Filter>[highway] = 'services' or [highway] = 'rest_area'</Filter>
      <MaxScaleDenominator>50000</MaxScaleDenominator>
      <PolygonSymbolizer>
        <CssParameter name="fill">#d1d1d1</CssParameter>
      </PolygonSymbolizer>
   </Rule>
    <!--Rule>
      <ElseFilter/>
      &maxscale_zoom10;
      <PolygonSymbolizer>
        <CssParameter name="fill">lightgrey</CssParameter>
     </PolygonSymbolizer>
    </Rule-->
</Style>
<Style name="landcover_line">
    <Rule>
      <MaxScaleDenominator>50000</MaxScaleDenominator>
      <MinScaleDenominator>12500</MinScaleDenominator>
      <LineSymbolizer>
        <CssParameter name="stroke">#eeeeee</CssParameter>
        <CssParameter name="stroke-width">3</CssParameter>
        <CssParameter name="stroke-linejoin">round</CssParameter>
        <CssParameter name="stroke-linecap">square</CssParameter>
      </LineSymbolizer>
    </Rule>
    <Rule>
      <MaxScaleDenominator>12500</MaxScaleDenominator>
      <LineSymbolizer>
        <CssParameter name="stroke">#eeeeee</CssParameter>
        <CssParameter name="stroke-width">6</CssParameter>
        <CssParameter name="stroke-linejoin">round</CssParameter>
        <CssParameter name="stroke-linecap">square</CssParameter>
      </LineSymbolizer>
    </Rule>
</Style>
<Style name="sports_grounds">
    <Rule>
      <Filter>[leisure] = 'sports_centre' or [leisure] = 'stadium'</Filter>
      <MaxScaleDenominator>750000</MaxScaleDenominator>
      <PolygonSymbolizer>
        <CssParameter name="fill">#9f9f9f</CssParameter>
      </PolygonSymbolizer>
    </Rule>
    <Rule>
      <Filter>[leisure]='track'</Filter>
      <MaxScaleDenominator>750000</MaxScaleDenominator>
      <PolygonSymbolizer>
        <CssParameter name="fill">#bdbdbd</CssParameter>
      </PolygonSymbolizer>
      <LineSymbolizer>
        <CssParameter name="stroke">#888888</CssParameter>
        <CssParameter name="stroke-width">0.5</CssParameter>
      </LineSymbolizer>
    </Rule>
    <Rule>
      <Filter>[leisure] = 'pitch'</Filter>
      <MaxScaleDenominator>750000</MaxScaleDenominator>
      <PolygonSymbolizer>
         <CssParameter name="fill">#bcbcbc</CssParameter>
      </PolygonSymbolizer>
      <LineSymbolizer>
        <CssParameter name="stroke">#888888</CssParameter>
        <CssParameter name="stroke-width">0.5</CssParameter>
      </LineSymbolizer>
    </Rule>
</Style>

<Layer name="landcover" status="on" srs="+proj=merc +a=6378137 +b=6378137 +lat_ts=0.0 +lon_0=0.0 +x_0=0.0 +y_0=0 +k=1.0 +units=m +nadgrids=@null +no_defs +over">
    <StyleName>landcover</StyleName>
    <Datasource>
      <Parameter name="table">
      (select way,aeroway,amenity,landuse,leisure,man_made,military,"natural",power,tourism,name,highway,
       case when religion in ('christian','jewish') then religion else 'INT-generic'::text end as religion
       from planet_polygon
       where landuse is not null
          or leisure is not null
          or aeroway in ('apron','aerodrome')
          or amenity in ('parking','university','college','school','hospital','kindergarten','grave_yard')
          or military in ('barracks','danger_area')
          or "natural" in ('field','beach','desert','heath','mud','wood','sand','scrub')
          or power in ('station','sub_station','generator')
          or tourism in ('attraction','camp_site','caravan_site','picnic_site','zoo')
          or highway in ('services','rest_area')
       order by z_order,way_area desc
      ) as leisure
      </Parameter>
      <!--
Settings for your postgres setup.

Note: feel free to leave password, host, port, or use blank
-->

<Parameter name="type">postgis</Parameter>
<Parameter name="password"/>
<Parameter name="host">sql-mapnik</Parameter>
<Parameter name="port"/>
<Parameter name="user"/>
<Parameter name="dbname">osm_mapnik</Parameter>
<!-- this should be 'false' if you are manually providing the 'extent' -->
<Parameter name="estimate_extent">false</Parameter>
<!-- manually provided extent in epsg 900913 for whole globe -->
<!-- providing this speeds up Mapnik database queries -->
<Parameter name="extent">-20037508,-19929239,20037508,19929239</Parameter>

    </Datasource>
</Layer>
<Layer name="landcover_line" status="on" srs="+proj=merc +a=6378137 +b=6378137 +lat_ts=0.0 +lon_0=0.0 +x_0=0.0 +y_0=0 +k=1.0 +units=m +nadgrids=@null +no_defs +over">
    <StyleName>landcover_line</StyleName>
    <Datasource>
      <Parameter name="table">
      (select way
       from planet_line
       where man_made='cutline'
      ) as leisure
      </Parameter>
      <!--
Settings for your postgres setup.

Note: feel free to leave password, host, port, or use blank
-->

<Parameter name="type">postgis</Parameter>
<Parameter name="password"/>
<Parameter name="host">sql-mapnik</Parameter>
<Parameter name="port"/>
<Parameter name="user"/>
<Parameter name="dbname">osm_mapnik</Parameter>
<!-- this should be 'false' if you are manually providing the 'extent' -->
<Parameter name="estimate_extent">false</Parameter>
<!-- manually provided extent in epsg 900913 for whole globe -->
<!-- providing this speeds up Mapnik database queries -->
<Parameter name="extent">-20037508,-19929239,20037508,19929239</Parameter>

    </Datasource>
</Layer>
<Layer name="sports_grounds" status="on" srs="+proj=merc +a=6378137 +b=6378137 +lat_ts=0.0 +lon_0=0.0 +x_0=0.0 +y_0=0 +k=1.0 +units=m +nadgrids=@null +no_defs +over">
    <StyleName>sports_grounds</StyleName>
    <Datasource>
      <Parameter name="table">
      (select way,leisure,
       case when leisure='pitch' then 2
            when leisure='track' then 1
            else 0 end as prio
       from planet_polygon
       where leisure in ('sports_centre','stadium','pitch','track')
       order by z_order,prio,way_area desc
      ) as sports_grounds
      </Parameter>
      <!--
Settings for your postgres setup.

Note: feel free to leave password, host, port, or use blank
-->

<Parameter name="type">postgis</Parameter>
<Parameter name="password"/>
<Parameter name="host">sql-mapnik</Parameter>
<Parameter name="port"/>
<Parameter name="user"/>
<Parameter name="dbname">osm_mapnik</Parameter>
<!-- this should be 'false' if you are manually providing the 'extent' -->
<Parameter name="estimate_extent">false</Parameter>
<!-- manually provided extent in epsg 900913 for whole globe -->
<!-- providing this speeds up Mapnik database queries -->
<Parameter name="extent">-20037508,-19929239,20037508,19929239</Parameter>

    </Datasource>
</Layer>


<Style name="water_areas">
    <Rule>
      <Filter>[natural] = 'glacier'</Filter>
      <MaxScaleDenominator>12500000</MaxScaleDenominator>
      <MinScaleDenominator>3000000</MinScaleDenominator>
      <LineSymbolizer>
        <CssParameter name="stroke">#c5c5c5</CssParameter>
        <CssParameter name="stroke-width">1.5</CssParameter>
        <CssParameter name="stroke-dasharray">4,2</CssParameter>
      </LineSymbolizer>
      <PolygonPatternSymbolizer file="symbols/glacier.png"/>
    </Rule>
    <Rule>
      <Filter>[natural] = 'glacier'</Filter>
      <MaxScaleDenominator>3000000</MaxScaleDenominator>
      <LineSymbolizer>
        <CssParameter name="stroke">#c5c5c5</CssParameter>
        <CssParameter name="stroke-width">1.5</CssParameter>
        <CssParameter name="stroke-dasharray">4,2</CssParameter>
      </LineSymbolizer>
      <PolygonPatternSymbolizer file="symbols/glacier2.png"/>
    </Rule>
    <Rule>
      <Filter>[waterway] = 'dock' or [waterway] = 'mill_pond' or [waterway]='canal'</Filter>
      <MaxScaleDenominator>1500000</MaxScaleDenominator>
      <PolygonSymbolizer>
        <CssParameter name="fill">#c9c9c9</CssParameter>
        <CssParameter name="gamma">.75</CssParameter>
     </PolygonSymbolizer>
    </Rule>
    <Rule>
      <Filter>[landuse] = 'basin'</Filter>
      <MaxScaleDenominator>6500000</MaxScaleDenominator>
      <PolygonSymbolizer>
        <CssParameter name="fill">#c9c9c9</CssParameter>
        <CssParameter name="gamma">.75</CssParameter>
     </PolygonSymbolizer>
    </Rule>
    <Rule>
      <Filter>[natural] = 'lake' or [natural] = 'water' or [landuse] = 'reservoir' or [waterway] = 'riverbank' or [landuse] = 'water' or [natural]='bay'</Filter>
      <MaxScaleDenominator>12500000</MaxScaleDenominator>
      <PolygonSymbolizer>
        <CssParameter name="fill">#c9c9c9</CssParameter>
        <CssParameter name="gamma">.75</CssParameter>
     </PolygonSymbolizer>
    </Rule>
    <Rule>
      <Filter>[natural] = 'mud'</Filter>
      <MaxScaleDenominator>100000</MaxScaleDenominator>
      <PolygonPatternSymbolizer file="symbols/mud.png"/>
    </Rule>
    <Rule>
      <Filter>[natural] = 'land'</Filter>
      <MaxScaleDenominator>750000</MaxScaleDenominator>
      <PolygonSymbolizer>
        <CssParameter name="fill">#eeeeee</CssParameter>
     </PolygonSymbolizer>
    </Rule>
</Style>
<Style name="water-areas-overlay">
    <Rule>
      <MaxScaleDenominator>100000</MaxScaleDenominator>
      <Filter>[natural] = 'marsh' or [natural] = 'wetland'</Filter>
      <PolygonPatternSymbolizer file="symbols/marsh.png"/>
    </Rule>
</Style>
<Style name="glaciers-text">
    <Rule> 
      <Filter>[way_area] >= 10000000</Filter>
      <MaxScaleDenominator>750000</MaxScaleDenominator>
      <TextSymbolizer name="name" fontset_name="book-fonts" size="9" fill="#a6a6a6" halo_radius="1" wrap_width="20"/>
    </Rule>
    <Rule>
      <Filter>[way_area] >= 5000000 and [way_area] &lt; 10000000</Filter>
      <MaxScaleDenominator>400000</MaxScaleDenominator>
      <TextSymbolizer name="name" fontset_name="book-fonts" size="9" fill="#a6a6a6" halo_radius="1" wrap_width="20"/>
    </Rule>
    <Rule>
      <Filter>[way_area] &lt; 5000000</Filter>
      <MaxScaleDenominator>200000</MaxScaleDenominator>
      <TextSymbolizer name="name" fontset_name="book-fonts" size="9" fill="#a6a6a6" halo_radius="1" wrap_width="20"/>
    </Rule>
</Style>

<Style name="water-lines-casing">
    <Rule>
      <Filter>[waterway]='stream' or [waterway]='ditch' or [waterway]='drain'</Filter>
      <MaxScaleDenominator>100000</MaxScaleDenominator>
      <MinScaleDenominator>25000</MinScaleDenominator>
      <LineSymbolizer>
        <CssParameter name="stroke">#ffffff</CssParameter>
        <CssParameter name="stroke-width">1.5</CssParameter>
      </LineSymbolizer>
    </Rule>
    <Rule>
      <Filter>[waterway]='stream'</Filter>
      <MaxScaleDenominator>25000</MaxScaleDenominator>
      
      <LineSymbolizer>
        <CssParameter name="stroke">#ffffff</CssParameter>
        <CssParameter name="stroke-width">2.5</CssParameter>
      </LineSymbolizer>
    </Rule>
</Style>

<Style name="water-lines-low-zoom">
    <Rule>
      <Filter>[waterway]='river'</Filter>
      <MaxScaleDenominator>3000000</MaxScaleDenominator>
      <MinScaleDenominator>1500000</MinScaleDenominator>
      <LineSymbolizer>
        <CssParameter name="stroke">#c9c9c9</CssParameter>
        <CssParameter name="stroke-width">0.7</CssParameter>
      </LineSymbolizer>
    </Rule>
    <Rule>
      <Filter>[waterway]='river'</Filter>
      <MaxScaleDenominator>1500000</MaxScaleDenominator>
      <MinScaleDenominator>750000</MinScaleDenominator>
      <LineSymbolizer>
        <CssParameter name="stroke">#c9c9c9</CssParameter>
        <CssParameter name="stroke-width">1.2</CssParameter>
      </LineSymbolizer>
    </Rule>
    <Rule>
      <Filter>[waterway]='river'</Filter>
      <MaxScaleDenominator>750000</MaxScaleDenominator>
      <MinScaleDenominator>200000</MinScaleDenominator>
      <LineSymbolizer>
        <CssParameter name="stroke">#c9c9c9</CssParameter>
        <CssParameter name="stroke-width">1.6</CssParameter>
      </LineSymbolizer>
    </Rule>
</Style>

<Style name="water_lines">
    <Rule>
      <Filter>[waterway]='weir'</Filter>
      <MaxScaleDenominator>25000</MaxScaleDenominator>
      
      <LineSymbolizer>
        <CssParameter name="stroke">#aaaaaa</CssParameter>
        <CssParameter name="stroke-width">2</CssParameter>
        <CssParameter name="stroke-linejoin">round</CssParameter>
        <CssParameter name="stroke-linecap">round</CssParameter>
      </LineSymbolizer>
    </Rule>
    <Rule>
      <Filter>[waterway]='wadi'</Filter>
      <MaxScaleDenominator>100000</MaxScaleDenominator>
      <MinScaleDenominator>12500</MinScaleDenominator>
      <LineSymbolizer>
        <CssParameter name="stroke">#c9c9c9</CssParameter>
        <CssParameter name="stroke-width">1</CssParameter>
        <CssParameter name="stroke-linejoin">round</CssParameter>
        <CssParameter name="stroke-linecap">round</CssParameter>
        <CssParameter name="stroke-dasharray">4,4</CssParameter>
      </LineSymbolizer>
    </Rule>
    <Rule>
      <Filter>[waterway]='wadi'</Filter>
      <MaxScaleDenominator>12500</MaxScaleDenominator>
      <LineSymbolizer>
        <CssParameter name="stroke">#c9c9c9</CssParameter>
        <CssParameter name="stroke-width">2</CssParameter>
        <CssParameter name="stroke-linejoin">round</CssParameter>
        <CssParameter name="stroke-linecap">round</CssParameter>
        <CssParameter name="stroke-dasharray">4,4</CssParameter>
      </LineSymbolizer>
    </Rule>
    <Rule>
      <Filter>[waterway]='river'</Filter>
      <MaxScaleDenominator>200000</MaxScaleDenominator>
      <MinScaleDenominator>100000</MinScaleDenominator>
      <LineSymbolizer>
        <CssParameter name="stroke">#c9c9c9</CssParameter>
        <CssParameter name="stroke-width">2</CssParameter>
        <CssParameter name="stroke-linejoin">round</CssParameter>
        <CssParameter name="stroke-linecap">round</CssParameter>
      </LineSymbolizer>
    </Rule>
    <Rule>
      <Filter>[waterway]='river'</Filter>
      <MaxScaleDenominator>100000</MaxScaleDenominator>
      <MinScaleDenominator>50000</MinScaleDenominator>
      <LineSymbolizer>
        <CssParameter name="stroke">#c9c9c9</CssParameter>
        <CssParameter name="stroke-width">3</CssParameter>
        <CssParameter name="stroke-linejoin">round</CssParameter>
        <CssParameter name="stroke-linecap">round</CssParameter>
      </LineSymbolizer>
      <TextSymbolizer name="name" fontset_name="book-fonts" size="9" fill="#929292" halo_radius="1" placement="line" spacing="400"/>
    </Rule>
    <Rule>
      <Filter>[waterway]='river'</Filter>
      <MaxScaleDenominator>50000</MaxScaleDenominator>
      <MinScaleDenominator>25000</MinScaleDenominator>
      <LineSymbolizer>
        <CssParameter name="stroke">#c9c9c9</CssParameter>
        <CssParameter name="stroke-width">5</CssParameter>
        <CssParameter name="stroke-linejoin">round</CssParameter>
        <CssParameter name="stroke-linecap">round</CssParameter>
      </LineSymbolizer>
      <TextSymbolizer name="name" fontset_name="book-fonts" size="10" fill="#929292" halo_radius="1" placement="line" spacing="400"/>
    </Rule><Rule>
      <Filter>[waterway]='river'</Filter>
      <MaxScaleDenominator>25000</MaxScaleDenominator>
      <MinScaleDenominator>5000</MinScaleDenominator>
      <LineSymbolizer>
        <CssParameter name="stroke">#c9c9c9</CssParameter>
        <CssParameter name="stroke-width">6</CssParameter>
        <CssParameter name="stroke-linejoin">round</CssParameter>
        <CssParameter name="stroke-linecap">round</CssParameter>
      </LineSymbolizer>
      <TextSymbolizer name="name" fontset_name="book-fonts" size="10" fill="#929292" halo_radius="1" placement="line" spacing="400"/>
    </Rule>
    <Rule>
      <Filter>[waterway]='river'</Filter>
      <MaxScaleDenominator>5000</MaxScaleDenominator>
      <MinScaleDenominator>2500</MinScaleDenominator>
      <LineSymbolizer>
        <CssParameter name="stroke">#c9c9c9</CssParameter>
        <CssParameter name="stroke-width">10</CssParameter>
        <CssParameter name="stroke-linejoin">round</CssParameter>
        <CssParameter name="stroke-linecap">round</CssParameter>
      </LineSymbolizer>
      <TextSymbolizer name="name" fontset_name="book-fonts" size="10" fill="#929292" halo_radius="1" placement="line" spacing="400"/>
    </Rule>
    <Rule>
      <Filter>[waterway]='river'</Filter>
      <MaxScaleDenominator>2500</MaxScaleDenominator>
      
      <LineSymbolizer>
        <CssParameter name="stroke">#c9c9c9</CssParameter>
        <CssParameter name="stroke-width">12</CssParameter>
        <CssParameter name="stroke-linejoin">round</CssParameter>
        <CssParameter name="stroke-linecap">round</CssParameter>
      </LineSymbolizer>
      <TextSymbolizer name="name" fontset_name="book-fonts" size="10" fill="#929292" halo_radius="1" placement="line" spacing="400"/>
    </Rule>
    <Rule>
      <Filter>[waterway]='canal' and not [disused]='yes'</Filter>
      <MaxScaleDenominator>200000</MaxScaleDenominator>
      <MinScaleDenominator>100000</MinScaleDenominator>
      <LineSymbolizer>
        <CssParameter name="stroke">#c9c9c9</CssParameter>
        <CssParameter name="stroke-width">3</CssParameter>
        <CssParameter name="stroke-linejoin">round</CssParameter>
        <CssParameter name="stroke-linecap">round</CssParameter>
      </LineSymbolizer>
    </Rule>
    <Rule>
      <Filter>[waterway]='canal' and not [disused]='yes'</Filter>
      <MaxScaleDenominator>100000</MaxScaleDenominator>
      <MinScaleDenominator>50000</MinScaleDenominator>
      <LineSymbolizer>
        <CssParameter name="stroke">#c9c9c9</CssParameter>
        <CssParameter name="stroke-width">4</CssParameter>
        <CssParameter name="stroke-linejoin">round</CssParameter>
        <CssParameter name="stroke-linecap">round</CssParameter>
      </LineSymbolizer>
      <TextSymbolizer name="name" fontset_name="book-fonts" size="8" fill="#929292" halo_radius="1" placement="line"/>
    </Rule>
    <Rule>
      <Filter>[waterway]='stream' or [waterway]='ditch' or [waterway]='drain'</Filter>
      <MaxScaleDenominator>100000</MaxScaleDenominator>
      <MinScaleDenominator>25000</MinScaleDenominator>
      <LineSymbolizer>
        <CssParameter name="stroke">#c9c9c9</CssParameter>
        <CssParameter name="stroke-width">1</CssParameter>
      </LineSymbolizer>
    </Rule>
    <Rule>
      <Filter>[waterway]='river' and [tunnel] = 'yes'</Filter>
      <MaxScaleDenominator>50000</MaxScaleDenominator>
      <MinScaleDenominator>25000</MinScaleDenominator>
      <LineSymbolizer>
        <CssParameter name="stroke">#c9c9c9</CssParameter>
        <CssParameter name="stroke-width">6</CssParameter>
        <CssParameter name="stroke-dasharray">4,2</CssParameter>
      </LineSymbolizer>
      <LineSymbolizer>
        <CssParameter name="stroke">#ffffff</CssParameter>
        <CssParameter name="stroke-width">4</CssParameter>
      </LineSymbolizer>
      <TextSymbolizer name="name" fontset_name="book-fonts" size="10" fill="#929292" halo_radius="1" placement="line" min_distance="200"/>
    </Rule><Rule>
      <Filter>[waterway]='river' and [tunnel] = 'yes'</Filter>
      <MaxScaleDenominator>25000</MaxScaleDenominator>
      <MinScaleDenominator>5000</MinScaleDenominator>
      <LineSymbolizer>
        <CssParameter name="stroke">#c9c9c9</CssParameter>
        <CssParameter name="stroke-width">7</CssParameter>
        <CssParameter name="stroke-dasharray">4,2</CssParameter>
      </LineSymbolizer>
      <LineSymbolizer>
        <CssParameter name="stroke">#ffffff</CssParameter>
        <CssParameter name="stroke-width">4</CssParameter>
      </LineSymbolizer>
      <TextSymbolizer name="name" fontset_name="book-fonts" size="10" fill="#929292" halo_radius="1" placement="line" min_distance="200"/>
    </Rule>
    <Rule>
      <Filter>[waterway]='river' and [tunnel] = 'yes'</Filter>
      <MaxScaleDenominator>5000</MaxScaleDenominator>
      <MinScaleDenominator>2500</MinScaleDenominator>
      <LineSymbolizer>
        <CssParameter name="stroke">#c9c9c9</CssParameter>
        <CssParameter name="stroke-width">11</CssParameter>
        <CssParameter name="stroke-dasharray">4,2</CssParameter>
      </LineSymbolizer>
      <LineSymbolizer>
        <CssParameter name="stroke">#ffffff</CssParameter>
        <CssParameter name="stroke-width">7</CssParameter>
      </LineSymbolizer>
      <TextSymbolizer name="name" fontset_name="book-fonts" size="10" fill="#929292" halo_radius="1" placement="line" min_distance="200"/>
    </Rule>
    <Rule>
      <Filter>[waterway]='river' and [tunnel] = 'yes'</Filter>
      <MaxScaleDenominator>2500</MaxScaleDenominator>
      <LineSymbolizer>
        <CssParameter name="stroke">#c9c9c9</CssParameter>
        <CssParameter name="stroke-width">13</CssParameter>
        <CssParameter name="stroke-dasharray">4,2</CssParameter>
      </LineSymbolizer>
      <LineSymbolizer>
        <CssParameter name="stroke">#ffffff</CssParameter>
        <CssParameter name="stroke-width">9</CssParameter>
      </LineSymbolizer>
      <TextSymbolizer name="name" fontset_name="book-fonts" size="10" fill="#929292" halo_radius="1" placement="line" min_distance="200"/>
    </Rule>
    <Rule>
      <Filter>[waterway]='canal' and [tunnel] = 'yes'</Filter>
      <MaxScaleDenominator>50000</MaxScaleDenominator>
      <MinScaleDenominator>5000</MinScaleDenominator>
       <LineSymbolizer>
        <CssParameter name="stroke">#c9c9c9</CssParameter>
        <CssParameter name="stroke-width">7</CssParameter>
        <CssParameter name="stroke-dasharray">4,2</CssParameter>
      </LineSymbolizer>
      <LineSymbolizer>
        <CssParameter name="stroke">#ffffff</CssParameter>
        <CssParameter name="stroke-width">3</CssParameter>
      </LineSymbolizer>
      <TextSymbolizer name="name" fontset_name="book-fonts" size="9" fill="#929292" halo_radius="1" placement="line"/>
    </Rule>
    <Rule>
      <Filter>[waterway]='canal' and not ([tunnel] = 'yes' or [disused]='yes')</Filter>
      <MaxScaleDenominator>50000</MaxScaleDenominator>
      <MinScaleDenominator>5000</MinScaleDenominator>
      <LineSymbolizer>
        <CssParameter name="stroke">#c9c9c9</CssParameter>
        <CssParameter name="stroke-width">7</CssParameter>
        <CssParameter name="stroke-linejoin">round</CssParameter>
        <CssParameter name="stroke-linecap">round</CssParameter>
      </LineSymbolizer>
      <TextSymbolizer name="name" fontset_name="book-fonts" size="9" fill="#929292" halo_radius="1" placement="line"/>
    </Rule>
    <Rule>
      <Filter>[waterway]='canal' and [tunnel] = 'yes'</Filter>
      <MaxScaleDenominator>5000</MaxScaleDenominator>
      
       <LineSymbolizer>
        <CssParameter name="stroke">#c9c9c9</CssParameter>
        <CssParameter name="stroke-width">11</CssParameter>
        <CssParameter name="stroke-dasharray">4,2</CssParameter>
      </LineSymbolizer>
      <LineSymbolizer>
        <CssParameter name="stroke">#ffffff</CssParameter>
        <CssParameter name="stroke-width">7</CssParameter>
      </LineSymbolizer>
      <TextSymbolizer name="name" fontset_name="book-fonts" size="9" fill="#929292" halo_radius="1" placement="line"/>
    </Rule>
    <Rule>
      <Filter>[waterway]='canal' and not ([tunnel] = 'yes' or [disused]='yes' or [lock]='yes')</Filter>
      <MaxScaleDenominator>5000</MaxScaleDenominator>
      
      <LineSymbolizer>
        <CssParameter name="stroke">#c9c9c9</CssParameter>
        <CssParameter name="stroke-width">11</CssParameter>
        <CssParameter name="stroke-linejoin">round</CssParameter>
        <CssParameter name="stroke-linecap">round</CssParameter>
      </LineSymbolizer>
      <TextSymbolizer name="name" fontset_name="book-fonts" size="9" fill="#929292" halo_radius="1" placement="line"/>
    </Rule>
    <Rule>
      <Filter>[waterway]='canal' and not ([tunnel] = 'yes' or [disused]='yes') and [lock]='yes'</Filter>
      <MaxScaleDenominator>5000</MaxScaleDenominator>
      
      <LineSymbolizer>
        <CssParameter name="stroke">#c9c9c9</CssParameter>
        <CssParameter name="stroke-width">7</CssParameter>
        <CssParameter name="stroke-linejoin">round</CssParameter>
        <CssParameter name="stroke-linecap">round</CssParameter>
      </LineSymbolizer>
      <TextSymbolizer name="name" fontset_name="book-fonts" size="9" fill="#929292" halo_radius="1" wrap_width="20"/>
    </Rule>
    <Rule>
      <Filter>[waterway]='derelict_canal' or ([waterway]='canal' and [disused]='yes')</Filter>
      <MaxScaleDenominator>200000</MaxScaleDenominator>
      <MinScaleDenominator>100000</MinScaleDenominator>
      <LineSymbolizer>
        <CssParameter name="stroke">#d5d5d5</CssParameter>
        <CssParameter name="stroke-width">1.5</CssParameter>
        <CssParameter name="stroke-dasharray">4,4</CssParameter>
        <CssParameter name="stroke-opacity">0.5</CssParameter>
        <CssParameter name="stroke-linejoin">round</CssParameter>
        <CssParameter name="stroke-linecap">round</CssParameter>
      </LineSymbolizer>
    </Rule>
    <Rule>
      <Filter>[waterway]='derelict_canal' or ([waterway]='canal' and [disused]='yes')</Filter>
      <MaxScaleDenominator>100000</MaxScaleDenominator>
      <MinScaleDenominator>50000</MinScaleDenominator>
      <LineSymbolizer>
        <CssParameter name="stroke">#d5d5d5</CssParameter>
        <CssParameter name="stroke-width">2.5</CssParameter>
        <CssParameter name="stroke-dasharray">4,6</CssParameter>
        <CssParameter name="stroke-opacity">0.5</CssParameter>
        <CssParameter name="stroke-linejoin">round</CssParameter>
        <CssParameter name="stroke-linecap">round</CssParameter>
      </LineSymbolizer>
      <TextSymbolizer name="name" fontset_name="book-fonts" size="9" fill="#b8b8b8" halo_radius="1" spacing="600" placement="line"/>
    </Rule>
    <Rule>
      <Filter>[waterway]='derelict_canal' or ([waterway]='canal' and [disused]='yes')</Filter>
      <MaxScaleDenominator>50000</MaxScaleDenominator>
      
      <LineSymbolizer>
        <CssParameter name="stroke">#d5d5d5</CssParameter>
        <CssParameter name="stroke-width">4.5</CssParameter>
        <CssParameter name="stroke-dasharray">4,8</CssParameter>
        <CssParameter name="stroke-opacity">0.5</CssParameter>
        <CssParameter name="stroke-linejoin">round</CssParameter>
        <CssParameter name="stroke-linecap">round</CssParameter>
      </LineSymbolizer>
      <TextSymbolizer name="name" fontset_name="book-fonts" size="10" fill="#b8b8b8" halo_radius="1" spacing="600" placement="line"/>
    </Rule>
    <Rule>
      <Filter>[waterway]='stream' and [tunnel]='yes'</Filter>
      <MaxScaleDenominator>25000</MaxScaleDenominator>
      
      <LineSymbolizer>
        <CssParameter name="stroke">#c9c9c9</CssParameter>
        <CssParameter name="stroke-width">2.4</CssParameter>
        <CssParameter name="stroke-dasharray">4,2</CssParameter>
      </LineSymbolizer>
      <LineSymbolizer>
        <CssParameter name="stroke">#f6f6f6</CssParameter>
        <CssParameter name="stroke-width">1.2</CssParameter>
      </LineSymbolizer>
    </Rule>
    <Rule>
      <Filter>[waterway]='stream' and not [tunnel]='yes'</Filter>
      <MaxScaleDenominator>25000</MaxScaleDenominator>
      
      <LineSymbolizer>
        <CssParameter name="stroke">#c9c9c9</CssParameter>
        <CssParameter name="stroke-width">2</CssParameter>
      </LineSymbolizer>
      <TextSymbolizer name="name" fontset_name="book-fonts" size="8" fill="#929292" halo_radius="1" spacing="600" placement="line"/>
    </Rule>
    <Rule>
      <Filter>([waterway]='drain' or [waterway]='ditch') and [tunnel]='yes'</Filter>
      <MaxScaleDenominator>25000</MaxScaleDenominator>
      
      <LineSymbolizer>
        <CssParameter name="stroke">#c9c9c9</CssParameter>
        <CssParameter name="stroke-width">2</CssParameter>
        <CssParameter name="stroke-dasharray">4,2</CssParameter>
      </LineSymbolizer>
      <LineSymbolizer>
        <CssParameter name="stroke">#f6f6f6</CssParameter>
        <CssParameter name="stroke-width">1</CssParameter>
      </LineSymbolizer>
    </Rule>
    <Rule>
      <Filter>([waterway]='drain' or [waterway]='ditch') and not [tunnel]='yes'</Filter>
      <MaxScaleDenominator>25000</MaxScaleDenominator>
      
      <LineSymbolizer>
        <CssParameter name="stroke">#c9c9c9</CssParameter>
        <CssParameter name="stroke-width">1</CssParameter>
      </LineSymbolizer>
      <TextSymbolizer name="name" fontset_name="book-fonts" size="8" fill="#929292" halo_radius="1" spacing="600" placement="line"/>
    </Rule>
</Style>

<Layer name="water-lines-casing" status="on" srs="+proj=merc +a=6378137 +b=6378137 +lat_ts=0.0 +lon_0=0.0 +x_0=0.0 +y_0=0 +k=1.0 +units=m +nadgrids=@null +no_defs +over">
    <StyleName>water-lines-casing</StyleName>
    <Datasource>
      <Parameter name="table">
      (select way,waterway
      from planet_line
      where waterway in ('stream','drain','ditch')
        and (tunnel is null or tunnel != 'yes')
      ) as water_lines</Parameter>
      <!--
Settings for your postgres setup.

Note: feel free to leave password, host, port, or use blank
-->

<Parameter name="type">postgis</Parameter>
<Parameter name="password"/>
<Parameter name="host">sql-mapnik</Parameter>
<Parameter name="port"/>
<Parameter name="user"/>
<Parameter name="dbname">osm_mapnik</Parameter>
<!-- this should be 'false' if you are manually providing the 'extent' -->
<Parameter name="estimate_extent">false</Parameter>
<!-- manually provided extent in epsg 900913 for whole globe -->
<!-- providing this speeds up Mapnik database queries -->
<Parameter name="extent">-20037508,-19929239,20037508,19929239</Parameter>

    </Datasource>
</Layer>
<Layer name="water_areas" status="on" srs="+proj=merc +a=6378137 +b=6378137 +lat_ts=0.0 +lon_0=0.0 +x_0=0.0 +y_0=0 +k=1.0 +units=m +nadgrids=@null +no_defs +over">
    <StyleName>water_areas</StyleName>
    <Datasource>
      <Parameter name="table">
      (select way,"natural",waterway,landuse,name
      from planet_polygon
      where waterway in ('dock','mill_pond','riverbank','canal')
         or landuse in ('reservoir','water','basin')
         or "natural" in ('lake','water','land','glacier','mud','bay')
      order by z_order,way_area desc
      ) as water_areas</Parameter>
      <!--
Settings for your postgres setup.

Note: feel free to leave password, host, port, or use blank
-->

<Parameter name="type">postgis</Parameter>
<Parameter name="password"/>
<Parameter name="host">sql-mapnik</Parameter>
<Parameter name="port"/>
<Parameter name="user"/>
<Parameter name="dbname">osm_mapnik</Parameter>
<!-- this should be 'false' if you are manually providing the 'extent' -->
<Parameter name="estimate_extent">false</Parameter>
<!-- manually provided extent in epsg 900913 for whole globe -->
<!-- providing this speeds up Mapnik database queries -->
<Parameter name="extent">-20037508,-19929239,20037508,19929239</Parameter>

    </Datasource>
</Layer>
<!-- Make sure overlay styles are always rendered on top of solid areas. -->
<Layer name="water-areas-overlay" status="on" srs="+proj=merc +a=6378137 +b=6378137 +lat_ts=0.0 +lon_0=0.0 +x_0=0.0 +y_0=0 +k=1.0 +units=m +nadgrids=@null +no_defs +over">
    <StyleName>water-areas-overlay</StyleName>
    <Datasource>
      <Parameter name="table">
      (select way,"natural"
      from planet_polygon
      where "natural" in ('marsh','wetland')
      order by z_order,way_area desc
      ) as water_areas</Parameter>
      <!--
Settings for your postgres setup.

Note: feel free to leave password, host, port, or use blank
-->

<Parameter name="type">postgis</Parameter>
<Parameter name="password"/>
<Parameter name="host">sql-mapnik</Parameter>
<Parameter name="port"/>
<Parameter name="user"/>
<Parameter name="dbname">osm_mapnik</Parameter>
<!-- this should be 'false' if you are manually providing the 'extent' -->
<Parameter name="estimate_extent">false</Parameter>
<!-- manually provided extent in epsg 900913 for whole globe -->
<!-- providing this speeds up Mapnik database queries -->
<Parameter name="extent">-20037508,-19929239,20037508,19929239</Parameter>

    </Datasource>
</Layer>
<Layer name="glaciers-text" status="on" srs="+proj=merc +a=6378137 +b=6378137 +lat_ts=0.0 +lon_0=0.0 +x_0=0.0 +y_0=0 +k=1.0 +units=m +nadgrids=@null +no_defs +over">
    <StyleName>glaciers-text</StyleName>
    <Datasource>
      <Parameter name="table">
      (select way,name,way_area
      from planet_polygon
      where "natural"='glacier'
      order by way_area desc
      ) as glaciers</Parameter>
      <!--
Settings for your postgres setup.

Note: feel free to leave password, host, port, or use blank
-->

<Parameter name="type">postgis</Parameter>
<Parameter name="password"/>
<Parameter name="host">sql-mapnik</Parameter>
<Parameter name="port"/>
<Parameter name="user"/>
<Parameter name="dbname">osm_mapnik</Parameter>
<!-- this should be 'false' if you are manually providing the 'extent' -->
<Parameter name="estimate_extent">false</Parameter>
<!-- manually provided extent in epsg 900913 for whole globe -->
<!-- providing this speeds up Mapnik database queries -->
<Parameter name="extent">-20037508,-19929239,20037508,19929239</Parameter>

    </Datasource>
</Layer>

<Layer name="water-lines-low-zoom" status="on" srs="+proj=merc +a=6378137 +b=6378137 +lat_ts=0.0 +lon_0=0.0 +x_0=0.0 +y_0=0 +k=1.0 +units=m +nadgrids=@null +no_defs +over">
    <StyleName>water-lines-low-zoom</StyleName>
    <Datasource>
      <Parameter name="table">
      (select way,waterway
      from planet_line
      where waterway='river'
      ) as water_lines</Parameter>
      <!--
Settings for your postgres setup.

Note: feel free to leave password, host, port, or use blank
-->

<Parameter name="type">postgis</Parameter>
<Parameter name="password"/>
<Parameter name="host">sql-mapnik</Parameter>
<Parameter name="port"/>
<Parameter name="user"/>
<Parameter name="dbname">osm_mapnik</Parameter>
<!-- this should be 'false' if you are manually providing the 'extent' -->
<Parameter name="estimate_extent">false</Parameter>
<!-- manually provided extent in epsg 900913 for whole globe -->
<!-- providing this speeds up Mapnik database queries -->
<Parameter name="extent">-20037508,-19929239,20037508,19929239</Parameter>

    </Datasource>
</Layer>

<Layer name="water_lines" status="on" srs="+proj=merc +a=6378137 +b=6378137 +lat_ts=0.0 +lon_0=0.0 +x_0=0.0 +y_0=0 +k=1.0 +units=m +nadgrids=@null +no_defs +over">
    <StyleName>water_lines</StyleName>
    <Datasource>
      <Parameter name="table">
      (select way,waterway,disused,lock,name,
      case when tunnel in ('yes','true','1') then 'yes'::text else tunnel end as tunnel
      from planet_line
      where waterway in ('weir','river','canal','derelict_canal','stream','drain','ditch','wadi')
        and (bridge is null or bridge not in ('yes','true','1','aqueduct'))
      order by z_order
      ) as water_lines</Parameter>
      <!--
Settings for your postgres setup.

Note: feel free to leave password, host, port, or use blank
-->

<Parameter name="type">postgis</Parameter>
<Parameter name="password"/>
<Parameter name="host">sql-mapnik</Parameter>
<Parameter name="port"/>
<Parameter name="user"/>
<Parameter name="dbname">osm_mapnik</Parameter>
<!-- this should be 'false' if you are manually providing the 'extent' -->
<Parameter name="estimate_extent">false</Parameter>
<!-- manually provided extent in epsg 900913 for whole globe -->
<!-- providing this speeds up Mapnik database queries -->
<Parameter name="extent">-20037508,-19929239,20037508,19929239</Parameter>

    </Datasource>
</Layer>

<Style name="dam">
    <Rule>
      <MaxScaleDenominator>100000</MaxScaleDenominator>
      
      <LineSymbolizer>
        <CssParameter name="stroke">#444444</CssParameter>
        <CssParameter name="stroke-width">2</CssParameter>
        <CssParameter name="stroke-linejoin">round</CssParameter>
        <CssParameter name="stroke-linecap">round</CssParameter>
      </LineSymbolizer>
    </Rule>
    <Rule>
      <MaxScaleDenominator>25000</MaxScaleDenominator>
      <TextSymbolizer name="name" fontset_name="book-fonts" size="8" fill="#222222" halo_radius="1"/>
    </Rule>
</Style>
<Style name="marinas-area">
    <Rule>
      <MaxScaleDenominator>50000</MaxScaleDenominator>
      <MinScaleDenominator>12500</MinScaleDenominator>
      <LineSymbolizer>
        <CssParameter name="stroke">#212121</CssParameter>
        <CssParameter name="stroke-width">1</CssParameter>
        <CssParameter name="stroke-dasharray">6,2</CssParameter>
        <CssParameter name="stroke-opacity">0.5</CssParameter>
      </LineSymbolizer>
    </Rule>
    <Rule>
      <MaxScaleDenominator>12500</MaxScaleDenominator>
      <LineSymbolizer>
        <CssParameter name="stroke">#212121</CssParameter>
        <CssParameter name="stroke-width">2</CssParameter>
        <CssParameter name="stroke-dasharray">6,2</CssParameter>
        <CssParameter name="stroke-opacity">0.5</CssParameter>
      </LineSymbolizer>
    </Rule>
</Style>
<Style name="piers-area">
    <Rule>
      <MaxScaleDenominator>200000</MaxScaleDenominator>
      <PolygonSymbolizer>
        <CssParameter name="fill">#eeeeee</CssParameter>
      </PolygonSymbolizer>
    </Rule>
</Style>
<Style name="piers">
    <Rule>
      <MaxScaleDenominator>400000</MaxScaleDenominator>
      <MinScaleDenominator>100000</MinScaleDenominator>
      <Filter>[man_made]='breakwater' or [man_made]='groyne'</Filter>
      <LineSymbolizer>
        <CssParameter name="stroke">#aaaaaa</CssParameter>
        <CssParameter name="stroke-width">1</CssParameter>
      </LineSymbolizer>
    </Rule>
    <Rule>
      <MaxScaleDenominator>400000</MaxScaleDenominator>
      <MinScaleDenominator>100000</MinScaleDenominator>
      <Filter>[man_made]='pier'</Filter>
      <LineSymbolizer>
        <CssParameter name="stroke">#eeeeee</CssParameter>
        <CssParameter name="stroke-width">1.5</CssParameter>
      </LineSymbolizer>
    </Rule>
    <Rule>
      <MaxScaleDenominator>100000</MaxScaleDenominator>
      <MinScaleDenominator>12500</MinScaleDenominator>
      <Filter>[man_made]='breakwater' or [man_made]='groyne'</Filter>
      <LineSymbolizer>
        <CssParameter name="stroke">#aaaaaa</CssParameter>
        <CssParameter name="stroke-width">2</CssParameter>
      </LineSymbolizer>
    </Rule>
    <Rule>
      <MaxScaleDenominator>100000</MaxScaleDenominator>
      <MinScaleDenominator>12500</MinScaleDenominator>
      <Filter>[man_made]='pier'</Filter>
      <LineSymbolizer>
        <CssParameter name="stroke">#eeeeee</CssParameter>
        <CssParameter name="stroke-width">3</CssParameter>
      </LineSymbolizer>
    </Rule>
    <Rule>
      <MaxScaleDenominator>12500</MaxScaleDenominator>
      
      <Filter>[man_made]='breakwater' or [man_made]='groyne'</Filter>
      <LineSymbolizer>
        <CssParameter name="stroke">#aaaaaa</CssParameter>
        <CssParameter name="stroke-width">4</CssParameter>
      </LineSymbolizer>
    </Rule>
    <Rule>
      <MaxScaleDenominator>12500</MaxScaleDenominator>
      
      <Filter>[man_made]='pier'</Filter>
      <LineSymbolizer>
        <CssParameter name="stroke">#eeeeee</CssParameter>
        <CssParameter name="stroke-width">7</CssParameter>
      </LineSymbolizer>
    </Rule>
</Style>
<Style name="locks">
<Rule>
      <MaxScaleDenominator>5000</MaxScaleDenominator>
      
      <Filter>[waterway]='lock_gate'</Filter>
      <PointSymbolizer file="symbols/lock_gate.png"/>
</Rule>
</Style>
<Layer name="dam" status="on" srs="+proj=merc +a=6378137 +b=6378137 +lat_ts=0.0 +lon_0=0.0 +x_0=0.0 +y_0=0 +k=1.0 +units=m +nadgrids=@null +no_defs +over">
    <StyleName>dam</StyleName>
    <Datasource>
      <Parameter name="table">
      (select way,name from planet_line where waterway='dam') as dam</Parameter>
      <!--
Settings for your postgres setup.

Note: feel free to leave password, host, port, or use blank
-->

<Parameter name="type">postgis</Parameter>
<Parameter name="password"/>
<Parameter name="host">sql-mapnik</Parameter>
<Parameter name="port"/>
<Parameter name="user"/>
<Parameter name="dbname">osm_mapnik</Parameter>
<!-- this should be 'false' if you are manually providing the 'extent' -->
<Parameter name="estimate_extent">false</Parameter>
<!-- manually provided extent in epsg 900913 for whole globe -->
<!-- providing this speeds up Mapnik database queries -->
<Parameter name="extent">-20037508,-19929239,20037508,19929239</Parameter>

    </Datasource>
</Layer>
<Layer name="marinas-area" status="on" srs="+proj=merc +a=6378137 +b=6378137 +lat_ts=0.0 +lon_0=0.0 +x_0=0.0 +y_0=0 +k=1.0 +units=m +nadgrids=@null +no_defs +over">
    <StyleName>marinas-area</StyleName>
    <Datasource>
      <Parameter name="table">
      (select way from planet_polygon where leisure ='marina') as marinas
      </Parameter>
      <!--
Settings for your postgres setup.

Note: feel free to leave password, host, port, or use blank
-->

<Parameter name="type">postgis</Parameter>
<Parameter name="password"/>
<Parameter name="host">sql-mapnik</Parameter>
<Parameter name="port"/>
<Parameter name="user"/>
<Parameter name="dbname">osm_mapnik</Parameter>
<!-- this should be 'false' if you are manually providing the 'extent' -->
<Parameter name="estimate_extent">false</Parameter>
<!-- manually provided extent in epsg 900913 for whole globe -->
<!-- providing this speeds up Mapnik database queries -->
<Parameter name="extent">-20037508,-19929239,20037508,19929239</Parameter>

    </Datasource>
</Layer>
<Layer name="piers-area" status="on" srs="+proj=merc +a=6378137 +b=6378137 +lat_ts=0.0 +lon_0=0.0 +x_0=0.0 +y_0=0 +k=1.0 +units=m +nadgrids=@null +no_defs +over">
    <StyleName>piers-area</StyleName>
    <Datasource>
      <Parameter name="table">
      (select way,man_made from planet_polygon where man_made in ('pier','breakwater','groyne')) as piers
      </Parameter>
      <!--
Settings for your postgres setup.

Note: feel free to leave password, host, port, or use blank
-->

<Parameter name="type">postgis</Parameter>
<Parameter name="password"/>
<Parameter name="host">sql-mapnik</Parameter>
<Parameter name="port"/>
<Parameter name="user"/>
<Parameter name="dbname">osm_mapnik</Parameter>
<!-- this should be 'false' if you are manually providing the 'extent' -->
<Parameter name="estimate_extent">false</Parameter>
<!-- manually provided extent in epsg 900913 for whole globe -->
<!-- providing this speeds up Mapnik database queries -->
<Parameter name="extent">-20037508,-19929239,20037508,19929239</Parameter>

    </Datasource>
</Layer>
<Layer name="piers" status="on" srs="+proj=merc +a=6378137 +b=6378137 +lat_ts=0.0 +lon_0=0.0 +x_0=0.0 +y_0=0 +k=1.0 +units=m +nadgrids=@null +no_defs +over">
     <StyleName>piers</StyleName>
     <Datasource>
      <Parameter name="table">
      (select way,man_made from planet_line where man_made in ('pier','breakwater','groyne')) as piers
      </Parameter>
      <!--
Settings for your postgres setup.

Note: feel free to leave password, host, port, or use blank
-->

<Parameter name="type">postgis</Parameter>
<Parameter name="password"/>
<Parameter name="host">sql-mapnik</Parameter>
<Parameter name="port"/>
<Parameter name="user"/>
<Parameter name="dbname">osm_mapnik</Parameter>
<!-- this should be 'false' if you are manually providing the 'extent' -->
<Parameter name="estimate_extent">false</Parameter>
<!-- manually provided extent in epsg 900913 for whole globe -->
<!-- providing this speeds up Mapnik database queries -->
<Parameter name="extent">-20037508,-19929239,20037508,19929239</Parameter>

    </Datasource>
</Layer>
<Layer name="locks" status="on" srs="+proj=merc +a=6378137 +b=6378137 +lat_ts=0.0 +lon_0=0.0 +x_0=0.0 +y_0=0 +k=1.0 +units=m +nadgrids=@null +no_defs +over">
     <StyleName>locks</StyleName>
     <Datasource>
      <Parameter name="table">
      (select way,waterway from planet_point where waterway='lock_gate') as locks
      </Parameter>
      <!--
Settings for your postgres setup.

Note: feel free to leave password, host, port, or use blank
-->

<Parameter name="type">postgis</Parameter>
<Parameter name="password"/>
<Parameter name="host">sql-mapnik</Parameter>
<Parameter name="port"/>
<Parameter name="user"/>
<Parameter name="dbname">osm_mapnik</Parameter>
<!-- this should be 'false' if you are manually providing the 'extent' -->
<Parameter name="estimate_extent">false</Parameter>
<!-- manually provided extent in epsg 900913 for whole globe -->
<!-- providing this speeds up Mapnik database queries -->
<Parameter name="extent">-20037508,-19929239,20037508,19929239</Parameter>

    </Datasource>
</Layer>



<Layer name="tunnels" status="on" srs="+proj=merc +a=6378137 +b=6378137 +lat_ts=0.0 +lon_0=0.0 +x_0=0.0 +y_0=0 +k=1.0 +units=m +nadgrids=@null +no_defs +over">
    <StyleName>tunnels-casing</StyleName>
    <StyleName>tunnels-fill</StyleName>
    <Datasource>
      <Parameter name="table">
      (select way,highway from planet_line where highway in ('motorway','motorway_link','trunk','trunk_link','primary','primary_link','secondary','secondary_link','tertiary','tertiary_link','residential','unclassified') and tunnel in ('yes','true','1') order by z_order) as roads
      </Parameter>
      <!--
Settings for your postgres setup.

Note: feel free to leave password, host, port, or use blank
-->

<Parameter name="type">postgis</Parameter>
<Parameter name="password"/>
<Parameter name="host">sql-mapnik</Parameter>
<Parameter name="port"/>
<Parameter name="user"/>
<Parameter name="dbname">osm_mapnik</Parameter>
<!-- this should be 'false' if you are manually providing the 'extent' -->
<Parameter name="estimate_extent">false</Parameter>
<!-- manually provided extent in epsg 900913 for whole globe -->
<!-- providing this speeds up Mapnik database queries -->
<Parameter name="extent">-20037508,-19929239,20037508,19929239</Parameter>

    </Datasource>
</Layer>
<Style name="citywalls">
    <Rule>
      <MaxScaleDenominator>50000</MaxScaleDenominator>
      <MinScaleDenominator>25000</MinScaleDenominator>
      <LineSymbolizer>
        <CssParameter name="stroke">#808080</CssParameter>
        <CssParameter name="stroke-width">4</CssParameter>
        <CssParameter name="stroke-opacity">0.8</CssParameter>
        <CssParameter name="stroke-linejoin">round</CssParameter>
      </LineSymbolizer>
    </Rule>
    <Rule>
      <MaxScaleDenominator>25000</MaxScaleDenominator>
      <MinScaleDenominator>12500</MinScaleDenominator>
      <LineSymbolizer>
        <CssParameter name="stroke">#808080</CssParameter>
        <CssParameter name="stroke-width">6</CssParameter>
        <CssParameter name="stroke-opacity">0.8</CssParameter>
        <CssParameter name="stroke-linejoin">round</CssParameter>
      </LineSymbolizer>
    </Rule>
    <Rule>
      <MaxScaleDenominator>12500</MaxScaleDenominator>
      
      <LineSymbolizer>
        <CssParameter name="stroke">#808080</CssParameter>
        <CssParameter name="stroke-width">9</CssParameter>
        <CssParameter name="stroke-opacity">0.8</CssParameter>
        <CssParameter name="stroke-linejoin">round</CssParameter>
      </LineSymbolizer>
    </Rule>
</Style>
<Style name="castle_walls">
<Rule>
      <MaxScaleDenominator>50000</MaxScaleDenominator>
      <MinScaleDenominator>12500</MinScaleDenominator>
      <LineSymbolizer>
        <CssParameter name="stroke">#999999</CssParameter>
        <CssParameter name="stroke-width">1</CssParameter>
      </LineSymbolizer>
    </Rule>
    <Rule>
      <MaxScaleDenominator>12500</MaxScaleDenominator>
      <LineSymbolizer>
        <CssParameter name="stroke">#888888</CssParameter>
        <CssParameter name="stroke-width">2</CssParameter>
      </LineSymbolizer>
    </Rule>
</Style>
<Layer name="citywalls" status="on" srs="+proj=merc +a=6378137 +b=6378137 +lat_ts=0.0 +lon_0=0.0 +x_0=0.0 +y_0=0 +k=1.0 +units=m +nadgrids=@null +no_defs +over">
    <StyleName>citywalls</StyleName>
    <Datasource>
      <Parameter name="table">(select way from planet_line where "historic"='citywalls') as citywalls</Parameter>
      <!--
Settings for your postgres setup.

Note: feel free to leave password, host, port, or use blank
-->

<Parameter name="type">postgis</Parameter>
<Parameter name="password"/>
<Parameter name="host">sql-mapnik</Parameter>
<Parameter name="port"/>
<Parameter name="user"/>
<Parameter name="dbname">osm_mapnik</Parameter>
<!-- this should be 'false' if you are manually providing the 'extent' -->
<Parameter name="estimate_extent">false</Parameter>
<!-- manually provided extent in epsg 900913 for whole globe -->
<!-- providing this speeds up Mapnik database queries -->
<Parameter name="extent">-20037508,-19929239,20037508,19929239</Parameter>

    </Datasource>
</Layer>
<Layer name="castle_walls" status="on" srs="+proj=merc +a=6378137 +b=6378137 +lat_ts=0.0 +lon_0=0.0 +x_0=0.0 +y_0=0 +k=1.0 +units=m +nadgrids=@null +no_defs +over">
    <StyleName>castle_walls</StyleName>
    <Datasource>
      <Parameter name="table">(select way from planet_line where "historic"='castle_walls') as castle_walls</Parameter>
      <!--
Settings for your postgres setup.

Note: feel free to leave password, host, port, or use blank
-->

<Parameter name="type">postgis</Parameter>
<Parameter name="password"/>
<Parameter name="host">sql-mapnik</Parameter>
<Parameter name="port"/>
<Parameter name="user"/>
<Parameter name="dbname">osm_mapnik</Parameter>
<!-- this should be 'false' if you are manually providing the 'extent' -->
<Parameter name="estimate_extent">false</Parameter>
<!-- manually provided extent in epsg 900913 for whole globe -->
<!-- providing this speeds up Mapnik database queries -->
<Parameter name="extent">-20037508,-19929239,20037508,19929239</Parameter>

    </Datasource>
</Layer>
<Layer name="castle_walls" status="on" srs="+proj=merc +a=6378137 +b=6378137 +lat_ts=0.0 +lon_0=0.0 +x_0=0.0 +y_0=0 +k=1.0 +units=m +nadgrids=@null +no_defs +over">
    <StyleName>castle_walls</StyleName>
    <Datasource>
      <Parameter name="table">(select way from planet_polygon where "historic"='castle_walls') as castle_walls</Parameter>
      <!--
Settings for your postgres setup.

Note: feel free to leave password, host, port, or use blank
-->

<Parameter name="type">postgis</Parameter>
<Parameter name="password"/>
<Parameter name="host">sql-mapnik</Parameter>
<Parameter name="port"/>
<Parameter name="user"/>
<Parameter name="dbname">osm_mapnik</Parameter>
<!-- this should be 'false' if you are manually providing the 'extent' -->
<Parameter name="estimate_extent">false</Parameter>
<!-- manually provided extent in epsg 900913 for whole globe -->
<!-- providing this speeds up Mapnik database queries -->
<Parameter name="extent">-20037508,-19929239,20037508,19929239</Parameter>

    </Datasource>
</Layer>




<Layer name="landuse_overlay" status="on" srs="+proj=merc +a=6378137 +b=6378137 +lat_ts=0.0 +lon_0=0.0 +x_0=0.0 +y_0=0 +k=1.0 +units=m +nadgrids=@null +no_defs +over">
    <StyleName>landuse_overlay</StyleName>
    <Datasource>
      <Parameter name="table">
      (select way,landuse,leisure
       from planet_polygon
       where landuse = 'military' or leisure='nature_reserve'
      ) as landuse_overlay
      </Parameter>
      <!--
Settings for your postgres setup.

Note: feel free to leave password, host, port, or use blank
-->

<Parameter name="type">postgis</Parameter>
<Parameter name="password"/>
<Parameter name="host">sql-mapnik</Parameter>
<Parameter name="port"/>
<Parameter name="user"/>
<Parameter name="dbname">osm_mapnik</Parameter>
<!-- this should be 'false' if you are manually providing the 'extent' -->
<Parameter name="estimate_extent">false</Parameter>
<!-- manually provided extent in epsg 900913 for whole globe -->
<!-- providing this speeds up Mapnik database queries -->
<Parameter name="extent">-20037508,-19929239,20037508,19929239</Parameter>

    </Datasource>
</Layer>
<Layer name="turning_circle-casing" status="on" srs="+proj=merc +a=6378137 +b=6378137 +lat_ts=0.0 +lon_0=0.0 +x_0=0.0 +y_0=0 +k=1.0 +units=m +nadgrids=@null +no_defs +over">
    <StyleName>turning_circle-casing</StyleName>    
    <Datasource>
      <Parameter name="table">
      (select distinct on (p.way) p.way as way,l.highway as int_tc_type
       from planet_point p
       join planet_line l
        on ST_DWithin(p.way,l.way,0.1)
       join (values
        ('tertiary',1),
        ('unclassified',2),
        ('residential',3),
        ('living_street',4),
        ('service',5)
       ) as v (highway,prio)
        on v.highway=l.highway
       where p.highway='turning_circle'
       order by p.way,v.prio
      ) as turning_circle
      </Parameter>
      <!--
Settings for your postgres setup.

Note: feel free to leave password, host, port, or use blank
-->

<Parameter name="type">postgis</Parameter>
<Parameter name="password"/>
<Parameter name="host">sql-mapnik</Parameter>
<Parameter name="port"/>
<Parameter name="user"/>
<Parameter name="dbname">osm_mapnik</Parameter>
<!-- this should be 'false' if you are manually providing the 'extent' -->
<Parameter name="estimate_extent">false</Parameter>
<!-- manually provided extent in epsg 900913 for whole globe -->
<!-- providing this speeds up Mapnik database queries -->
<Parameter name="extent">-20037508,-19929239,20037508,19929239</Parameter>

    </Datasource>
</Layer>
<!-- clear_label_cache="on" needs to follow immediately after the turning_circle-casing layer -->
<Layer name="footbikecycle-tunnels" status="on" srs="+proj=merc +a=6378137 +b=6378137 +lat_ts=0.0 +lon_0=0.0 +x_0=0.0 +y_0=0 +k=1.0 +units=m +nadgrids=@null +no_defs +over" clear_label_cache="on">
    <StyleName>footbikecycle-tunnels</StyleName>
    <Datasource>
      <Parameter name="table">
      (select way,highway,horse,foot,bicycle from planet_line where highway in ('bridleway','footway','cycleway','path') and tunnel in ('yes','true','1') order by z_order) as roads
      </Parameter>
      <!--
Settings for your postgres setup.

Note: feel free to leave password, host, port, or use blank
-->

<Parameter name="type">postgis</Parameter>
<Parameter name="password"/>
<Parameter name="host">sql-mapnik</Parameter>
<Parameter name="port"/>
<Parameter name="user"/>
<Parameter name="dbname">osm_mapnik</Parameter>
<!-- this should be 'false' if you are manually providing the 'extent' -->
<Parameter name="estimate_extent">false</Parameter>
<!-- manually provided extent in epsg 900913 for whole globe -->
<!-- providing this speeds up Mapnik database queries -->
<Parameter name="extent">-20037508,-19929239,20037508,19929239</Parameter>

    </Datasource>
</Layer>
<Layer name="tracks-tunnels" status="on" srs="+proj=merc +a=6378137 +b=6378137 +lat_ts=0.0 +lon_0=0.0 +x_0=0.0 +y_0=0 +k=1.0 +units=m +nadgrids=@null +no_defs +over">
    <StyleName>tracks-tunnels</StyleName>
    <Datasource>
      <Parameter name="table">
      (select way,tracktype from planet_line where highway='track' and tunnel in ('yes','true','1')) as tracks
      </Parameter>
      <!--
Settings for your postgres setup.

Note: feel free to leave password, host, port, or use blank
-->

<Parameter name="type">postgis</Parameter>
<Parameter name="password"/>
<Parameter name="host">sql-mapnik</Parameter>
<Parameter name="port"/>
<Parameter name="user"/>
<Parameter name="dbname">osm_mapnik</Parameter>
<!-- this should be 'false' if you are manually providing the 'extent' -->
<Parameter name="estimate_extent">false</Parameter>
<!-- manually provided extent in epsg 900913 for whole globe -->
<!-- providing this speeds up Mapnik database queries -->
<Parameter name="extent">-20037508,-19929239,20037508,19929239</Parameter>

    </Datasource>
</Layer>
<Layer name="line features" status="on" srs="+proj=merc +a=6378137 +b=6378137 +lat_ts=0.0 +lon_0=0.0 +x_0=0.0 +y_0=0 +k=1.0 +units=m +nadgrids=@null +no_defs +over">
     <StyleName>cliffs</StyleName>
     <StyleName>barriers</StyleName>
     <Datasource>
      <Parameter name="table">
      (select way,barrier,"natural",man_made from planet_line where barrier is not null or "natural" in ('hedge','cliff') or man_made='embankment') as roads
      </Parameter>
      <!--
Settings for your postgres setup.

Note: feel free to leave password, host, port, or use blank
-->

<Parameter name="type">postgis</Parameter>
<Parameter name="password"/>
<Parameter name="host">sql-mapnik</Parameter>
<Parameter name="port"/>
<Parameter name="user"/>
<Parameter name="dbname">osm_mapnik</Parameter>
<!-- this should be 'false' if you are manually providing the 'extent' -->
<Parameter name="estimate_extent">false</Parameter>
<!-- manually provided extent in epsg 900913 for whole globe -->
<!-- providing this speeds up Mapnik database queries -->
<Parameter name="extent">-20037508,-19929239,20037508,19929239</Parameter>

    </Datasource>
</Layer>
<Layer name="polygon barriers" status="on" srs="+proj=merc +a=6378137 +b=6378137 +lat_ts=0.0 +lon_0=0.0 +x_0=0.0 +y_0=0 +k=1.0 +units=m +nadgrids=@null +no_defs +over">
      <StyleName>barriers_area</StyleName>
      <Datasource>
             <Parameter name="table">
       (select way,barrier,"natural" from planet_polygon where barrier is not null or "natural"='hedge') as barriers
       </Parameter>
      <!--
Settings for your postgres setup.

Note: feel free to leave password, host, port, or use blank
-->

<Parameter name="type">postgis</Parameter>
<Parameter name="password"/>
<Parameter name="host">sql-mapnik</Parameter>
<Parameter name="port"/>
<Parameter name="user"/>
<Parameter name="dbname">osm_mapnik</Parameter>
<!-- this should be 'false' if you are manually providing the 'extent' -->
<Parameter name="estimate_extent">false</Parameter>
<!-- manually provided extent in epsg 900913 for whole globe -->
<!-- providing this speeds up Mapnik database queries -->
<Parameter name="extent">-20037508,-19929239,20037508,19929239</Parameter>

    </Datasource>
</Layer>
<Layer name="highway-area-casing" status="on" srs="+proj=merc +a=6378137 +b=6378137 +lat_ts=0.0 +lon_0=0.0 +x_0=0.0 +y_0=0 +k=1.0 +units=m +nadgrids=@null +no_defs +over">
    <StyleName>highway-area-casing</StyleName>
    <Datasource>
      <Parameter name="table">
      (select way,highway,railway from planet_polygon
       where highway in ('residential','unclassified','pedestrian','service','footway','track','path','platform')
          or railway='platform'
       order by z_order,way_area desc) as roads
      </Parameter>
      <!--
Settings for your postgres setup.

Note: feel free to leave password, host, port, or use blank
-->

<Parameter name="type">postgis</Parameter>
<Parameter name="password"/>
<Parameter name="host">sql-mapnik</Parameter>
<Parameter name="port"/>
<Parameter name="user"/>
<Parameter name="dbname">osm_mapnik</Parameter>
<!-- this should be 'false' if you are manually providing the 'extent' -->
<Parameter name="estimate_extent">false</Parameter>
<!-- manually provided extent in epsg 900913 for whole globe -->
<!-- providing this speeds up Mapnik database queries -->
<Parameter name="extent">-20037508,-19929239,20037508,19929239</Parameter>

    </Datasource>
</Layer>
<Layer name="minor-roads-casing" status="on" srs="+proj=merc +a=6378137 +b=6378137 +lat_ts=0.0 +lon_0=0.0 +x_0=0.0 +y_0=0 +k=1.0 +units=m +nadgrids=@null +no_defs +over">
    <StyleName>minor-roads-casing-links</StyleName>
    <StyleName>minor-roads-casing</StyleName>
    <Datasource>
      <Parameter name="table">
      (select way,highway,
       case when tunnel in ('yes','true','1') then 'yes'::text else tunnel end as tunnel,
       case when service in ('parking_aisle','drive-through','driveway') then 'INT-minor'::text else service end as service
       from planet_line
       where highway in ('motorway','motorway_link','trunk','trunk_link','primary','primary_link','secondary','secondary_link','tertiary','tertiary_link','residential','unclassified','road','service','pedestrian','raceway','living_street')
       order by z_order) as roads
      </Parameter>
      <!--
Settings for your postgres setup.

Note: feel free to leave password, host, port, or use blank
-->

<Parameter name="type">postgis</Parameter>
<Parameter name="password"/>
<Parameter name="host">sql-mapnik</Parameter>
<Parameter name="port"/>
<Parameter name="user"/>
<Parameter name="dbname">osm_mapnik</Parameter>
<!-- this should be 'false' if you are manually providing the 'extent' -->
<Parameter name="estimate_extent">false</Parameter>
<!-- manually provided extent in epsg 900913 for whole globe -->
<!-- providing this speeds up Mapnik database queries -->
<Parameter name="extent">-20037508,-19929239,20037508,19929239</Parameter>

    </Datasource>
</Layer>
<Layer name="highway-area-fill" status="on" srs="+proj=merc +a=6378137 +b=6378137 +lat_ts=0.0 +lon_0=0.0 +x_0=0.0 +y_0=0 +k=1.0 +units=m +nadgrids=@null +no_defs +over">
    <StyleName>highway-area-fill</StyleName>
    <Datasource>
      <Parameter name="table">
      (select way,highway,railway,aeroway from planet_polygon
       where highway in ('residential','unclassified','pedestrian','service','footway','living_street','track','path','platform','services')
          or railway='platform'
          or aeroway in ('runway','taxiway','helipad')
       order by z_order,way_area desc) as roads
      </Parameter>
      <!--
Settings for your postgres setup.

Note: feel free to leave password, host, port, or use blank
-->

<Parameter name="type">postgis</Parameter>
<Parameter name="password"/>
<Parameter name="host">sql-mapnik</Parameter>
<Parameter name="port"/>
<Parameter name="user"/>
<Parameter name="dbname">osm_mapnik</Parameter>
<!-- this should be 'false' if you are manually providing the 'extent' -->
<Parameter name="estimate_extent">false</Parameter>
<!-- manually provided extent in epsg 900913 for whole globe -->
<!-- providing this speeds up Mapnik database queries -->
<Parameter name="extent">-20037508,-19929239,20037508,19929239</Parameter>

    </Datasource>
</Layer>
<Style name="buildings-lz">
    <Rule>
      <Filter>[railway] = 'station' or [building] = 'station'</Filter>
      <MaxScaleDenominator>750000</MaxScaleDenominator>
     <PolygonSymbolizer>
         <CssParameter name="fill">#b4b4b4</CssParameter>
     </PolygonSymbolizer>
    </Rule>
    <Rule>
      <Filter>[building] = 'supermarket'</Filter>
      <MaxScaleDenominator>750000</MaxScaleDenominator>
      <PolygonSymbolizer>
         <CssParameter name="fill">#d1d1d1</CssParameter>
         <CssParameter name="fill-opacity">0.5</CssParameter>
      </PolygonSymbolizer>
    </Rule>
    <Rule>
      <Filter>[amenity] = 'place_of_worship'</Filter>
      <MaxScaleDenominator>750000</MaxScaleDenominator>
      <MinScaleDenominator>25000</MinScaleDenominator>
      <PolygonSymbolizer>
         <CssParameter name="fill">#777777</CssParameter>
         <CssParameter name="fill-opacity">0.5</CssParameter>
      </PolygonSymbolizer>
    </Rule>
    <Rule>
      <Filter>[amenity] = 'place_of_worship'</Filter>
      <MaxScaleDenominator>25000</MaxScaleDenominator>
      <PolygonSymbolizer>
         <CssParameter name="fill">#aaaaaa</CssParameter>
         <CssParameter name="fill-opacity">0.9</CssParameter>
      </PolygonSymbolizer>
      <LineSymbolizer>
        <CssParameter name="stroke">#111111</CssParameter>
        <CssParameter name="stroke-width">0.3</CssParameter>
      </LineSymbolizer>
    </Rule>
</Style>

<Style name="buildings">
    <Rule>
      <Filter>[building] = 'INT-light'</Filter>
      <MaxScaleDenominator>200000</MaxScaleDenominator>
      <PolygonSymbolizer>
         <CssParameter name="fill">#adadad</CssParameter>
         <CssParameter name="fill-opacity">0.7</CssParameter>
      </PolygonSymbolizer>
    </Rule>
    <Rule>
      <Filter>[building] != 'INT-light' and [building] != ''</Filter>
      <MaxScaleDenominator>200000</MaxScaleDenominator>
      <PolygonSymbolizer>
         <CssParameter name="fill">#adadad</CssParameter>
         <CssParameter name="fill-opacity">0.9</CssParameter>
      </PolygonSymbolizer>
    </Rule>
    <Rule>
      <Filter>[building] != 'INT-light' and [building] != ''</Filter>
      <MaxScaleDenominator>12500</MaxScaleDenominator>
      <LineSymbolizer>
        <CssParameter name="stroke">#1a1a1a</CssParameter>
        <CssParameter name="stroke-width">0.2</CssParameter>
      </LineSymbolizer>
    </Rule>
    <Rule>
      <Filter>[aeroway] = 'terminal'</Filter>
      <MaxScaleDenominator>200000</MaxScaleDenominator>
      <PolygonSymbolizer>
         <CssParameter name="fill">#b3b3b3</CssParameter>
      </PolygonSymbolizer>
    </Rule>
    <Rule>
      <Filter>[aeroway] = 'terminal'</Filter>
      <MaxScaleDenominator>50000</MaxScaleDenominator>
      <LineSymbolizer>
        <CssParameter name="stroke">#1a1a1a</CssParameter>
        <CssParameter name="stroke-width">0.2</CssParameter>
      </LineSymbolizer>
    </Rule>
</Style>

<!-- Render only select building types starting at z10. -->
<Layer name="buildings-lz" status="on" srs="+proj=merc +a=6378137 +b=6378137 +lat_ts=0.0 +lon_0=0.0 +x_0=0.0 +y_0=0 +k=1.0 +units=m +nadgrids=@null +no_defs +over">
    <StyleName>buildings-lz</StyleName>
    <Datasource>
      <Parameter name="table">
      (select way,building,railway,amenity from planet_polygon
       where railway='station'
          or building in ('station','supermarket')
          or amenity='place_of_worship'
       order by z_order,way_area desc) as buildings
      </Parameter>
      <!--
Settings for your postgres setup.

Note: feel free to leave password, host, port, or use blank
-->

<Parameter name="type">postgis</Parameter>
<Parameter name="password"/>
<Parameter name="host">sql-mapnik</Parameter>
<Parameter name="port"/>
<Parameter name="user"/>
<Parameter name="dbname">osm_mapnik</Parameter>
<!-- this should be 'false' if you are manually providing the 'extent' -->
<Parameter name="estimate_extent">false</Parameter>
<!-- manually provided extent in epsg 900913 for whole globe -->
<!-- providing this speeds up Mapnik database queries -->
<Parameter name="extent">-20037508,-19929239,20037508,19929239</Parameter>

    </Datasource>
</Layer>

<!-- Render the other building types. Some sql filtering is needed to exclude
     any type not already specifically rendered in buildings-lz. -->
<Layer name="buildings" status="on" srs="+proj=merc +a=6378137 +b=6378137 +lat_ts=0.0 +lon_0=0.0 +x_0=0.0 +y_0=0 +k=1.0 +units=m +nadgrids=@null +no_defs +over">
    <StyleName>buildings</StyleName>
    <Datasource>
      <Parameter name="table">
      (select way,aeroway,
        case
         when building in ('residential','house','garage','garages','detached','terrace','apartments') then 'INT-light'::text
         else building
        end as building
       from planet_polygon
       where (building is not null
         and building not in ('no','station','supermarket')
         and (railway is null or railway != 'station')
         and (amenity is null or amenity != 'place_of_worship'))
          or aeroway = 'terminal'
       order by z_order,way_area desc) as buildings
      </Parameter>
      <!--
Settings for your postgres setup.

Note: feel free to leave password, host, port, or use blank
-->

<Parameter name="type">postgis</Parameter>
<Parameter name="password"/>
<Parameter name="host">sql-mapnik</Parameter>
<Parameter name="port"/>
<Parameter name="user"/>
<Parameter name="dbname">osm_mapnik</Parameter>
<!-- this should be 'false' if you are manually providing the 'extent' -->
<Parameter name="estimate_extent">false</Parameter>
<!-- manually provided extent in epsg 900913 for whole globe -->
<!-- providing this speeds up Mapnik database queries -->
<Parameter name="extent">-20037508,-19929239,20037508,19929239</Parameter>

    </Datasource>
</Layer>



<Layer name="turning_circle-fill" status="on" srs="+proj=merc +a=6378137 +b=6378137 +lat_ts=0.0 +lon_0=0.0 +x_0=0.0 +y_0=0 +k=1.0 +units=m +nadgrids=@null +no_defs +over">
    <StyleName>turning_circle-fill</StyleName>    
    <Datasource>
      <Parameter name="table">
      (select distinct on (p.way) p.way as way,l.highway as int_tc_type
       from planet_point p
       join planet_line l
        on ST_DWithin(p.way,l.way,0.1)
       join (values
        ('tertiary',1),
        ('unclassified',2),
        ('residential',3),
        ('living_street',4),
        ('service',5)
       ) as v (highway,prio)
        on v.highway=l.highway
       where p.highway='turning_circle'
       order by p.way,v.prio
      ) as turning_circle
      </Parameter>
      <!--
Settings for your postgres setup.

Note: feel free to leave password, host, port, or use blank
-->

<Parameter name="type">postgis</Parameter>
<Parameter name="password"/>
<Parameter name="host">sql-mapnik</Parameter>
<Parameter name="port"/>
<Parameter name="user"/>
<Parameter name="dbname">osm_mapnik</Parameter>
<!-- this should be 'false' if you are manually providing the 'extent' -->
<Parameter name="estimate_extent">false</Parameter>
<!-- manually provided extent in epsg 900913 for whole globe -->
<!-- providing this speeds up Mapnik database queries -->
<Parameter name="extent">-20037508,-19929239,20037508,19929239</Parameter>

    </Datasource>
</Layer>
<Layer name="tracks-notunnel-nobridge" status="on" srs="+proj=merc +a=6378137 +b=6378137 +lat_ts=0.0 +lon_0=0.0 +x_0=0.0 +y_0=0 +k=1.0 +units=m +nadgrids=@null +no_defs +over">
    <StyleName>tracks-notunnel-nobridge</StyleName>
    <Datasource>
      <Parameter name="table">
      (select way,tracktype from planet_line where highway='track' and (bridge is null or bridge in ('no','false','0')) and (tunnel is null or tunnel in ('no','false','0'))) as tracks
      </Parameter>
      <!--
Settings for your postgres setup.

Note: feel free to leave password, host, port, or use blank
-->

<Parameter name="type">postgis</Parameter>
<Parameter name="password"/>
<Parameter name="host">sql-mapnik</Parameter>
<Parameter name="port"/>
<Parameter name="user"/>
<Parameter name="dbname">osm_mapnik</Parameter>
<!-- this should be 'false' if you are manually providing the 'extent' -->
<Parameter name="estimate_extent">false</Parameter>
<!-- manually provided extent in epsg 900913 for whole globe -->
<!-- providing this speeds up Mapnik database queries -->
<Parameter name="extent">-20037508,-19929239,20037508,19929239</Parameter>

    </Datasource>
</Layer>
<Layer name="minor-roads-fill" status="on" srs="+proj=merc +a=6378137 +b=6378137 +lat_ts=0.0 +lon_0=0.0 +x_0=0.0 +y_0=0 +k=1.0 +units=m +nadgrids=@null +no_defs +over">
    <StyleName>minor-roads-fill-links</StyleName>
    <StyleName>minor-roads-fill</StyleName>
    <Datasource>
      <Parameter name="table">
      (select way,highway,horse,bicycle,foot,construction,aeroway,
       case when tunnel in ('yes','true','1') then 'yes'::text else tunnel end as tunnel,
       case when bridge in ('yes','true','1','viaduct') then 'yes'::text else bridge end as bridge,
       case when railway in ('spur','siding')
              or (railway='rail' and service in ('spur','siding','yard'))
            then 'spur-siding-yard'::text else railway end as railway,
       case when service in ('parking_aisle','drive-through','driveway') then 'INT-minor'::text else service end as service
       from planet_line
       where highway is not null
          or aeroway in ('runway','taxiway')
          or railway in ('light_rail','narrow_gauge','funicular','rail','subway','tram','spur','siding','platform','disused','abandoned','construction','miniature')
       order by z_order) as roads
      </Parameter>
      <!--
Settings for your postgres setup.

Note: feel free to leave password, host, port, or use blank
-->

<Parameter name="type">postgis</Parameter>
<Parameter name="password"/>
<Parameter name="host">sql-mapnik</Parameter>
<Parameter name="port"/>
<Parameter name="user"/>
<Parameter name="dbname">osm_mapnik</Parameter>
<!-- this should be 'false' if you are manually providing the 'extent' -->
<Parameter name="estimate_extent">false</Parameter>
<!-- manually provided extent in epsg 900913 for whole globe -->
<!-- providing this speeds up Mapnik database queries -->
<Parameter name="extent">-20037508,-19929239,20037508,19929239</Parameter>

    </Datasource>
</Layer>
<Style name="ferry-routes">
    <Rule>
      <MaxScaleDenominator>6500000</MaxScaleDenominator>
      <MinScaleDenominator>400000</MinScaleDenominator>
      <LineSymbolizer>
        <CssParameter name="stroke">#797979</CssParameter>
        <CssParameter name="stroke-width">0.4</CssParameter>
        <CssParameter name="stroke-dasharray">4,4</CssParameter>
      </LineSymbolizer>
    </Rule>
    <Rule>
      <MaxScaleDenominator>400000</MaxScaleDenominator>
      <LineSymbolizer>
        <CssParameter name="stroke">#797979</CssParameter>
        <CssParameter name="stroke-width">0.8</CssParameter>
        <CssParameter name="stroke-dasharray">6,6</CssParameter>
      </LineSymbolizer>
    </Rule>
</Style>

<Layer name="ferry-routes" status="on" srs="+proj=merc +a=6378137 +b=6378137 +lat_ts=0.0 +lon_0=0.0 +x_0=0.0 +y_0=0 +k=1.0 +units=m +nadgrids=@null +no_defs +over">
    <StyleName>ferry-routes</StyleName>
    <Datasource>
      <Parameter name="table">
      (select way from planet_line where route='ferry' ) as routes
      </Parameter>
      <!--
Settings for your postgres setup.

Note: feel free to leave password, host, port, or use blank
-->

<Parameter name="type">postgis</Parameter>
<Parameter name="password"/>
<Parameter name="host">sql-mapnik</Parameter>
<Parameter name="port"/>
<Parameter name="user"/>
<Parameter name="dbname">osm_mapnik</Parameter>
<!-- this should be 'false' if you are manually providing the 'extent' -->
<Parameter name="estimate_extent">false</Parameter>
<!-- manually provided extent in epsg 900913 for whole globe -->
<!-- providing this speeds up Mapnik database queries -->
<Parameter name="extent">-20037508,-19929239,20037508,19929239</Parameter>

    </Datasource>
</Layer>

<Style name="aerialways">
    <Rule>
      <Filter>[aerialway] = 'cable_car' or [aerialway]='gondola' or [aerialway]='goods'</Filter>
      <MaxScaleDenominator>200000</MaxScaleDenominator>
      
      <LinePatternSymbolizer file="symbols/cable_car.png"/>
    </Rule>
    <Rule>
      <Filter>[aerialway] = 'chair_lift' or [aerialway]='drag_lift' or [aerialway]='t-bar' or [aerialway]='j-bar' or [aerialway]='platter' or [aerialway]='rope_tow'</Filter>
      <MaxScaleDenominator>200000</MaxScaleDenominator>
      
      <LinePatternSymbolizer file="symbols/chair_lift.png"/>
    </Rule>
</Style>

<Layer name="aerialways" status="on" srs="+proj=merc +a=6378137 +b=6378137 +lat_ts=0.0 +lon_0=0.0 +x_0=0.0 +y_0=0 +k=1.0 +units=m +nadgrids=@null +no_defs +over">
    <StyleName>aerialways</StyleName>
    <Datasource>
      <Parameter name="table">
      (select way,aerialway from planet_line where aerialway is not null) as aerialways
      </Parameter>
      <!--
Settings for your postgres setup.

Note: feel free to leave password, host, port, or use blank
-->

<Parameter name="type">postgis</Parameter>
<Parameter name="password"/>
<Parameter name="host">sql-mapnik</Parameter>
<Parameter name="port"/>
<Parameter name="user"/>
<Parameter name="dbname">osm_mapnik</Parameter>
<!-- this should be 'false' if you are manually providing the 'extent' -->
<Parameter name="estimate_extent">false</Parameter>
<!-- manually provided extent in epsg 900913 for whole globe -->
<!-- providing this speeds up Mapnik database queries -->
<Parameter name="extent">-20037508,-19929239,20037508,19929239</Parameter>

    </Datasource>
</Layer>

<Layer name="roads" status="on" srs="+proj=merc +a=6378137 +b=6378137 +lat_ts=0.0 +lon_0=0.0 +x_0=0.0 +y_0=0 +k=1.0 +units=m +nadgrids=@null +no_defs +over">
    <StyleName>roads</StyleName>
    <Datasource>
      <Parameter name="table">
      (select way,highway,
       case when tunnel in ('yes','true','1') then 'yes'::text else tunnel end as tunnel,
       case when railway='preserved' and service in ('spur','siding','yard') then 'INT-preserved-ssy'::text else railway end as railway
       from planet_roads
       where highway is not null
          or (railway is not null and railway!='preserved' and (service is null or service not in ('spur','siding','yard')))
          or railway='preserved'
       order by z_order
      ) as roads
      </Parameter>
      <!--
Settings for your postgres setup.

Note: feel free to leave password, host, port, or use blank
-->

<Parameter name="type">postgis</Parameter>
<Parameter name="password"/>
<Parameter name="host">sql-mapnik</Parameter>
<Parameter name="port"/>
<Parameter name="user"/>
<Parameter name="dbname">osm_mapnik</Parameter>
<!-- this should be 'false' if you are manually providing the 'extent' -->
<Parameter name="estimate_extent">false</Parameter>
<!-- manually provided extent in epsg 900913 for whole globe -->
<!-- providing this speeds up Mapnik database queries -->
<Parameter name="extent">-20037508,-19929239,20037508,19929239</Parameter>

    </Datasource>
</Layer>
<Layer name="waterway-bridges" status="on" srs="+proj=merc +a=6378137 +b=6378137 +lat_ts=0.0 +lon_0=0.0 +x_0=0.0 +y_0=0 +k=1.0 +units=m +nadgrids=@null +no_defs +over">
    <StyleName>waterway-bridges</StyleName>
    <Datasource>
      <Parameter name="table">(select way,name from planet_line where waterway='canal' and bridge in ('yes','true','1','aqueduct') order by z_order) as water</Parameter>
      <!--
Settings for your postgres setup.

Note: feel free to leave password, host, port, or use blank
-->

<Parameter name="type">postgis</Parameter>
<Parameter name="password"/>
<Parameter name="host">sql-mapnik</Parameter>
<Parameter name="port"/>
<Parameter name="user"/>
<Parameter name="dbname">osm_mapnik</Parameter>
<!-- this should be 'false' if you are manually providing the 'extent' -->
<Parameter name="estimate_extent">false</Parameter>
<!-- manually provided extent in epsg 900913 for whole globe -->
<!-- providing this speeds up Mapnik database queries -->
<Parameter name="extent">-20037508,-19929239,20037508,19929239</Parameter>

    </Datasource>
</Layer>
<Layer name="access-pre_bridges" status="on" srs="+proj=merc +a=6378137 +b=6378137 +lat_ts=0.0 +lon_0=0.0 +x_0=0.0 +y_0=0 +k=1.0 +units=m +nadgrids=@null +no_defs +over">
    <StyleName>access</StyleName>
    <Datasource>
      <Parameter name="table">
      (select way,access,highway,
       case when service in ('parking_aisle','drive-through','driveway') then 'INT-minor'::text end as service
       from planet_line
       where access is not null and highway is not null
         and (bridge is null or bridge not in ('yes','true','1','viaduct'))
      ) as access
      </Parameter>
      <!--
Settings for your postgres setup.

Note: feel free to leave password, host, port, or use blank
-->

<Parameter name="type">postgis</Parameter>
<Parameter name="password"/>
<Parameter name="host">sql-mapnik</Parameter>
<Parameter name="port"/>
<Parameter name="user"/>
<Parameter name="dbname">osm_mapnik</Parameter>
<!-- this should be 'false' if you are manually providing the 'extent' -->
<Parameter name="estimate_extent">false</Parameter>
<!-- manually provided extent in epsg 900913 for whole globe -->
<!-- providing this speeds up Mapnik database queries -->
<Parameter name="extent">-20037508,-19929239,20037508,19929239</Parameter>

    </Datasource>
</Layer>
<Layer name="direction_pre_bridges" status="on" srs="+proj=merc +a=6378137 +b=6378137 +lat_ts=0.0 +lon_0=0.0 +x_0=0.0 +y_0=0 +k=1.0 +units=m +nadgrids=@null +no_defs +over">
     <StyleName>directions</StyleName>
     <Datasource>
      <Parameter name="table">
      (select way,
       case when oneway in ('yes','true','1') then 'yes'::text else oneway end as oneway
       from planet_line
       where oneway is not null
         and (highway is not null or railway is not null or waterway is not null)
         and (bridge is null or bridge not in ('yes','true','1','viaduct'))
      ) as directions
      </Parameter>
      <!--
Settings for your postgres setup.

Note: feel free to leave password, host, port, or use blank
-->

<Parameter name="type">postgis</Parameter>
<Parameter name="password"/>
<Parameter name="host">sql-mapnik</Parameter>
<Parameter name="port"/>
<Parameter name="user"/>
<Parameter name="dbname">osm_mapnik</Parameter>
<!-- this should be 'false' if you are manually providing the 'extent' -->
<Parameter name="estimate_extent">false</Parameter>
<!-- manually provided extent in epsg 900913 for whole globe -->
<!-- providing this speeds up Mapnik database queries -->
<Parameter name="extent">-20037508,-19929239,20037508,19929239</Parameter>

    </Datasource>
</Layer>
<Layer name="bridges_layer0" status="on" srs="+proj=merc +a=6378137 +b=6378137 +lat_ts=0.0 +lon_0=0.0 +x_0=0.0 +y_0=0 +k=1.0 +units=m +nadgrids=@null +no_defs +over">
    <StyleName>bridges_casing</StyleName>
    <StyleName>bridges_casing2</StyleName>
    <StyleName>bridges_fill</StyleName>
    <Datasource>
      <Parameter name="table">
      (select way,highway,aeroway,horse,bicycle,foot,tracktype,
       case when railway in ('spur','siding')
              or (railway='rail' and service in ('spur','siding','yard'))
            then 'INT-spur-siding-yard'::text else railway end as railway
       from planet_line
       where (highway is not null
              or aeroway in ('runway','taxiway')
              or railway in ('light_rail','subway','narrow_gauge','rail','spur','siding','disused','abandoned','construction'))
         and bridge in ('yes','true','1','viaduct')
         and (layer is null or layer = '0')
       order by z_order
      ) as roads
      </Parameter>
      <!--
Settings for your postgres setup.

Note: feel free to leave password, host, port, or use blank
-->

<Parameter name="type">postgis</Parameter>
<Parameter name="password"/>
<Parameter name="host">sql-mapnik</Parameter>
<Parameter name="port"/>
<Parameter name="user"/>
<Parameter name="dbname">osm_mapnik</Parameter>
<!-- this should be 'false' if you are manually providing the 'extent' -->
<Parameter name="estimate_extent">false</Parameter>
<!-- manually provided extent in epsg 900913 for whole globe -->
<!-- providing this speeds up Mapnik database queries -->
<Parameter name="extent">-20037508,-19929239,20037508,19929239</Parameter>

    </Datasource>
</Layer>
<Layer name="bridges_access0" status="on" srs="+proj=merc +a=6378137 +b=6378137 +lat_ts=0.0 +lon_0=0.0 +x_0=0.0 +y_0=0 +k=1.0 +units=m +nadgrids=@null +no_defs +over">
    <StyleName>access</StyleName>
    <Datasource>
      <Parameter name="table">
      (select way,access,highway,
       case when service in ('parking_aisle','drive-through','driveway') then 'INT-minor'::text end as service
       from planet_line
       where access is not null and highway is not null
         and bridge in ('yes','true','1','viaduct')
         and (layer is null or layer in ('-5','-4','-3','-2','-1','0'))
      ) as access
      </Parameter>
      <!--
Settings for your postgres setup.

Note: feel free to leave password, host, port, or use blank
-->

<Parameter name="type">postgis</Parameter>
<Parameter name="password"/>
<Parameter name="host">sql-mapnik</Parameter>
<Parameter name="port"/>
<Parameter name="user"/>
<Parameter name="dbname">osm_mapnik</Parameter>
<!-- this should be 'false' if you are manually providing the 'extent' -->
<Parameter name="estimate_extent">false</Parameter>
<!-- manually provided extent in epsg 900913 for whole globe -->
<!-- providing this speeds up Mapnik database queries -->
<Parameter name="extent">-20037508,-19929239,20037508,19929239</Parameter>

    </Datasource>
</Layer>
<Layer name="bridges_directions0" status="on" srs="+proj=merc +a=6378137 +b=6378137 +lat_ts=0.0 +lon_0=0.0 +x_0=0.0 +y_0=0 +k=1.0 +units=m +nadgrids=@null +no_defs +over">
     <StyleName>directions</StyleName>
     <Datasource>
      <Parameter name="table">
      (select way,
       case when oneway in ('yes','true','1') then 'yes'::text else oneway end as oneway
       from planet_line
       where oneway is not null
         and (highway is not null or railway is not null or waterway is not null)
         and bridge in ('yes','true','1','viaduct')
         and (layer is null or layer in ('-5','-4','-3','-2','-1','0'))
      ) as directions
      </Parameter>
      <!--
Settings for your postgres setup.

Note: feel free to leave password, host, port, or use blank
-->

<Parameter name="type">postgis</Parameter>
<Parameter name="password"/>
<Parameter name="host">sql-mapnik</Parameter>
<Parameter name="port"/>
<Parameter name="user"/>
<Parameter name="dbname">osm_mapnik</Parameter>
<!-- this should be 'false' if you are manually providing the 'extent' -->
<Parameter name="estimate_extent">false</Parameter>
<!-- manually provided extent in epsg 900913 for whole globe -->
<!-- providing this speeds up Mapnik database queries -->
<Parameter name="extent">-20037508,-19929239,20037508,19929239</Parameter>

    </Datasource>
</Layer>
<Layer name="bridges_layer1" status="on" srs="+proj=merc +a=6378137 +b=6378137 +lat_ts=0.0 +lon_0=0.0 +x_0=0.0 +y_0=0 +k=1.0 +units=m +nadgrids=@null +no_defs +over">
    <StyleName>bridges_casing</StyleName>
	<StyleName>bridges_casing2</StyleName>
    <StyleName>bridges_fill</StyleName>
    <Datasource>
      <Parameter name="table">
      (select way,highway,aeroway,horse,bicycle,foot,tracktype,
       case when railway in ('spur','siding')
              or (railway='rail' and service in ('spur','siding','yard'))
            then 'INT-spur-siding-yard'::text else railway end as railway
       from planet_line
       where (highway is not null
              or aeroway in ('runway','taxiway')
              or railway in ('light_rail','subway','narrow_gauge','rail','spur','siding','disused','abandoned','construction'))
         and bridge in ('yes','true','1','viaduct')
         and layer = '1'
       order by z_order
      ) as roads
      </Parameter>
      <!--
Settings for your postgres setup.

Note: feel free to leave password, host, port, or use blank
-->

<Parameter name="type">postgis</Parameter>
<Parameter name="password"/>
<Parameter name="host">sql-mapnik</Parameter>
<Parameter name="port"/>
<Parameter name="user"/>
<Parameter name="dbname">osm_mapnik</Parameter>
<!-- this should be 'false' if you are manually providing the 'extent' -->
<Parameter name="estimate_extent">false</Parameter>
<!-- manually provided extent in epsg 900913 for whole globe -->
<!-- providing this speeds up Mapnik database queries -->
<Parameter name="extent">-20037508,-19929239,20037508,19929239</Parameter>

    </Datasource>
</Layer>
<Layer name="bridges_access1" status="on" srs="+proj=merc +a=6378137 +b=6378137 +lat_ts=0.0 +lon_0=0.0 +x_0=0.0 +y_0=0 +k=1.0 +units=m +nadgrids=@null +no_defs +over">
    <StyleName>access</StyleName>
    <Datasource>
      <Parameter name="table">
      (select way,access,highway,
       case when service in ('parking_aisle','drive-through','driveway') then 'INT-minor'::text end as service
       from planet_line
       where access is not null and highway is not null
         and bridge in ('yes','true','1','viaduct')
         and layer = '1'
      ) as access
      </Parameter>
      <!--
Settings for your postgres setup.

Note: feel free to leave password, host, port, or use blank
-->

<Parameter name="type">postgis</Parameter>
<Parameter name="password"/>
<Parameter name="host">sql-mapnik</Parameter>
<Parameter name="port"/>
<Parameter name="user"/>
<Parameter name="dbname">osm_mapnik</Parameter>
<!-- this should be 'false' if you are manually providing the 'extent' -->
<Parameter name="estimate_extent">false</Parameter>
<!-- manually provided extent in epsg 900913 for whole globe -->
<!-- providing this speeds up Mapnik database queries -->
<Parameter name="extent">-20037508,-19929239,20037508,19929239</Parameter>

    </Datasource>
</Layer>
<Layer name="bridges_directions1" status="on" srs="+proj=merc +a=6378137 +b=6378137 +lat_ts=0.0 +lon_0=0.0 +x_0=0.0 +y_0=0 +k=1.0 +units=m +nadgrids=@null +no_defs +over">
     <StyleName>directions</StyleName>
     <Datasource>
      <Parameter name="table">
      (select way,
       case when oneway in ('yes','true','1') then 'yes'::text else oneway end as oneway
       from planet_line
       where oneway is not null
         and (highway is not null or railway is not null or waterway is not null)
         and bridge in ('yes','true','1','viaduct')
         and layer = '1'
      ) as directions
      </Parameter>
      <!--
Settings for your postgres setup.

Note: feel free to leave password, host, port, or use blank
-->

<Parameter name="type">postgis</Parameter>
<Parameter name="password"/>
<Parameter name="host">sql-mapnik</Parameter>
<Parameter name="port"/>
<Parameter name="user"/>
<Parameter name="dbname">osm_mapnik</Parameter>
<!-- this should be 'false' if you are manually providing the 'extent' -->
<Parameter name="estimate_extent">false</Parameter>
<!-- manually provided extent in epsg 900913 for whole globe -->
<!-- providing this speeds up Mapnik database queries -->
<Parameter name="extent">-20037508,-19929239,20037508,19929239</Parameter>

    </Datasource>
</Layer>
<Layer name="bridges_layer2" status="on" srs="+proj=merc +a=6378137 +b=6378137 +lat_ts=0.0 +lon_0=0.0 +x_0=0.0 +y_0=0 +k=1.0 +units=m +nadgrids=@null +no_defs +over">
    <StyleName>bridges_casing</StyleName>
	<StyleName>bridges_casing2</StyleName>
    <StyleName>bridges_fill</StyleName>
    <Datasource>
      <Parameter name="table">
      (select way,highway,aeroway,horse,bicycle,foot,tracktype,
       case when railway in ('spur','siding')
              or (railway='rail' and service in ('spur','siding','yard'))
            then 'INT-spur-siding-yard'::text else railway end as railway
       from planet_line
       where (highway is not null
              or aeroway in ('runway','taxiway')
              or railway in ('light_rail','subway','narrow_gauge','rail','spur','siding','disused','abandoned','construction'))
         and bridge in ('yes','true','1','viaduct')
         and layer = '2'
       order by z_order
      ) as roads
      </Parameter>
      <!--
Settings for your postgres setup.

Note: feel free to leave password, host, port, or use blank
-->

<Parameter name="type">postgis</Parameter>
<Parameter name="password"/>
<Parameter name="host">sql-mapnik</Parameter>
<Parameter name="port"/>
<Parameter name="user"/>
<Parameter name="dbname">osm_mapnik</Parameter>
<!-- this should be 'false' if you are manually providing the 'extent' -->
<Parameter name="estimate_extent">false</Parameter>
<!-- manually provided extent in epsg 900913 for whole globe -->
<!-- providing this speeds up Mapnik database queries -->
<Parameter name="extent">-20037508,-19929239,20037508,19929239</Parameter>

    </Datasource>
</Layer>
<Layer name="bridges_access2" status="on" srs="+proj=merc +a=6378137 +b=6378137 +lat_ts=0.0 +lon_0=0.0 +x_0=0.0 +y_0=0 +k=1.0 +units=m +nadgrids=@null +no_defs +over">
    <StyleName>access</StyleName>
    <Datasource>
      <Parameter name="table">
      (select way,access,highway,
       case when service in ('parking_aisle','drive-through','driveway') then 'INT-minor'::text end as service
       from planet_line
       where access is not null and highway is not null
         and bridge in ('yes','true','1','viaduct')
         and layer = '2'
      ) as access
      </Parameter>
      <!--
Settings for your postgres setup.

Note: feel free to leave password, host, port, or use blank
-->

<Parameter name="type">postgis</Parameter>
<Parameter name="password"/>
<Parameter name="host">sql-mapnik</Parameter>
<Parameter name="port"/>
<Parameter name="user"/>
<Parameter name="dbname">osm_mapnik</Parameter>
<!-- this should be 'false' if you are manually providing the 'extent' -->
<Parameter name="estimate_extent">false</Parameter>
<!-- manually provided extent in epsg 900913 for whole globe -->
<!-- providing this speeds up Mapnik database queries -->
<Parameter name="extent">-20037508,-19929239,20037508,19929239</Parameter>

    </Datasource>
</Layer>
<Layer name="bridges_directions2" status="on" srs="+proj=merc +a=6378137 +b=6378137 +lat_ts=0.0 +lon_0=0.0 +x_0=0.0 +y_0=0 +k=1.0 +units=m +nadgrids=@null +no_defs +over">
     <StyleName>directions</StyleName>
     <Datasource>
      <Parameter name="table">
      (select way,
       case when oneway in ('yes','true','1') then 'yes'::text else oneway end as oneway
       from planet_line
       where oneway is not null
         and (highway is not null or railway is not null or waterway is not null)
         and bridge in ('yes','true','1','viaduct')
         and layer = '2'
      ) as directions
      </Parameter>
      <!--
Settings for your postgres setup.

Note: feel free to leave password, host, port, or use blank
-->

<Parameter name="type">postgis</Parameter>
<Parameter name="password"/>
<Parameter name="host">sql-mapnik</Parameter>
<Parameter name="port"/>
<Parameter name="user"/>
<Parameter name="dbname">osm_mapnik</Parameter>
<!-- this should be 'false' if you are manually providing the 'extent' -->
<Parameter name="estimate_extent">false</Parameter>
<!-- manually provided extent in epsg 900913 for whole globe -->
<!-- providing this speeds up Mapnik database queries -->
<Parameter name="extent">-20037508,-19929239,20037508,19929239</Parameter>

    </Datasource>
</Layer>
<Layer name="bridges_layer3" status="on" srs="+proj=merc +a=6378137 +b=6378137 +lat_ts=0.0 +lon_0=0.0 +x_0=0.0 +y_0=0 +k=1.0 +units=m +nadgrids=@null +no_defs +over">
    <StyleName>bridges_casing</StyleName>
	<StyleName>bridges_casing2</StyleName>
    <StyleName>bridges_fill</StyleName>
    <Datasource>
      <Parameter name="table">
      (select way,highway,aeroway,horse,bicycle,foot,tracktype,
       case when railway in ('spur','siding')
              or (railway='rail' and service in ('spur','siding','yard'))
            then 'INT-spur-siding-yard'::text else railway end as railway
       from planet_line
       where (highway is not null
              or aeroway in ('runway','taxiway')
              or railway in ('light_rail','subway','narrow_gauge','rail','spur','siding','disused','abandoned','construction'))
         and bridge in ('yes','true','1','viaduct')
         and layer = '3'
       order by z_order
      ) as roads
      </Parameter>
      <!--
Settings for your postgres setup.

Note: feel free to leave password, host, port, or use blank
-->

<Parameter name="type">postgis</Parameter>
<Parameter name="password"/>
<Parameter name="host">sql-mapnik</Parameter>
<Parameter name="port"/>
<Parameter name="user"/>
<Parameter name="dbname">osm_mapnik</Parameter>
<!-- this should be 'false' if you are manually providing the 'extent' -->
<Parameter name="estimate_extent">false</Parameter>
<!-- manually provided extent in epsg 900913 for whole globe -->
<!-- providing this speeds up Mapnik database queries -->
<Parameter name="extent">-20037508,-19929239,20037508,19929239</Parameter>

    </Datasource>
</Layer>
<Layer name="bridges_access3" status="on" srs="+proj=merc +a=6378137 +b=6378137 +lat_ts=0.0 +lon_0=0.0 +x_0=0.0 +y_0=0 +k=1.0 +units=m +nadgrids=@null +no_defs +over">
    <StyleName>access</StyleName>
    <Datasource>
      <Parameter name="table">
      (select way,access,highway,
       case when service in ('parking_aisle','drive-through','driveway') then 'INT-minor'::text end as service
       from planet_line
       where access is not null and highway is not null
         and bridge in ('yes','true','1','viaduct')
         and layer = '3'
      ) as access
      </Parameter>
      <!--
Settings for your postgres setup.

Note: feel free to leave password, host, port, or use blank
-->

<Parameter name="type">postgis</Parameter>
<Parameter name="password"/>
<Parameter name="host">sql-mapnik</Parameter>
<Parameter name="port"/>
<Parameter name="user"/>
<Parameter name="dbname">osm_mapnik</Parameter>
<!-- this should be 'false' if you are manually providing the 'extent' -->
<Parameter name="estimate_extent">false</Parameter>
<!-- manually provided extent in epsg 900913 for whole globe -->
<!-- providing this speeds up Mapnik database queries -->
<Parameter name="extent">-20037508,-19929239,20037508,19929239</Parameter>

    </Datasource>
</Layer>
<Layer name="bridges_directions3" status="on" srs="+proj=merc +a=6378137 +b=6378137 +lat_ts=0.0 +lon_0=0.0 +x_0=0.0 +y_0=0 +k=1.0 +units=m +nadgrids=@null +no_defs +over">
     <StyleName>directions</StyleName>
     <Datasource>
      <Parameter name="table">
      (select way,
       case when oneway in ('yes','true','1') then 'yes'::text else oneway end as oneway
       from planet_line
       where oneway is not null
         and (highway is not null or railway is not null or waterway is not null)
         and bridge in ('yes','true','1','viaduct')
         and layer = '3'
      ) as directions
      </Parameter>
      <!--
Settings for your postgres setup.

Note: feel free to leave password, host, port, or use blank
-->

<Parameter name="type">postgis</Parameter>
<Parameter name="password"/>
<Parameter name="host">sql-mapnik</Parameter>
<Parameter name="port"/>
<Parameter name="user"/>
<Parameter name="dbname">osm_mapnik</Parameter>
<!-- this should be 'false' if you are manually providing the 'extent' -->
<Parameter name="estimate_extent">false</Parameter>
<!-- manually provided extent in epsg 900913 for whole globe -->
<!-- providing this speeds up Mapnik database queries -->
<Parameter name="extent">-20037508,-19929239,20037508,19929239</Parameter>

    </Datasource>
</Layer>
<Layer name="bridges_layer4" status="on" srs="+proj=merc +a=6378137 +b=6378137 +lat_ts=0.0 +lon_0=0.0 +x_0=0.0 +y_0=0 +k=1.0 +units=m +nadgrids=@null +no_defs +over">
    <StyleName>bridges_casing</StyleName>
	<StyleName>bridges_casing2</StyleName>
    <StyleName>bridges_fill</StyleName>
    <Datasource>
      <Parameter name="table">
      (select way,highway,aeroway,horse,bicycle,foot,tracktype,
       case when railway in ('spur','siding')
              or (railway='rail' and service in ('spur','siding','yard'))
            then 'INT-spur-siding-yard'::text else railway end as railway
       from planet_line
       where (highway is not null
              or aeroway in ('runway','taxiway')
              or railway in ('light_rail','subway','narrow_gauge','rail','spur','siding','disused','abandoned','construction'))
         and bridge in ('yes','true','1','viaduct')
         and layer = '4'
       order by z_order
      ) as roads
      </Parameter>
      <!--
Settings for your postgres setup.

Note: feel free to leave password, host, port, or use blank
-->

<Parameter name="type">postgis</Parameter>
<Parameter name="password"/>
<Parameter name="host">sql-mapnik</Parameter>
<Parameter name="port"/>
<Parameter name="user"/>
<Parameter name="dbname">osm_mapnik</Parameter>
<!-- this should be 'false' if you are manually providing the 'extent' -->
<Parameter name="estimate_extent">false</Parameter>
<!-- manually provided extent in epsg 900913 for whole globe -->
<!-- providing this speeds up Mapnik database queries -->
<Parameter name="extent">-20037508,-19929239,20037508,19929239</Parameter>

    </Datasource>
</Layer>
<Layer name="bridges_access4" status="on" srs="+proj=merc +a=6378137 +b=6378137 +lat_ts=0.0 +lon_0=0.0 +x_0=0.0 +y_0=0 +k=1.0 +units=m +nadgrids=@null +no_defs +over">
    <StyleName>access</StyleName>
    <Datasource>
      <Parameter name="table">
      (select way,access,highway,
       case when service in ('parking_aisle','drive-through','driveway') then 'INT-minor'::text end as service
       from planet_line
       where access is not null and highway is not null
         and bridge in ('yes','true','1','viaduct')
         and layer = '4'
      ) as access
      </Parameter>
      <!--
Settings for your postgres setup.

Note: feel free to leave password, host, port, or use blank
-->

<Parameter name="type">postgis</Parameter>
<Parameter name="password"/>
<Parameter name="host">sql-mapnik</Parameter>
<Parameter name="port"/>
<Parameter name="user"/>
<Parameter name="dbname">osm_mapnik</Parameter>
<!-- this should be 'false' if you are manually providing the 'extent' -->
<Parameter name="estimate_extent">false</Parameter>
<!-- manually provided extent in epsg 900913 for whole globe -->
<!-- providing this speeds up Mapnik database queries -->
<Parameter name="extent">-20037508,-19929239,20037508,19929239</Parameter>

    </Datasource>
</Layer>
<Layer name="bridges_directions4" status="on" srs="+proj=merc +a=6378137 +b=6378137 +lat_ts=0.0 +lon_0=0.0 +x_0=0.0 +y_0=0 +k=1.0 +units=m +nadgrids=@null +no_defs +over">
     <StyleName>directions</StyleName>
     <Datasource>
      <Parameter name="table">
      (select way,
       case when oneway in ('yes','true','1') then 'yes'::text else oneway end as oneway
       from planet_line
       where oneway is not null
         and (highway is not null or railway is not null or waterway is not null)
         and bridge in ('yes','true','1','viaduct')
         and layer = '4'
      ) as directions
      </Parameter>
      <!--
Settings for your postgres setup.

Note: feel free to leave password, host, port, or use blank
-->

<Parameter name="type">postgis</Parameter>
<Parameter name="password"/>
<Parameter name="host">sql-mapnik</Parameter>
<Parameter name="port"/>
<Parameter name="user"/>
<Parameter name="dbname">osm_mapnik</Parameter>
<!-- this should be 'false' if you are manually providing the 'extent' -->
<Parameter name="estimate_extent">false</Parameter>
<!-- manually provided extent in epsg 900913 for whole globe -->
<!-- providing this speeds up Mapnik database queries -->
<Parameter name="extent">-20037508,-19929239,20037508,19929239</Parameter>

    </Datasource>
</Layer>
<Layer name="bridges_layer5" status="on" srs="+proj=merc +a=6378137 +b=6378137 +lat_ts=0.0 +lon_0=0.0 +x_0=0.0 +y_0=0 +k=1.0 +units=m +nadgrids=@null +no_defs +over">
    <StyleName>bridges_casing</StyleName>
	<StyleName>bridges_casing2</StyleName>
    <StyleName>bridges_fill</StyleName>
    <Datasource>
      <Parameter name="table">
      (select way,highway,aeroway,horse,bicycle,foot,tracktype,
       case when railway in ('spur','siding')
              or (railway='rail' and service in ('spur','siding','yard'))
            then 'INT-spur-siding-yard'::text else railway end as railway
       from planet_line
       where (highway is not null
              or aeroway in ('runway','taxiway')
              or railway in ('light_rail','subway','narrow_gauge','rail','spur','siding','disused','abandoned','construction'))
         and bridge in ('yes','true','1','viaduct')
         and layer = '5'
       order by z_order
      ) as roads
      </Parameter>
      <!--
Settings for your postgres setup.

Note: feel free to leave password, host, port, or use blank
-->

<Parameter name="type">postgis</Parameter>
<Parameter name="password"/>
<Parameter name="host">sql-mapnik</Parameter>
<Parameter name="port"/>
<Parameter name="user"/>
<Parameter name="dbname">osm_mapnik</Parameter>
<!-- this should be 'false' if you are manually providing the 'extent' -->
<Parameter name="estimate_extent">false</Parameter>
<!-- manually provided extent in epsg 900913 for whole globe -->
<!-- providing this speeds up Mapnik database queries -->
<Parameter name="extent">-20037508,-19929239,20037508,19929239</Parameter>

    </Datasource>
</Layer>
<Layer name="bridges_access5" status="on" srs="+proj=merc +a=6378137 +b=6378137 +lat_ts=0.0 +lon_0=0.0 +x_0=0.0 +y_0=0 +k=1.0 +units=m +nadgrids=@null +no_defs +over">
    <StyleName>access</StyleName>
    <Datasource>
      <Parameter name="table">
      (select way,access,highway,
       case when service in ('parking_aisle','drive-through','driveway') then 'INT-minor'::text end as service
       from planet_line
       where access is not null and highway is not null
         and bridge in ('yes','true','1','viaduct')
         and layer = '5'
      ) as access
      </Parameter>
      <!--
Settings for your postgres setup.

Note: feel free to leave password, host, port, or use blank
-->

<Parameter name="type">postgis</Parameter>
<Parameter name="password"/>
<Parameter name="host">sql-mapnik</Parameter>
<Parameter name="port"/>
<Parameter name="user"/>
<Parameter name="dbname">osm_mapnik</Parameter>
<!-- this should be 'false' if you are manually providing the 'extent' -->
<Parameter name="estimate_extent">false</Parameter>
<!-- manually provided extent in epsg 900913 for whole globe -->
<!-- providing this speeds up Mapnik database queries -->
<Parameter name="extent">-20037508,-19929239,20037508,19929239</Parameter>

    </Datasource>
</Layer>
<Layer name="bridges_directions5" status="on" srs="+proj=merc +a=6378137 +b=6378137 +lat_ts=0.0 +lon_0=0.0 +x_0=0.0 +y_0=0 +k=1.0 +units=m +nadgrids=@null +no_defs +over">
     <StyleName>directions</StyleName>
     <Datasource>
      <Parameter name="table">
      (select way,
       case when oneway in ('yes','true','1') then 'yes'::text else oneway end as oneway
       from planet_line
       where oneway is not null
         and (highway is not null or railway is not null or waterway is not null)
         and bridge in ('yes','true','1','viaduct')
         and layer = '5'
      ) as directions
      </Parameter>
      <!--
Settings for your postgres setup.

Note: feel free to leave password, host, port, or use blank
-->

<Parameter name="type">postgis</Parameter>
<Parameter name="password"/>
<Parameter name="host">sql-mapnik</Parameter>
<Parameter name="port"/>
<Parameter name="user"/>
<Parameter name="dbname">osm_mapnik</Parameter>
<!-- this should be 'false' if you are manually providing the 'extent' -->
<Parameter name="estimate_extent">false</Parameter>
<!-- manually provided extent in epsg 900913 for whole globe -->
<!-- providing this speeds up Mapnik database queries -->
<Parameter name="extent">-20037508,-19929239,20037508,19929239</Parameter>

    </Datasource>
</Layer>
<Layer name="trams" status="on" srs="+proj=merc +a=6378137 +b=6378137 +lat_ts=0.0 +lon_0=0.0 +x_0=0.0 +y_0=0 +k=1.0 +units=m +nadgrids=@null +no_defs +over">
    <StyleName>trams</StyleName>
    <Datasource>
      <Parameter name="table">
      (select way,railway,bridge from planet_line where railway='tram' and (tunnel is null or tunnel not in ('yes','true','1'))) as trams
      </Parameter>
      <!--
Settings for your postgres setup.

Note: feel free to leave password, host, port, or use blank
-->

<Parameter name="type">postgis</Parameter>
<Parameter name="password"/>
<Parameter name="host">sql-mapnik</Parameter>
<Parameter name="port"/>
<Parameter name="user"/>
<Parameter name="dbname">osm_mapnik</Parameter>
<!-- this should be 'false' if you are manually providing the 'extent' -->
<Parameter name="estimate_extent">false</Parameter>
<!-- manually provided extent in epsg 900913 for whole globe -->
<!-- providing this speeds up Mapnik database queries -->
<Parameter name="extent">-20037508,-19929239,20037508,19929239</Parameter>

    </Datasource>
</Layer>
<Layer name="guideways" status="on" srs="+proj=merc +a=6378137 +b=6378137 +lat_ts=0.0 +lon_0=0.0 +x_0=0.0 +y_0=0 +k=1.0 +units=m +nadgrids=@null +no_defs +over">
    <StyleName>guideways</StyleName>
    <Datasource>
      <Parameter name="table">
      (select way from planet_line where highway='bus_guideway' and (tunnel is null or tunnel not in ('yes','true','1'))) as guideways
      </Parameter>
      <!--
Settings for your postgres setup.

Note: feel free to leave password, host, port, or use blank
-->

<Parameter name="type">postgis</Parameter>
<Parameter name="password"/>
<Parameter name="host">sql-mapnik</Parameter>
<Parameter name="port"/>
<Parameter name="user"/>
<Parameter name="dbname">osm_mapnik</Parameter>
<!-- this should be 'false' if you are manually providing the 'extent' -->
<Parameter name="estimate_extent">false</Parameter>
<!-- manually provided extent in epsg 900913 for whole globe -->
<!-- providing this speeds up Mapnik database queries -->
<Parameter name="extent">-20037508,-19929239,20037508,19929239</Parameter>

    </Datasource>
</Layer>
<Style name="admin-01234">
    <Rule>
      <Filter>[admin_level]='2' or [admin_level]='3'</Filter>
      <MaxScaleDenominator>50000000</MaxScaleDenominator>
      <MinScaleDenominator>6500000</MinScaleDenominator>
      <LineSymbolizer>
        <CssParameter name="stroke">#303030</CssParameter>
        <CssParameter name="stroke-width">0.6</CssParameter>
        <CssParameter name="stroke-opacity">0.2</CssParameter>
      </LineSymbolizer>
    </Rule>
    <Rule>
      <Filter>[admin_level]='2' or [admin_level]='3'</Filter>
      <MaxScaleDenominator>6500000</MaxScaleDenominator>
      <MinScaleDenominator>750000</MinScaleDenominator>
      <LineSymbolizer>
        <CssParameter name="stroke">#303030</CssParameter>
        <CssParameter name="stroke-width">2</CssParameter>
        <CssParameter name="stroke-opacity">0.2</CssParameter>
      </LineSymbolizer>
    </Rule>
   <Rule>
      <Filter>[admin_level]='2'</Filter>
      <MaxScaleDenominator>750000</MaxScaleDenominator>
      <LineSymbolizer>
        <CssParameter name="stroke">#303030</CssParameter>
        <CssParameter name="stroke-width">6</CssParameter>
        <CssParameter name="stroke-opacity">0.1</CssParameter>
      </LineSymbolizer>
    </Rule>
    <Rule>
      <Filter>[admin_level]='3'</Filter>
      <MaxScaleDenominator>750000</MaxScaleDenominator>
      <LineSymbolizer>
        <CssParameter name="stroke">#303030</CssParameter>
        <CssParameter name="stroke-width">5</CssParameter>
        <CssParameter name="stroke-dasharray">4,2</CssParameter>
        <CssParameter name="stroke-opacity">0.1</CssParameter>
      </LineSymbolizer>
    </Rule>
    <Rule>
      <Filter>[admin_level]='4'</Filter>
      <MaxScaleDenominator>50000000</MaxScaleDenominator>
      <MinScaleDenominator>6500000</MinScaleDenominator>
      <LineSymbolizer>
        <CssParameter name="stroke">#303030</CssParameter>
        <CssParameter name="stroke-width">0.6</CssParameter>
        <CssParameter name="stroke-dasharray">4,3</CssParameter>
        <CssParameter name="stroke-opacity">0.2</CssParameter>
      </LineSymbolizer>
    </Rule>
    <Rule>
      <Filter>[admin_level]='4'</Filter>
      <MaxScaleDenominator>6500000</MaxScaleDenominator>
      <MinScaleDenominator>400000</MinScaleDenominator>
      <LineSymbolizer>
        <CssParameter name="stroke">#303030</CssParameter>
        <CssParameter name="stroke-width">1</CssParameter>
        <CssParameter name="stroke-dasharray">4,3</CssParameter>
        <CssParameter name="stroke-opacity">0.2</CssParameter>
      </LineSymbolizer>
    </Rule>
    <Rule>
      <Filter>[admin_level]='4'</Filter>
      <MaxScaleDenominator>400000</MaxScaleDenominator>
      <LineSymbolizer>
        <CssParameter name="stroke">#303030</CssParameter>
        <CssParameter name="stroke-width">3</CssParameter>
        <CssParameter name="stroke-dasharray">4,3</CssParameter>
        <CssParameter name="stroke-opacity">0.2</CssParameter>
      </LineSymbolizer>
    </Rule>
</Style>
<Style name="admin-5678">
    <Rule>
      <Filter>[admin_level]='5'</Filter>
      <MaxScaleDenominator>400000</MaxScaleDenominator>
      <LineSymbolizer>
        <CssParameter name="stroke">#303030</CssParameter>
        <CssParameter name="stroke-width">2</CssParameter>
        <CssParameter name="stroke-dasharray">6,3,2,3,2,3</CssParameter>
        <CssParameter name="stroke-opacity">0.3</CssParameter>
      </LineSymbolizer>
    </Rule>
    <Rule>
      <Filter>[admin_level]='6'</Filter>
      <MaxScaleDenominator>400000</MaxScaleDenominator>
      <LineSymbolizer>
        <CssParameter name="stroke">#303030</CssParameter>
        <CssParameter name="stroke-width">2</CssParameter>
        <CssParameter name="stroke-dasharray">6,3,2,3</CssParameter>
        <CssParameter name="stroke-opacity">0.3</CssParameter>
      </LineSymbolizer>
    </Rule>
    <Rule>
      <Filter>[admin_level]='8' or [admin_level]='7'</Filter>
      <MaxScaleDenominator>200000</MaxScaleDenominator>
      <LineSymbolizer>
        <CssParameter name="stroke">#303030</CssParameter>
        <CssParameter name="stroke-width">1.5</CssParameter>
        <CssParameter name="stroke-dasharray">5,2</CssParameter>
        <CssParameter name="stroke-opacity">0.3</CssParameter>
      </LineSymbolizer>
    </Rule>
</Style>
<Style name="admin-other">
    <Rule>
      <Filter>[admin_level]='10' or [admin_level]='9'</Filter>
      <MaxScaleDenominator>100000</MaxScaleDenominator>
      <LineSymbolizer>
        <CssParameter name="stroke">#303030</CssParameter>
        <CssParameter name="stroke-width">2</CssParameter>
        <CssParameter name="stroke-dasharray">2,3</CssParameter>
        <CssParameter name="stroke-opacity">0.3</CssParameter>
      </LineSymbolizer>
    </Rule>
   <Rule>
      <Filter>not [admin_level] != ''</Filter>
      <MaxScaleDenominator>1500000</MaxScaleDenominator>
      <MinScaleDenominator>200000</MinScaleDenominator>
      <LineSymbolizer>
        <CssParameter name="stroke">#303030</CssParameter>
        <CssParameter name="stroke-width">1</CssParameter>
        <CssParameter name="stroke-opacity">0.2</CssParameter>
      </LineSymbolizer>
    </Rule>
</Style>

<Layer name="admin-01234" status="on" srs="+proj=merc +a=6378137 +b=6378137 +lat_ts=0.0 +lon_0=0.0 +x_0=0.0 +y_0=0 +k=1.0 +units=m +nadgrids=@null +no_defs +over">
    <StyleName>admin-01234</StyleName>
    <Datasource>
      <Parameter name="table">
      (select way,admin_level
       from planet_roads
       where "boundary"='administrative'
         and admin_level in ('0','1','2','3','4')
       ) as admin</Parameter>
      <!--
Settings for your postgres setup.

Note: feel free to leave password, host, port, or use blank
-->

<Parameter name="type">postgis</Parameter>
<Parameter name="password"/>
<Parameter name="host">sql-mapnik</Parameter>
<Parameter name="port"/>
<Parameter name="user"/>
<Parameter name="dbname">osm_mapnik</Parameter>
<!-- this should be 'false' if you are manually providing the 'extent' -->
<Parameter name="estimate_extent">false</Parameter>
<!-- manually provided extent in epsg 900913 for whole globe -->
<!-- providing this speeds up Mapnik database queries -->
<Parameter name="extent">-20037508,-19929239,20037508,19929239</Parameter>

    </Datasource>
</Layer>
<Layer name="admin-5678" status="on" srs="+proj=merc +a=6378137 +b=6378137 +lat_ts=0.0 +lon_0=0.0 +x_0=0.0 +y_0=0 +k=1.0 +units=m +nadgrids=@null +no_defs +over">
    <StyleName>admin-5678</StyleName>
    <Datasource>
      <Parameter name="table">
      (select way,admin_level
       from planet_roads
       where "boundary"='administrative'
         and admin_level in ('5','6','7','8')
       ) as admin</Parameter>
      <!--
Settings for your postgres setup.

Note: feel free to leave password, host, port, or use blank
-->

<Parameter name="type">postgis</Parameter>
<Parameter name="password"/>
<Parameter name="host">sql-mapnik</Parameter>
<Parameter name="port"/>
<Parameter name="user"/>
<Parameter name="dbname">osm_mapnik</Parameter>
<!-- this should be 'false' if you are manually providing the 'extent' -->
<Parameter name="estimate_extent">false</Parameter>
<!-- manually provided extent in epsg 900913 for whole globe -->
<!-- providing this speeds up Mapnik database queries -->
<Parameter name="extent">-20037508,-19929239,20037508,19929239</Parameter>

    </Datasource>
</Layer>
<Layer name="admin-other" status="on" srs="+proj=merc +a=6378137 +b=6378137 +lat_ts=0.0 +lon_0=0.0 +x_0=0.0 +y_0=0 +k=1.0 +units=m +nadgrids=@null +no_defs +over">
    <StyleName>admin-other</StyleName>
    <Datasource>
      <Parameter name="table">
      (select way,admin_level
       from planet_roads
       where "boundary"='administrative'
         and (admin_level is null or admin_level not in ('0','1','2','3','4','5','6','7','8'))
       ) as admin</Parameter>
      <!--
Settings for your postgres setup.

Note: feel free to leave password, host, port, or use blank
-->

<Parameter name="type">postgis</Parameter>
<Parameter name="password"/>
<Parameter name="host">sql-mapnik</Parameter>
<Parameter name="port"/>
<Parameter name="user"/>
<Parameter name="dbname">osm_mapnik</Parameter>
<!-- this should be 'false' if you are manually providing the 'extent' -->
<Parameter name="estimate_extent">false</Parameter>
<!-- manually provided extent in epsg 900913 for whole globe -->
<!-- providing this speeds up Mapnik database queries -->
<Parameter name="extent">-20037508,-19929239,20037508,19929239</Parameter>

    </Datasource>
</Layer>

<Style name="continent">
    <Rule>
      <Filter>[place] = 'continent'</Filter>
      <MaxScaleDenominator>500000000</MaxScaleDenominator>
      <MinScaleDenominator>100000000</MinScaleDenominator>
      <TextSymbolizer name="name" fontset_name="book-fonts" size="10" fill="#7e7e7e" dy="0" halo_radius="1" wrap_width="20"/>
    </Rule>
</Style>
<Style name="country">
    <Rule>
      <Filter>[place] = 'country'</Filter>
      <MaxScaleDenominator>200000000</MaxScaleDenominator>
      <MinScaleDenominator>50000000</MinScaleDenominator>
      <TextSymbolizer name="name" fontset_name="book-fonts" size="8" fill="#7e7e7e" dy="0" halo_radius="1" wrap_width="20"/>
    </Rule>
    <Rule>
      <Filter>[place] = 'country'</Filter>
      <MaxScaleDenominator>50000000</MaxScaleDenominator>
      <MinScaleDenominator>6500000</MinScaleDenominator>
      <TextSymbolizer name="name" fontset_name="book-fonts" size="10" fill="#7e7e7e" dy="0" halo_radius="1" wrap_width="20"/>
    </Rule>
</Style>
<Style name="state">
    <Rule>
      <Filter>[place] = 'state'</Filter>
      <MaxScaleDenominator>50000000</MaxScaleDenominator>
      <MinScaleDenominator>25000000</MinScaleDenominator>
      <TextSymbolizer name="ref" fontset_name="oblique-fonts" size="9" fill="#7e7e7e" dy="0" halo_radius="1" wrap_width="0"/>
    </Rule>
    <Rule>
      <Filter>[place] = 'state'</Filter>
      <MaxScaleDenominator>25000000</MaxScaleDenominator>
      <MinScaleDenominator>6500000</MinScaleDenominator>
      <TextSymbolizer name="name" fontset_name="oblique-fonts" size="9" fill="#7e7e7e" dy="0" halo_radius="1" wrap_width="0"/>
    </Rule>
    <Rule>
      <Filter>[place] = 'state'</Filter>
      <MaxScaleDenominator>6500000</MaxScaleDenominator>
      <MinScaleDenominator>1500000</MinScaleDenominator>
      <TextSymbolizer name="name" fontset_name="oblique-fonts" size="11" fill="#7e7e7e" dy="0" halo_radius="1" wrap_width="0"/>
    </Rule>
</Style>
<Style name="capital">
     <Rule>
      <MaxScaleDenominator>25000000</MaxScaleDenominator>
      <MinScaleDenominator>12500000</MinScaleDenominator>
      <TextSymbolizer name="name" fontset_name="book-fonts" size="9" fill="#000000" dy="0" halo_radius="1" wrap_width="0"/>
    </Rule>
    <Rule>
      <MaxScaleDenominator>12500000</MaxScaleDenominator>
      <MinScaleDenominator>1500000</MinScaleDenominator>
      <TextSymbolizer name="name" fontset_name="book-fonts" size="11" fill="#000000" dy="0" halo_radius="1" wrap_width="0"/>
    </Rule>
    <Rule>
      <MaxScaleDenominator>1500000</MaxScaleDenominator>
      <MinScaleDenominator>400000</MinScaleDenominator>
      <TextSymbolizer name="name" fontset_name="book-fonts" size="11" fill="#000000" dy="0" halo_radius="1" wrap_width="0"/>
    </Rule>
    <Rule>
      <MaxScaleDenominator>400000</MaxScaleDenominator>
      <MinScaleDenominator>25000</MinScaleDenominator>
      <TextSymbolizer name="name" fontset_name="book-fonts" size="14" fill="#000000" dy="0" halo_radius="1" wrap_width="0"/>
    </Rule>
</Style>
<Style name="city">
    <Rule>
      <Filter>[place] = 'city' or [place]='metropolis'</Filter>
      <MaxScaleDenominator>12500000</MaxScaleDenominator>
      <MinScaleDenominator>1500000</MinScaleDenominator>
      <TextSymbolizer name="name" fontset_name="book-fonts" size="8" fill="#000000" dy="0" halo_radius="1" wrap_width="0"/>
    </Rule>
    <Rule>
      <Filter>[place] = 'city' or [place]='metropolis'</Filter>
      <MaxScaleDenominator>1500000</MaxScaleDenominator>
      <MinScaleDenominator>400000</MinScaleDenominator>
      <TextSymbolizer name="name" fontset_name="book-fonts" size="11" fill="#000000" dy="0" halo_radius="1" wrap_width="0"/>
    </Rule>
    <Rule>
      <Filter>[place] = 'city' or [place]='metropolis'</Filter>
      <MaxScaleDenominator>400000</MaxScaleDenominator>
      <MinScaleDenominator>25000</MinScaleDenominator>
      <TextSymbolizer name="name" fontset_name="book-fonts" size="14" fill="#000000" dy="0" halo_radius="1" wrap_width="0"/>
    </Rule>
</Style>
<Style name="town">
    <Rule>
      <Filter>[place] = 'town' or [place]='large_town' or [place]='small_town'</Filter>
      <MaxScaleDenominator>1500000</MaxScaleDenominator>
      <MinScaleDenominator>400000</MinScaleDenominator>
      <TextSymbolizer name="name" fontset_name="book-fonts" size="8" fill="#000000" halo_radius="1" wrap_width="20"/>
    </Rule>
    <Rule>
      <Filter>[place] = 'town' or [place]='large_town' or [place]='small_town'</Filter>
      <MaxScaleDenominator>400000</MaxScaleDenominator>
      <MinScaleDenominator>50000</MinScaleDenominator>
      <TextSymbolizer name="name" fontset_name="book-fonts" size="10" fill="#000000" halo_radius="1" wrap_width="20"/>
    </Rule>
    <Rule>
      <Filter>[place] = 'town' or [place]='large_town' or [place]='small_town'</Filter>
      <MaxScaleDenominator>50000</MaxScaleDenominator>
      <TextSymbolizer name="name" fontset_name="book-fonts" size="14" fill="#777777" halo_radius="1" wrap_width="20"/>
    </Rule>
</Style>
<Style name="suburb">
    <Rule>
      <Filter>[place] = 'suburb'</Filter>
      <MaxScaleDenominator>200000</MaxScaleDenominator>
      <MinScaleDenominator>50000</MinScaleDenominator>
      <TextSymbolizer name="name" fontset_name="book-fonts" size="10" fill="#000000" halo_radius="1" wrap_width="0"/>
    </Rule>
    <Rule>
      <Filter>[place] = 'suburb'</Filter>
      <MaxScaleDenominator>50000</MaxScaleDenominator>
      <TextSymbolizer name="name" fontset_name="book-fonts" size="13" fill="#777777" halo_radius="1" wrap_width="0"/>
    </Rule>
</Style>
<Style name="village">
    <Rule>
      <Filter>[place] = 'village' or [place]='large_village'</Filter>
      <MaxScaleDenominator>200000</MaxScaleDenominator>
      <MinScaleDenominator>25000</MinScaleDenominator>
      <TextSymbolizer name="name" fontset_name="book-fonts" size="9" fill="#000000" halo_radius="1" wrap_width="0"/>
    </Rule>
    <Rule>
      <Filter>[place] = 'village' or [place]='large_village'</Filter>
      <MaxScaleDenominator>25000</MaxScaleDenominator>
      <TextSymbolizer name="name" fontset_name="book-fonts" size="12" fill="#777777" halo_radius="1" wrap_width="0"/>
    </Rule>
</Style>
<Style name="hamlet">
    <Rule>
      <Filter>[place] = 'hamlet' or [place] = 'locality' or [place] = 'isolated_dwelling' or [place] = 'farm'</Filter>
      <MaxScaleDenominator>50000</MaxScaleDenominator>
      <MinScaleDenominator>12500</MinScaleDenominator>
      <TextSymbolizer name="name" fontset_name="book-fonts" size="8" fill="#000000" halo_radius="1" wrap_width="0"/>
    </Rule>
    <Rule>
      <Filter>[place] = 'hamlet' or [place] = 'locality' or [place] = 'isolated_dwelling' or [place] = 'farm'</Filter>
      <MaxScaleDenominator>12500</MaxScaleDenominator>
      <TextSymbolizer name="name" fontset_name="book-fonts" size="11" fill="#777777" halo_radius="1" wrap_width="0"/>
    </Rule>
</Style>

<Layer name="placenames-large" status="on" srs="+proj=merc +a=6378137 +b=6378137 +lat_ts=0.0 +lon_0=0.0 +x_0=0.0 +y_0=0 +k=1.0 +units=m +nadgrids=@null +no_defs +over">
    <StyleName>country</StyleName>
    <StyleName>state</StyleName>
    <Datasource>
      <Parameter name="table">
      (select way,place,name,ref
       from planet_point
       where place in ('country','state')
      ) as placenames</Parameter>
      <!--
Settings for your postgres setup.

Note: feel free to leave password, host, port, or use blank
-->

<Parameter name="type">postgis</Parameter>
<Parameter name="password"/>
<Parameter name="host">sql-mapnik</Parameter>
<Parameter name="port"/>
<Parameter name="user"/>
<Parameter name="dbname">osm_mapnik</Parameter>
<!-- this should be 'false' if you are manually providing the 'extent' -->
<Parameter name="estimate_extent">false</Parameter>
<!-- manually provided extent in epsg 900913 for whole globe -->
<!-- providing this speeds up Mapnik database queries -->
<Parameter name="extent">-20037508,-19929239,20037508,19929239</Parameter>

    </Datasource>
</Layer>
<Layer name="placenames-capital" status="on" srs="+proj=merc +a=6378137 +b=6378137 +lat_ts=0.0 +lon_0=0.0 +x_0=0.0 +y_0=0 +k=1.0 +units=m +nadgrids=@null +no_defs +over">
    <StyleName>capital</StyleName>
    <Datasource>
      <Parameter name="table">
      (select way,place,name,ref
       from planet_point
       where place in ('city','metropolis','town') and capital='yes'
      ) as placenames</Parameter>
      <!--
Settings for your postgres setup.

Note: feel free to leave password, host, port, or use blank
-->

<Parameter name="type">postgis</Parameter>
<Parameter name="password"/>
<Parameter name="host">sql-mapnik</Parameter>
<Parameter name="port"/>
<Parameter name="user"/>
<Parameter name="dbname">osm_mapnik</Parameter>
<!-- this should be 'false' if you are manually providing the 'extent' -->
<Parameter name="estimate_extent">false</Parameter>
<!-- manually provided extent in epsg 900913 for whole globe -->
<!-- providing this speeds up Mapnik database queries -->
<Parameter name="extent">-20037508,-19929239,20037508,19929239</Parameter>

    </Datasource>
</Layer>
<Layer name="placenames-medium" status="on" srs="+proj=merc +a=6378137 +b=6378137 +lat_ts=0.0 +lon_0=0.0 +x_0=0.0 +y_0=0 +k=1.0 +units=m +nadgrids=@null +no_defs +over">
    <StyleName>city</StyleName>
    <StyleName>town</StyleName>
    <Datasource>
      <Parameter name="table">
      (select way,place,name
      from planet_point
      where place in ('city','metropolis','town','large_town','small_town')
        and (capital is null or capital != 'yes')
      ) as placenames</Parameter>
      <!--
Settings for your postgres setup.

Note: feel free to leave password, host, port, or use blank
-->

<Parameter name="type">postgis</Parameter>
<Parameter name="password"/>
<Parameter name="host">sql-mapnik</Parameter>
<Parameter name="port"/>
<Parameter name="user"/>
<Parameter name="dbname">osm_mapnik</Parameter>
<!-- this should be 'false' if you are manually providing the 'extent' -->
<Parameter name="estimate_extent">false</Parameter>
<!-- manually provided extent in epsg 900913 for whole globe -->
<!-- providing this speeds up Mapnik database queries -->
<Parameter name="extent">-20037508,-19929239,20037508,19929239</Parameter>

    </Datasource>
</Layer>
<Layer name="placenames-small" status="on" srs="+proj=merc +a=6378137 +b=6378137 +lat_ts=0.0 +lon_0=0.0 +x_0=0.0 +y_0=0 +k=1.0 +units=m +nadgrids=@null +no_defs +over">
    <StyleName>suburb</StyleName>
    <StyleName>village</StyleName>
    <StyleName>hamlet</StyleName>
    <Datasource>
      <Parameter name="table">
      (select way,place,name
      from planet_point
      where place in ('suburb','village','large_village','hamlet','locality','isolated_dwelling','farm')
      ) as placenames</Parameter>
      <!--
Settings for your postgres setup.

Note: feel free to leave password, host, port, or use blank
-->

<Parameter name="type">postgis</Parameter>
<Parameter name="password"/>
<Parameter name="host">sql-mapnik</Parameter>
<Parameter name="port"/>
<Parameter name="user"/>
<Parameter name="dbname">osm_mapnik</Parameter>
<!-- this should be 'false' if you are manually providing the 'extent' -->
<Parameter name="estimate_extent">false</Parameter>
<!-- manually provided extent in epsg 900913 for whole globe -->
<!-- providing this speeds up Mapnik database queries -->
<Parameter name="extent">-20037508,-19929239,20037508,19929239</Parameter>

    </Datasource>
</Layer>


<Style name="stations">
    <Rule>
      <MaxScaleDenominator>2500</MaxScaleDenominator>
      <Filter>[railway]='subway_entrance'</Filter>
      <PointSymbolizer file="symbols/walking.n.12.png"/>
    </Rule>
    <Rule>
      <MaxScaleDenominator>200000</MaxScaleDenominator>
      <MinScaleDenominator>100000</MinScaleDenominator>
      <Filter>[railway]='station' and not [disused]='yes'</Filter>
      <PointSymbolizer file="symbols/halt.png"/>
    </Rule>
    <Rule>
      <MaxScaleDenominator>100000</MaxScaleDenominator>
      <MinScaleDenominator>25000</MinScaleDenominator>
      <Filter>[railway]='station' and not [disused]='yes'</Filter>
      <PointSymbolizer file="symbols/station_small.png"/>
    </Rule>
    <Rule>
      <MaxScaleDenominator>100000</MaxScaleDenominator>
      <Filter>[railway]='station' and [disused]='yes'</Filter>
      <PointSymbolizer file="symbols/station_disused.png"/>
    </Rule>
    <Rule>
      <MaxScaleDenominator>25000</MaxScaleDenominator>
      <Filter>[railway]='station' and not [disused]='yes'</Filter>
      <PointSymbolizer file="symbols/station.png"/>
    </Rule>
    <Rule>
      <MaxScaleDenominator>100000</MaxScaleDenominator>
      <MinScaleDenominator>25000</MinScaleDenominator>
      <Filter>[railway]='halt' or [railway]='tram_stop' or [aerialway]='station'</Filter>
      <PointSymbolizer file="symbols/halt.png"/>
    </Rule>
    <Rule>
      <MaxScaleDenominator>25000</MaxScaleDenominator>
      <Filter>[railway]='halt' or [railway]='tram_stop' or [aerialway]='station'</Filter>
      <PointSymbolizer file="symbols/station_small.png"/>
    </Rule>
    <Rule>
      <MaxScaleDenominator>50000</MaxScaleDenominator>
      <MinScaleDenominator>25000</MinScaleDenominator>
      <Filter>[railway]='halt' or [railway]='tram_stop' or [aerialway]='station'</Filter>
      <TextSymbolizer name="name" fontset_name="book-fonts" size="8" fill="#797979" dy="-8" halo_radius="1" wrap_width="0"/>
    </Rule>
    <Rule>
      <MaxScaleDenominator>25000</MaxScaleDenominator>
      <Filter>[railway] ='halt' or [railway]='tram_stop' or [aerialway]='station'</Filter>
      <TextSymbolizer name="name" fontset_name="book-fonts" size="10" fill="#797979" dy="-10" halo_radius="1" wrap_width="0"/>
    </Rule>
    <Rule>
      <MaxScaleDenominator>50000</MaxScaleDenominator>
      <MinScaleDenominator>25000</MinScaleDenominator>
      <Filter>[railway]='station' and not [disused]='yes'</Filter>
      <TextSymbolizer name="name" fontset_name="bold-fonts" size="9" fill="#797979" dy="-8" halo_radius="1" wrap_width="0"/>
    </Rule>
    <Rule>
      <MaxScaleDenominator>25000</MaxScaleDenominator>
      <Filter>[railway]='station' and not [disused]='yes'</Filter>
      <TextSymbolizer name="name" fontset_name="bold-fonts" size="11" fill="#797979" dy="-10" halo_radius="1" wrap_width="0"/>
    </Rule>
    <Rule>
      <MaxScaleDenominator>25000</MaxScaleDenominator>
      <Filter>[railway]='station' and [disused]='yes'</Filter>
      <TextSymbolizer name="name" fontset_name="bold-fonts" size="9" fill="#808080" dy="-9" halo_radius="1" wrap_width="0"/>
    </Rule>
</Style>

<Layer name="amenity-stations" status="on" srs="+proj=merc +a=6378137 +b=6378137 +lat_ts=0.0 +lon_0=0.0 +x_0=0.0 +y_0=0 +k=1.0 +units=m +nadgrids=@null +no_defs +over">
    <StyleName>stations</StyleName>
    <Datasource>
      <Parameter name="table">
      (select way,name,railway,aerialway,disused
      from planet_point
      where railway in ('station','halt','tram_stop','subway_entrance')
         or aerialway='station'
      ) as stations
      </Parameter>
      <!--
Settings for your postgres setup.

Note: feel free to leave password, host, port, or use blank
-->

<Parameter name="type">postgis</Parameter>
<Parameter name="password"/>
<Parameter name="host">sql-mapnik</Parameter>
<Parameter name="port"/>
<Parameter name="user"/>
<Parameter name="dbname">osm_mapnik</Parameter>
<!-- this should be 'false' if you are manually providing the 'extent' -->
<Parameter name="estimate_extent">false</Parameter>
<!-- manually provided extent in epsg 900913 for whole globe -->
<!-- providing this speeds up Mapnik database queries -->
<Parameter name="extent">-20037508,-19929239,20037508,19929239</Parameter>

    </Datasource>
</Layer>
<Layer name="amenity-stations-poly" status="on" srs="+proj=merc +a=6378137 +b=6378137 +lat_ts=0.0 +lon_0=0.0 +x_0=0.0 +y_0=0 +k=1.0 +units=m +nadgrids=@null +no_defs +over">
    <StyleName>stations</StyleName>
    <Datasource>
      <Parameter name="table">
      (select way,name,railway,aerialway,disused
      from planet_polygon
      where railway in ('station','halt','tram_stop')
         or aerialway='station'
      ) as stations
      </Parameter>
      <!--
Settings for your postgres setup.

Note: feel free to leave password, host, port, or use blank
-->

<Parameter name="type">postgis</Parameter>
<Parameter name="password"/>
<Parameter name="host">sql-mapnik</Parameter>
<Parameter name="port"/>
<Parameter name="user"/>
<Parameter name="dbname">osm_mapnik</Parameter>
<!-- this should be 'false' if you are manually providing the 'extent' -->
<Parameter name="estimate_extent">false</Parameter>
<!-- manually provided extent in epsg 900913 for whole globe -->
<!-- providing this speeds up Mapnik database queries -->
<Parameter name="extent">-20037508,-19929239,20037508,19929239</Parameter>

    </Datasource>
</Layer>


<Style name="symbols">
     <Rule>
      <MaxScaleDenominator>12500</MaxScaleDenominator>
      <Filter>[aeroway]='helipad'</Filter>
      <PointSymbolizer file="symbols/helipad.p.16.png"/>
      <TextSymbolizer name="name" fontset_name="bold-fonts" size="8" fill="#909090" dy="-10" halo_radius="1" wrap_width="0"/>
    </Rule>
    <Rule>
      <MaxScaleDenominator>1500000</MaxScaleDenominator>
      <MinScaleDenominator>400000</MinScaleDenominator>
      <Filter>[aeroway]='airport'</Filter>
      <PointSymbolizer file="symbols/airport.p.16.png"/>
      <TextSymbolizer name="name" fontset_name="bold-fonts" size="8" fill="#909090" dy="-12" halo_radius="1" wrap_width="0"/>
    </Rule>
    <Rule>
      <MaxScaleDenominator>400000</MaxScaleDenominator>
      <MinScaleDenominator>100000</MinScaleDenominator>
      <Filter>[aeroway]='airport'</Filter>
      <TextSymbolizer name="name" fontset_name="bold-fonts" size="9" fill="#909090" halo_radius="1" wrap_width="0"/>
    </Rule>
    <Rule>
      <MaxScaleDenominator>750000</MaxScaleDenominator>
      <MinScaleDenominator>400000</MinScaleDenominator>
      <Filter>[aeroway]='aerodrome'</Filter>
      <PointSymbolizer file="symbols/aerodrome.p.16.png"/>
      <TextSymbolizer name="name" fontset_name="oblique-fonts" size="8" fill="#909090" dy="-12" halo_radius="1" wrap_width="0"/>
    </Rule>
    <Rule>
      <MaxScaleDenominator>400000</MaxScaleDenominator>
      <MinScaleDenominator>100000</MinScaleDenominator>
      <Filter>[aeroway]='aerodrome'</Filter>
      <TextSymbolizer name="name" fontset_name="oblique-fonts" size="8" fill="#909090" halo_radius="1" wrap_width="0"/>
    </Rule>
    <Rule>
      <MaxScaleDenominator>50000</MaxScaleDenominator>
      <MinScaleDenominator>12500</MinScaleDenominator>
      <Filter>[railway]='level_crossing'</Filter>
      <PointSymbolizer file="symbols/level_crossing.png"/>
    </Rule>
    <Rule>
      <MaxScaleDenominator>12500</MaxScaleDenominator>
      <Filter>[railway]='level_crossing'</Filter>
      <PointSymbolizer file="symbols/level_crossing2.png"/>
    </Rule>
    <Rule>
      <MaxScaleDenominator>25000</MaxScaleDenominator>
      <Filter>[man_made]='lighthouse'</Filter>
      <PointSymbolizer file="symbols/lighthouse.p.20.png"/>
    </Rule>
    <Rule>
      <MaxScaleDenominator>400000</MaxScaleDenominator>
      <Filter>[natural]='peak'</Filter>
      <PointSymbolizer file="symbols/peak.png"/>
    </Rule>
    <Rule>
      <MaxScaleDenominator>400000</MaxScaleDenominator>
      <Filter>[natural]='volcano'</Filter>
      <PointSymbolizer file="symbols/volcano.png"/>
    </Rule>
    <Rule>
      <MaxScaleDenominator>25000</MaxScaleDenominator>
      <Filter>[natural]='cave_entrance'</Filter>
      <PointSymbolizer file="symbols/poi_cave.p.16.png"/>
    </Rule>
    <Rule>
      <MaxScaleDenominator>50000</MaxScaleDenominator>
      <Filter>[natural]='spring'</Filter>
      <PointSymbolizer file="symbols/spring.png"/>
    </Rule>
    <Rule>
      <MaxScaleDenominator>12500</MaxScaleDenominator>
      <MinScaleDenominator>5000</MinScaleDenominator>
      <Filter>[natural]='tree'</Filter>
      <PointSymbolizer file="symbols/tree.png"/>
    </Rule>
    <Rule>
      <MaxScaleDenominator>5000</MaxScaleDenominator>
      <Filter>[natural]='tree'</Filter>
      <PointSymbolizer file="symbols/tree2.png"/>
    </Rule>
    <Rule>
      <MaxScaleDenominator>25000</MaxScaleDenominator>
      <Filter>[man_made]='power_wind' or ([power]='generator' and [power_source] = 'wind')</Filter>
      <PointSymbolizer file="symbols/power_wind.png"/>
    </Rule>
    <Rule>
      <MaxScaleDenominator>12500</MaxScaleDenominator>
      <Filter>[man_made]='windmill'</Filter>
      <PointSymbolizer file="symbols/windmill.png"/>
    </Rule>
    <Rule>
      <MaxScaleDenominator>5000</MaxScaleDenominator>
      <Filter>[man_made]='mast'</Filter>
      <PointSymbolizer file="symbols/communications.p.20.png"/>
    </Rule>
    <Rule>
      <MaxScaleDenominator>25000</MaxScaleDenominator>
      <Filter>[highway]='mini_roundabout'</Filter>
      <PointSymbolizer file="symbols/mini_round.png" allow_overlap="false"/>
    </Rule>
    <Rule>
      <MaxScaleDenominator>25000</MaxScaleDenominator>
      <Filter>[highway]='gate' or [barrier]='gate'</Filter>
      <PointSymbolizer file="symbols/gate2.png" allow_overlap="false"/>
    </Rule>
    <Rule> 
 	<MaxScaleDenominator>12500</MaxScaleDenominator> 
 	<Filter>[barrier]='lift_gate'</Filter> 
 	<PointSymbolizer file="symbols/liftgate.png" allow_overlap="false"/> 
    </Rule> 
    <Rule>
      <MaxScaleDenominator>12500</MaxScaleDenominator>
      <Filter>[barrier]='bollard' or [barrier]='block'</Filter>
      <PointSymbolizer file="symbols/bollard.png" allow_overlap="false"/>
    </Rule>
</Style>

<Layer name="amenity-symbols" status="on" srs="+proj=merc +a=6378137 +b=6378137 +lat_ts=0.0 +lon_0=0.0 +x_0=0.0 +y_0=0 +k=1.0 +units=m +nadgrids=@null +no_defs +over">
    <StyleName>symbols</StyleName>
    <Datasource>
      <Parameter name="table">
      (select *
      from planet_point
      where aeroway in ('airport','aerodrome','helipad')
         or barrier in ('bollard','gate','lift_gate','block')
         or highway in ('mini_roundabout','gate')
         or man_made in ('lighthouse','power_wind','windmill','mast')
         or (power='generator' and power_source='wind')
         or "natural" in ('peak','volcano','spring','tree','cave_entrance')
         or railway='level_crossing'
      ) as symbols</Parameter>
      <!--
Settings for your postgres setup.

Note: feel free to leave password, host, port, or use blank
-->

<Parameter name="type">postgis</Parameter>
<Parameter name="password"/>
<Parameter name="host">sql-mapnik</Parameter>
<Parameter name="port"/>
<Parameter name="user"/>
<Parameter name="dbname">osm_mapnik</Parameter>
<!-- this should be 'false' if you are manually providing the 'extent' -->
<Parameter name="estimate_extent">false</Parameter>
<!-- manually provided extent in epsg 900913 for whole globe -->
<!-- providing this speeds up Mapnik database queries -->
<Parameter name="extent">-20037508,-19929239,20037508,19929239</Parameter>

    </Datasource>
</Layer>
<Layer name="amenity-symbols-poly" status="on" srs="+proj=merc +a=6378137 +b=6378137 +lat_ts=0.0 +lon_0=0.0 +x_0=0.0 +y_0=0 +k=1.0 +units=m +nadgrids=@null +no_defs +over">
    <StyleName>symbols</StyleName>
    <Datasource>
      <Parameter name="table">
      (select *
      from planet_polygon
      where aeroway in ('airport','aerodrome','helipad')
         or barrier in ('bollard','gate','lift_gate','block')
         or highway in ('mini_roundabout','gate')
         or man_made in ('lighthouse','power_wind','windmill','mast')
         or (power='generator' and power_source='wind')
         or "natural" in ('peak','volcano','spring','tree')
         or railway='level_crossing'
      ) as symbols</Parameter>
      <!--
Settings for your postgres setup.

Note: feel free to leave password, host, port, or use blank
-->

<Parameter name="type">postgis</Parameter>
<Parameter name="password"/>
<Parameter name="host">sql-mapnik</Parameter>
<Parameter name="port"/>
<Parameter name="user"/>
<Parameter name="dbname">osm_mapnik</Parameter>
<!-- this should be 'false' if you are manually providing the 'extent' -->
<Parameter name="estimate_extent">false</Parameter>
<!-- manually provided extent in epsg 900913 for whole globe -->
<!-- providing this speeds up Mapnik database queries -->
<Parameter name="extent">-20037508,-19929239,20037508,19929239</Parameter>

    </Datasource>
</Layer>




<Layer name="amenity-points-poly" status="on" srs="+proj=merc +a=6378137 +b=6378137 +lat_ts=0.0 +lon_0=0.0 +x_0=0.0 +y_0=0 +k=1.0 +units=m +nadgrids=@null +no_defs +over">
    <StyleName>points</StyleName>
    <Datasource>
      <Parameter name="table">
      (select way,amenity,shop,tourism,highway,man_made,access,religion,waterway,lock,historic,leisure
      from planet_polygon
      where amenity is not null
         or shop is not null
         or tourism in ('alpine_hut','camp_site','caravan_site','guest_house','hostel','hotel','motel','museum','viewpoint','bed_and_breakfast','information','chalet')
         or highway in ('bus_stop','traffic_signals')
         or man_made in ('mast','water_tower')
         or historic in ('memorial','archaeological_site')
         or leisure='playground'
      ) as points</Parameter>
      <!--
Settings for your postgres setup.

Note: feel free to leave password, host, port, or use blank
-->

<Parameter name="type">postgis</Parameter>
<Parameter name="password"/>
<Parameter name="host">sql-mapnik</Parameter>
<Parameter name="port"/>
<Parameter name="user"/>
<Parameter name="dbname">osm_mapnik</Parameter>
<!-- this should be 'false' if you are manually providing the 'extent' -->
<Parameter name="estimate_extent">false</Parameter>
<!-- manually provided extent in epsg 900913 for whole globe -->
<!-- providing this speeds up Mapnik database queries -->
<Parameter name="extent">-20037508,-19929239,20037508,19929239</Parameter>

    </Datasource>
</Layer>











<Layer name="world" status="on" srs="+proj=merc +a=6378137 +b=6378137 +lat_ts=0.0 +lon_0=0.0 +x_0=0.0 +y_0=0 +k=1.0 +units=m +nadgrids=@null +no_defs +over">
    <StyleName>world</StyleName>
    <Datasource>
      <Parameter name="type">shape</Parameter>
      <Parameter name="file">/home/kayd/world_boundaries//shoreline_300</Parameter>
    </Datasource>
</Layer><Layer name="planet roads text osm low zoom" status="on" srs="+proj=merc +a=6378137 +b=6378137 +lat_ts=0.0 +lon_0=0.0 +x_0=0.0 +y_0=0 +k=1.0 +units=m +nadgrids=@null +no_defs +over">
     <StyleName>roads-text-low-zoom</StyleName>
     <Datasource>
      <Parameter name="table">
      (select way,highway,ref,char_length(ref) as length
       from planet_roads
       where highway in ('motorway','trunk','primary')
         and ref is not null
      ) as roads
      </Parameter>
      <!--
Settings for your postgres setup.

Note: feel free to leave password, host, port, or use blank
-->

<Parameter name="type">postgis</Parameter>
<Parameter name="password"/>
<Parameter name="host">sql-mapnik</Parameter>
<Parameter name="port"/>
<Parameter name="user"/>
<Parameter name="dbname">osm_mapnik</Parameter>
<!-- this should be 'false' if you are manually providing the 'extent' -->
<Parameter name="estimate_extent">false</Parameter>
<!-- manually provided extent in epsg 900913 for whole globe -->
<!-- providing this speeds up Mapnik database queries -->
<Parameter name="extent">-20037508,-19929239,20037508,19929239</Parameter>

    </Datasource>
</Layer>
<Layer name="highway-junctions" status="on" srs="+proj=merc +a=6378137 +b=6378137 +lat_ts=0.0 +lon_0=0.0 +x_0=0.0 +y_0=0 +k=1.0 +units=m +nadgrids=@null +no_defs +over">
    <StyleName>highway-junctions</StyleName>
    <Datasource>
     <Parameter name="table">
     (select way,ref,name
      from planet_point
      where highway='motorway_junction'
     ) as junctions
     </Parameter>
     <!--
Settings for your postgres setup.

Note: feel free to leave password, host, port, or use blank
-->

<Parameter name="type">postgis</Parameter>
<Parameter name="password"/>
<Parameter name="host">sql-mapnik</Parameter>
<Parameter name="port"/>
<Parameter name="user"/>
<Parameter name="dbname">osm_mapnik</Parameter>
<!-- this should be 'false' if you are manually providing the 'extent' -->
<Parameter name="estimate_extent">false</Parameter>
<!-- manually provided extent in epsg 900913 for whole globe -->
<!-- providing this speeds up Mapnik database queries -->
<Parameter name="extent">-20037508,-19929239,20037508,19929239</Parameter>

    </Datasource>
</Layer>
<Layer name="planet roads text osm" status="on" srs="+proj=merc +a=6378137 +b=6378137 +lat_ts=0.0 +lon_0=0.0 +x_0=0.0 +y_0=0 +k=1.0 +units=m +nadgrids=@null +no_defs +over">
     <StyleName>roads-text</StyleName>
     <Datasource>
      <Parameter name="table">
      (select way,highway,aeroway,name,ref,char_length(ref) as length,
       case when bridge in ('yes','true','1') then 'yes'::text else bridge end as bridge
       from planet_line
       where waterway IS NULL
         and leisure IS NULL
         and landuse IS NULL
         and (name is not null or ((highway is not null or aeroway is not null) and ref is not null))
      ) as roads
      </Parameter>
      <!--
Settings for your postgres setup.

Note: feel free to leave password, host, port, or use blank
-->

<Parameter name="type">postgis</Parameter>
<Parameter name="password"/>
<Parameter name="host">sql-mapnik</Parameter>
<Parameter name="port"/>
<Parameter name="user"/>
<Parameter name="dbname">osm_mapnik</Parameter>
<!-- this should be 'false' if you are manually providing the 'extent' -->
<Parameter name="estimate_extent">false</Parameter>
<!-- manually provided extent in epsg 900913 for whole globe -->
<!-- providing this speeds up Mapnik database queries -->
<Parameter name="extent">-20037508,-19929239,20037508,19929239</Parameter>

    </Datasource>
</Layer>
<Layer name="text" status="on" srs="+proj=merc +a=6378137 +b=6378137 +lat_ts=0.0 +lon_0=0.0 +x_0=0.0 +y_0=0 +k=1.0 +units=m +nadgrids=@null +no_defs +over">
    <StyleName>text</StyleName>
    <Datasource>
      <Parameter name="table">
      (select way,amenity,shop,access,leisure,landuse,man_made,"natural",place,tourism,ele,name,ref,military,aeroway,waterway,historic,'yes'::text as point
       from planet_point
       where amenity is not null
          or shop in ('supermarket','bakery','clothes','fashion','convenience','doityourself','hairdresser','department_store','butcher','car','car_repair','bicycle','florist')
          or leisure is not null
          or landuse is not null
          or tourism is not null
          or "natural" is not null
          or man_made in ('lighthouse','windmill')
          or place='island'
          or military='danger_area'
          or aeroway='gate'
          or waterway='lock'
          or historic in ('memorial','archaeological_site')
      ) as text
      </Parameter>
      <!--
Settings for your postgres setup.

Note: feel free to leave password, host, port, or use blank
-->

<Parameter name="type">postgis</Parameter>
<Parameter name="password"/>
<Parameter name="host">sql-mapnik</Parameter>
<Parameter name="port"/>
<Parameter name="user"/>
<Parameter name="dbname">osm_mapnik</Parameter>
<!-- this should be 'false' if you are manually providing the 'extent' -->
<Parameter name="estimate_extent">false</Parameter>
<!-- manually provided extent in epsg 900913 for whole globe -->
<!-- providing this speeds up Mapnik database queries -->
<Parameter name="extent">-20037508,-19929239,20037508,19929239</Parameter>

    </Datasource>
</Layer>
<Layer name="text-poly" status="on" srs="+proj=merc +a=6378137 +b=6378137 +lat_ts=0.0 +lon_0=0.0 +x_0=0.0 +y_0=0 +k=1.0 +units=m +nadgrids=@null +no_defs +over">
    <StyleName>text</StyleName>
    <Datasource>
      <Parameter name="table">
      (select way,aeroway,shop,access,amenity,leisure,landuse,man_made,"natural",place,tourism,NULL as ele,name,ref,military,waterway,historic,'no'::text as point
       from planet_polygon
       where amenity is not null
          or shop in ('supermarket','bakery','clothes','fashion','convenience','doityourself','hairdresser','department_store', 'butcher','car','car_repair','bicycle')
          or leisure is not null
          or landuse is not null
          or tourism is not null
          or "natural" is not null
          or man_made in ('lighthouse','windmill')
          or place='island'
          or military='danger_area'
          or historic in ('memorial','archaeological_site')
      ) as text
      </Parameter>
      <!--
Settings for your postgres setup.

Note: feel free to leave password, host, port, or use blank
-->

<Parameter name="type">postgis</Parameter>
<Parameter name="password"/>
<Parameter name="host">sql-mapnik</Parameter>
<Parameter name="port"/>
<Parameter name="user"/>
<Parameter name="dbname">osm_mapnik</Parameter>
<!-- this should be 'false' if you are manually providing the 'extent' -->
<Parameter name="estimate_extent">false</Parameter>
<!-- manually provided extent in epsg 900913 for whole globe -->
<!-- providing this speeds up Mapnik database queries -->
<Parameter name="extent">-20037508,-19929239,20037508,19929239</Parameter>

    </Datasource>
</Layer>
<Layer name="area-text" status="on" srs="+proj=merc +a=6378137 +b=6378137 +lat_ts=0.0 +lon_0=0.0 +x_0=0.0 +y_0=0 +k=1.0 +units=m +nadgrids=@null +no_defs +over">
    <StyleName>area-text</StyleName>
    <Datasource>
      <Parameter name="table">
      (select way,way_area,name
       from planet_polygon
       where name is not null
         and (waterway is null or waterway != 'riverbank')
       order by z_order,way_area desc
      ) as text
      </Parameter>
      <!--
Settings for your postgres setup.

Note: feel free to leave password, host, port, or use blank
-->

<Parameter name="type">postgis</Parameter>
<Parameter name="password"/>
<Parameter name="host">sql-mapnik</Parameter>
<Parameter name="port"/>
<Parameter name="user"/>
<Parameter name="dbname">osm_mapnik</Parameter>
<!-- this should be 'false' if you are manually providing the 'extent' -->
<Parameter name="estimate_extent">false</Parameter>
<!-- manually provided extent in epsg 900913 for whole globe -->
<!-- providing this speeds up Mapnik database queries -->
<Parameter name="extent">-20037508,-19929239,20037508,19929239</Parameter>

    </Datasource>
</Layer>
<Style name="interpolation">
    <Rule>
      <MaxScaleDenominator>5000</MaxScaleDenominator>
      <LineSymbolizer>
        <CssParameter name="stroke">#888888</CssParameter>
        <CssParameter name="stroke-width">1</CssParameter>
        <CssParameter name="stroke-dasharray">2,4</CssParameter>
      </LineSymbolizer>
    </Rule>
</Style>
<Style name="housenumbers">
    <Rule>
      <MaxScaleDenominator>5000</MaxScaleDenominator>
      <TextSymbolizer name="addr:housenumber" fontset_name="book-fonts" size="9" fill="#444444" dy="0" wrap_width="0"/>
    </Rule>
</Style>
<!--
<Style name="housenames">
    <Rule>
      &maxscale_zoom17;
      &minscale_zoom17;
      <TextSymbolizer name="addr:housename" fontset_name="book-fonts" size="8" fill="#444" dy="0" wrap_width="20"/>
    </Rule>
    <Rule>
      &maxscale_zoom18;
      <TextSymbolizer name="addr:housename" fontset_name="book-fonts" size="9" fill="#444" dy="0" wrap_width="20"/>
    </Rule>
</Style>
-->
<Layer name="interpolation_lines" status="on" srs="+proj=merc +a=6378137 +b=6378137 +lat_ts=0.0 +lon_0=0.0 +x_0=0.0 +y_0=0 +k=1.0 +units=m +nadgrids=@null +no_defs +over">
     <StyleName>interpolation</StyleName>
     <Datasource>
      <Parameter name="table">
       (select way from planet_line where "addr:interpolation" is not null) as interpolation
      </Parameter>
      <!--
Settings for your postgres setup.

Note: feel free to leave password, host, port, or use blank
-->

<Parameter name="type">postgis</Parameter>
<Parameter name="password"/>
<Parameter name="host">sql-mapnik</Parameter>
<Parameter name="port"/>
<Parameter name="user"/>
<Parameter name="dbname">osm_mapnik</Parameter>
<!-- this should be 'false' if you are manually providing the 'extent' -->
<Parameter name="estimate_extent">false</Parameter>
<!-- manually provided extent in epsg 900913 for whole globe -->
<!-- providing this speeds up Mapnik database queries -->
<Parameter name="extent">-20037508,-19929239,20037508,19929239</Parameter>

    </Datasource>
</Layer>
<Layer name="housenumbers" status="on" srs="+proj=merc +a=6378137 +b=6378137 +lat_ts=0.0 +lon_0=0.0 +x_0=0.0 +y_0=0 +k=1.0 +units=m +nadgrids=@null +no_defs +over">
    <StyleName>housenumbers</StyleName>
    <Datasource>
      <Parameter name="table">
      (select way,"addr:housenumber" from planet_polygon where "addr:housenumber" is not null and building is not null
       union
       select way,"addr:housenumber" from planet_point where "addr:housenumber" is not null
      ) as housenumbers
      </Parameter>
      <!--
Settings for your postgres setup.

Note: feel free to leave password, host, port, or use blank
-->

<Parameter name="type">postgis</Parameter>
<Parameter name="password"/>
<Parameter name="host">sql-mapnik</Parameter>
<Parameter name="port"/>
<Parameter name="user"/>
<Parameter name="dbname">osm_mapnik</Parameter>
<!-- this should be 'false' if you are manually providing the 'extent' -->
<Parameter name="estimate_extent">false</Parameter>
<!-- manually provided extent in epsg 900913 for whole globe -->
<!-- providing this speeds up Mapnik database queries -->
<Parameter name="extent">-20037508,-19929239,20037508,19929239</Parameter>

    </Datasource>
</Layer>
<!--
<Layer name="housenames" status="on" srs="&osm2pgsql_projection;">
    <StyleName>housenames</StyleName>
    <Datasource>
      <Parameter name="table">
      (select way,"addr:housename" from &prefix;_polygon where "addr:housename" is not null and building is not null
       union
       select way,"addr:housename" from &prefix;_point where "addr:housename" is not null
      ) as housenames
      </Parameter>
      &datasource-settings;
    </Datasource>
</Layer>
-->

<Layer name="misc_boundaries" status="on" srs="+proj=merc +a=6378137 +b=6378137 +lat_ts=0.0 +lon_0=0.0 +x_0=0.0 +y_0=0 +k=1.0 +units=m +nadgrids=@null +no_defs +over">
    <StyleName>boundary</StyleName>
    <Datasource>
      <Parameter name="table">
      (select way,way_area,name,boundary from planet_polygon where boundary='national_park') as boundary
      </Parameter>
      <!--
Settings for your postgres setup.

Note: feel free to leave password, host, port, or use blank
-->

<Parameter name="type">postgis</Parameter>
<Parameter name="password"/>
<Parameter name="host">sql-mapnik</Parameter>
<Parameter name="port"/>
<Parameter name="user"/>
<Parameter name="dbname">osm_mapnik</Parameter>
<!-- this should be 'false' if you are manually providing the 'extent' -->
<Parameter name="estimate_extent">false</Parameter>
<!-- manually provided extent in epsg 900913 for whole globe -->
<!-- providing this speeds up Mapnik database queries -->
<Parameter name="extent">-20037508,-19929239,20037508,19929239</Parameter>

    </Datasource>
</Layer>
<Layer name="theme_park" status="on" srs="+proj=merc +a=6378137 +b=6378137 +lat_ts=0.0 +lon_0=0.0 +x_0=0.0 +y_0=0 +k=1.0 +units=m +nadgrids=@null +no_defs +over">
    <StyleName>theme_park</StyleName>
    <Datasource>
      <Parameter name="table">
      (select way,name,tourism from planet_polygon where tourism='theme_park') as theme_park
      </Parameter>
      <!--
Settings for your postgres setup.

Note: feel free to leave password, host, port, or use blank
-->

<Parameter name="type">postgis</Parameter>
<Parameter name="password"/>
<Parameter name="host">sql-mapnik</Parameter>
<Parameter name="port"/>
<Parameter name="user"/>
<Parameter name="dbname">osm_mapnik</Parameter>
<!-- this should be 'false' if you are manually providing the 'extent' -->
<Parameter name="estimate_extent">false</Parameter>
<!-- manually provided extent in epsg 900913 for whole globe -->
<!-- providing this speeds up Mapnik database queries -->
<Parameter name="extent">-20037508,-19929239,20037508,19929239</Parameter>

    </Datasource>
</Layer>
</Map>